ARM GAS  /var/folders/vt/qg0v_q5n5k99pnp_yg24c7s80000gn/T//cchFw5Tv.s 			page 1


   1              		.syntax unified
   2              		.cpu cortex-m3
   3              		.fpu softvfp
   4              		.eabi_attribute 20, 1
   5              		.eabi_attribute 21, 1
   6              		.eabi_attribute 23, 3
   7              		.eabi_attribute 24, 1
   8              		.eabi_attribute 25, 1
   9              		.eabi_attribute 26, 1
  10              		.eabi_attribute 30, 2
  11              		.eabi_attribute 34, 1
  12              		.eabi_attribute 18, 4
  13              		.thumb
  14              		.syntax unified
  15              		.file	"chcore.c"
  16              		.text
  17              	.Ltext0:
  18              		.cfi_sections	.debug_frame
  19              		.section	.text.port_halt,"ax",%progbits
  20              		.align	2
  21              		.p2align 4,,15
  22              		.weak	port_halt
  23              		.thumb
  24              		.thumb_func
  25              		.type	port_halt, %function
  26              	port_halt:
  27              	.LFB7:
  28              		.file 1 "../../ChibiOS/os/ports/GCC/ARMCMx/chcore.c"
  29              		.loc 1 46 0
  30              		.cfi_startproc
  31              		@ args = 0, pretend = 0, frame = 0
  32              		@ frame_needed = 0, uses_anonymous_args = 0
  33              		@ link register save eliminated.
  34              		.loc 1 48 0
  35              		.syntax unified
  36              	@ 48 "../../ChibiOS/os/ports/GCC/ARMCMx/chcore.c" 1
  37 0000 72B6     		cpsid   i
  38              	@ 0 "" 2
  39              		.thumb
  40              		.syntax unified
  41              	.L2:
  42 0002 FEE7     		b	.L2
  43              		.cfi_endproc
  44              	.LFE7:
  45              		.size	port_halt, .-port_halt
  46              		.text
  47              	.Letext0:
  48              		.section	.debug_info,"",%progbits
  49              	.Ldebug_info0:
  50 0000 95000000 		.4byte	0x95
  51 0004 0400     		.2byte	0x4
  52 0006 00000000 		.4byte	.Ldebug_abbrev0
  53 000a 04       		.byte	0x4
  54 000b 01       		.uleb128 0x1
  55 000c A4000000 		.4byte	.LASF13
  56 0010 0C       		.byte	0xc
  57 0011 57000000 		.4byte	.LASF14
ARM GAS  /var/folders/vt/qg0v_q5n5k99pnp_yg24c7s80000gn/T//cchFw5Tv.s 			page 2


  58 0015 A7010000 		.4byte	.LASF15
  59 0019 00000000 		.4byte	.Ldebug_ranges0+0
  60 001d 00000000 		.4byte	0
  61 0021 00000000 		.4byte	.Ldebug_line0
  62 0025 02       		.uleb128 0x2
  63 0026 04       		.byte	0x4
  64 0027 05       		.byte	0x5
  65 0028 696E7400 		.ascii	"int\000"
  66 002c 03       		.uleb128 0x3
  67 002d 04       		.byte	0x4
  68 002e 07       		.byte	0x7
  69 002f 0E000000 		.4byte	.LASF0
  70 0033 03       		.uleb128 0x3
  71 0034 08       		.byte	0x8
  72 0035 05       		.byte	0x5
  73 0036 00000000 		.4byte	.LASF1
  74 003a 03       		.uleb128 0x3
  75 003b 08       		.byte	0x8
  76 003c 04       		.byte	0x4
  77 003d 7E010000 		.4byte	.LASF2
  78 0041 03       		.uleb128 0x3
  79 0042 01       		.byte	0x1
  80 0043 06       		.byte	0x6
  81 0044 E1010000 		.4byte	.LASF3
  82 0048 03       		.uleb128 0x3
  83 0049 01       		.byte	0x1
  84 004a 08       		.byte	0x8
  85 004b 44000000 		.4byte	.LASF4
  86 004f 03       		.uleb128 0x3
  87 0050 02       		.byte	0x2
  88 0051 05       		.byte	0x5
  89 0052 9D010000 		.4byte	.LASF5
  90 0056 03       		.uleb128 0x3
  91 0057 02       		.byte	0x2
  92 0058 07       		.byte	0x7
  93 0059 91000000 		.4byte	.LASF6
  94 005d 03       		.uleb128 0x3
  95 005e 04       		.byte	0x4
  96 005f 05       		.byte	0x5
  97 0060 82000000 		.4byte	.LASF7
  98 0064 03       		.uleb128 0x3
  99 0065 04       		.byte	0x4
 100 0066 07       		.byte	0x7
 101 0067 1B000000 		.4byte	.LASF8
 102 006b 03       		.uleb128 0x3
 103 006c 08       		.byte	0x8
 104 006d 07       		.byte	0x7
 105 006e 2D000000 		.4byte	.LASF9
 106 0072 03       		.uleb128 0x3
 107 0073 01       		.byte	0x1
 108 0074 02       		.byte	0x2
 109 0075 8B000000 		.4byte	.LASF10
 110 0079 03       		.uleb128 0x3
 111 007a 04       		.byte	0x4
 112 007b 07       		.byte	0x7
 113 007c 8A010000 		.4byte	.LASF11
 114 0080 03       		.uleb128 0x3
ARM GAS  /var/folders/vt/qg0v_q5n5k99pnp_yg24c7s80000gn/T//cchFw5Tv.s 			page 3


 115 0081 01       		.byte	0x1
 116 0082 08       		.byte	0x8
 117 0083 52000000 		.4byte	.LASF12
 118 0087 04       		.uleb128 0x4
 119 0088 93010000 		.4byte	.LASF16
 120 008c 01       		.byte	0x1
 121 008d 2E       		.byte	0x2e
 122 008e 00000000 		.4byte	.LFB7
 123 0092 04000000 		.4byte	.LFE7-.LFB7
 124 0096 01       		.uleb128 0x1
 125 0097 9C       		.byte	0x9c
 126 0098 00       		.byte	0
 127              		.section	.debug_abbrev,"",%progbits
 128              	.Ldebug_abbrev0:
 129 0000 01       		.uleb128 0x1
 130 0001 11       		.uleb128 0x11
 131 0002 01       		.byte	0x1
 132 0003 25       		.uleb128 0x25
 133 0004 0E       		.uleb128 0xe
 134 0005 13       		.uleb128 0x13
 135 0006 0B       		.uleb128 0xb
 136 0007 03       		.uleb128 0x3
 137 0008 0E       		.uleb128 0xe
 138 0009 1B       		.uleb128 0x1b
 139 000a 0E       		.uleb128 0xe
 140 000b 55       		.uleb128 0x55
 141 000c 17       		.uleb128 0x17
 142 000d 11       		.uleb128 0x11
 143 000e 01       		.uleb128 0x1
 144 000f 10       		.uleb128 0x10
 145 0010 17       		.uleb128 0x17
 146 0011 00       		.byte	0
 147 0012 00       		.byte	0
 148 0013 02       		.uleb128 0x2
 149 0014 24       		.uleb128 0x24
 150 0015 00       		.byte	0
 151 0016 0B       		.uleb128 0xb
 152 0017 0B       		.uleb128 0xb
 153 0018 3E       		.uleb128 0x3e
 154 0019 0B       		.uleb128 0xb
 155 001a 03       		.uleb128 0x3
 156 001b 08       		.uleb128 0x8
 157 001c 00       		.byte	0
 158 001d 00       		.byte	0
 159 001e 03       		.uleb128 0x3
 160 001f 24       		.uleb128 0x24
 161 0020 00       		.byte	0
 162 0021 0B       		.uleb128 0xb
 163 0022 0B       		.uleb128 0xb
 164 0023 3E       		.uleb128 0x3e
 165 0024 0B       		.uleb128 0xb
 166 0025 03       		.uleb128 0x3
 167 0026 0E       		.uleb128 0xe
 168 0027 00       		.byte	0
 169 0028 00       		.byte	0
 170 0029 04       		.uleb128 0x4
 171 002a 2E       		.uleb128 0x2e
ARM GAS  /var/folders/vt/qg0v_q5n5k99pnp_yg24c7s80000gn/T//cchFw5Tv.s 			page 4


 172 002b 00       		.byte	0
 173 002c 3F       		.uleb128 0x3f
 174 002d 19       		.uleb128 0x19
 175 002e 03       		.uleb128 0x3
 176 002f 0E       		.uleb128 0xe
 177 0030 3A       		.uleb128 0x3a
 178 0031 0B       		.uleb128 0xb
 179 0032 3B       		.uleb128 0x3b
 180 0033 0B       		.uleb128 0xb
 181 0034 27       		.uleb128 0x27
 182 0035 19       		.uleb128 0x19
 183 0036 11       		.uleb128 0x11
 184 0037 01       		.uleb128 0x1
 185 0038 12       		.uleb128 0x12
 186 0039 06       		.uleb128 0x6
 187 003a 40       		.uleb128 0x40
 188 003b 18       		.uleb128 0x18
 189 003c 9742     		.uleb128 0x2117
 190 003e 19       		.uleb128 0x19
 191 003f 00       		.byte	0
 192 0040 00       		.byte	0
 193 0041 00       		.byte	0
 194              		.section	.debug_aranges,"",%progbits
 195 0000 1C000000 		.4byte	0x1c
 196 0004 0200     		.2byte	0x2
 197 0006 00000000 		.4byte	.Ldebug_info0
 198 000a 04       		.byte	0x4
 199 000b 00       		.byte	0
 200 000c 0000     		.2byte	0
 201 000e 0000     		.2byte	0
 202 0010 00000000 		.4byte	.LFB7
 203 0014 04000000 		.4byte	.LFE7-.LFB7
 204 0018 00000000 		.4byte	0
 205 001c 00000000 		.4byte	0
 206              		.section	.debug_ranges,"",%progbits
 207              	.Ldebug_ranges0:
 208 0000 00000000 		.4byte	.LFB7
 209 0004 04000000 		.4byte	.LFE7
 210 0008 00000000 		.4byte	0
 211 000c 00000000 		.4byte	0
 212              		.section	.debug_line,"",%progbits
 213              	.Ldebug_line0:
 214 0000 57000000 		.section	.debug_str,"MS",%progbits,1
 214      02004100 
 214      00000201 
 214      FB0E0D00 
 214      01010101 
 215              	.LASF1:
 216 0000 6C6F6E67 		.ascii	"long long int\000"
 216      206C6F6E 
 216      6720696E 
 216      7400
 217              	.LASF0:
 218 000e 756E7369 		.ascii	"unsigned int\000"
 218      676E6564 
 218      20696E74 
 218      00
ARM GAS  /var/folders/vt/qg0v_q5n5k99pnp_yg24c7s80000gn/T//cchFw5Tv.s 			page 5


 219              	.LASF8:
 220 001b 6C6F6E67 		.ascii	"long unsigned int\000"
 220      20756E73 
 220      69676E65 
 220      6420696E 
 220      7400
 221              	.LASF9:
 222 002d 6C6F6E67 		.ascii	"long long unsigned int\000"
 222      206C6F6E 
 222      6720756E 
 222      7369676E 
 222      65642069 
 223              	.LASF4:
 224 0044 756E7369 		.ascii	"unsigned char\000"
 224      676E6564 
 224      20636861 
 224      7200
 225              	.LASF12:
 226 0052 63686172 		.ascii	"char\000"
 226      00
 227              	.LASF14:
 228 0057 2E2E2F2E 		.ascii	"../../ChibiOS/os/ports/GCC/ARMCMx/chcore.c\000"
 228      2E2F4368 
 228      6962694F 
 228      532F6F73 
 228      2F706F72 
 229              	.LASF7:
 230 0082 6C6F6E67 		.ascii	"long int\000"
 230      20696E74 
 230      00
 231              	.LASF10:
 232 008b 5F426F6F 		.ascii	"_Bool\000"
 232      6C00
 233              	.LASF6:
 234 0091 73686F72 		.ascii	"short unsigned int\000"
 234      7420756E 
 234      7369676E 
 234      65642069 
 234      6E7400
 235              	.LASF13:
 236 00a4 474E5520 		.ascii	"GNU C11 5.2.1 20151202 (release) [ARM/embedded-5-br"
 236      43313120 
 236      352E322E 
 236      31203230 
 236      31353132 
 237 00d7 616E6368 		.ascii	"anch revision 231848] -mcpu=cortex-m3 -mno-thumb-in"
 237      20726576 
 237      6973696F 
 237      6E203233 
 237      31383438 
 238 010a 74657277 		.ascii	"terwork -mthumb -ggdb -O2 -fomit-frame-pointer -fal"
 238      6F726B20 
 238      2D6D7468 
 238      756D6220 
 238      2D676764 
 239 013d 69676E2D 		.ascii	"ign-functions=16 -ffunction-sections -fdata-section"
 239      66756E63 
ARM GAS  /var/folders/vt/qg0v_q5n5k99pnp_yg24c7s80000gn/T//cchFw5Tv.s 			page 6


 239      74696F6E 
 239      733D3136 
 239      202D6666 
 240 0170 73202D66 		.ascii	"s -fno-common\000"
 240      6E6F2D63 
 240      6F6D6D6F 
 240      6E00
 241              	.LASF2:
 242 017e 6C6F6E67 		.ascii	"long double\000"
 242      20646F75 
 242      626C6500 
 243              	.LASF11:
 244 018a 73697A65 		.ascii	"sizetype\000"
 244      74797065 
 244      00
 245              	.LASF16:
 246 0193 706F7274 		.ascii	"port_halt\000"
 246      5F68616C 
 246      7400
 247              	.LASF5:
 248 019d 73686F72 		.ascii	"short int\000"
 248      7420696E 
 248      7400
 249              	.LASF15:
 250 01a7 2F557365 		.ascii	"/Users/gherlein/herlein/src/vex/Convex-Examples/Squ"
 250      72732F67 
 250      6865726C 
 250      65696E2F 
 250      6865726C 
 251 01da 61726542 		.ascii	"areBot\000"
 251      6F7400
 252              	.LASF3:
 253 01e1 7369676E 		.ascii	"signed char\000"
 253      65642063 
 253      68617200 
 254              		.ident	"GCC: (GNU Tools for ARM Embedded Processors) 5.2.1 20151202 (release) [ARM/embedded-5-bran
ARM GAS  /var/folders/vt/qg0v_q5n5k99pnp_yg24c7s80000gn/T//cchFw5Tv.s 			page 7


DEFINED SYMBOLS
                            *ABS*:0000000000000000 chcore.c
/var/folders/vt/qg0v_q5n5k99pnp_yg24c7s80000gn/T//cchFw5Tv.s:20     .text.port_halt:0000000000000000 $t
/var/folders/vt/qg0v_q5n5k99pnp_yg24c7s80000gn/T//cchFw5Tv.s:26     .text.port_halt:0000000000000000 port_halt
                     .debug_frame:0000000000000010 $d

NO UNDEFINED SYMBOLS
