ARM GAS  /var/folders/vt/qg0v_q5n5k99pnp_yg24c7s80000gn/T//ccSclSth.s 			page 1


   1              		.syntax unified
   2              		.cpu cortex-m3
   3              		.fpu softvfp
   4              		.eabi_attribute 20, 1
   5              		.eabi_attribute 21, 1
   6              		.eabi_attribute 23, 3
   7              		.eabi_attribute 24, 1
   8              		.eabi_attribute 25, 1
   9              		.eabi_attribute 26, 1
  10              		.eabi_attribute 30, 2
  11              		.eabi_attribute 34, 1
  12              		.eabi_attribute 18, 4
  13              		.thumb
  14              		.syntax unified
  15              		.file	"chregistry.c"
  16              		.text
  17              	.Ltext0:
  18              		.cfi_sections	.debug_frame
  19              		.section	.text.chRegFirstThread,"ax",%progbits
  20              		.align	2
  21              		.p2align 4,,15
  22              		.global	chRegFirstThread
  23              		.thumb
  24              		.thumb_func
  25              		.type	chRegFirstThread, %function
  26              	chRegFirstThread:
  27              	.LFB7:
  28              		.file 1 "../../ChibiOS/os/kernel/src/chregistry.c"
  29              		.loc 1 117 0
  30              		.cfi_startproc
  31              		@ args = 0, pretend = 0, frame = 0
  32              		@ frame_needed = 0, uses_anonymous_args = 0
  33              		@ link register save eliminated.
  34              	.LBB2:
  35              		.loc 1 120 0
  36 0000 2023     		movs	r3, #32
  37              		.syntax unified
  38              	@ 120 "../../ChibiOS/os/kernel/src/chregistry.c" 1
  39 0002 83F31188 		msr     BASEPRI, r3
  40              	@ 0 "" 2
  41              		.thumb
  42              		.syntax unified
  43              	.LBE2:
  44              		.loc 1 121 0
  45 0006 044A     		ldr	r2, .L2
  46              	.LBB3:
  47              		.loc 1 125 0
  48 0008 0023     		movs	r3, #0
  49              	.LBE3:
  50              		.loc 1 121 0
  51 000a 1069     		ldr	r0, [r2, #16]
  52              	.LVL0:
  53              		.loc 1 123 0
  54 000c 827F     		ldrb	r2, [r0, #30]	@ zero_extendqisi2
  55 000e 0132     		adds	r2, r2, #1
  56 0010 8277     		strb	r2, [r0, #30]
  57              	.LBB4:
ARM GAS  /var/folders/vt/qg0v_q5n5k99pnp_yg24c7s80000gn/T//ccSclSth.s 			page 2


  58              		.loc 1 125 0
  59              		.syntax unified
  60              	@ 125 "../../ChibiOS/os/kernel/src/chregistry.c" 1
  61 0012 83F31188 		msr     BASEPRI, r3
  62              	@ 0 "" 2
  63              		.thumb
  64              		.syntax unified
  65              	.LBE4:
  66              		.loc 1 127 0
  67 0016 7047     		bx	lr
  68              	.L3:
  69              		.align	2
  70              	.L2:
  71 0018 00000000 		.word	rlist
  72              		.cfi_endproc
  73              	.LFE7:
  74              		.size	chRegFirstThread, .-chRegFirstThread
  75              		.section	.text.chRegNextThread,"ax",%progbits
  76              		.align	2
  77              		.p2align 4,,15
  78              		.global	chRegNextThread
  79              		.thumb
  80              		.thumb_func
  81              		.type	chRegNextThread, %function
  82              	chRegNextThread:
  83              	.LFB8:
  84              		.loc 1 140 0
  85              		.cfi_startproc
  86              		@ args = 0, pretend = 0, frame = 0
  87              		@ frame_needed = 0, uses_anonymous_args = 0
  88              	.LVL1:
  89 0000 10B5     		push	{r4, lr}
  90              		.cfi_def_cfa_offset 8
  91              		.cfi_offset 4, -8
  92              		.cfi_offset 14, -4
  93              	.LBB5:
  94              		.loc 1 143 0
  95 0002 2023     		movs	r3, #32
  96              		.syntax unified
  97              	@ 143 "../../ChibiOS/os/kernel/src/chregistry.c" 1
  98 0004 83F31188 		msr     BASEPRI, r3
  99              	@ 0 "" 2
 100              		.thumb
 101              		.syntax unified
 102              	.LBE5:
 103              		.loc 1 145 0
 104 0008 074B     		ldr	r3, .L9
 105              		.loc 1 144 0
 106 000a 0469     		ldr	r4, [r0, #16]
 107              	.LVL2:
 108              		.loc 1 145 0
 109 000c 9C42     		cmp	r4, r3
 110              		.loc 1 151 0
 111 000e 17BF     		itett	ne
 112 0010 A37F     		ldrbne	r3, [r4, #30]	@ zero_extendqisi2
 113              		.loc 1 146 0
 114 0012 0024     		moveq	r4, #0
ARM GAS  /var/folders/vt/qg0v_q5n5k99pnp_yg24c7s80000gn/T//ccSclSth.s 			page 3


 115              	.LVL3:
 116              		.loc 1 151 0
 117 0014 0133     		addne	r3, r3, #1
 118 0016 A377     		strbne	r3, [r4, #30]
 119              	.LBB6:
 120              		.loc 1 154 0
 121 0018 0023     		movs	r3, #0
 122              		.syntax unified
 123              	@ 154 "../../ChibiOS/os/kernel/src/chregistry.c" 1
 124 001a 83F31188 		msr     BASEPRI, r3
 125              	@ 0 "" 2
 126              		.thumb
 127              		.syntax unified
 128              	.LBE6:
 129              		.loc 1 156 0
 130 001e FFF7FEFF 		bl	chThdRelease
 131              	.LVL4:
 132              		.loc 1 159 0
 133 0022 2046     		mov	r0, r4
 134 0024 10BD     		pop	{r4, pc}
 135              	.LVL5:
 136              	.L10:
 137 0026 00BF     		.align	2
 138              	.L9:
 139 0028 00000000 		.word	rlist
 140              		.cfi_endproc
 141              	.LFE8:
 142              		.size	chRegNextThread, .-chRegNextThread
 143              		.global	ch_debug
 144              		.section	.rodata.ch_debug,"a",%progbits
 145              		.align	2
 146              		.type	ch_debug, %object
 147              		.size	ch_debug, 22
 148              	ch_debug:
 149 0000 6D61696E 		.ascii	"main"
 150 0004 00       		.byte	0
 151 0005 16       		.byte	22
 152 0006 8211     		.short	4482
 153 0008 04       		.byte	4
 154 0009 04       		.byte	4
 155 000a 48       		.byte	72
 156 000b 08       		.byte	8
 157 000c 0C       		.byte	12
 158 000d 10       		.byte	16
 159 000e 14       		.byte	20
 160 000f 18       		.byte	24
 161 0010 00       		.byte	0
 162 0011 1C       		.byte	28
 163 0012 1D       		.byte	29
 164 0013 1E       		.byte	30
 165 0014 1F       		.byte	31
 166 0015 20       		.byte	32
 167              		.text
 168              	.Letext0:
 169              		.file 2 "/usr/local/gcc-arm-none-eabi-5_2-2015q4/lib/gcc/arm-none-eabi/5.2.1/include/stddef.h"
 170              		.file 3 "/usr/local/gcc-arm-none-eabi-5_2-2015q4/arm-none-eabi/include/machine/_default_types.h"
 171              		.file 4 "/usr/local/gcc-arm-none-eabi-5_2-2015q4/arm-none-eabi/include/sys/_stdint.h"
ARM GAS  /var/folders/vt/qg0v_q5n5k99pnp_yg24c7s80000gn/T//ccSclSth.s 			page 4


 172              		.file 5 "../../ChibiOS/os/ports/GCC/ARMCMx/chtypes.h"
 173              		.file 6 "../../ChibiOS/os/kernel/include/chlists.h"
 174              		.file 7 "../../ChibiOS/os/kernel/include/chthreads.h"
 175              		.file 8 "../../ChibiOS/os/ports/GCC/ARMCMx/chcore_v7m.h"
 176              		.file 9 "../../ChibiOS/os/kernel/include/chschd.h"
 177              		.file 10 "../../ChibiOS/os/kernel/include/chmtx.h"
 178              		.file 11 "../../ChibiOS/os/kernel/include/chregistry.h"
 179              		.file 12 "../../ChibiOS/os/kernel/include/chdynamic.h"
 180              		.section	.debug_info,"",%progbits
 181              	.Ldebug_info0:
 182 0000 26060000 		.4byte	0x626
 183 0004 0400     		.2byte	0x4
 184 0006 00000000 		.4byte	.Ldebug_abbrev0
 185 000a 04       		.byte	0x4
 186 000b 01       		.uleb128 0x1
 187 000c 13000000 		.4byte	.LASF93
 188 0010 0C       		.byte	0xc
 189 0011 A9020000 		.4byte	.LASF94
 190 0015 12020000 		.4byte	.LASF95
 191 0019 18000000 		.4byte	.Ldebug_ranges0+0x18
 192 001d 00000000 		.4byte	0
 193 0021 00000000 		.4byte	.Ldebug_line0
 194 0025 02       		.uleb128 0x2
 195 0026 04       		.byte	0x4
 196 0027 05       		.byte	0x5
 197 0028 696E7400 		.ascii	"int\000"
 198 002c 03       		.uleb128 0x3
 199 002d ED000000 		.4byte	.LASF4
 200 0031 02       		.byte	0x2
 201 0032 D8       		.byte	0xd8
 202 0033 37000000 		.4byte	0x37
 203 0037 04       		.uleb128 0x4
 204 0038 04       		.byte	0x4
 205 0039 07       		.byte	0x7
 206 003a EA010000 		.4byte	.LASF0
 207 003e 04       		.uleb128 0x4
 208 003f 08       		.byte	0x8
 209 0040 05       		.byte	0x5
 210 0041 58010000 		.4byte	.LASF1
 211 0045 04       		.uleb128 0x4
 212 0046 08       		.byte	0x8
 213 0047 04       		.byte	0x4
 214 0048 EF020000 		.4byte	.LASF2
 215 004c 04       		.uleb128 0x4
 216 004d 01       		.byte	0x1
 217 004e 06       		.byte	0x6
 218 004f 66010000 		.4byte	.LASF3
 219 0053 03       		.uleb128 0x3
 220 0054 FB000000 		.4byte	.LASF5
 221 0058 03       		.byte	0x3
 222 0059 1D       		.byte	0x1d
 223 005a 5E000000 		.4byte	0x5e
 224 005e 04       		.uleb128 0x4
 225 005f 01       		.byte	0x1
 226 0060 08       		.byte	0x8
 227 0061 78030000 		.4byte	.LASF6
 228 0065 04       		.uleb128 0x4
ARM GAS  /var/folders/vt/qg0v_q5n5k99pnp_yg24c7s80000gn/T//ccSclSth.s 			page 5


 229 0066 02       		.byte	0x2
 230 0067 05       		.byte	0x5
 231 0068 90030000 		.4byte	.LASF7
 232 006c 03       		.uleb128 0x3
 233 006d 42040000 		.4byte	.LASF8
 234 0071 03       		.byte	0x3
 235 0072 2B       		.byte	0x2b
 236 0073 77000000 		.4byte	0x77
 237 0077 04       		.uleb128 0x4
 238 0078 02       		.byte	0x2
 239 0079 07       		.byte	0x7
 240 007a 62020000 		.4byte	.LASF9
 241 007e 03       		.uleb128 0x3
 242 007f 69040000 		.4byte	.LASF10
 243 0083 03       		.byte	0x3
 244 0084 3F       		.byte	0x3f
 245 0085 89000000 		.4byte	0x89
 246 0089 04       		.uleb128 0x4
 247 008a 04       		.byte	0x4
 248 008b 05       		.byte	0x5
 249 008c A9010000 		.4byte	.LASF11
 250 0090 03       		.uleb128 0x3
 251 0091 D6010000 		.4byte	.LASF12
 252 0095 03       		.byte	0x3
 253 0096 41       		.byte	0x41
 254 0097 9B000000 		.4byte	0x9b
 255 009b 04       		.uleb128 0x4
 256 009c 04       		.byte	0x4
 257 009d 07       		.byte	0x7
 258 009e F7010000 		.4byte	.LASF13
 259 00a2 04       		.uleb128 0x4
 260 00a3 08       		.byte	0x8
 261 00a4 07       		.byte	0x7
 262 00a5 05010000 		.4byte	.LASF14
 263 00a9 03       		.uleb128 0x3
 264 00aa AE040000 		.4byte	.LASF15
 265 00ae 04       		.byte	0x4
 266 00af 14       		.byte	0x14
 267 00b0 53000000 		.4byte	0x53
 268 00b4 03       		.uleb128 0x3
 269 00b5 BB010000 		.4byte	.LASF16
 270 00b9 04       		.byte	0x4
 271 00ba 1A       		.byte	0x1a
 272 00bb 6C000000 		.4byte	0x6c
 273 00bf 03       		.uleb128 0x3
 274 00c0 70030000 		.4byte	.LASF17
 275 00c4 04       		.byte	0x4
 276 00c5 1F       		.byte	0x1f
 277 00c6 7E000000 		.4byte	0x7e
 278 00ca 03       		.uleb128 0x3
 279 00cb 10040000 		.4byte	.LASF18
 280 00cf 04       		.byte	0x4
 281 00d0 20       		.byte	0x20
 282 00d1 90000000 		.4byte	0x90
 283 00d5 04       		.uleb128 0x4
 284 00d6 01       		.byte	0x1
 285 00d7 02       		.byte	0x2
ARM GAS  /var/folders/vt/qg0v_q5n5k99pnp_yg24c7s80000gn/T//ccSclSth.s 			page 6


 286 00d8 6A030000 		.4byte	.LASF19
 287 00dc 03       		.uleb128 0x3
 288 00dd 83020000 		.4byte	.LASF20
 289 00e1 05       		.byte	0x5
 290 00e2 2C       		.byte	0x2c
 291 00e3 A9000000 		.4byte	0xa9
 292 00e7 03       		.uleb128 0x3
 293 00e8 B2010000 		.4byte	.LASF21
 294 00ec 05       		.byte	0x5
 295 00ed 2D       		.byte	0x2d
 296 00ee A9000000 		.4byte	0xa9
 297 00f2 03       		.uleb128 0x3
 298 00f3 48030000 		.4byte	.LASF22
 299 00f7 05       		.byte	0x5
 300 00f8 2E       		.byte	0x2e
 301 00f9 A9000000 		.4byte	0xa9
 302 00fd 03       		.uleb128 0x3
 303 00fe 9F010000 		.4byte	.LASF23
 304 0102 05       		.byte	0x5
 305 0103 2F       		.byte	0x2f
 306 0104 A9000000 		.4byte	0xa9
 307 0108 03       		.uleb128 0x3
 308 0109 62030000 		.4byte	.LASF24
 309 010d 05       		.byte	0x5
 310 010e 30       		.byte	0x30
 311 010f CA000000 		.4byte	0xca
 312 0113 03       		.uleb128 0x3
 313 0114 75020000 		.4byte	.LASF25
 314 0118 05       		.byte	0x5
 315 0119 31       		.byte	0x31
 316 011a BF000000 		.4byte	0xbf
 317 011e 03       		.uleb128 0x3
 318 011f 97020000 		.4byte	.LASF26
 319 0123 05       		.byte	0x5
 320 0124 33       		.byte	0x33
 321 0125 CA000000 		.4byte	0xca
 322 0129 03       		.uleb128 0x3
 323 012a 54040000 		.4byte	.LASF27
 324 012e 05       		.byte	0x5
 325 012f 35       		.byte	0x35
 326 0130 CA000000 		.4byte	0xca
 327 0134 03       		.uleb128 0x3
 328 0135 F1030000 		.4byte	.LASF28
 329 0139 06       		.byte	0x6
 330 013a 2A       		.byte	0x2a
 331 013b 3F010000 		.4byte	0x13f
 332 013f 05       		.uleb128 0x5
 333 0140 F1030000 		.4byte	.LASF28
 334 0144 48       		.byte	0x48
 335 0145 07       		.byte	0x7
 336 0146 5E       		.byte	0x5e
 337 0147 3C020000 		.4byte	0x23c
 338 014b 06       		.uleb128 0x6
 339 014c C6030000 		.4byte	.LASF29
 340 0150 07       		.byte	0x7
 341 0151 5F       		.byte	0x5f
 342 0152 5D020000 		.4byte	0x25d
ARM GAS  /var/folders/vt/qg0v_q5n5k99pnp_yg24c7s80000gn/T//ccSclSth.s 			page 7


 343 0156 00       		.byte	0
 344 0157 06       		.uleb128 0x6
 345 0158 5B030000 		.4byte	.LASF30
 346 015c 07       		.byte	0x7
 347 015d 61       		.byte	0x61
 348 015e 5D020000 		.4byte	0x25d
 349 0162 04       		.byte	0x4
 350 0163 06       		.uleb128 0x6
 351 0164 44010000 		.4byte	.LASF31
 352 0168 07       		.byte	0x7
 353 0169 63       		.byte	0x63
 354 016a 08010000 		.4byte	0x108
 355 016e 08       		.byte	0x8
 356 016f 06       		.uleb128 0x6
 357 0170 D7040000 		.4byte	.LASF32
 358 0174 07       		.byte	0x7
 359 0175 64       		.byte	0x64
 360 0176 17030000 		.4byte	0x317
 361 017a 0C       		.byte	0xc
 362 017b 06       		.uleb128 0x6
 363 017c CE010000 		.4byte	.LASF33
 364 0180 07       		.byte	0x7
 365 0181 66       		.byte	0x66
 366 0182 5D020000 		.4byte	0x25d
 367 0186 10       		.byte	0x10
 368 0187 06       		.uleb128 0x6
 369 0188 13030000 		.4byte	.LASF34
 370 018c 07       		.byte	0x7
 371 018d 67       		.byte	0x67
 372 018e 5D020000 		.4byte	0x25d
 373 0192 14       		.byte	0x14
 374 0193 06       		.uleb128 0x6
 375 0194 BD040000 		.4byte	.LASF35
 376 0198 07       		.byte	0x7
 377 0199 6E       		.byte	0x6e
 378 019a 17040000 		.4byte	0x417
 379 019e 18       		.byte	0x18
 380 019f 06       		.uleb128 0x6
 381 01a0 9A030000 		.4byte	.LASF36
 382 01a4 07       		.byte	0x7
 383 01a5 79       		.byte	0x79
 384 01a6 E7000000 		.4byte	0xe7
 385 01aa 1C       		.byte	0x1c
 386 01ab 06       		.uleb128 0x6
 387 01ac DC030000 		.4byte	.LASF37
 388 01b0 07       		.byte	0x7
 389 01b1 7D       		.byte	0x7d
 390 01b2 DC000000 		.4byte	0xdc
 391 01b6 1D       		.byte	0x1d
 392 01b7 06       		.uleb128 0x6
 393 01b8 97040000 		.4byte	.LASF38
 394 01bc 07       		.byte	0x7
 395 01bd 82       		.byte	0x82
 396 01be F2000000 		.4byte	0xf2
 397 01c2 1E       		.byte	0x1e
 398 01c3 06       		.uleb128 0x6
 399 01c4 A2030000 		.4byte	.LASF39
ARM GAS  /var/folders/vt/qg0v_q5n5k99pnp_yg24c7s80000gn/T//ccSclSth.s 			page 8


 400 01c8 07       		.byte	0x7
 401 01c9 88       		.byte	0x88
 402 01ca FD000000 		.4byte	0xfd
 403 01ce 1F       		.byte	0x1f
 404 01cf 06       		.uleb128 0x6
 405 01d0 73040000 		.4byte	.LASF40
 406 01d4 07       		.byte	0x7
 407 01d5 8F       		.byte	0x8f
 408 01d6 3F030000 		.4byte	0x33f
 409 01da 20       		.byte	0x20
 410 01db 07       		.uleb128 0x7
 411 01dc 705F7500 		.ascii	"p_u\000"
 412 01e0 07       		.byte	0x7
 413 01e1 B4       		.byte	0xb4
 414 01e2 E2030000 		.4byte	0x3e2
 415 01e6 24       		.byte	0x24
 416 01e7 06       		.uleb128 0x6
 417 01e8 DD040000 		.4byte	.LASF41
 418 01ec 07       		.byte	0x7
 419 01ed B9       		.byte	0xb9
 420 01ee 83020000 		.4byte	0x283
 421 01f2 28       		.byte	0x28
 422 01f3 06       		.uleb128 0x6
 423 01f4 81040000 		.4byte	.LASF42
 424 01f8 07       		.byte	0x7
 425 01f9 BF       		.byte	0xbf
 426 01fa 63020000 		.4byte	0x263
 427 01fe 2C       		.byte	0x2c
 428 01ff 06       		.uleb128 0x6
 429 0200 0D000000 		.4byte	.LASF43
 430 0204 07       		.byte	0x7
 431 0205 C3       		.byte	0xc3
 432 0206 13010000 		.4byte	0x113
 433 020a 34       		.byte	0x34
 434 020b 06       		.uleb128 0x6
 435 020c 05040000 		.4byte	.LASF44
 436 0210 07       		.byte	0x7
 437 0211 C9       		.byte	0xc9
 438 0212 1E010000 		.4byte	0x11e
 439 0216 38       		.byte	0x38
 440 0217 06       		.uleb128 0x6
 441 0218 86030000 		.4byte	.LASF45
 442 021c 07       		.byte	0x7
 443 021d D0       		.byte	0xd0
 444 021e 29040000 		.4byte	0x429
 445 0222 3C       		.byte	0x3c
 446 0223 06       		.uleb128 0x6
 447 0224 5E040000 		.4byte	.LASF46
 448 0228 07       		.byte	0x7
 449 0229 D4       		.byte	0xd4
 450 022a 08010000 		.4byte	0x108
 451 022e 40       		.byte	0x40
 452 022f 06       		.uleb128 0x6
 453 0230 8F010000 		.4byte	.LASF47
 454 0234 07       		.byte	0x7
 455 0235 DA       		.byte	0xda
 456 0236 99020000 		.4byte	0x299
ARM GAS  /var/folders/vt/qg0v_q5n5k99pnp_yg24c7s80000gn/T//ccSclSth.s 			page 9


 457 023a 44       		.byte	0x44
 458 023b 00       		.byte	0
 459 023c 08       		.uleb128 0x8
 460 023d 08       		.byte	0x8
 461 023e 06       		.byte	0x6
 462 023f 61       		.byte	0x61
 463 0240 5D020000 		.4byte	0x25d
 464 0244 06       		.uleb128 0x6
 465 0245 C6030000 		.4byte	.LASF29
 466 0249 06       		.byte	0x6
 467 024a 62       		.byte	0x62
 468 024b 5D020000 		.4byte	0x25d
 469 024f 00       		.byte	0
 470 0250 06       		.uleb128 0x6
 471 0251 5B030000 		.4byte	.LASF30
 472 0255 06       		.byte	0x6
 473 0256 64       		.byte	0x64
 474 0257 5D020000 		.4byte	0x25d
 475 025b 04       		.byte	0x4
 476 025c 00       		.byte	0
 477 025d 09       		.uleb128 0x9
 478 025e 04       		.byte	0x4
 479 025f 34010000 		.4byte	0x134
 480 0263 03       		.uleb128 0x3
 481 0264 21030000 		.4byte	.LASF48
 482 0268 06       		.byte	0x6
 483 0269 66       		.byte	0x66
 484 026a 3C020000 		.4byte	0x23c
 485 026e 08       		.uleb128 0x8
 486 026f 04       		.byte	0x4
 487 0270 06       		.byte	0x6
 488 0271 6B       		.byte	0x6b
 489 0272 83020000 		.4byte	0x283
 490 0276 06       		.uleb128 0x6
 491 0277 C6030000 		.4byte	.LASF29
 492 027b 06       		.byte	0x6
 493 027c 6D       		.byte	0x6d
 494 027d 5D020000 		.4byte	0x25d
 495 0281 00       		.byte	0
 496 0282 00       		.byte	0
 497 0283 03       		.uleb128 0x3
 498 0284 8B020000 		.4byte	.LASF49
 499 0288 06       		.byte	0x6
 500 0289 70       		.byte	0x70
 501 028a 6E020000 		.4byte	0x26e
 502 028e 03       		.uleb128 0x3
 503 028f E1010000 		.4byte	.LASF50
 504 0293 08       		.byte	0x8
 505 0294 E5       		.byte	0xe5
 506 0295 99020000 		.4byte	0x299
 507 0299 0A       		.uleb128 0xa
 508 029a 04       		.byte	0x4
 509 029b 0B       		.uleb128 0xb
 510 029c 7A040000 		.4byte	.LASF51
 511 02a0 24       		.byte	0x24
 512 02a1 08       		.byte	0x8
 513 02a2 0C01     		.2byte	0x10c
ARM GAS  /var/folders/vt/qg0v_q5n5k99pnp_yg24c7s80000gn/T//ccSclSth.s 			page 10


 514 02a4 17030000 		.4byte	0x317
 515 02a8 0C       		.uleb128 0xc
 516 02a9 723400   		.ascii	"r4\000"
 517 02ac 08       		.byte	0x8
 518 02ad 1F01     		.2byte	0x11f
 519 02af 8E020000 		.4byte	0x28e
 520 02b3 00       		.byte	0
 521 02b4 0C       		.uleb128 0xc
 522 02b5 723500   		.ascii	"r5\000"
 523 02b8 08       		.byte	0x8
 524 02b9 2001     		.2byte	0x120
 525 02bb 8E020000 		.4byte	0x28e
 526 02bf 04       		.byte	0x4
 527 02c0 0C       		.uleb128 0xc
 528 02c1 723600   		.ascii	"r6\000"
 529 02c4 08       		.byte	0x8
 530 02c5 2101     		.2byte	0x121
 531 02c7 8E020000 		.4byte	0x28e
 532 02cb 08       		.byte	0x8
 533 02cc 0C       		.uleb128 0xc
 534 02cd 723700   		.ascii	"r7\000"
 535 02d0 08       		.byte	0x8
 536 02d1 2201     		.2byte	0x122
 537 02d3 8E020000 		.4byte	0x28e
 538 02d7 0C       		.byte	0xc
 539 02d8 0C       		.uleb128 0xc
 540 02d9 723800   		.ascii	"r8\000"
 541 02dc 08       		.byte	0x8
 542 02dd 2301     		.2byte	0x123
 543 02df 8E020000 		.4byte	0x28e
 544 02e3 10       		.byte	0x10
 545 02e4 0C       		.uleb128 0xc
 546 02e5 723900   		.ascii	"r9\000"
 547 02e8 08       		.byte	0x8
 548 02e9 2401     		.2byte	0x124
 549 02eb 8E020000 		.4byte	0x28e
 550 02ef 14       		.byte	0x14
 551 02f0 0C       		.uleb128 0xc
 552 02f1 72313000 		.ascii	"r10\000"
 553 02f5 08       		.byte	0x8
 554 02f6 2501     		.2byte	0x125
 555 02f8 8E020000 		.4byte	0x28e
 556 02fc 18       		.byte	0x18
 557 02fd 0C       		.uleb128 0xc
 558 02fe 72313100 		.ascii	"r11\000"
 559 0302 08       		.byte	0x8
 560 0303 2601     		.2byte	0x126
 561 0305 8E020000 		.4byte	0x28e
 562 0309 1C       		.byte	0x1c
 563 030a 0C       		.uleb128 0xc
 564 030b 6C7200   		.ascii	"lr\000"
 565 030e 08       		.byte	0x8
 566 030f 2701     		.2byte	0x127
 567 0311 8E020000 		.4byte	0x28e
 568 0315 20       		.byte	0x20
 569 0316 00       		.byte	0
 570 0317 0B       		.uleb128 0xb
ARM GAS  /var/folders/vt/qg0v_q5n5k99pnp_yg24c7s80000gn/T//ccSclSth.s 			page 11


 571 0318 5A020000 		.4byte	.LASF52
 572 031c 04       		.byte	0x4
 573 031d 08       		.byte	0x8
 574 031e 3101     		.2byte	0x131
 575 0320 32030000 		.4byte	0x332
 576 0324 0C       		.uleb128 0xc
 577 0325 72313300 		.ascii	"r13\000"
 578 0329 08       		.byte	0x8
 579 032a 3201     		.2byte	0x132
 580 032c 32030000 		.4byte	0x332
 581 0330 00       		.byte	0
 582 0331 00       		.byte	0
 583 0332 09       		.uleb128 0x9
 584 0333 04       		.byte	0x4
 585 0334 9B020000 		.4byte	0x29b
 586 0338 04       		.uleb128 0x4
 587 0339 04       		.byte	0x4
 588 033a 07       		.byte	0x7
 589 033b E6020000 		.4byte	.LASF53
 590 033f 0D       		.uleb128 0xd
 591 0340 29010000 		.4byte	0x129
 592 0344 08       		.uleb128 0x8
 593 0345 1C       		.byte	0x1c
 594 0346 09       		.byte	0x9
 595 0347 5E       		.byte	0x5e
 596 0348 95030000 		.4byte	0x395
 597 034c 06       		.uleb128 0x6
 598 034d 25040000 		.4byte	.LASF54
 599 0351 09       		.byte	0x9
 600 0352 5F       		.byte	0x5f
 601 0353 63020000 		.4byte	0x263
 602 0357 00       		.byte	0
 603 0358 06       		.uleb128 0x6
 604 0359 B8030000 		.4byte	.LASF55
 605 035d 09       		.byte	0x9
 606 035e 60       		.byte	0x60
 607 035f 08010000 		.4byte	0x108
 608 0363 08       		.byte	0x8
 609 0364 06       		.uleb128 0x6
 610 0365 1B030000 		.4byte	.LASF56
 611 0369 09       		.byte	0x9
 612 036a 62       		.byte	0x62
 613 036b 17030000 		.4byte	0x317
 614 036f 0C       		.byte	0xc
 615 0370 06       		.uleb128 0x6
 616 0371 7B020000 		.4byte	.LASF57
 617 0375 09       		.byte	0x9
 618 0376 65       		.byte	0x65
 619 0377 5D020000 		.4byte	0x25d
 620 037b 10       		.byte	0x10
 621 037c 06       		.uleb128 0x6
 622 037d 40030000 		.4byte	.LASF58
 623 0381 09       		.byte	0x9
 624 0382 66       		.byte	0x66
 625 0383 5D020000 		.4byte	0x25d
 626 0387 14       		.byte	0x14
 627 0388 06       		.uleb128 0x6
ARM GAS  /var/folders/vt/qg0v_q5n5k99pnp_yg24c7s80000gn/T//ccSclSth.s 			page 12


 628 0389 36030000 		.4byte	.LASF59
 629 038d 09       		.byte	0x9
 630 038e 69       		.byte	0x69
 631 038f 5D020000 		.4byte	0x25d
 632 0393 18       		.byte	0x18
 633 0394 00       		.byte	0
 634 0395 03       		.uleb128 0x3
 635 0396 9E040000 		.4byte	.LASF60
 636 039a 09       		.byte	0x9
 637 039b 6B       		.byte	0x6b
 638 039c 44030000 		.4byte	0x344
 639 03a0 05       		.uleb128 0x5
 640 03a1 A3020000 		.4byte	.LASF61
 641 03a5 10       		.byte	0x10
 642 03a6 0A       		.byte	0xa
 643 03a7 2C       		.byte	0x2c
 644 03a8 D1030000 		.4byte	0x3d1
 645 03ac 06       		.uleb128 0x6
 646 03ad 97010000 		.4byte	.LASF62
 647 03b1 0A       		.byte	0xa
 648 03b2 2D       		.byte	0x2d
 649 03b3 63020000 		.4byte	0x263
 650 03b7 00       		.byte	0
 651 03b8 06       		.uleb128 0x6
 652 03b9 CF040000 		.4byte	.LASF63
 653 03bd 0A       		.byte	0xa
 654 03be 2F       		.byte	0x2f
 655 03bf 5D020000 		.4byte	0x25d
 656 03c3 08       		.byte	0x8
 657 03c4 06       		.uleb128 0x6
 658 03c5 4D040000 		.4byte	.LASF64
 659 03c9 0A       		.byte	0xa
 660 03ca 31       		.byte	0x31
 661 03cb D1030000 		.4byte	0x3d1
 662 03cf 0C       		.byte	0xc
 663 03d0 00       		.byte	0
 664 03d1 09       		.uleb128 0x9
 665 03d2 04       		.byte	0x4
 666 03d3 A0030000 		.4byte	0x3a0
 667 03d7 03       		.uleb128 0x3
 668 03d8 A3020000 		.4byte	.LASF61
 669 03dc 0A       		.byte	0xa
 670 03dd 33       		.byte	0x33
 671 03de A0030000 		.4byte	0x3a0
 672 03e2 0E       		.uleb128 0xe
 673 03e3 04       		.byte	0x4
 674 03e4 07       		.byte	0x7
 675 03e5 96       		.byte	0x96
 676 03e6 17040000 		.4byte	0x417
 677 03ea 0F       		.uleb128 0xf
 678 03eb F4000000 		.4byte	.LASF65
 679 03ef 07       		.byte	0x7
 680 03f0 9D       		.byte	0x9d
 681 03f1 13010000 		.4byte	0x113
 682 03f5 0F       		.uleb128 0xf
 683 03f6 2A010000 		.4byte	.LASF66
 684 03fa 07       		.byte	0x7
ARM GAS  /var/folders/vt/qg0v_q5n5k99pnp_yg24c7s80000gn/T//ccSclSth.s 			page 13


 685 03fb A4       		.byte	0xa4
 686 03fc 13010000 		.4byte	0x113
 687 0400 0F       		.uleb128 0xf
 688 0401 B6040000 		.4byte	.LASF67
 689 0405 07       		.byte	0x7
 690 0406 AB       		.byte	0xab
 691 0407 99020000 		.4byte	0x299
 692 040b 0F       		.uleb128 0xf
 693 040c BF030000 		.4byte	.LASF68
 694 0410 07       		.byte	0x7
 695 0411 B2       		.byte	0xb2
 696 0412 1E010000 		.4byte	0x11e
 697 0416 00       		.byte	0
 698 0417 09       		.uleb128 0x9
 699 0418 04       		.byte	0x4
 700 0419 24040000 		.4byte	0x424
 701 041d 04       		.uleb128 0x4
 702 041e 01       		.byte	0x1
 703 041f 08       		.byte	0x8
 704 0420 2D040000 		.4byte	.LASF69
 705 0424 10       		.uleb128 0x10
 706 0425 1D040000 		.4byte	0x41d
 707 0429 09       		.uleb128 0x9
 708 042a 04       		.byte	0x4
 709 042b D7030000 		.4byte	0x3d7
 710 042f 08       		.uleb128 0x8
 711 0430 16       		.byte	0x16
 712 0431 0B       		.byte	0xb
 713 0432 2C       		.byte	0x2c
 714 0433 10050000 		.4byte	0x510
 715 0437 06       		.uleb128 0x6
 716 0438 4C020000 		.4byte	.LASF70
 717 043c 0B       		.byte	0xb
 718 043d 2D       		.byte	0x2d
 719 043e 10050000 		.4byte	0x510
 720 0442 00       		.byte	0
 721 0443 06       		.uleb128 0x6
 722 0444 D2020000 		.4byte	.LASF71
 723 0448 0B       		.byte	0xb
 724 0449 2E       		.byte	0x2e
 725 044a A9000000 		.4byte	0xa9
 726 044e 04       		.byte	0x4
 727 044f 06       		.uleb128 0x6
 728 0450 2E030000 		.4byte	.LASF72
 729 0454 0B       		.byte	0xb
 730 0455 2F       		.byte	0x2f
 731 0456 A9000000 		.4byte	0xa9
 732 045a 05       		.byte	0x5
 733 045b 06       		.uleb128 0x6
 734 045c C4040000 		.4byte	.LASF73
 735 0460 0B       		.byte	0xb
 736 0461 30       		.byte	0x30
 737 0462 B4000000 		.4byte	0xb4
 738 0466 06       		.byte	0x6
 739 0467 06       		.uleb128 0x6
 740 0468 50030000 		.4byte	.LASF74
 741 046c 0B       		.byte	0xb
ARM GAS  /var/folders/vt/qg0v_q5n5k99pnp_yg24c7s80000gn/T//ccSclSth.s 			page 14


 742 046d 31       		.byte	0x31
 743 046e A9000000 		.4byte	0xa9
 744 0472 08       		.byte	0x8
 745 0473 06       		.uleb128 0x6
 746 0474 FB020000 		.4byte	.LASF75
 747 0478 0B       		.byte	0xb
 748 0479 32       		.byte	0x32
 749 047a A9000000 		.4byte	0xa9
 750 047e 09       		.byte	0x9
 751 047f 06       		.uleb128 0x6
 752 0480 1C010000 		.4byte	.LASF76
 753 0484 0B       		.byte	0xb
 754 0485 33       		.byte	0x33
 755 0486 A9000000 		.4byte	0xa9
 756 048a 0A       		.byte	0xa
 757 048b 06       		.uleb128 0x6
 758 048c 19040000 		.4byte	.LASF77
 759 0490 0B       		.byte	0xb
 760 0491 34       		.byte	0x34
 761 0492 A9000000 		.4byte	0xa9
 762 0496 0B       		.byte	0xb
 763 0497 06       		.uleb128 0x6
 764 0498 8C040000 		.4byte	.LASF78
 765 049c 0B       		.byte	0xb
 766 049d 35       		.byte	0x35
 767 049e A9000000 		.4byte	0xa9
 768 04a2 0C       		.byte	0xc
 769 04a3 06       		.uleb128 0x6
 770 04a4 F8030000 		.4byte	.LASF79
 771 04a8 0B       		.byte	0xb
 772 04a9 36       		.byte	0x36
 773 04aa A9000000 		.4byte	0xa9
 774 04ae 0D       		.byte	0xd
 775 04af 06       		.uleb128 0x6
 776 04b0 00000000 		.4byte	.LASF80
 777 04b4 0B       		.byte	0xb
 778 04b5 37       		.byte	0x37
 779 04b6 A9000000 		.4byte	0xa9
 780 04ba 0E       		.byte	0xe
 781 04bb 06       		.uleb128 0x6
 782 04bc 07030000 		.4byte	.LASF81
 783 04c0 0B       		.byte	0xb
 784 04c1 38       		.byte	0x38
 785 04c2 A9000000 		.4byte	0xa9
 786 04c6 0F       		.byte	0xf
 787 04c7 06       		.uleb128 0x6
 788 04c8 72010000 		.4byte	.LASF82
 789 04cc 0B       		.byte	0xb
 790 04cd 39       		.byte	0x39
 791 04ce A9000000 		.4byte	0xa9
 792 04d2 10       		.byte	0x10
 793 04d3 06       		.uleb128 0x6
 794 04d4 4B010000 		.4byte	.LASF83
 795 04d8 0B       		.byte	0xb
 796 04d9 3B       		.byte	0x3b
 797 04da A9000000 		.4byte	0xa9
 798 04de 11       		.byte	0x11
ARM GAS  /var/folders/vt/qg0v_q5n5k99pnp_yg24c7s80000gn/T//ccSclSth.s 			page 15


 799 04df 06       		.uleb128 0x6
 800 04e0 82010000 		.4byte	.LASF84
 801 04e4 0B       		.byte	0xb
 802 04e5 3C       		.byte	0x3c
 803 04e6 A9000000 		.4byte	0xa9
 804 04ea 12       		.byte	0x12
 805 04eb 06       		.uleb128 0x6
 806 04ec DA020000 		.4byte	.LASF85
 807 04f0 0B       		.byte	0xb
 808 04f1 3D       		.byte	0x3d
 809 04f2 A9000000 		.4byte	0xa9
 810 04f6 13       		.byte	0x13
 811 04f7 06       		.uleb128 0x6
 812 04f8 CD030000 		.4byte	.LASF86
 813 04fc 0B       		.byte	0xb
 814 04fd 3E       		.byte	0x3e
 815 04fe A9000000 		.4byte	0xa9
 816 0502 14       		.byte	0x14
 817 0503 06       		.uleb128 0x6
 818 0504 AC030000 		.4byte	.LASF87
 819 0508 0B       		.byte	0xb
 820 0509 40       		.byte	0x40
 821 050a A9000000 		.4byte	0xa9
 822 050e 15       		.byte	0x15
 823 050f 00       		.byte	0
 824 0510 11       		.uleb128 0x11
 825 0511 1D040000 		.4byte	0x41d
 826 0515 20050000 		.4byte	0x520
 827 0519 12       		.uleb128 0x12
 828 051a 38030000 		.4byte	0x338
 829 051e 03       		.byte	0x3
 830 051f 00       		.byte	0
 831 0520 03       		.uleb128 0x3
 832 0521 C4010000 		.4byte	.LASF88
 833 0525 0B       		.byte	0xb
 834 0526 41       		.byte	0x41
 835 0527 2F040000 		.4byte	0x42f
 836 052b 13       		.uleb128 0x13
 837 052c 33010000 		.4byte	.LASF89
 838 0530 01       		.byte	0x1
 839 0531 75       		.byte	0x75
 840 0532 5D020000 		.4byte	0x25d
 841 0536 00000000 		.4byte	.LFB7
 842 053a 1C000000 		.4byte	.LFE7-.LFB7
 843 053e 01       		.uleb128 0x1
 844 053f 9C       		.byte	0x9c
 845 0540 7F050000 		.4byte	0x57f
 846 0544 14       		.uleb128 0x14
 847 0545 747000   		.ascii	"tp\000"
 848 0548 01       		.byte	0x1
 849 0549 76       		.byte	0x76
 850 054a 5D020000 		.4byte	0x25d
 851 054e 01       		.uleb128 0x1
 852 054f 50       		.byte	0x50
 853 0550 15       		.uleb128 0x15
 854 0551 00000000 		.4byte	.LBB2
 855 0555 06000000 		.4byte	.LBE2-.LBB2
ARM GAS  /var/folders/vt/qg0v_q5n5k99pnp_yg24c7s80000gn/T//ccSclSth.s 			page 16


 856 0559 6B050000 		.4byte	0x56b
 857 055d 14       		.uleb128 0x14
 858 055e 746D7000 		.ascii	"tmp\000"
 859 0562 01       		.byte	0x1
 860 0563 78       		.byte	0x78
 861 0564 CA000000 		.4byte	0xca
 862 0568 01       		.uleb128 0x1
 863 0569 53       		.byte	0x53
 864 056a 00       		.byte	0
 865 056b 16       		.uleb128 0x16
 866 056c 00000000 		.4byte	.Ldebug_ranges0+0
 867 0570 14       		.uleb128 0x14
 868 0571 746D7000 		.ascii	"tmp\000"
 869 0575 01       		.byte	0x1
 870 0576 7D       		.byte	0x7d
 871 0577 CA000000 		.4byte	0xca
 872 057b 01       		.uleb128 0x1
 873 057c 53       		.byte	0x53
 874 057d 00       		.byte	0
 875 057e 00       		.byte	0
 876 057f 13       		.uleb128 0x13
 877 0580 32040000 		.4byte	.LASF90
 878 0584 01       		.byte	0x1
 879 0585 8C       		.byte	0x8c
 880 0586 5D020000 		.4byte	0x25d
 881 058a 00000000 		.4byte	.LFB8
 882 058e 2C000000 		.4byte	.LFE8-.LFB8
 883 0592 01       		.uleb128 0x1
 884 0593 9C       		.byte	0x9c
 885 0594 FD050000 		.4byte	0x5fd
 886 0598 17       		.uleb128 0x17
 887 0599 747000   		.ascii	"tp\000"
 888 059c 01       		.byte	0x1
 889 059d 8C       		.byte	0x8c
 890 059e 5D020000 		.4byte	0x25d
 891 05a2 00000000 		.4byte	.LLST0
 892 05a6 18       		.uleb128 0x18
 893 05a7 6E747000 		.ascii	"ntp\000"
 894 05ab 01       		.byte	0x1
 895 05ac 8D       		.byte	0x8d
 896 05ad 5D020000 		.4byte	0x25d
 897 05b1 21000000 		.4byte	.LLST1
 898 05b5 15       		.uleb128 0x15
 899 05b6 02000000 		.4byte	.LBB5
 900 05ba 06000000 		.4byte	.LBE5-.LBB5
 901 05be D0050000 		.4byte	0x5d0
 902 05c2 14       		.uleb128 0x14
 903 05c3 746D7000 		.ascii	"tmp\000"
 904 05c7 01       		.byte	0x1
 905 05c8 8F       		.byte	0x8f
 906 05c9 CA000000 		.4byte	0xca
 907 05cd 01       		.uleb128 0x1
 908 05ce 53       		.byte	0x53
 909 05cf 00       		.byte	0
 910 05d0 15       		.uleb128 0x15
 911 05d1 18000000 		.4byte	.LBB6
 912 05d5 06000000 		.4byte	.LBE6-.LBB6
ARM GAS  /var/folders/vt/qg0v_q5n5k99pnp_yg24c7s80000gn/T//ccSclSth.s 			page 17


 913 05d9 EB050000 		.4byte	0x5eb
 914 05dd 14       		.uleb128 0x14
 915 05de 746D7000 		.ascii	"tmp\000"
 916 05e2 01       		.byte	0x1
 917 05e3 9A       		.byte	0x9a
 918 05e4 CA000000 		.4byte	0xca
 919 05e8 01       		.uleb128 0x1
 920 05e9 53       		.byte	0x53
 921 05ea 00       		.byte	0
 922 05eb 19       		.uleb128 0x19
 923 05ec 22000000 		.4byte	.LVL4
 924 05f0 1E060000 		.4byte	0x61e
 925 05f4 1A       		.uleb128 0x1a
 926 05f5 01       		.uleb128 0x1
 927 05f6 50       		.byte	0x50
 928 05f7 03       		.uleb128 0x3
 929 05f8 F3       		.byte	0xf3
 930 05f9 01       		.uleb128 0x1
 931 05fa 50       		.byte	0x50
 932 05fb 00       		.byte	0
 933 05fc 00       		.byte	0
 934 05fd 1B       		.uleb128 0x1b
 935 05fe A8040000 		.4byte	.LASF91
 936 0602 09       		.byte	0x9
 937 0603 6F       		.byte	0x6f
 938 0604 95030000 		.4byte	0x395
 939 0608 1C       		.uleb128 0x1c
 940 0609 09020000 		.4byte	.LASF92
 941 060d 01       		.byte	0x1
 942 060e 42       		.byte	0x42
 943 060f 19060000 		.4byte	0x619
 944 0613 05       		.uleb128 0x5
 945 0614 03       		.byte	0x3
 946 0615 00000000 		.4byte	ch_debug
 947 0619 10       		.uleb128 0x10
 948 061a 20050000 		.4byte	0x520
 949 061e 1D       		.uleb128 0x1d
 950 061f E4030000 		.4byte	.LASF96
 951 0623 E4030000 		.4byte	.LASF96
 952 0627 0C       		.byte	0xc
 953 0628 3A       		.byte	0x3a
 954 0629 00       		.byte	0
 955              		.section	.debug_abbrev,"",%progbits
 956              	.Ldebug_abbrev0:
 957 0000 01       		.uleb128 0x1
 958 0001 11       		.uleb128 0x11
 959 0002 01       		.byte	0x1
 960 0003 25       		.uleb128 0x25
 961 0004 0E       		.uleb128 0xe
 962 0005 13       		.uleb128 0x13
 963 0006 0B       		.uleb128 0xb
 964 0007 03       		.uleb128 0x3
 965 0008 0E       		.uleb128 0xe
 966 0009 1B       		.uleb128 0x1b
 967 000a 0E       		.uleb128 0xe
 968 000b 55       		.uleb128 0x55
 969 000c 17       		.uleb128 0x17
ARM GAS  /var/folders/vt/qg0v_q5n5k99pnp_yg24c7s80000gn/T//ccSclSth.s 			page 18


 970 000d 11       		.uleb128 0x11
 971 000e 01       		.uleb128 0x1
 972 000f 10       		.uleb128 0x10
 973 0010 17       		.uleb128 0x17
 974 0011 00       		.byte	0
 975 0012 00       		.byte	0
 976 0013 02       		.uleb128 0x2
 977 0014 24       		.uleb128 0x24
 978 0015 00       		.byte	0
 979 0016 0B       		.uleb128 0xb
 980 0017 0B       		.uleb128 0xb
 981 0018 3E       		.uleb128 0x3e
 982 0019 0B       		.uleb128 0xb
 983 001a 03       		.uleb128 0x3
 984 001b 08       		.uleb128 0x8
 985 001c 00       		.byte	0
 986 001d 00       		.byte	0
 987 001e 03       		.uleb128 0x3
 988 001f 16       		.uleb128 0x16
 989 0020 00       		.byte	0
 990 0021 03       		.uleb128 0x3
 991 0022 0E       		.uleb128 0xe
 992 0023 3A       		.uleb128 0x3a
 993 0024 0B       		.uleb128 0xb
 994 0025 3B       		.uleb128 0x3b
 995 0026 0B       		.uleb128 0xb
 996 0027 49       		.uleb128 0x49
 997 0028 13       		.uleb128 0x13
 998 0029 00       		.byte	0
 999 002a 00       		.byte	0
 1000 002b 04       		.uleb128 0x4
 1001 002c 24       		.uleb128 0x24
 1002 002d 00       		.byte	0
 1003 002e 0B       		.uleb128 0xb
 1004 002f 0B       		.uleb128 0xb
 1005 0030 3E       		.uleb128 0x3e
 1006 0031 0B       		.uleb128 0xb
 1007 0032 03       		.uleb128 0x3
 1008 0033 0E       		.uleb128 0xe
 1009 0034 00       		.byte	0
 1010 0035 00       		.byte	0
 1011 0036 05       		.uleb128 0x5
 1012 0037 13       		.uleb128 0x13
 1013 0038 01       		.byte	0x1
 1014 0039 03       		.uleb128 0x3
 1015 003a 0E       		.uleb128 0xe
 1016 003b 0B       		.uleb128 0xb
 1017 003c 0B       		.uleb128 0xb
 1018 003d 3A       		.uleb128 0x3a
 1019 003e 0B       		.uleb128 0xb
 1020 003f 3B       		.uleb128 0x3b
 1021 0040 0B       		.uleb128 0xb
 1022 0041 01       		.uleb128 0x1
 1023 0042 13       		.uleb128 0x13
 1024 0043 00       		.byte	0
 1025 0044 00       		.byte	0
 1026 0045 06       		.uleb128 0x6
ARM GAS  /var/folders/vt/qg0v_q5n5k99pnp_yg24c7s80000gn/T//ccSclSth.s 			page 19


 1027 0046 0D       		.uleb128 0xd
 1028 0047 00       		.byte	0
 1029 0048 03       		.uleb128 0x3
 1030 0049 0E       		.uleb128 0xe
 1031 004a 3A       		.uleb128 0x3a
 1032 004b 0B       		.uleb128 0xb
 1033 004c 3B       		.uleb128 0x3b
 1034 004d 0B       		.uleb128 0xb
 1035 004e 49       		.uleb128 0x49
 1036 004f 13       		.uleb128 0x13
 1037 0050 38       		.uleb128 0x38
 1038 0051 0B       		.uleb128 0xb
 1039 0052 00       		.byte	0
 1040 0053 00       		.byte	0
 1041 0054 07       		.uleb128 0x7
 1042 0055 0D       		.uleb128 0xd
 1043 0056 00       		.byte	0
 1044 0057 03       		.uleb128 0x3
 1045 0058 08       		.uleb128 0x8
 1046 0059 3A       		.uleb128 0x3a
 1047 005a 0B       		.uleb128 0xb
 1048 005b 3B       		.uleb128 0x3b
 1049 005c 0B       		.uleb128 0xb
 1050 005d 49       		.uleb128 0x49
 1051 005e 13       		.uleb128 0x13
 1052 005f 38       		.uleb128 0x38
 1053 0060 0B       		.uleb128 0xb
 1054 0061 00       		.byte	0
 1055 0062 00       		.byte	0
 1056 0063 08       		.uleb128 0x8
 1057 0064 13       		.uleb128 0x13
 1058 0065 01       		.byte	0x1
 1059 0066 0B       		.uleb128 0xb
 1060 0067 0B       		.uleb128 0xb
 1061 0068 3A       		.uleb128 0x3a
 1062 0069 0B       		.uleb128 0xb
 1063 006a 3B       		.uleb128 0x3b
 1064 006b 0B       		.uleb128 0xb
 1065 006c 01       		.uleb128 0x1
 1066 006d 13       		.uleb128 0x13
 1067 006e 00       		.byte	0
 1068 006f 00       		.byte	0
 1069 0070 09       		.uleb128 0x9
 1070 0071 0F       		.uleb128 0xf
 1071 0072 00       		.byte	0
 1072 0073 0B       		.uleb128 0xb
 1073 0074 0B       		.uleb128 0xb
 1074 0075 49       		.uleb128 0x49
 1075 0076 13       		.uleb128 0x13
 1076 0077 00       		.byte	0
 1077 0078 00       		.byte	0
 1078 0079 0A       		.uleb128 0xa
 1079 007a 0F       		.uleb128 0xf
 1080 007b 00       		.byte	0
 1081 007c 0B       		.uleb128 0xb
 1082 007d 0B       		.uleb128 0xb
 1083 007e 00       		.byte	0
ARM GAS  /var/folders/vt/qg0v_q5n5k99pnp_yg24c7s80000gn/T//ccSclSth.s 			page 20


 1084 007f 00       		.byte	0
 1085 0080 0B       		.uleb128 0xb
 1086 0081 13       		.uleb128 0x13
 1087 0082 01       		.byte	0x1
 1088 0083 03       		.uleb128 0x3
 1089 0084 0E       		.uleb128 0xe
 1090 0085 0B       		.uleb128 0xb
 1091 0086 0B       		.uleb128 0xb
 1092 0087 3A       		.uleb128 0x3a
 1093 0088 0B       		.uleb128 0xb
 1094 0089 3B       		.uleb128 0x3b
 1095 008a 05       		.uleb128 0x5
 1096 008b 01       		.uleb128 0x1
 1097 008c 13       		.uleb128 0x13
 1098 008d 00       		.byte	0
 1099 008e 00       		.byte	0
 1100 008f 0C       		.uleb128 0xc
 1101 0090 0D       		.uleb128 0xd
 1102 0091 00       		.byte	0
 1103 0092 03       		.uleb128 0x3
 1104 0093 08       		.uleb128 0x8
 1105 0094 3A       		.uleb128 0x3a
 1106 0095 0B       		.uleb128 0xb
 1107 0096 3B       		.uleb128 0x3b
 1108 0097 05       		.uleb128 0x5
 1109 0098 49       		.uleb128 0x49
 1110 0099 13       		.uleb128 0x13
 1111 009a 38       		.uleb128 0x38
 1112 009b 0B       		.uleb128 0xb
 1113 009c 00       		.byte	0
 1114 009d 00       		.byte	0
 1115 009e 0D       		.uleb128 0xd
 1116 009f 35       		.uleb128 0x35
 1117 00a0 00       		.byte	0
 1118 00a1 49       		.uleb128 0x49
 1119 00a2 13       		.uleb128 0x13
 1120 00a3 00       		.byte	0
 1121 00a4 00       		.byte	0
 1122 00a5 0E       		.uleb128 0xe
 1123 00a6 17       		.uleb128 0x17
 1124 00a7 01       		.byte	0x1
 1125 00a8 0B       		.uleb128 0xb
 1126 00a9 0B       		.uleb128 0xb
 1127 00aa 3A       		.uleb128 0x3a
 1128 00ab 0B       		.uleb128 0xb
 1129 00ac 3B       		.uleb128 0x3b
 1130 00ad 0B       		.uleb128 0xb
 1131 00ae 01       		.uleb128 0x1
 1132 00af 13       		.uleb128 0x13
 1133 00b0 00       		.byte	0
 1134 00b1 00       		.byte	0
 1135 00b2 0F       		.uleb128 0xf
 1136 00b3 0D       		.uleb128 0xd
 1137 00b4 00       		.byte	0
 1138 00b5 03       		.uleb128 0x3
 1139 00b6 0E       		.uleb128 0xe
 1140 00b7 3A       		.uleb128 0x3a
ARM GAS  /var/folders/vt/qg0v_q5n5k99pnp_yg24c7s80000gn/T//ccSclSth.s 			page 21


 1141 00b8 0B       		.uleb128 0xb
 1142 00b9 3B       		.uleb128 0x3b
 1143 00ba 0B       		.uleb128 0xb
 1144 00bb 49       		.uleb128 0x49
 1145 00bc 13       		.uleb128 0x13
 1146 00bd 00       		.byte	0
 1147 00be 00       		.byte	0
 1148 00bf 10       		.uleb128 0x10
 1149 00c0 26       		.uleb128 0x26
 1150 00c1 00       		.byte	0
 1151 00c2 49       		.uleb128 0x49
 1152 00c3 13       		.uleb128 0x13
 1153 00c4 00       		.byte	0
 1154 00c5 00       		.byte	0
 1155 00c6 11       		.uleb128 0x11
 1156 00c7 01       		.uleb128 0x1
 1157 00c8 01       		.byte	0x1
 1158 00c9 49       		.uleb128 0x49
 1159 00ca 13       		.uleb128 0x13
 1160 00cb 01       		.uleb128 0x1
 1161 00cc 13       		.uleb128 0x13
 1162 00cd 00       		.byte	0
 1163 00ce 00       		.byte	0
 1164 00cf 12       		.uleb128 0x12
 1165 00d0 21       		.uleb128 0x21
 1166 00d1 00       		.byte	0
 1167 00d2 49       		.uleb128 0x49
 1168 00d3 13       		.uleb128 0x13
 1169 00d4 2F       		.uleb128 0x2f
 1170 00d5 0B       		.uleb128 0xb
 1171 00d6 00       		.byte	0
 1172 00d7 00       		.byte	0
 1173 00d8 13       		.uleb128 0x13
 1174 00d9 2E       		.uleb128 0x2e
 1175 00da 01       		.byte	0x1
 1176 00db 3F       		.uleb128 0x3f
 1177 00dc 19       		.uleb128 0x19
 1178 00dd 03       		.uleb128 0x3
 1179 00de 0E       		.uleb128 0xe
 1180 00df 3A       		.uleb128 0x3a
 1181 00e0 0B       		.uleb128 0xb
 1182 00e1 3B       		.uleb128 0x3b
 1183 00e2 0B       		.uleb128 0xb
 1184 00e3 27       		.uleb128 0x27
 1185 00e4 19       		.uleb128 0x19
 1186 00e5 49       		.uleb128 0x49
 1187 00e6 13       		.uleb128 0x13
 1188 00e7 11       		.uleb128 0x11
 1189 00e8 01       		.uleb128 0x1
 1190 00e9 12       		.uleb128 0x12
 1191 00ea 06       		.uleb128 0x6
 1192 00eb 40       		.uleb128 0x40
 1193 00ec 18       		.uleb128 0x18
 1194 00ed 9742     		.uleb128 0x2117
 1195 00ef 19       		.uleb128 0x19
 1196 00f0 01       		.uleb128 0x1
 1197 00f1 13       		.uleb128 0x13
ARM GAS  /var/folders/vt/qg0v_q5n5k99pnp_yg24c7s80000gn/T//ccSclSth.s 			page 22


 1198 00f2 00       		.byte	0
 1199 00f3 00       		.byte	0
 1200 00f4 14       		.uleb128 0x14
 1201 00f5 34       		.uleb128 0x34
 1202 00f6 00       		.byte	0
 1203 00f7 03       		.uleb128 0x3
 1204 00f8 08       		.uleb128 0x8
 1205 00f9 3A       		.uleb128 0x3a
 1206 00fa 0B       		.uleb128 0xb
 1207 00fb 3B       		.uleb128 0x3b
 1208 00fc 0B       		.uleb128 0xb
 1209 00fd 49       		.uleb128 0x49
 1210 00fe 13       		.uleb128 0x13
 1211 00ff 02       		.uleb128 0x2
 1212 0100 18       		.uleb128 0x18
 1213 0101 00       		.byte	0
 1214 0102 00       		.byte	0
 1215 0103 15       		.uleb128 0x15
 1216 0104 0B       		.uleb128 0xb
 1217 0105 01       		.byte	0x1
 1218 0106 11       		.uleb128 0x11
 1219 0107 01       		.uleb128 0x1
 1220 0108 12       		.uleb128 0x12
 1221 0109 06       		.uleb128 0x6
 1222 010a 01       		.uleb128 0x1
 1223 010b 13       		.uleb128 0x13
 1224 010c 00       		.byte	0
 1225 010d 00       		.byte	0
 1226 010e 16       		.uleb128 0x16
 1227 010f 0B       		.uleb128 0xb
 1228 0110 01       		.byte	0x1
 1229 0111 55       		.uleb128 0x55
 1230 0112 17       		.uleb128 0x17
 1231 0113 00       		.byte	0
 1232 0114 00       		.byte	0
 1233 0115 17       		.uleb128 0x17
 1234 0116 05       		.uleb128 0x5
 1235 0117 00       		.byte	0
 1236 0118 03       		.uleb128 0x3
 1237 0119 08       		.uleb128 0x8
 1238 011a 3A       		.uleb128 0x3a
 1239 011b 0B       		.uleb128 0xb
 1240 011c 3B       		.uleb128 0x3b
 1241 011d 0B       		.uleb128 0xb
 1242 011e 49       		.uleb128 0x49
 1243 011f 13       		.uleb128 0x13
 1244 0120 02       		.uleb128 0x2
 1245 0121 17       		.uleb128 0x17
 1246 0122 00       		.byte	0
 1247 0123 00       		.byte	0
 1248 0124 18       		.uleb128 0x18
 1249 0125 34       		.uleb128 0x34
 1250 0126 00       		.byte	0
 1251 0127 03       		.uleb128 0x3
 1252 0128 08       		.uleb128 0x8
 1253 0129 3A       		.uleb128 0x3a
 1254 012a 0B       		.uleb128 0xb
ARM GAS  /var/folders/vt/qg0v_q5n5k99pnp_yg24c7s80000gn/T//ccSclSth.s 			page 23


 1255 012b 3B       		.uleb128 0x3b
 1256 012c 0B       		.uleb128 0xb
 1257 012d 49       		.uleb128 0x49
 1258 012e 13       		.uleb128 0x13
 1259 012f 02       		.uleb128 0x2
 1260 0130 17       		.uleb128 0x17
 1261 0131 00       		.byte	0
 1262 0132 00       		.byte	0
 1263 0133 19       		.uleb128 0x19
 1264 0134 898201   		.uleb128 0x4109
 1265 0137 01       		.byte	0x1
 1266 0138 11       		.uleb128 0x11
 1267 0139 01       		.uleb128 0x1
 1268 013a 31       		.uleb128 0x31
 1269 013b 13       		.uleb128 0x13
 1270 013c 00       		.byte	0
 1271 013d 00       		.byte	0
 1272 013e 1A       		.uleb128 0x1a
 1273 013f 8A8201   		.uleb128 0x410a
 1274 0142 00       		.byte	0
 1275 0143 02       		.uleb128 0x2
 1276 0144 18       		.uleb128 0x18
 1277 0145 9142     		.uleb128 0x2111
 1278 0147 18       		.uleb128 0x18
 1279 0148 00       		.byte	0
 1280 0149 00       		.byte	0
 1281 014a 1B       		.uleb128 0x1b
 1282 014b 34       		.uleb128 0x34
 1283 014c 00       		.byte	0
 1284 014d 03       		.uleb128 0x3
 1285 014e 0E       		.uleb128 0xe
 1286 014f 3A       		.uleb128 0x3a
 1287 0150 0B       		.uleb128 0xb
 1288 0151 3B       		.uleb128 0x3b
 1289 0152 0B       		.uleb128 0xb
 1290 0153 49       		.uleb128 0x49
 1291 0154 13       		.uleb128 0x13
 1292 0155 3F       		.uleb128 0x3f
 1293 0156 19       		.uleb128 0x19
 1294 0157 3C       		.uleb128 0x3c
 1295 0158 19       		.uleb128 0x19
 1296 0159 00       		.byte	0
 1297 015a 00       		.byte	0
 1298 015b 1C       		.uleb128 0x1c
 1299 015c 34       		.uleb128 0x34
 1300 015d 00       		.byte	0
 1301 015e 03       		.uleb128 0x3
 1302 015f 0E       		.uleb128 0xe
 1303 0160 3A       		.uleb128 0x3a
 1304 0161 0B       		.uleb128 0xb
 1305 0162 3B       		.uleb128 0x3b
 1306 0163 0B       		.uleb128 0xb
 1307 0164 49       		.uleb128 0x49
 1308 0165 13       		.uleb128 0x13
 1309 0166 3F       		.uleb128 0x3f
 1310 0167 19       		.uleb128 0x19
 1311 0168 02       		.uleb128 0x2
ARM GAS  /var/folders/vt/qg0v_q5n5k99pnp_yg24c7s80000gn/T//ccSclSth.s 			page 24


 1312 0169 18       		.uleb128 0x18
 1313 016a 00       		.byte	0
 1314 016b 00       		.byte	0
 1315 016c 1D       		.uleb128 0x1d
 1316 016d 2E       		.uleb128 0x2e
 1317 016e 00       		.byte	0
 1318 016f 3F       		.uleb128 0x3f
 1319 0170 19       		.uleb128 0x19
 1320 0171 3C       		.uleb128 0x3c
 1321 0172 19       		.uleb128 0x19
 1322 0173 6E       		.uleb128 0x6e
 1323 0174 0E       		.uleb128 0xe
 1324 0175 03       		.uleb128 0x3
 1325 0176 0E       		.uleb128 0xe
 1326 0177 3A       		.uleb128 0x3a
 1327 0178 0B       		.uleb128 0xb
 1328 0179 3B       		.uleb128 0x3b
 1329 017a 0B       		.uleb128 0xb
 1330 017b 00       		.byte	0
 1331 017c 00       		.byte	0
 1332 017d 00       		.byte	0
 1333              		.section	.debug_loc,"",%progbits
 1334              	.Ldebug_loc0:
 1335              	.LLST0:
 1336 0000 00000000 		.4byte	.LVL1
 1337 0004 21000000 		.4byte	.LVL4-1
 1338 0008 0100     		.2byte	0x1
 1339 000a 50       		.byte	0x50
 1340 000b 21000000 		.4byte	.LVL4-1
 1341 000f 2C000000 		.4byte	.LFE8
 1342 0013 0400     		.2byte	0x4
 1343 0015 F3       		.byte	0xf3
 1344 0016 01       		.uleb128 0x1
 1345 0017 50       		.byte	0x50
 1346 0018 9F       		.byte	0x9f
 1347 0019 00000000 		.4byte	0
 1348 001d 00000000 		.4byte	0
 1349              	.LLST1:
 1350 0021 0C000000 		.4byte	.LVL2
 1351 0025 26000000 		.4byte	.LVL5
 1352 0029 0100     		.2byte	0x1
 1353 002b 54       		.byte	0x54
 1354 002c 26000000 		.4byte	.LVL5
 1355 0030 2C000000 		.4byte	.LFE8
 1356 0034 0100     		.2byte	0x1
 1357 0036 50       		.byte	0x50
 1358 0037 00000000 		.4byte	0
 1359 003b 00000000 		.4byte	0
 1360              		.section	.debug_aranges,"",%progbits
 1361 0000 24000000 		.4byte	0x24
 1362 0004 0200     		.2byte	0x2
 1363 0006 00000000 		.4byte	.Ldebug_info0
 1364 000a 04       		.byte	0x4
 1365 000b 00       		.byte	0
 1366 000c 0000     		.2byte	0
 1367 000e 0000     		.2byte	0
 1368 0010 00000000 		.4byte	.LFB7
ARM GAS  /var/folders/vt/qg0v_q5n5k99pnp_yg24c7s80000gn/T//ccSclSth.s 			page 25


 1369 0014 1C000000 		.4byte	.LFE7-.LFB7
 1370 0018 00000000 		.4byte	.LFB8
 1371 001c 2C000000 		.4byte	.LFE8-.LFB8
 1372 0020 00000000 		.4byte	0
 1373 0024 00000000 		.4byte	0
 1374              		.section	.debug_ranges,"",%progbits
 1375              	.Ldebug_ranges0:
 1376 0000 08000000 		.4byte	.LBB3
 1377 0004 0A000000 		.4byte	.LBE3
 1378 0008 12000000 		.4byte	.LBB4
 1379 000c 16000000 		.4byte	.LBE4
 1380 0010 00000000 		.4byte	0
 1381 0014 00000000 		.4byte	0
 1382 0018 00000000 		.4byte	.LFB7
 1383 001c 1C000000 		.4byte	.LFE7
 1384 0020 00000000 		.4byte	.LFB8
 1385 0024 2C000000 		.4byte	.LFE8
 1386 0028 00000000 		.4byte	0
 1387 002c 00000000 		.4byte	0
 1388              		.section	.debug_line,"",%progbits
 1389              	.Ldebug_line0:
 1390 0000 28020000 		.section	.debug_str,"MS",%progbits,1
 1390      0200F101 
 1390      00000201 
 1390      FB0E0D00 
 1390      01010101 
 1391              	.LASF80:
 1392 0000 63665F6F 		.ascii	"cf_off_older\000"
 1392      66665F6F 
 1392      6C646572 
 1392      00
 1393              	.LASF43:
 1394 000d 705F6D73 		.ascii	"p_msg\000"
 1394      6700
 1395              	.LASF93:
 1396 0013 474E5520 		.ascii	"GNU C11 5.2.1 20151202 (release) [ARM/embedded-5-br"
 1396      43313120 
 1396      352E322E 
 1396      31203230 
 1396      31353132 
 1397 0046 616E6368 		.ascii	"anch revision 231848] -mcpu=cortex-m3 -mno-thumb-in"
 1397      20726576 
 1397      6973696F 
 1397      6E203233 
 1397      31383438 
 1398 0079 74657277 		.ascii	"terwork -mthumb -ggdb -O2 -fomit-frame-pointer -fal"
 1398      6F726B20 
 1398      2D6D7468 
 1398      756D6220 
 1398      2D676764 
 1399 00ac 69676E2D 		.ascii	"ign-functions=16 -ffunction-sections -fdata-section"
 1399      66756E63 
 1399      74696F6E 
 1399      733D3136 
 1399      202D6666 
 1400 00df 73202D66 		.ascii	"s -fno-common\000"
 1400      6E6F2D63 
ARM GAS  /var/folders/vt/qg0v_q5n5k99pnp_yg24c7s80000gn/T//ccSclSth.s 			page 26


 1400      6F6D6D6F 
 1400      6E00
 1401              	.LASF4:
 1402 00ed 73697A65 		.ascii	"size_t\000"
 1402      5F7400
 1403              	.LASF65:
 1404 00f4 7264796D 		.ascii	"rdymsg\000"
 1404      736700
 1405              	.LASF5:
 1406 00fb 5F5F7569 		.ascii	"__uint8_t\000"
 1406      6E74385F 
 1406      7400
 1407              	.LASF14:
 1408 0105 6C6F6E67 		.ascii	"long long unsigned int\000"
 1408      206C6F6E 
 1408      6720756E 
 1408      7369676E 
 1408      65642069 
 1409              	.LASF76:
 1410 011c 63685F74 		.ascii	"ch_threadsize\000"
 1410      68726561 
 1410      6473697A 
 1410      6500
 1411              	.LASF66:
 1412 012a 65786974 		.ascii	"exitcode\000"
 1412      636F6465 
 1412      00
 1413              	.LASF89:
 1414 0133 63685265 		.ascii	"chRegFirstThread\000"
 1414      67466972 
 1414      73745468 
 1414      72656164 
 1414      00
 1415              	.LASF31:
 1416 0144 705F7072 		.ascii	"p_prio\000"
 1416      696F00
 1417              	.LASF83:
 1418 014b 63665F6F 		.ascii	"cf_off_state\000"
 1418      66665F73 
 1418      74617465 
 1418      00
 1419              	.LASF1:
 1420 0158 6C6F6E67 		.ascii	"long long int\000"
 1420      206C6F6E 
 1420      6720696E 
 1420      7400
 1421              	.LASF3:
 1422 0166 7369676E 		.ascii	"signed char\000"
 1422      65642063 
 1422      68617200 
 1423              	.LASF82:
 1424 0172 63665F6F 		.ascii	"cf_off_stklimit\000"
 1424      66665F73 
 1424      746B6C69 
 1424      6D697400 
 1425              	.LASF84:
 1426 0182 63665F6F 		.ascii	"cf_off_flags\000"
ARM GAS  /var/folders/vt/qg0v_q5n5k99pnp_yg24c7s80000gn/T//ccSclSth.s 			page 27


 1426      66665F66 
 1426      6C616773 
 1426      00
 1427              	.LASF47:
 1428 018f 705F6D70 		.ascii	"p_mpool\000"
 1428      6F6F6C00 
 1429              	.LASF62:
 1430 0197 6D5F7175 		.ascii	"m_queue\000"
 1430      65756500 
 1431              	.LASF23:
 1432 019f 74736C69 		.ascii	"tslices_t\000"
 1432      6365735F 
 1432      7400
 1433              	.LASF11:
 1434 01a9 6C6F6E67 		.ascii	"long int\000"
 1434      20696E74 
 1434      00
 1435              	.LASF21:
 1436 01b2 74737461 		.ascii	"tstate_t\000"
 1436      74655F74 
 1436      00
 1437              	.LASF16:
 1438 01bb 75696E74 		.ascii	"uint16_t\000"
 1438      31365F74 
 1438      00
 1439              	.LASF88:
 1440 01c4 63686465 		.ascii	"chdebug_t\000"
 1440      6275675F 
 1440      7400
 1441              	.LASF33:
 1442 01ce 705F6E65 		.ascii	"p_newer\000"
 1442      77657200 
 1443              	.LASF12:
 1444 01d6 5F5F7569 		.ascii	"__uint32_t\000"
 1444      6E743332 
 1444      5F7400
 1445              	.LASF50:
 1446 01e1 72656761 		.ascii	"regarm_t\000"
 1446      726D5F74 
 1446      00
 1447              	.LASF0:
 1448 01ea 756E7369 		.ascii	"unsigned int\000"
 1448      676E6564 
 1448      20696E74 
 1448      00
 1449              	.LASF13:
 1450 01f7 6C6F6E67 		.ascii	"long unsigned int\000"
 1450      20756E73 
 1450      69676E65 
 1450      6420696E 
 1450      7400
 1451              	.LASF92:
 1452 0209 63685F64 		.ascii	"ch_debug\000"
 1452      65627567 
 1452      00
 1453              	.LASF95:
 1454 0212 2F557365 		.ascii	"/Users/gherlein/herlein/src/vex/Convex-Examples/Squ"
ARM GAS  /var/folders/vt/qg0v_q5n5k99pnp_yg24c7s80000gn/T//ccSclSth.s 			page 28


 1454      72732F67 
 1454      6865726C 
 1454      65696E2F 
 1454      6865726C 
 1455 0245 61726542 		.ascii	"areBot\000"
 1455      6F7400
 1456              	.LASF70:
 1457 024c 63685F69 		.ascii	"ch_identifier\000"
 1457      64656E74 
 1457      69666965 
 1457      7200
 1458              	.LASF52:
 1459 025a 636F6E74 		.ascii	"context\000"
 1459      65787400 
 1460              	.LASF9:
 1461 0262 73686F72 		.ascii	"short unsigned int\000"
 1461      7420756E 
 1461      7369676E 
 1461      65642069 
 1461      6E7400
 1462              	.LASF25:
 1463 0275 6D73675F 		.ascii	"msg_t\000"
 1463      7400
 1464              	.LASF57:
 1465 027b 725F6E65 		.ascii	"r_newer\000"
 1465      77657200 
 1466              	.LASF20:
 1467 0283 746D6F64 		.ascii	"tmode_t\000"
 1467      655F7400 
 1468              	.LASF49:
 1469 028b 54687265 		.ascii	"ThreadsList\000"
 1469      6164734C 
 1469      69737400 
 1470              	.LASF26:
 1471 0297 6576656E 		.ascii	"eventmask_t\000"
 1471      746D6173 
 1471      6B5F7400 
 1472              	.LASF61:
 1473 02a3 4D757465 		.ascii	"Mutex\000"
 1473      7800
 1474              	.LASF94:
 1475 02a9 2E2E2F2E 		.ascii	"../../ChibiOS/os/kernel/src/chregistry.c\000"
 1475      2E2F4368 
 1475      6962694F 
 1475      532F6F73 
 1475      2F6B6572 
 1476              	.LASF71:
 1477 02d2 63685F7A 		.ascii	"ch_zero\000"
 1477      65726F00 
 1478              	.LASF85:
 1479 02da 63665F6F 		.ascii	"cf_off_refs\000"
 1479      66665F72 
 1479      65667300 
 1480              	.LASF53:
 1481 02e6 73697A65 		.ascii	"sizetype\000"
 1481      74797065 
 1481      00
ARM GAS  /var/folders/vt/qg0v_q5n5k99pnp_yg24c7s80000gn/T//ccSclSth.s 			page 29


 1482              	.LASF2:
 1483 02ef 6C6F6E67 		.ascii	"long double\000"
 1483      20646F75 
 1483      626C6500 
 1484              	.LASF75:
 1485 02fb 63685F74 		.ascii	"ch_timesize\000"
 1485      696D6573 
 1485      697A6500 
 1486              	.LASF81:
 1487 0307 63665F6F 		.ascii	"cf_off_name\000"
 1487      66665F6E 
 1487      616D6500 
 1488              	.LASF34:
 1489 0313 705F6F6C 		.ascii	"p_older\000"
 1489      64657200 
 1490              	.LASF56:
 1491 031b 725F6374 		.ascii	"r_ctx\000"
 1491      7800
 1492              	.LASF48:
 1493 0321 54687265 		.ascii	"ThreadsQueue\000"
 1493      61647351 
 1493      75657565 
 1493      00
 1494              	.LASF72:
 1495 032e 63685F73 		.ascii	"ch_size\000"
 1495      697A6500 
 1496              	.LASF59:
 1497 0336 725F6375 		.ascii	"r_current\000"
 1497      7272656E 
 1497      7400
 1498              	.LASF58:
 1499 0340 725F6F6C 		.ascii	"r_older\000"
 1499      64657200 
 1500              	.LASF22:
 1501 0348 74726566 		.ascii	"trefs_t\000"
 1501      735F7400 
 1502              	.LASF74:
 1503 0350 63685F70 		.ascii	"ch_ptrsize\000"
 1503      74727369 
 1503      7A6500
 1504              	.LASF30:
 1505 035b 705F7072 		.ascii	"p_prev\000"
 1505      657600
 1506              	.LASF24:
 1507 0362 74707269 		.ascii	"tprio_t\000"
 1507      6F5F7400 
 1508              	.LASF19:
 1509 036a 5F426F6F 		.ascii	"_Bool\000"
 1509      6C00
 1510              	.LASF17:
 1511 0370 696E7433 		.ascii	"int32_t\000"
 1511      325F7400 
 1512              	.LASF6:
 1513 0378 756E7369 		.ascii	"unsigned char\000"
 1513      676E6564 
 1513      20636861 
 1513      7200
ARM GAS  /var/folders/vt/qg0v_q5n5k99pnp_yg24c7s80000gn/T//ccSclSth.s 			page 30


 1514              	.LASF45:
 1515 0386 705F6D74 		.ascii	"p_mtxlist\000"
 1515      786C6973 
 1515      7400
 1516              	.LASF7:
 1517 0390 73686F72 		.ascii	"short int\000"
 1517      7420696E 
 1517      7400
 1518              	.LASF36:
 1519 039a 705F7374 		.ascii	"p_state\000"
 1519      61746500 
 1520              	.LASF39:
 1521 03a2 705F7072 		.ascii	"p_preempt\000"
 1521      65656D70 
 1521      7400
 1522              	.LASF87:
 1523 03ac 63665F6F 		.ascii	"cf_off_time\000"
 1523      66665F74 
 1523      696D6500 
 1524              	.LASF55:
 1525 03b8 725F7072 		.ascii	"r_prio\000"
 1525      696F00
 1526              	.LASF68:
 1527 03bf 65776D61 		.ascii	"ewmask\000"
 1527      736B00
 1528              	.LASF29:
 1529 03c6 705F6E65 		.ascii	"p_next\000"
 1529      787400
 1530              	.LASF86:
 1531 03cd 63665F6F 		.ascii	"cf_off_preempt\000"
 1531      66665F70 
 1531      7265656D 
 1531      707400
 1532              	.LASF37:
 1533 03dc 705F666C 		.ascii	"p_flags\000"
 1533      61677300 
 1534              	.LASF96:
 1535 03e4 63685468 		.ascii	"chThdRelease\000"
 1535      6452656C 
 1535      65617365 
 1535      00
 1536              	.LASF28:
 1537 03f1 54687265 		.ascii	"Thread\000"
 1537      616400
 1538              	.LASF79:
 1539 03f8 63665F6F 		.ascii	"cf_off_newer\000"
 1539      66665F6E 
 1539      65776572 
 1539      00
 1540              	.LASF44:
 1541 0405 705F6570 		.ascii	"p_epending\000"
 1541      656E6469 
 1541      6E6700
 1542              	.LASF18:
 1543 0410 75696E74 		.ascii	"uint32_t\000"
 1543      33325F74 
 1543      00
ARM GAS  /var/folders/vt/qg0v_q5n5k99pnp_yg24c7s80000gn/T//ccSclSth.s 			page 31


 1544              	.LASF77:
 1545 0419 63665F6F 		.ascii	"cf_off_prio\000"
 1545      66665F70 
 1545      72696F00 
 1546              	.LASF54:
 1547 0425 725F7175 		.ascii	"r_queue\000"
 1547      65756500 
 1548              	.LASF69:
 1549 042d 63686172 		.ascii	"char\000"
 1549      00
 1550              	.LASF90:
 1551 0432 63685265 		.ascii	"chRegNextThread\000"
 1551      674E6578 
 1551      74546872 
 1551      65616400 
 1552              	.LASF8:
 1553 0442 5F5F7569 		.ascii	"__uint16_t\000"
 1553      6E743136 
 1553      5F7400
 1554              	.LASF64:
 1555 044d 6D5F6E65 		.ascii	"m_next\000"
 1555      787400
 1556              	.LASF27:
 1557 0454 73797374 		.ascii	"systime_t\000"
 1557      696D655F 
 1557      7400
 1558              	.LASF46:
 1559 045e 705F7265 		.ascii	"p_realprio\000"
 1559      616C7072 
 1559      696F00
 1560              	.LASF10:
 1561 0469 5F5F696E 		.ascii	"__int32_t\000"
 1561      7433325F 
 1561      7400
 1562              	.LASF40:
 1563 0473 705F7469 		.ascii	"p_time\000"
 1563      6D6500
 1564              	.LASF51:
 1565 047a 696E7463 		.ascii	"intctx\000"
 1565      747800
 1566              	.LASF42:
 1567 0481 705F6D73 		.ascii	"p_msgqueue\000"
 1567      67717565 
 1567      756500
 1568              	.LASF78:
 1569 048c 63665F6F 		.ascii	"cf_off_ctx\000"
 1569      66665F63 
 1569      747800
 1570              	.LASF38:
 1571 0497 705F7265 		.ascii	"p_refs\000"
 1571      667300
 1572              	.LASF60:
 1573 049e 52656164 		.ascii	"ReadyList\000"
 1573      794C6973 
 1573      7400
 1574              	.LASF91:
 1575 04a8 726C6973 		.ascii	"rlist\000"
ARM GAS  /var/folders/vt/qg0v_q5n5k99pnp_yg24c7s80000gn/T//ccSclSth.s 			page 32


 1575      7400
 1576              	.LASF15:
 1577 04ae 75696E74 		.ascii	"uint8_t\000"
 1577      385F7400 
 1578              	.LASF67:
 1579 04b6 77746F62 		.ascii	"wtobjp\000"
 1579      6A7000
 1580              	.LASF35:
 1581 04bd 705F6E61 		.ascii	"p_name\000"
 1581      6D6500
 1582              	.LASF73:
 1583 04c4 63685F76 		.ascii	"ch_version\000"
 1583      65727369 
 1583      6F6E00
 1584              	.LASF63:
 1585 04cf 6D5F6F77 		.ascii	"m_owner\000"
 1585      6E657200 
 1586              	.LASF32:
 1587 04d7 705F6374 		.ascii	"p_ctx\000"
 1587      7800
 1588              	.LASF41:
 1589 04dd 705F7761 		.ascii	"p_waiting\000"
 1589      6974696E 
 1589      6700
 1590              		.ident	"GCC: (GNU Tools for ARM Embedded Processors) 5.2.1 20151202 (release) [ARM/embedded-5-bran
ARM GAS  /var/folders/vt/qg0v_q5n5k99pnp_yg24c7s80000gn/T//ccSclSth.s 			page 33


DEFINED SYMBOLS
                            *ABS*:0000000000000000 chregistry.c
/var/folders/vt/qg0v_q5n5k99pnp_yg24c7s80000gn/T//ccSclSth.s:20     .text.chRegFirstThread:0000000000000000 $t
/var/folders/vt/qg0v_q5n5k99pnp_yg24c7s80000gn/T//ccSclSth.s:26     .text.chRegFirstThread:0000000000000000 chRegFirstThread
/var/folders/vt/qg0v_q5n5k99pnp_yg24c7s80000gn/T//ccSclSth.s:71     .text.chRegFirstThread:0000000000000018 $d
/var/folders/vt/qg0v_q5n5k99pnp_yg24c7s80000gn/T//ccSclSth.s:76     .text.chRegNextThread:0000000000000000 $t
/var/folders/vt/qg0v_q5n5k99pnp_yg24c7s80000gn/T//ccSclSth.s:82     .text.chRegNextThread:0000000000000000 chRegNextThread
/var/folders/vt/qg0v_q5n5k99pnp_yg24c7s80000gn/T//ccSclSth.s:139    .text.chRegNextThread:0000000000000028 $d
/var/folders/vt/qg0v_q5n5k99pnp_yg24c7s80000gn/T//ccSclSth.s:148    .rodata.ch_debug:0000000000000000 ch_debug
/var/folders/vt/qg0v_q5n5k99pnp_yg24c7s80000gn/T//ccSclSth.s:145    .rodata.ch_debug:0000000000000000 $d
                     .debug_frame:0000000000000010 $d

UNDEFINED SYMBOLS
rlist
chThdRelease
