ARM GAS  /var/folders/vt/qg0v_q5n5k99pnp_yg24c7s80000gn/T//cck7DGkw.s 			page 1


   1              		.syntax unified
   2              		.cpu cortex-m3
   3              		.fpu softvfp
   4              		.eabi_attribute 20, 1
   5              		.eabi_attribute 21, 1
   6              		.eabi_attribute 23, 3
   7              		.eabi_attribute 24, 1
   8              		.eabi_attribute 25, 1
   9              		.eabi_attribute 26, 1
  10              		.eabi_attribute 30, 2
  11              		.eabi_attribute 34, 1
  12              		.eabi_attribute 18, 4
  13              		.thumb
  14              		.syntax unified
  15              		.file	"pal.c"
  16              		.text
  17              	.Ltext0:
  18              		.cfi_sections	.debug_frame
  19              		.section	.text.palReadBus,"ax",%progbits
  20              		.align	2
  21              		.p2align 4,,15
  22              		.global	palReadBus
  23              		.thumb
  24              		.thumb_func
  25              		.type	palReadBus, %function
  26              	palReadBus:
  27              	.LFB63:
  28              		.file 1 "../../ChibiOS/os/hal/src/pal.c"
  29              		.loc 1 77 0
  30              		.cfi_startproc
  31              		@ args = 0, pretend = 0, frame = 0
  32              		@ frame_needed = 0, uses_anonymous_args = 0
  33              		@ link register save eliminated.
  34              	.LVL0:
  35              		.loc 1 82 0
  36 0000 0368     		ldr	r3, [r0]
  37 0002 8268     		ldr	r2, [r0, #8]
  38 0004 9B68     		ldr	r3, [r3, #8]
  39 0006 4068     		ldr	r0, [r0, #4]
  40              	.LVL1:
  41 0008 D340     		lsrs	r3, r3, r2
  42              		.loc 1 83 0
  43 000a 1840     		ands	r0, r0, r3
  44 000c 7047     		bx	lr
  45              		.cfi_endproc
  46              	.LFE63:
  47              		.size	palReadBus, .-palReadBus
  48 000e 00BF     		.section	.text.palWriteBus,"ax",%progbits
  49              		.align	2
  50              		.p2align 4,,15
  51              		.global	palWriteBus
  52              		.thumb
  53              		.thumb_func
  54              		.type	palWriteBus, %function
  55              	palWriteBus:
  56              	.LFB64:
  57              		.loc 1 103 0
ARM GAS  /var/folders/vt/qg0v_q5n5k99pnp_yg24c7s80000gn/T//cck7DGkw.s 			page 2


  58              		.cfi_startproc
  59              		@ args = 0, pretend = 0, frame = 0
  60              		@ frame_needed = 0, uses_anonymous_args = 0
  61              		@ link register save eliminated.
  62              	.LVL2:
  63              		.loc 1 108 0
  64 0000 4368     		ldr	r3, [r0, #4]
  65              		.loc 1 103 0
  66 0002 10B4     		push	{r4}
  67              		.cfi_def_cfa_offset 4
  68              		.cfi_offset 4, -4
  69              		.loc 1 108 0
  70 0004 8468     		ldr	r4, [r0, #8]
  71 0006 23EA0102 		bic	r2, r3, r1
  72 000a 1940     		ands	r1, r1, r3
  73              	.LVL3:
  74 000c 04F11003 		add	r3, r4, #16
  75 0010 A140     		lsls	r1, r1, r4
  76 0012 02FA03F3 		lsl	r3, r2, r3
  77 0016 0268     		ldr	r2, [r0]
  78 0018 0B43     		orrs	r3, r3, r1
  79 001a 1361     		str	r3, [r2, #16]
  80              		.loc 1 109 0
  81 001c 10BC     		pop	{r4}
  82              		.cfi_restore 4
  83              		.cfi_def_cfa_offset 0
  84 001e 7047     		bx	lr
  85              		.cfi_endproc
  86              	.LFE64:
  87              		.size	palWriteBus, .-palWriteBus
  88              		.section	.text.palSetBusMode,"ax",%progbits
  89              		.align	2
  90              		.p2align 4,,15
  91              		.global	palSetBusMode
  92              		.thumb
  93              		.thumb_func
  94              		.type	palSetBusMode, %function
  95              	palSetBusMode:
  96              	.LFB65:
  97              		.loc 1 127 0
  98              		.cfi_startproc
  99              		@ args = 0, pretend = 0, frame = 0
 100              		@ frame_needed = 0, uses_anonymous_args = 0
 101              		@ link register save eliminated.
 102              	.LVL4:
 103 0000 10B4     		push	{r4}
 104              		.cfi_def_cfa_offset 4
 105              		.cfi_offset 4, -4
 106              		.loc 1 132 0
 107 0002 8368     		ldr	r3, [r0, #8]
 108 0004 4468     		ldr	r4, [r0, #4]
 109 0006 0A46     		mov	r2, r1
 110 0008 0068     		ldr	r0, [r0]
 111              	.LVL5:
 112 000a 04FA03F1 		lsl	r1, r4, r3
 113              	.LVL6:
 114              		.loc 1 133 0
ARM GAS  /var/folders/vt/qg0v_q5n5k99pnp_yg24c7s80000gn/T//cck7DGkw.s 			page 3


 115 000e 10BC     		pop	{r4}
 116              		.cfi_restore 4
 117              		.cfi_def_cfa_offset 0
 118              		.loc 1 132 0
 119 0010 FFF7FEBF 		b	_pal_lld_setgroupmode
 120              	.LVL7:
 121              		.cfi_endproc
 122              	.LFE65:
 123              		.size	palSetBusMode, .-palSetBusMode
 124              		.text
 125              	.Letext0:
 126              		.file 2 "/usr/local/gcc-arm-none-eabi-5_2-2015q4/arm-none-eabi/include/machine/_default_types.h"
 127              		.file 3 "/usr/local/gcc-arm-none-eabi-5_2-2015q4/arm-none-eabi/include/sys/_stdint.h"
 128              		.file 4 "/usr/local/gcc-arm-none-eabi-5_2-2015q4/arm-none-eabi/include/stdint.h"
 129              		.file 5 "../../ChibiOS/os/hal/platforms/STM32F1xx/stm32f10x.h"
 130              		.file 6 "../../ChibiOS/os/hal/platforms/STM32/GPIOv1/pal_lld.h"
 131              		.file 7 "../../ChibiOS/os/hal/include/pal.h"
 132              		.file 8 "../../ChibiOS/os/ports/common/ARMCMx/CMSIS/include/core_cm3.h"
 133              		.section	.debug_info,"",%progbits
 134              	.Ldebug_info0:
 135 0000 53020000 		.4byte	0x253
 136 0004 0400     		.2byte	0x4
 137 0006 00000000 		.4byte	.Ldebug_abbrev0
 138 000a 04       		.byte	0x4
 139 000b 01       		.uleb128 0x1
 140 000c 00000000 		.4byte	.LASF32
 141 0010 0C       		.byte	0xc
 142 0011 C2010000 		.4byte	.LASF33
 143 0015 70010000 		.4byte	.LASF34
 144 0019 00000000 		.4byte	.Ldebug_ranges0+0
 145 001d 00000000 		.4byte	0
 146 0021 00000000 		.4byte	.Ldebug_line0
 147 0025 02       		.uleb128 0x2
 148 0026 04       		.byte	0x4
 149 0027 05       		.byte	0x5
 150 0028 696E7400 		.ascii	"int\000"
 151 002c 03       		.uleb128 0x3
 152 002d 04       		.byte	0x4
 153 002e 07       		.byte	0x7
 154 002f F7010000 		.4byte	.LASF0
 155 0033 03       		.uleb128 0x3
 156 0034 08       		.byte	0x8
 157 0035 05       		.byte	0x5
 158 0036 2C020000 		.4byte	.LASF1
 159 003a 03       		.uleb128 0x3
 160 003b 08       		.byte	0x8
 161 003c 04       		.byte	0x4
 162 003d 72020000 		.4byte	.LASF2
 163 0041 03       		.uleb128 0x3
 164 0042 01       		.byte	0x1
 165 0043 06       		.byte	0x6
 166 0044 7E020000 		.4byte	.LASF3
 167 0048 03       		.uleb128 0x3
 168 0049 01       		.byte	0x1
 169 004a 08       		.byte	0x8
 170 004b 3D010000 		.4byte	.LASF4
 171 004f 03       		.uleb128 0x3
ARM GAS  /var/folders/vt/qg0v_q5n5k99pnp_yg24c7s80000gn/T//cck7DGkw.s 			page 4


 172 0050 02       		.byte	0x2
 173 0051 05       		.byte	0x5
 174 0052 4B020000 		.4byte	.LASF5
 175 0056 03       		.uleb128 0x3
 176 0057 02       		.byte	0x2
 177 0058 07       		.byte	0x7
 178 0059 5D010000 		.4byte	.LASF6
 179 005d 04       		.uleb128 0x4
 180 005e EA000000 		.4byte	.LASF8
 181 0062 02       		.byte	0x2
 182 0063 3F       		.byte	0x3f
 183 0064 68000000 		.4byte	0x68
 184 0068 03       		.uleb128 0x3
 185 0069 04       		.byte	0x4
 186 006a 05       		.byte	0x5
 187 006b 69020000 		.4byte	.LASF7
 188 006f 04       		.uleb128 0x4
 189 0070 B7010000 		.4byte	.LASF9
 190 0074 02       		.byte	0x2
 191 0075 41       		.byte	0x41
 192 0076 7A000000 		.4byte	0x7a
 193 007a 03       		.uleb128 0x3
 194 007b 04       		.byte	0x4
 195 007c 07       		.byte	0x7
 196 007d 4B010000 		.4byte	.LASF10
 197 0081 03       		.uleb128 0x3
 198 0082 08       		.byte	0x8
 199 0083 07       		.byte	0x7
 200 0084 90020000 		.4byte	.LASF11
 201 0088 04       		.uleb128 0x4
 202 0089 1B020000 		.4byte	.LASF12
 203 008d 03       		.byte	0x3
 204 008e 1F       		.byte	0x1f
 205 008f 5D000000 		.4byte	0x5d
 206 0093 04       		.uleb128 0x4
 207 0094 60020000 		.4byte	.LASF13
 208 0098 03       		.byte	0x3
 209 0099 20       		.byte	0x20
 210 009a 6F000000 		.4byte	0x6f
 211 009e 04       		.uleb128 0x4
 212 009f F4000000 		.4byte	.LASF14
 213 00a3 04       		.byte	0x4
 214 00a4 34       		.byte	0x34
 215 00a5 2C000000 		.4byte	0x2c
 216 00a9 03       		.uleb128 0x3
 217 00aa 01       		.byte	0x1
 218 00ab 02       		.byte	0x2
 219 00ac 8A020000 		.4byte	.LASF15
 220 00b0 05       		.uleb128 0x5
 221 00b1 93000000 		.4byte	0x93
 222 00b5 03       		.uleb128 0x3
 223 00b6 04       		.byte	0x4
 224 00b7 07       		.byte	0x7
 225 00b8 23020000 		.4byte	.LASF16
 226 00bc 03       		.uleb128 0x3
 227 00bd 01       		.byte	0x1
 228 00be 08       		.byte	0x8
ARM GAS  /var/folders/vt/qg0v_q5n5k99pnp_yg24c7s80000gn/T//cck7DGkw.s 			page 5


 229 00bf 11020000 		.4byte	.LASF17
 230 00c3 05       		.uleb128 0x5
 231 00c4 88000000 		.4byte	0x88
 232 00c8 06       		.uleb128 0x6
 233 00c9 1C       		.byte	0x1c
 234 00ca 05       		.byte	0x5
 235 00cb F803     		.2byte	0x3f8
 236 00cd 2D010000 		.4byte	0x12d
 237 00d1 07       		.uleb128 0x7
 238 00d2 43524C00 		.ascii	"CRL\000"
 239 00d6 05       		.byte	0x5
 240 00d7 FA03     		.2byte	0x3fa
 241 00d9 B0000000 		.4byte	0xb0
 242 00dd 00       		.byte	0
 243 00de 07       		.uleb128 0x7
 244 00df 43524800 		.ascii	"CRH\000"
 245 00e3 05       		.byte	0x5
 246 00e4 FB03     		.2byte	0x3fb
 247 00e6 B0000000 		.4byte	0xb0
 248 00ea 04       		.byte	0x4
 249 00eb 07       		.uleb128 0x7
 250 00ec 49445200 		.ascii	"IDR\000"
 251 00f0 05       		.byte	0x5
 252 00f1 FC03     		.2byte	0x3fc
 253 00f3 B0000000 		.4byte	0xb0
 254 00f7 08       		.byte	0x8
 255 00f8 07       		.uleb128 0x7
 256 00f9 4F445200 		.ascii	"ODR\000"
 257 00fd 05       		.byte	0x5
 258 00fe FD03     		.2byte	0x3fd
 259 0100 B0000000 		.4byte	0xb0
 260 0104 0C       		.byte	0xc
 261 0105 08       		.uleb128 0x8
 262 0106 01010000 		.4byte	.LASF18
 263 010a 05       		.byte	0x5
 264 010b FE03     		.2byte	0x3fe
 265 010d B0000000 		.4byte	0xb0
 266 0111 10       		.byte	0x10
 267 0112 07       		.uleb128 0x7
 268 0113 42525200 		.ascii	"BRR\000"
 269 0117 05       		.byte	0x5
 270 0118 FF03     		.2byte	0x3ff
 271 011a B0000000 		.4byte	0xb0
 272 011e 14       		.byte	0x14
 273 011f 08       		.uleb128 0x8
 274 0120 DA000000 		.4byte	.LASF19
 275 0124 05       		.byte	0x5
 276 0125 0004     		.2byte	0x400
 277 0127 B0000000 		.4byte	0xb0
 278 012b 18       		.byte	0x18
 279 012c 00       		.byte	0
 280 012d 09       		.uleb128 0x9
 281 012e 04020000 		.4byte	.LASF20
 282 0132 05       		.byte	0x5
 283 0133 0104     		.2byte	0x401
 284 0135 C8000000 		.4byte	0xc8
 285 0139 04       		.uleb128 0x4
ARM GAS  /var/folders/vt/qg0v_q5n5k99pnp_yg24c7s80000gn/T//cck7DGkw.s 			page 6


 286 013a 27010000 		.4byte	.LASF21
 287 013e 06       		.byte	0x6
 288 013f 6D       		.byte	0x6d
 289 0140 93000000 		.4byte	0x93
 290 0144 04       		.uleb128 0x4
 291 0145 34010000 		.4byte	.LASF22
 292 0149 06       		.byte	0x6
 293 014a 72       		.byte	0x72
 294 014b 93000000 		.4byte	0x93
 295 014f 04       		.uleb128 0x4
 296 0150 55020000 		.4byte	.LASF23
 297 0154 06       		.byte	0x6
 298 0155 7A       		.byte	0x7a
 299 0156 5A010000 		.4byte	0x15a
 300 015a 0A       		.uleb128 0xa
 301 015b 04       		.byte	0x4
 302 015c 2D010000 		.4byte	0x12d
 303 0160 0B       		.uleb128 0xb
 304 0161 0C       		.byte	0xc
 305 0162 07       		.byte	0x7
 306 0163 85       		.byte	0x85
 307 0164 8D010000 		.4byte	0x18d
 308 0168 0C       		.uleb128 0xc
 309 0169 20010000 		.4byte	.LASF24
 310 016d 07       		.byte	0x7
 311 016e 89       		.byte	0x89
 312 016f 4F010000 		.4byte	0x14f
 313 0173 00       		.byte	0
 314 0174 0C       		.uleb128 0xc
 315 0175 3A020000 		.4byte	.LASF25
 316 0179 07       		.byte	0x7
 317 017a 8F       		.byte	0x8f
 318 017b 39010000 		.4byte	0x139
 319 017f 04       		.byte	0x4
 320 0180 0C       		.uleb128 0xc
 321 0181 44020000 		.4byte	.LASF26
 322 0185 07       		.byte	0x7
 323 0186 93       		.byte	0x93
 324 0187 9E000000 		.4byte	0x9e
 325 018b 08       		.byte	0x8
 326 018c 00       		.byte	0
 327 018d 04       		.uleb128 0x4
 328 018e A7020000 		.4byte	.LASF27
 329 0192 07       		.byte	0x7
 330 0193 94       		.byte	0x94
 331 0194 60010000 		.4byte	0x160
 332 0198 0D       		.uleb128 0xd
 333 0199 DF000000 		.4byte	.LASF35
 334 019d 01       		.byte	0x1
 335 019e 4D       		.byte	0x4d
 336 019f 39010000 		.4byte	0x139
 337 01a3 00000000 		.4byte	.LFB63
 338 01a7 0E000000 		.4byte	.LFE63-.LFB63
 339 01ab 01       		.uleb128 0x1
 340 01ac 9C       		.byte	0x9c
 341 01ad C1010000 		.4byte	0x1c1
 342 01b1 0E       		.uleb128 0xe
ARM GAS  /var/folders/vt/qg0v_q5n5k99pnp_yg24c7s80000gn/T//cck7DGkw.s 			page 7


 343 01b2 62757300 		.ascii	"bus\000"
 344 01b6 01       		.byte	0x1
 345 01b7 4D       		.byte	0x4d
 346 01b8 C1010000 		.4byte	0x1c1
 347 01bc 00000000 		.4byte	.LLST0
 348 01c0 00       		.byte	0
 349 01c1 0A       		.uleb128 0xa
 350 01c2 04       		.byte	0x4
 351 01c3 8D010000 		.4byte	0x18d
 352 01c7 0F       		.uleb128 0xf
 353 01c8 06010000 		.4byte	.LASF29
 354 01cc 01       		.byte	0x1
 355 01cd 67       		.byte	0x67
 356 01ce 00000000 		.4byte	.LFB64
 357 01d2 20000000 		.4byte	.LFE64-.LFB64
 358 01d6 01       		.uleb128 0x1
 359 01d7 9C       		.byte	0x9c
 360 01d8 F9010000 		.4byte	0x1f9
 361 01dc 10       		.uleb128 0x10
 362 01dd 62757300 		.ascii	"bus\000"
 363 01e1 01       		.byte	0x1
 364 01e2 67       		.byte	0x67
 365 01e3 C1010000 		.4byte	0x1c1
 366 01e7 01       		.uleb128 0x1
 367 01e8 50       		.byte	0x50
 368 01e9 11       		.uleb128 0x11
 369 01ea 3F020000 		.4byte	.LASF28
 370 01ee 01       		.byte	0x1
 371 01ef 67       		.byte	0x67
 372 01f0 39010000 		.4byte	0x139
 373 01f4 21000000 		.4byte	.LLST1
 374 01f8 00       		.byte	0
 375 01f9 0F       		.uleb128 0xf
 376 01fa 12010000 		.4byte	.LASF30
 377 01fe 01       		.byte	0x1
 378 01ff 7F       		.byte	0x7f
 379 0200 00000000 		.4byte	.LFB65
 380 0204 14000000 		.4byte	.LFE65-.LFB65
 381 0208 01       		.uleb128 0x1
 382 0209 9C       		.byte	0x9c
 383 020a 3E020000 		.4byte	0x23e
 384 020e 0E       		.uleb128 0xe
 385 020f 62757300 		.ascii	"bus\000"
 386 0213 01       		.byte	0x1
 387 0214 7F       		.byte	0x7f
 388 0215 C1010000 		.4byte	0x1c1
 389 0219 42000000 		.4byte	.LLST2
 390 021d 11       		.uleb128 0x11
 391 021e 16020000 		.4byte	.LASF31
 392 0222 01       		.byte	0x1
 393 0223 7F       		.byte	0x7f
 394 0224 44010000 		.4byte	0x144
 395 0228 63000000 		.4byte	.LLST3
 396 022c 12       		.uleb128 0x12
 397 022d 14000000 		.4byte	.LVL7
 398 0231 4A020000 		.4byte	0x24a
 399 0235 13       		.uleb128 0x13
ARM GAS  /var/folders/vt/qg0v_q5n5k99pnp_yg24c7s80000gn/T//cck7DGkw.s 			page 8


 400 0236 01       		.uleb128 0x1
 401 0237 52       		.byte	0x52
 402 0238 03       		.uleb128 0x3
 403 0239 F3       		.byte	0xf3
 404 023a 01       		.uleb128 0x1
 405 023b 51       		.byte	0x51
 406 023c 00       		.byte	0
 407 023d 00       		.byte	0
 408 023e 14       		.uleb128 0x14
 409 023f AA010000 		.4byte	.LASF36
 410 0243 08       		.byte	0x8
 411 0244 0706     		.2byte	0x607
 412 0246 C3000000 		.4byte	0xc3
 413 024a 15       		.uleb128 0x15
 414 024b E1010000 		.4byte	.LASF37
 415 024f E1010000 		.4byte	.LASF37
 416 0253 06       		.byte	0x6
 417 0254 4301     		.2byte	0x143
 418 0256 00       		.byte	0
 419              		.section	.debug_abbrev,"",%progbits
 420              	.Ldebug_abbrev0:
 421 0000 01       		.uleb128 0x1
 422 0001 11       		.uleb128 0x11
 423 0002 01       		.byte	0x1
 424 0003 25       		.uleb128 0x25
 425 0004 0E       		.uleb128 0xe
 426 0005 13       		.uleb128 0x13
 427 0006 0B       		.uleb128 0xb
 428 0007 03       		.uleb128 0x3
 429 0008 0E       		.uleb128 0xe
 430 0009 1B       		.uleb128 0x1b
 431 000a 0E       		.uleb128 0xe
 432 000b 55       		.uleb128 0x55
 433 000c 17       		.uleb128 0x17
 434 000d 11       		.uleb128 0x11
 435 000e 01       		.uleb128 0x1
 436 000f 10       		.uleb128 0x10
 437 0010 17       		.uleb128 0x17
 438 0011 00       		.byte	0
 439 0012 00       		.byte	0
 440 0013 02       		.uleb128 0x2
 441 0014 24       		.uleb128 0x24
 442 0015 00       		.byte	0
 443 0016 0B       		.uleb128 0xb
 444 0017 0B       		.uleb128 0xb
 445 0018 3E       		.uleb128 0x3e
 446 0019 0B       		.uleb128 0xb
 447 001a 03       		.uleb128 0x3
 448 001b 08       		.uleb128 0x8
 449 001c 00       		.byte	0
 450 001d 00       		.byte	0
 451 001e 03       		.uleb128 0x3
 452 001f 24       		.uleb128 0x24
 453 0020 00       		.byte	0
 454 0021 0B       		.uleb128 0xb
 455 0022 0B       		.uleb128 0xb
 456 0023 3E       		.uleb128 0x3e
ARM GAS  /var/folders/vt/qg0v_q5n5k99pnp_yg24c7s80000gn/T//cck7DGkw.s 			page 9


 457 0024 0B       		.uleb128 0xb
 458 0025 03       		.uleb128 0x3
 459 0026 0E       		.uleb128 0xe
 460 0027 00       		.byte	0
 461 0028 00       		.byte	0
 462 0029 04       		.uleb128 0x4
 463 002a 16       		.uleb128 0x16
 464 002b 00       		.byte	0
 465 002c 03       		.uleb128 0x3
 466 002d 0E       		.uleb128 0xe
 467 002e 3A       		.uleb128 0x3a
 468 002f 0B       		.uleb128 0xb
 469 0030 3B       		.uleb128 0x3b
 470 0031 0B       		.uleb128 0xb
 471 0032 49       		.uleb128 0x49
 472 0033 13       		.uleb128 0x13
 473 0034 00       		.byte	0
 474 0035 00       		.byte	0
 475 0036 05       		.uleb128 0x5
 476 0037 35       		.uleb128 0x35
 477 0038 00       		.byte	0
 478 0039 49       		.uleb128 0x49
 479 003a 13       		.uleb128 0x13
 480 003b 00       		.byte	0
 481 003c 00       		.byte	0
 482 003d 06       		.uleb128 0x6
 483 003e 13       		.uleb128 0x13
 484 003f 01       		.byte	0x1
 485 0040 0B       		.uleb128 0xb
 486 0041 0B       		.uleb128 0xb
 487 0042 3A       		.uleb128 0x3a
 488 0043 0B       		.uleb128 0xb
 489 0044 3B       		.uleb128 0x3b
 490 0045 05       		.uleb128 0x5
 491 0046 01       		.uleb128 0x1
 492 0047 13       		.uleb128 0x13
 493 0048 00       		.byte	0
 494 0049 00       		.byte	0
 495 004a 07       		.uleb128 0x7
 496 004b 0D       		.uleb128 0xd
 497 004c 00       		.byte	0
 498 004d 03       		.uleb128 0x3
 499 004e 08       		.uleb128 0x8
 500 004f 3A       		.uleb128 0x3a
 501 0050 0B       		.uleb128 0xb
 502 0051 3B       		.uleb128 0x3b
 503 0052 05       		.uleb128 0x5
 504 0053 49       		.uleb128 0x49
 505 0054 13       		.uleb128 0x13
 506 0055 38       		.uleb128 0x38
 507 0056 0B       		.uleb128 0xb
 508 0057 00       		.byte	0
 509 0058 00       		.byte	0
 510 0059 08       		.uleb128 0x8
 511 005a 0D       		.uleb128 0xd
 512 005b 00       		.byte	0
 513 005c 03       		.uleb128 0x3
ARM GAS  /var/folders/vt/qg0v_q5n5k99pnp_yg24c7s80000gn/T//cck7DGkw.s 			page 10


 514 005d 0E       		.uleb128 0xe
 515 005e 3A       		.uleb128 0x3a
 516 005f 0B       		.uleb128 0xb
 517 0060 3B       		.uleb128 0x3b
 518 0061 05       		.uleb128 0x5
 519 0062 49       		.uleb128 0x49
 520 0063 13       		.uleb128 0x13
 521 0064 38       		.uleb128 0x38
 522 0065 0B       		.uleb128 0xb
 523 0066 00       		.byte	0
 524 0067 00       		.byte	0
 525 0068 09       		.uleb128 0x9
 526 0069 16       		.uleb128 0x16
 527 006a 00       		.byte	0
 528 006b 03       		.uleb128 0x3
 529 006c 0E       		.uleb128 0xe
 530 006d 3A       		.uleb128 0x3a
 531 006e 0B       		.uleb128 0xb
 532 006f 3B       		.uleb128 0x3b
 533 0070 05       		.uleb128 0x5
 534 0071 49       		.uleb128 0x49
 535 0072 13       		.uleb128 0x13
 536 0073 00       		.byte	0
 537 0074 00       		.byte	0
 538 0075 0A       		.uleb128 0xa
 539 0076 0F       		.uleb128 0xf
 540 0077 00       		.byte	0
 541 0078 0B       		.uleb128 0xb
 542 0079 0B       		.uleb128 0xb
 543 007a 49       		.uleb128 0x49
 544 007b 13       		.uleb128 0x13
 545 007c 00       		.byte	0
 546 007d 00       		.byte	0
 547 007e 0B       		.uleb128 0xb
 548 007f 13       		.uleb128 0x13
 549 0080 01       		.byte	0x1
 550 0081 0B       		.uleb128 0xb
 551 0082 0B       		.uleb128 0xb
 552 0083 3A       		.uleb128 0x3a
 553 0084 0B       		.uleb128 0xb
 554 0085 3B       		.uleb128 0x3b
 555 0086 0B       		.uleb128 0xb
 556 0087 01       		.uleb128 0x1
 557 0088 13       		.uleb128 0x13
 558 0089 00       		.byte	0
 559 008a 00       		.byte	0
 560 008b 0C       		.uleb128 0xc
 561 008c 0D       		.uleb128 0xd
 562 008d 00       		.byte	0
 563 008e 03       		.uleb128 0x3
 564 008f 0E       		.uleb128 0xe
 565 0090 3A       		.uleb128 0x3a
 566 0091 0B       		.uleb128 0xb
 567 0092 3B       		.uleb128 0x3b
 568 0093 0B       		.uleb128 0xb
 569 0094 49       		.uleb128 0x49
 570 0095 13       		.uleb128 0x13
ARM GAS  /var/folders/vt/qg0v_q5n5k99pnp_yg24c7s80000gn/T//cck7DGkw.s 			page 11


 571 0096 38       		.uleb128 0x38
 572 0097 0B       		.uleb128 0xb
 573 0098 00       		.byte	0
 574 0099 00       		.byte	0
 575 009a 0D       		.uleb128 0xd
 576 009b 2E       		.uleb128 0x2e
 577 009c 01       		.byte	0x1
 578 009d 3F       		.uleb128 0x3f
 579 009e 19       		.uleb128 0x19
 580 009f 03       		.uleb128 0x3
 581 00a0 0E       		.uleb128 0xe
 582 00a1 3A       		.uleb128 0x3a
 583 00a2 0B       		.uleb128 0xb
 584 00a3 3B       		.uleb128 0x3b
 585 00a4 0B       		.uleb128 0xb
 586 00a5 27       		.uleb128 0x27
 587 00a6 19       		.uleb128 0x19
 588 00a7 49       		.uleb128 0x49
 589 00a8 13       		.uleb128 0x13
 590 00a9 11       		.uleb128 0x11
 591 00aa 01       		.uleb128 0x1
 592 00ab 12       		.uleb128 0x12
 593 00ac 06       		.uleb128 0x6
 594 00ad 40       		.uleb128 0x40
 595 00ae 18       		.uleb128 0x18
 596 00af 9742     		.uleb128 0x2117
 597 00b1 19       		.uleb128 0x19
 598 00b2 01       		.uleb128 0x1
 599 00b3 13       		.uleb128 0x13
 600 00b4 00       		.byte	0
 601 00b5 00       		.byte	0
 602 00b6 0E       		.uleb128 0xe
 603 00b7 05       		.uleb128 0x5
 604 00b8 00       		.byte	0
 605 00b9 03       		.uleb128 0x3
 606 00ba 08       		.uleb128 0x8
 607 00bb 3A       		.uleb128 0x3a
 608 00bc 0B       		.uleb128 0xb
 609 00bd 3B       		.uleb128 0x3b
 610 00be 0B       		.uleb128 0xb
 611 00bf 49       		.uleb128 0x49
 612 00c0 13       		.uleb128 0x13
 613 00c1 02       		.uleb128 0x2
 614 00c2 17       		.uleb128 0x17
 615 00c3 00       		.byte	0
 616 00c4 00       		.byte	0
 617 00c5 0F       		.uleb128 0xf
 618 00c6 2E       		.uleb128 0x2e
 619 00c7 01       		.byte	0x1
 620 00c8 3F       		.uleb128 0x3f
 621 00c9 19       		.uleb128 0x19
 622 00ca 03       		.uleb128 0x3
 623 00cb 0E       		.uleb128 0xe
 624 00cc 3A       		.uleb128 0x3a
 625 00cd 0B       		.uleb128 0xb
 626 00ce 3B       		.uleb128 0x3b
 627 00cf 0B       		.uleb128 0xb
ARM GAS  /var/folders/vt/qg0v_q5n5k99pnp_yg24c7s80000gn/T//cck7DGkw.s 			page 12


 628 00d0 27       		.uleb128 0x27
 629 00d1 19       		.uleb128 0x19
 630 00d2 11       		.uleb128 0x11
 631 00d3 01       		.uleb128 0x1
 632 00d4 12       		.uleb128 0x12
 633 00d5 06       		.uleb128 0x6
 634 00d6 40       		.uleb128 0x40
 635 00d7 18       		.uleb128 0x18
 636 00d8 9742     		.uleb128 0x2117
 637 00da 19       		.uleb128 0x19
 638 00db 01       		.uleb128 0x1
 639 00dc 13       		.uleb128 0x13
 640 00dd 00       		.byte	0
 641 00de 00       		.byte	0
 642 00df 10       		.uleb128 0x10
 643 00e0 05       		.uleb128 0x5
 644 00e1 00       		.byte	0
 645 00e2 03       		.uleb128 0x3
 646 00e3 08       		.uleb128 0x8
 647 00e4 3A       		.uleb128 0x3a
 648 00e5 0B       		.uleb128 0xb
 649 00e6 3B       		.uleb128 0x3b
 650 00e7 0B       		.uleb128 0xb
 651 00e8 49       		.uleb128 0x49
 652 00e9 13       		.uleb128 0x13
 653 00ea 02       		.uleb128 0x2
 654 00eb 18       		.uleb128 0x18
 655 00ec 00       		.byte	0
 656 00ed 00       		.byte	0
 657 00ee 11       		.uleb128 0x11
 658 00ef 05       		.uleb128 0x5
 659 00f0 00       		.byte	0
 660 00f1 03       		.uleb128 0x3
 661 00f2 0E       		.uleb128 0xe
 662 00f3 3A       		.uleb128 0x3a
 663 00f4 0B       		.uleb128 0xb
 664 00f5 3B       		.uleb128 0x3b
 665 00f6 0B       		.uleb128 0xb
 666 00f7 49       		.uleb128 0x49
 667 00f8 13       		.uleb128 0x13
 668 00f9 02       		.uleb128 0x2
 669 00fa 17       		.uleb128 0x17
 670 00fb 00       		.byte	0
 671 00fc 00       		.byte	0
 672 00fd 12       		.uleb128 0x12
 673 00fe 898201   		.uleb128 0x4109
 674 0101 01       		.byte	0x1
 675 0102 11       		.uleb128 0x11
 676 0103 01       		.uleb128 0x1
 677 0104 9542     		.uleb128 0x2115
 678 0106 19       		.uleb128 0x19
 679 0107 31       		.uleb128 0x31
 680 0108 13       		.uleb128 0x13
 681 0109 00       		.byte	0
 682 010a 00       		.byte	0
 683 010b 13       		.uleb128 0x13
 684 010c 8A8201   		.uleb128 0x410a
ARM GAS  /var/folders/vt/qg0v_q5n5k99pnp_yg24c7s80000gn/T//cck7DGkw.s 			page 13


 685 010f 00       		.byte	0
 686 0110 02       		.uleb128 0x2
 687 0111 18       		.uleb128 0x18
 688 0112 9142     		.uleb128 0x2111
 689 0114 18       		.uleb128 0x18
 690 0115 00       		.byte	0
 691 0116 00       		.byte	0
 692 0117 14       		.uleb128 0x14
 693 0118 34       		.uleb128 0x34
 694 0119 00       		.byte	0
 695 011a 03       		.uleb128 0x3
 696 011b 0E       		.uleb128 0xe
 697 011c 3A       		.uleb128 0x3a
 698 011d 0B       		.uleb128 0xb
 699 011e 3B       		.uleb128 0x3b
 700 011f 05       		.uleb128 0x5
 701 0120 49       		.uleb128 0x49
 702 0121 13       		.uleb128 0x13
 703 0122 3F       		.uleb128 0x3f
 704 0123 19       		.uleb128 0x19
 705 0124 3C       		.uleb128 0x3c
 706 0125 19       		.uleb128 0x19
 707 0126 00       		.byte	0
 708 0127 00       		.byte	0
 709 0128 15       		.uleb128 0x15
 710 0129 2E       		.uleb128 0x2e
 711 012a 00       		.byte	0
 712 012b 3F       		.uleb128 0x3f
 713 012c 19       		.uleb128 0x19
 714 012d 3C       		.uleb128 0x3c
 715 012e 19       		.uleb128 0x19
 716 012f 6E       		.uleb128 0x6e
 717 0130 0E       		.uleb128 0xe
 718 0131 03       		.uleb128 0x3
 719 0132 0E       		.uleb128 0xe
 720 0133 3A       		.uleb128 0x3a
 721 0134 0B       		.uleb128 0xb
 722 0135 3B       		.uleb128 0x3b
 723 0136 05       		.uleb128 0x5
 724 0137 00       		.byte	0
 725 0138 00       		.byte	0
 726 0139 00       		.byte	0
 727              		.section	.debug_loc,"",%progbits
 728              	.Ldebug_loc0:
 729              	.LLST0:
 730 0000 00000000 		.4byte	.LVL0
 731 0004 08000000 		.4byte	.LVL1
 732 0008 0100     		.2byte	0x1
 733 000a 50       		.byte	0x50
 734 000b 08000000 		.4byte	.LVL1
 735 000f 0E000000 		.4byte	.LFE63
 736 0013 0400     		.2byte	0x4
 737 0015 F3       		.byte	0xf3
 738 0016 01       		.uleb128 0x1
 739 0017 50       		.byte	0x50
 740 0018 9F       		.byte	0x9f
 741 0019 00000000 		.4byte	0
ARM GAS  /var/folders/vt/qg0v_q5n5k99pnp_yg24c7s80000gn/T//cck7DGkw.s 			page 14


 742 001d 00000000 		.4byte	0
 743              	.LLST1:
 744 0021 00000000 		.4byte	.LVL2
 745 0025 0C000000 		.4byte	.LVL3
 746 0029 0100     		.2byte	0x1
 747 002b 51       		.byte	0x51
 748 002c 0C000000 		.4byte	.LVL3
 749 0030 20000000 		.4byte	.LFE64
 750 0034 0400     		.2byte	0x4
 751 0036 F3       		.byte	0xf3
 752 0037 01       		.uleb128 0x1
 753 0038 51       		.byte	0x51
 754 0039 9F       		.byte	0x9f
 755 003a 00000000 		.4byte	0
 756 003e 00000000 		.4byte	0
 757              	.LLST2:
 758 0042 00000000 		.4byte	.LVL4
 759 0046 0A000000 		.4byte	.LVL5
 760 004a 0100     		.2byte	0x1
 761 004c 50       		.byte	0x50
 762 004d 0A000000 		.4byte	.LVL5
 763 0051 14000000 		.4byte	.LFE65
 764 0055 0400     		.2byte	0x4
 765 0057 F3       		.byte	0xf3
 766 0058 01       		.uleb128 0x1
 767 0059 50       		.byte	0x50
 768 005a 9F       		.byte	0x9f
 769 005b 00000000 		.4byte	0
 770 005f 00000000 		.4byte	0
 771              	.LLST3:
 772 0063 00000000 		.4byte	.LVL4
 773 0067 0E000000 		.4byte	.LVL6
 774 006b 0100     		.2byte	0x1
 775 006d 51       		.byte	0x51
 776 006e 0E000000 		.4byte	.LVL6
 777 0072 13000000 		.4byte	.LVL7-1
 778 0076 0100     		.2byte	0x1
 779 0078 52       		.byte	0x52
 780 0079 13000000 		.4byte	.LVL7-1
 781 007d 14000000 		.4byte	.LFE65
 782 0081 0400     		.2byte	0x4
 783 0083 F3       		.byte	0xf3
 784 0084 01       		.uleb128 0x1
 785 0085 51       		.byte	0x51
 786 0086 9F       		.byte	0x9f
 787 0087 00000000 		.4byte	0
 788 008b 00000000 		.4byte	0
 789              		.section	.debug_aranges,"",%progbits
 790 0000 2C000000 		.4byte	0x2c
 791 0004 0200     		.2byte	0x2
 792 0006 00000000 		.4byte	.Ldebug_info0
 793 000a 04       		.byte	0x4
 794 000b 00       		.byte	0
 795 000c 0000     		.2byte	0
 796 000e 0000     		.2byte	0
 797 0010 00000000 		.4byte	.LFB63
 798 0014 0E000000 		.4byte	.LFE63-.LFB63
ARM GAS  /var/folders/vt/qg0v_q5n5k99pnp_yg24c7s80000gn/T//cck7DGkw.s 			page 15


 799 0018 00000000 		.4byte	.LFB64
 800 001c 20000000 		.4byte	.LFE64-.LFB64
 801 0020 00000000 		.4byte	.LFB65
 802 0024 14000000 		.4byte	.LFE65-.LFB65
 803 0028 00000000 		.4byte	0
 804 002c 00000000 		.4byte	0
 805              		.section	.debug_ranges,"",%progbits
 806              	.Ldebug_ranges0:
 807 0000 00000000 		.4byte	.LFB63
 808 0004 0E000000 		.4byte	.LFE63
 809 0008 00000000 		.4byte	.LFB64
 810 000c 20000000 		.4byte	.LFE64
 811 0010 00000000 		.4byte	.LFB65
 812 0014 14000000 		.4byte	.LFE65
 813 0018 00000000 		.4byte	0
 814 001c 00000000 		.4byte	0
 815              		.section	.debug_line,"",%progbits
 816              	.Ldebug_line0:
 817 0000 3F020000 		.section	.debug_str,"MS",%progbits,1
 817      02000002 
 817      00000201 
 817      FB0E0D00 
 817      01010101 
 818              	.LASF32:
 819 0000 474E5520 		.ascii	"GNU C11 5.2.1 20151202 (release) [ARM/embedded-5-br"
 819      43313120 
 819      352E322E 
 819      31203230 
 819      31353132 
 820 0033 616E6368 		.ascii	"anch revision 231848] -mcpu=cortex-m3 -mno-thumb-in"
 820      20726576 
 820      6973696F 
 820      6E203233 
 820      31383438 
 821 0066 74657277 		.ascii	"terwork -mthumb -ggdb -O2 -fomit-frame-pointer -fal"
 821      6F726B20 
 821      2D6D7468 
 821      756D6220 
 821      2D676764 
 822 0099 69676E2D 		.ascii	"ign-functions=16 -ffunction-sections -fdata-section"
 822      66756E63 
 822      74696F6E 
 822      733D3136 
 822      202D6666 
 823 00cc 73202D66 		.ascii	"s -fno-common\000"
 823      6E6F2D63 
 823      6F6D6D6F 
 823      6E00
 824              	.LASF19:
 825 00da 4C434B52 		.ascii	"LCKR\000"
 825      00
 826              	.LASF35:
 827 00df 70616C52 		.ascii	"palReadBus\000"
 827      65616442 
 827      757300
 828              	.LASF8:
 829 00ea 5F5F696E 		.ascii	"__int32_t\000"
ARM GAS  /var/folders/vt/qg0v_q5n5k99pnp_yg24c7s80000gn/T//cck7DGkw.s 			page 16


 829      7433325F 
 829      7400
 830              	.LASF14:
 831 00f4 75696E74 		.ascii	"uint_fast8_t\000"
 831      5F666173 
 831      74385F74 
 831      00
 832              	.LASF18:
 833 0101 42535252 		.ascii	"BSRR\000"
 833      00
 834              	.LASF29:
 835 0106 70616C57 		.ascii	"palWriteBus\000"
 835      72697465 
 835      42757300 
 836              	.LASF30:
 837 0112 70616C53 		.ascii	"palSetBusMode\000"
 837      65744275 
 837      734D6F64 
 837      6500
 838              	.LASF24:
 839 0120 706F7274 		.ascii	"portid\000"
 839      696400
 840              	.LASF21:
 841 0127 696F706F 		.ascii	"ioportmask_t\000"
 841      72746D61 
 841      736B5F74 
 841      00
 842              	.LASF22:
 843 0134 696F6D6F 		.ascii	"iomode_t\000"
 843      64655F74 
 843      00
 844              	.LASF4:
 845 013d 756E7369 		.ascii	"unsigned char\000"
 845      676E6564 
 845      20636861 
 845      7200
 846              	.LASF10:
 847 014b 6C6F6E67 		.ascii	"long unsigned int\000"
 847      20756E73 
 847      69676E65 
 847      6420696E 
 847      7400
 848              	.LASF6:
 849 015d 73686F72 		.ascii	"short unsigned int\000"
 849      7420756E 
 849      7369676E 
 849      65642069 
 849      6E7400
 850              	.LASF34:
 851 0170 2F557365 		.ascii	"/Users/gherlein/herlein/src/vex/Convex-Examples/Squ"
 851      72732F67 
 851      6865726C 
 851      65696E2F 
 851      6865726C 
 852 01a3 61726542 		.ascii	"areBot\000"
 852      6F7400
 853              	.LASF36:
ARM GAS  /var/folders/vt/qg0v_q5n5k99pnp_yg24c7s80000gn/T//cck7DGkw.s 			page 17


 854 01aa 49544D5F 		.ascii	"ITM_RxBuffer\000"
 854      52784275 
 854      66666572 
 854      00
 855              	.LASF9:
 856 01b7 5F5F7569 		.ascii	"__uint32_t\000"
 856      6E743332 
 856      5F7400
 857              	.LASF33:
 858 01c2 2E2E2F2E 		.ascii	"../../ChibiOS/os/hal/src/pal.c\000"
 858      2E2F4368 
 858      6962694F 
 858      532F6F73 
 858      2F68616C 
 859              	.LASF37:
 860 01e1 5F70616C 		.ascii	"_pal_lld_setgroupmode\000"
 860      5F6C6C64 
 860      5F736574 
 860      67726F75 
 860      706D6F64 
 861              	.LASF0:
 862 01f7 756E7369 		.ascii	"unsigned int\000"
 862      676E6564 
 862      20696E74 
 862      00
 863              	.LASF20:
 864 0204 4750494F 		.ascii	"GPIO_TypeDef\000"
 864      5F547970 
 864      65446566 
 864      00
 865              	.LASF17:
 866 0211 63686172 		.ascii	"char\000"
 866      00
 867              	.LASF31:
 868 0216 6D6F6465 		.ascii	"mode\000"
 868      00
 869              	.LASF12:
 870 021b 696E7433 		.ascii	"int32_t\000"
 870      325F7400 
 871              	.LASF16:
 872 0223 73697A65 		.ascii	"sizetype\000"
 872      74797065 
 872      00
 873              	.LASF1:
 874 022c 6C6F6E67 		.ascii	"long long int\000"
 874      206C6F6E 
 874      6720696E 
 874      7400
 875              	.LASF25:
 876 023a 6D61736B 		.ascii	"mask\000"
 876      00
 877              	.LASF28:
 878 023f 62697473 		.ascii	"bits\000"
 878      00
 879              	.LASF26:
 880 0244 6F666673 		.ascii	"offset\000"
 880      657400
ARM GAS  /var/folders/vt/qg0v_q5n5k99pnp_yg24c7s80000gn/T//cck7DGkw.s 			page 18


 881              	.LASF5:
 882 024b 73686F72 		.ascii	"short int\000"
 882      7420696E 
 882      7400
 883              	.LASF23:
 884 0255 696F706F 		.ascii	"ioportid_t\000"
 884      72746964 
 884      5F7400
 885              	.LASF13:
 886 0260 75696E74 		.ascii	"uint32_t\000"
 886      33325F74 
 886      00
 887              	.LASF7:
 888 0269 6C6F6E67 		.ascii	"long int\000"
 888      20696E74 
 888      00
 889              	.LASF2:
 890 0272 6C6F6E67 		.ascii	"long double\000"
 890      20646F75 
 890      626C6500 
 891              	.LASF3:
 892 027e 7369676E 		.ascii	"signed char\000"
 892      65642063 
 892      68617200 
 893              	.LASF15:
 894 028a 5F426F6F 		.ascii	"_Bool\000"
 894      6C00
 895              	.LASF11:
 896 0290 6C6F6E67 		.ascii	"long long unsigned int\000"
 896      206C6F6E 
 896      6720756E 
 896      7369676E 
 896      65642069 
 897              	.LASF27:
 898 02a7 494F4275 		.ascii	"IOBus\000"
 898      7300
 899              		.ident	"GCC: (GNU Tools for ARM Embedded Processors) 5.2.1 20151202 (release) [ARM/embedded-5-bran
ARM GAS  /var/folders/vt/qg0v_q5n5k99pnp_yg24c7s80000gn/T//cck7DGkw.s 			page 19


DEFINED SYMBOLS
                            *ABS*:0000000000000000 pal.c
/var/folders/vt/qg0v_q5n5k99pnp_yg24c7s80000gn/T//cck7DGkw.s:20     .text.palReadBus:0000000000000000 $t
/var/folders/vt/qg0v_q5n5k99pnp_yg24c7s80000gn/T//cck7DGkw.s:26     .text.palReadBus:0000000000000000 palReadBus
/var/folders/vt/qg0v_q5n5k99pnp_yg24c7s80000gn/T//cck7DGkw.s:49     .text.palWriteBus:0000000000000000 $t
/var/folders/vt/qg0v_q5n5k99pnp_yg24c7s80000gn/T//cck7DGkw.s:55     .text.palWriteBus:0000000000000000 palWriteBus
/var/folders/vt/qg0v_q5n5k99pnp_yg24c7s80000gn/T//cck7DGkw.s:89     .text.palSetBusMode:0000000000000000 $t
/var/folders/vt/qg0v_q5n5k99pnp_yg24c7s80000gn/T//cck7DGkw.s:95     .text.palSetBusMode:0000000000000000 palSetBusMode
                     .debug_frame:0000000000000010 $d

UNDEFINED SYMBOLS
_pal_lld_setgroupmode
