ARM GAS  /var/folders/vt/qg0v_q5n5k99pnp_yg24c7s80000gn/T//cccz1lh1.s 			page 1


   1              		.syntax unified
   2              		.cpu cortex-m3
   3              		.fpu softvfp
   4              		.eabi_attribute 20, 1
   5              		.eabi_attribute 21, 1
   6              		.eabi_attribute 23, 3
   7              		.eabi_attribute 24, 1
   8              		.eabi_attribute 25, 1
   9              		.eabi_attribute 26, 1
  10              		.eabi_attribute 30, 2
  11              		.eabi_attribute 34, 1
  12              		.eabi_attribute 18, 4
  13              		.thumb
  14              		.syntax unified
  15              		.file	"vexrttl.c"
  16              		.text
  17              	.Ltext0:
  18              		.cfi_sections	.debug_frame
  19              		.section	.text.vexAudioPlayRtttl,"ax",%progbits
  20              		.align	2
  21              		.p2align 4,,15
  22              		.global	vexAudioPlayRtttl
  23              		.thumb
  24              		.thumb_func
  25              		.type	vexAudioPlayRtttl, %function
  26              	vexAudioPlayRtttl:
  27              	.LFB64:
  28              		.file 1 "../../convex/convex/cortex/fw/vexrttl.c"
  29              		.loc 1 113 0
  30              		.cfi_startproc
  31              		@ args = 0, pretend = 0, frame = 8
  32              		@ frame_needed = 0, uses_anonymous_args = 0
  33              	.LVL0:
  34 0000 2DE9F04F 		push	{r4, r5, r6, r7, r8, r9, r10, fp, lr}
  35              		.cfi_def_cfa_offset 36
  36              		.cfi_offset 4, -36
  37              		.cfi_offset 5, -32
  38              		.cfi_offset 6, -28
  39              		.cfi_offset 7, -24
  40              		.cfi_offset 8, -20
  41              		.cfi_offset 9, -16
  42              		.cfi_offset 10, -12
  43              		.cfi_offset 11, -8
  44              		.cfi_offset 14, -4
  45              		.loc 1 123 0
  46 0004 0378     		ldrb	r3, [r0]	@ zero_extendqisi2
  47              		.loc 1 113 0
  48 0006 83B0     		sub	sp, sp, #12
  49              		.cfi_def_cfa_offset 48
  50              		.loc 1 113 0
  51 0008 0F46     		mov	r7, r1
  52 000a 0192     		str	r2, [sp, #4]
  53              		.loc 1 123 0
  54 000c 7949     		ldr	r1, .L112
  55              	.LVL1:
  56 000e 63B1     		cbz	r3, .L2
  57 0010 3A2B     		cmp	r3, #58
ARM GAS  /var/folders/vt/qg0v_q5n5k99pnp_yg24c7s80000gn/T//cccz1lh1.s 			page 2


  58 0012 0AD0     		beq	.L2
  59 0014 421C     		adds	r2, r0, #1
  60              	.LVL2:
  61 0016 01E0     		b	.L3
  62              	.LVL3:
  63              	.L108:
  64              		.loc 1 123 0 is_stmt 0 discriminator 1
  65 0018 3A2B     		cmp	r3, #58
  66 001a 06D0     		beq	.L2
  67              	.LVL4:
  68              	.L3:
  69              		.loc 1 125 0 is_stmt 1
  70 001c 01F8013B 		strb	r3, [r1], #1
  71              	.LVL5:
  72 0020 1046     		mov	r0, r2
  73              	.LVL6:
  74              		.loc 1 123 0
  75 0022 12F8013B 		ldrb	r3, [r2], #1	@ zero_extendqisi2
  76              	.LVL7:
  77 0026 002B     		cmp	r3, #0
  78 0028 F6D1     		bne	.L108
  79              	.LVL8:
  80              	.L2:
  81              		.loc 1 127 0
  82 002a 0023     		movs	r3, #0
  83 002c 0B70     		strb	r3, [r1]
  84              		.loc 1 129 0
  85 002e 0378     		ldrb	r3, [r0]	@ zero_extendqisi2
  86 0030 002B     		cmp	r3, #0
  87 0032 00F0BF80 		beq	.L62
  88              		.loc 1 130 0
  89 0036 00F10108 		add	r8, r0, #1
  90              	.LVL9:
  91              		.loc 1 133 0
  92 003a 98F800E0 		ldrb	lr, [r8]	@ zero_extendqisi2
  93              		.loc 1 118 0
  94 003e 3F24     		movs	r4, #63
  95              	.LVL10:
  96              		.loc 1 117 0
  97 0040 0626     		movs	r6, #6
  98              		.loc 1 116 0
  99 0042 0425     		movs	r5, #4
 100              	.LBB7:
 101              		.loc 1 151 0
 102 0044 4FF0200C 		mov	ip, #32
 103              	.LBE7:
 104              		.loc 1 133 0
 105 0048 BEF1000F 		cmp	lr, #0
 106 004c 42D0     		beq	.L9
 107              	.L109:
 108              	.LBB8:
 109              		.loc 1 138 0 discriminator 1
 110 004e BEF1200F 		cmp	lr, #32
 111 0052 08D1     		bne	.L21
 112              	.LVL11:
 113              	.L7:
 114              		.loc 1 138 0 is_stmt 0 discriminator 2
ARM GAS  /var/folders/vt/qg0v_q5n5k99pnp_yg24c7s80000gn/T//cccz1lh1.s 			page 3


 115 0054 18F801EF 		ldrb	lr, [r8, #1]!	@ zero_extendqisi2
 116              	.LVL12:
 117 0058 BEF1200F 		cmp	lr, #32
 118 005c FAD0     		beq	.L7
 119              		.loc 1 139 0 is_stmt 1
 120 005e BEF1000F 		cmp	lr, #0
 121 0062 00F0A780 		beq	.L62
 122              	.LVL13:
 123              	.L21:
 124              		.loc 1 140 0
 125 0066 BEF13A0F 		cmp	lr, #58
 126 006a 33D0     		beq	.L9
 127              	.LVL14:
 128              		.loc 1 143 0
 129 006c 98F80130 		ldrb	r3, [r8, #1]	@ zero_extendqisi2
 130 0070 3D2B     		cmp	r3, #61
 131 0072 40F09F80 		bne	.L62
 132              		.loc 1 147 0
 133 0076 98F80220 		ldrb	r2, [r8, #2]	@ zero_extendqisi2
 134              		.loc 1 145 0
 135 007a 08F10208 		add	r8, r8, #2
 136              	.LVL15:
 137              		.loc 1 147 0
 138 007e A2F13001 		sub	r1, r2, #48
 139 0082 CBB2     		uxtb	r3, r1
 140 0084 092B     		cmp	r3, #9
 141 0086 4FF00003 		mov	r3, #0
 142 008a 0AD8     		bhi	.L10
 143              	.LVL16:
 144              	.L11:
 145              		.loc 1 147 0 is_stmt 0 discriminator 2
 146 008c 18F8012F 		ldrb	r2, [r8, #1]!	@ zero_extendqisi2
 147              	.LVL17:
 148 0090 03EB8303 		add	r3, r3, r3, lsl #2
 149              	.LVL18:
 150 0094 01EB4303 		add	r3, r1, r3, lsl #1
 151              	.LVL19:
 152 0098 A2F13001 		sub	r1, r2, #48
 153 009c C8B2     		uxtb	r0, r1
 154 009e 0928     		cmp	r0, #9
 155 00a0 F4D9     		bls	.L11
 156              	.LVL20:
 157              	.L10:
 158              		.loc 1 149 0 is_stmt 1
 159 00a2 BEF1640F 		cmp	lr, #100
 160 00a6 00F08280 		beq	.L13
 161 00aa BEF16F0F 		cmp	lr, #111
 162 00ae 7CD0     		beq	.L60
 163              		.loc 1 153 0
 164 00b0 BEF1620F 		cmp	lr, #98
 165 00b4 08BF     		it	eq
 166 00b6 1C46     		moveq	r4, r3
 167              	.LVL21:
 168 00b8 01E0     		b	.L102
 169              	.L18:
 170              	.LVL22:
 171              		.loc 1 156 0 discriminator 2
ARM GAS  /var/folders/vt/qg0v_q5n5k99pnp_yg24c7s80000gn/T//cccz1lh1.s 			page 4


 172 00ba 18F8012F 		ldrb	r2, [r8, #1]!	@ zero_extendqisi2
 173              	.LVL23:
 174              	.L102:
 175 00be 202A     		cmp	r2, #32
 176 00c0 FBD0     		beq	.L18
 177              		.loc 1 157 0
 178 00c2 2C2A     		cmp	r2, #44
 179 00c4 08BF     		it	eq
 180 00c6 08F10108 		addeq	r8, r8, #1
 181              	.LVL24:
 182              	.LBE8:
 183              		.loc 1 133 0
 184 00ca 98F800E0 		ldrb	lr, [r8]	@ zero_extendqisi2
 185              	.LVL25:
 186 00ce BEF1000F 		cmp	lr, #0
 187 00d2 BCD1     		bne	.L109
 188              	.LVL26:
 189              	.L9:
 190              		.loc 1 163 0
 191 00d4 98F80120 		ldrb	r2, [r8, #1]	@ zero_extendqisi2
 192              		.loc 1 159 0
 193 00d8 08F1010B 		add	fp, r8, #1
 194              	.LVL27:
 195              		.loc 1 163 0
 196 00dc 1146     		mov	r1, r2
 197 00de 002A     		cmp	r2, #0
 198 00e0 00F0C580 		beq	.L22
 199 00e4 DE46     		mov	lr, fp
 200 00e6 0120     		movs	r0, #1
 201              	.LVL28:
 202              	.L24:
 203              		.loc 1 165 0
 204 00e8 2C29     		cmp	r1, #44
 205              		.loc 1 163 0
 206 00ea 1EF8011F 		ldrb	r1, [lr, #1]!	@ zero_extendqisi2
 207              	.LVL29:
 208              		.loc 1 166 0
 209 00ee 08BF     		it	eq
 210 00f0 0130     		addeq	r0, r0, #1
 211              	.LVL30:
 212              		.loc 1 163 0
 213 00f2 0029     		cmp	r1, #0
 214 00f4 F8D1     		bne	.L24
 215              		.loc 1 169 0
 216 00f6 0128     		cmp	r0, #1
 217 00f8 07D0     		beq	.L26
 218              		.loc 1 170 0
 219 00fa 0130     		adds	r0, r0, #1
 220              	.LVL31:
 221 00fc FFF7FEFF 		bl	vexAudioInitChipToneSong
 222              	.LVL32:
 223              		.loc 1 173 0
 224 0100 98F80120 		ldrb	r2, [r8, #1]	@ zero_extendqisi2
 225 0104 002A     		cmp	r2, #0
 226 0106 00F0B280 		beq	.L22
 227              	.L26:
 228              	.LBB9:
ARM GAS  /var/folders/vt/qg0v_q5n5k99pnp_yg24c7s80000gn/T//cccz1lh1.s 			page 5


 229              	.LBB10:
 230              	.LBB11:
 231              		.loc 1 100 0
 232 010a DFF8F090 		ldr	r9, .L112+8
 233 010e DFF8F080 		ldr	r8, .L112+12
 234 0112 E400     		lsls	r4, r4, #3
 235              	.LVL33:
 236              	.LBE11:
 237              	.LBE10:
 238              	.LBB13:
 239              		.loc 1 191 0
 240 0114 4FF0200A 		mov	r10, #32
 241 0118 01E0     		b	.L104
 242              	.LVL34:
 243              	.L27:
 244              	.LBE13:
 245              		.loc 1 182 0 discriminator 2
 246 011a 1BF8012F 		ldrb	r2, [fp, #1]!	@ zero_extendqisi2
 247              	.LVL35:
 248              	.L104:
 249 011e 202A     		cmp	r2, #32
 250 0120 FBD0     		beq	.L27
 251              		.loc 1 183 0
 252 0122 002A     		cmp	r2, #0
 253 0124 46D0     		beq	.L62
 254              		.loc 1 186 0
 255 0126 303A     		subs	r2, r2, #48
 256 0128 D2B2     		uxtb	r2, r2
 257 012a 092A     		cmp	r2, #9
 258              	.LBB14:
 259              		.loc 1 189 0
 260 012c 9BF80000 		ldrb	r0, [fp]	@ zero_extendqisi2
 261              	.LBE14:
 262              		.loc 1 186 0
 263 0130 40F2AB80 		bls	.L28
 264 0134 2946     		mov	r1, r5
 265              	.L29:
 266              	.LVL36:
 267              		.loc 1 195 0
 268 0136 6828     		cmp	r0, #104
 269 0138 00F2F280 		bhi	.L32
 270 013c DFE800F0 		tbb	[pc, r0]
 271              	.L33:
 272 0140 3A       		.byte	(.L62-.L33)/2
 273 0141 F0       		.byte	(.L32-.L33)/2
 274 0142 F0       		.byte	(.L32-.L33)/2
 275 0143 F0       		.byte	(.L32-.L33)/2
 276 0144 F0       		.byte	(.L32-.L33)/2
 277 0145 F0       		.byte	(.L32-.L33)/2
 278 0146 F0       		.byte	(.L32-.L33)/2
 279 0147 F0       		.byte	(.L32-.L33)/2
 280 0148 F0       		.byte	(.L32-.L33)/2
 281 0149 F0       		.byte	(.L32-.L33)/2
 282 014a F0       		.byte	(.L32-.L33)/2
 283 014b F0       		.byte	(.L32-.L33)/2
 284 014c F0       		.byte	(.L32-.L33)/2
 285 014d F0       		.byte	(.L32-.L33)/2
ARM GAS  /var/folders/vt/qg0v_q5n5k99pnp_yg24c7s80000gn/T//cccz1lh1.s 			page 6


 286 014e F0       		.byte	(.L32-.L33)/2
 287 014f F0       		.byte	(.L32-.L33)/2
 288 0150 F0       		.byte	(.L32-.L33)/2
 289 0151 F0       		.byte	(.L32-.L33)/2
 290 0152 F0       		.byte	(.L32-.L33)/2
 291 0153 F0       		.byte	(.L32-.L33)/2
 292 0154 F0       		.byte	(.L32-.L33)/2
 293 0155 F0       		.byte	(.L32-.L33)/2
 294 0156 F0       		.byte	(.L32-.L33)/2
 295 0157 F0       		.byte	(.L32-.L33)/2
 296 0158 F0       		.byte	(.L32-.L33)/2
 297 0159 F0       		.byte	(.L32-.L33)/2
 298 015a F0       		.byte	(.L32-.L33)/2
 299 015b F0       		.byte	(.L32-.L33)/2
 300 015c F0       		.byte	(.L32-.L33)/2
 301 015d F0       		.byte	(.L32-.L33)/2
 302 015e F0       		.byte	(.L32-.L33)/2
 303 015f F0       		.byte	(.L32-.L33)/2
 304 0160 F0       		.byte	(.L32-.L33)/2
 305 0161 F0       		.byte	(.L32-.L33)/2
 306 0162 F0       		.byte	(.L32-.L33)/2
 307 0163 F0       		.byte	(.L32-.L33)/2
 308 0164 F0       		.byte	(.L32-.L33)/2
 309 0165 F0       		.byte	(.L32-.L33)/2
 310 0166 F0       		.byte	(.L32-.L33)/2
 311 0167 F0       		.byte	(.L32-.L33)/2
 312 0168 F0       		.byte	(.L32-.L33)/2
 313 0169 F0       		.byte	(.L32-.L33)/2
 314 016a F0       		.byte	(.L32-.L33)/2
 315 016b F0       		.byte	(.L32-.L33)/2
 316 016c F0       		.byte	(.L32-.L33)/2
 317 016d F0       		.byte	(.L32-.L33)/2
 318 016e F0       		.byte	(.L32-.L33)/2
 319 016f F0       		.byte	(.L32-.L33)/2
 320 0170 F0       		.byte	(.L32-.L33)/2
 321 0171 F0       		.byte	(.L32-.L33)/2
 322 0172 F0       		.byte	(.L32-.L33)/2
 323 0173 F0       		.byte	(.L32-.L33)/2
 324 0174 F0       		.byte	(.L32-.L33)/2
 325 0175 F0       		.byte	(.L32-.L33)/2
 326 0176 F0       		.byte	(.L32-.L33)/2
 327 0177 F0       		.byte	(.L32-.L33)/2
 328 0178 F0       		.byte	(.L32-.L33)/2
 329 0179 F0       		.byte	(.L32-.L33)/2
 330 017a F0       		.byte	(.L32-.L33)/2
 331 017b F0       		.byte	(.L32-.L33)/2
 332 017c F0       		.byte	(.L32-.L33)/2
 333 017d F0       		.byte	(.L32-.L33)/2
 334 017e F0       		.byte	(.L32-.L33)/2
 335 017f F0       		.byte	(.L32-.L33)/2
 336 0180 F0       		.byte	(.L32-.L33)/2
 337 0181 EB       		.byte	(.L34-.L33)/2
 338 0182 3E       		.byte	(.L35-.L33)/2
 339 0183 A2       		.byte	(.L63-.L33)/2
 340 0184 E8       		.byte	(.L37-.L33)/2
 341 0185 E5       		.byte	(.L38-.L33)/2
 342 0186 E2       		.byte	(.L39-.L33)/2
ARM GAS  /var/folders/vt/qg0v_q5n5k99pnp_yg24c7s80000gn/T//cccz1lh1.s 			page 7


 343 0187 DF       		.byte	(.L40-.L33)/2
 344 0188 3E       		.byte	(.L35-.L33)/2
 345 0189 F0       		.byte	(.L32-.L33)/2
 346 018a F0       		.byte	(.L32-.L33)/2
 347 018b F0       		.byte	(.L32-.L33)/2
 348 018c F0       		.byte	(.L32-.L33)/2
 349 018d F0       		.byte	(.L32-.L33)/2
 350 018e F0       		.byte	(.L32-.L33)/2
 351 018f F0       		.byte	(.L32-.L33)/2
 352 0190 F0       		.byte	(.L32-.L33)/2
 353 0191 F0       		.byte	(.L32-.L33)/2
 354 0192 F0       		.byte	(.L32-.L33)/2
 355 0193 F0       		.byte	(.L32-.L33)/2
 356 0194 F0       		.byte	(.L32-.L33)/2
 357 0195 F0       		.byte	(.L32-.L33)/2
 358 0196 F0       		.byte	(.L32-.L33)/2
 359 0197 F0       		.byte	(.L32-.L33)/2
 360 0198 F0       		.byte	(.L32-.L33)/2
 361 0199 F0       		.byte	(.L32-.L33)/2
 362 019a F0       		.byte	(.L32-.L33)/2
 363 019b F0       		.byte	(.L32-.L33)/2
 364 019c F0       		.byte	(.L32-.L33)/2
 365 019d F0       		.byte	(.L32-.L33)/2
 366 019e F0       		.byte	(.L32-.L33)/2
 367 019f F0       		.byte	(.L32-.L33)/2
 368 01a0 F0       		.byte	(.L32-.L33)/2
 369 01a1 EB       		.byte	(.L34-.L33)/2
 370 01a2 3E       		.byte	(.L35-.L33)/2
 371 01a3 A2       		.byte	(.L63-.L33)/2
 372 01a4 E8       		.byte	(.L37-.L33)/2
 373 01a5 E5       		.byte	(.L38-.L33)/2
 374 01a6 E2       		.byte	(.L39-.L33)/2
 375 01a7 DF       		.byte	(.L40-.L33)/2
 376 01a8 3E       		.byte	(.L35-.L33)/2
 377              	.LVL37:
 378 01a9 00       		.p2align 1
 379              	.L60:
 380              	.LBE9:
 381              	.LBB17:
 382              		.loc 1 149 0
 383 01aa 1E46     		mov	r6, r3
 384              	.LVL38:
 385 01ac 87E7     		b	.L102
 386              	.LVL39:
 387              	.L13:
 388              		.loc 1 151 0
 389 01ae 9CFBF3F5 		sdiv	r5, ip, r3
 390              	.LVL40:
 391 01b2 84E7     		b	.L102
 392              	.LVL41:
 393              	.L62:
 394              	.LBE17:
 395              	.LBB18:
 396              		.loc 1 197 0
 397 01b4 1048     		ldr	r0, .L112+4
 398              	.L99:
 399              	.LBE18:
ARM GAS  /var/folders/vt/qg0v_q5n5k99pnp_yg24c7s80000gn/T//cccz1lh1.s 			page 8


 400              		.loc 1 258 0
 401 01b6 03B0     		add	sp, sp, #12
 402              		.cfi_remember_state
 403              		.cfi_def_cfa_offset 36
 404              		@ sp needed
 405 01b8 BDE8F08F 		pop	{r4, r5, r6, r7, r8, r9, r10, fp, pc}
 406              	.LVL42:
 407              	.L35:
 408              		.cfi_restore_state
 409              	.LBB19:
 410              		.loc 1 205 0
 411 01bc 4FF00B0C 		mov	ip, #11
 412              	.LVL43:
 413              	.L36:
 414              		.loc 1 209 0
 415 01c0 9BF80120 		ldrb	r2, [fp, #1]	@ zero_extendqisi2
 416 01c4 232A     		cmp	r2, #35
 417 01c6 09BF     		itett	eq
 418 01c8 9BF80220 		ldrbeq	r2, [fp, #2]	@ zero_extendqisi2
 419              		.loc 1 208 0
 420 01cc 0BF1010B 		addne	fp, fp, #1
 421              	.LVL44:
 422              		.loc 1 211 0
 423 01d0 0CF1010C 		addeq	ip, ip, #1
 424              	.LVL45:
 425              		.loc 1 212 0
 426 01d4 0BF1020B 		addeq	fp, fp, #2
 427              	.LVL46:
 428              		.loc 1 214 0
 429 01d8 622A     		cmp	r2, #98
 430 01da 00F08980 		beq	.L110
 431              	.L44:
 432              		.loc 1 221 0
 433 01de 2E2A     		cmp	r2, #46
 434 01e0 6AD0     		beq	.L111
 435              		.loc 1 228 0
 436 01e2 A2F1300E 		sub	lr, r2, #48
 437 01e6 5FFA8EF0 		uxtb	r0, lr
 438 01ea 0928     		cmp	r0, #9
 439 01ec 71D9     		bls	.L56
 440 01ee B646     		mov	lr, r6
 441 01f0 0AE0     		b	.L105
 442              	.L113:
 443 01f2 00BF     		.align	2
 444              	.L112:
 445 01f4 00000000 		.word	.LANCHOR0
 446 01f8 00000000 		.word	.LC0
 447 01fc 00000000 		.word	.LANCHOR1
 448 0200 ABAAAA2A 		.word	715827883
 449              	.LVL47:
 450              	.L49:
 451              		.loc 1 238 0 discriminator 2
 452 0204 1BF8012F 		ldrb	r2, [fp, #1]!	@ zero_extendqisi2
 453              	.LVL48:
 454              	.L105:
 455 0208 202A     		cmp	r2, #32
 456 020a FBD0     		beq	.L49
ARM GAS  /var/folders/vt/qg0v_q5n5k99pnp_yg24c7s80000gn/T//cccz1lh1.s 			page 9


 457              		.loc 1 239 0
 458 020c 2C2A     		cmp	r2, #44
 459              		.loc 1 242 0
 460 020e 4EF66022 		movw	r2, #60000
 461 0212 02FB01F2 		mul	r2, r2, r1
 462              		.loc 1 239 0
 463 0216 08BF     		it	eq
 464 0218 0BF1010B 		addeq	fp, fp, #1
 465              	.LVL49:
 466              		.loc 1 243 0
 467 021c BCF1FF3F 		cmp	ip, #-1
 468              		.loc 1 242 0
 469 0220 92FBF4F2 		sdiv	r2, r2, r4
 470              	.LVL50:
 471              		.loc 1 243 0
 472 0224 62D0     		beq	.L65
 473              		.loc 1 246 0
 474 0226 0EF1010E 		add	lr, lr, #1
 475 022a 0EEB4E0E 		add	lr, lr, lr, lsl #1
 476 022e 0CEB8E00 		add	r0, ip, lr, lsl #2
 477              	.LVL51:
 478              	.LBB15:
 479              	.LBB12:
 480              		.loc 1 100 0
 481 0232 88FB0031 		smull	r3, r1, r8, r0
 482 0236 4FEAE07E 		asr	lr, r0, #31
 483 023a 4910     		asrs	r1, r1, #1
 484 023c CEEB010C 		rsb	ip, lr, r1
 485              	.LVL52:
 486 0240 0CEB4C0C 		add	ip, ip, ip, lsl #1
 487 0244 C1EB0E01 		rsb	r1, r1, lr
 488 0248 A0EB8C00 		sub	r0, r0, ip, lsl #2
 489              	.LVL53:
 490 024c 59F82000 		ldr	r0, [r9, r0, lsl #2]
 491 0250 0931     		adds	r1, r1, #9
 492 0252 4FF0010E 		mov	lr, #1
 493 0256 0EFA01F1 		lsl	r1, lr, r1
 494 025a 90FBF1F0 		sdiv	r0, r0, r1
 495              	.L51:
 496              	.LVL54:
 497              	.LBE12:
 498              	.LBE15:
 499              		.loc 1 248 0
 500 025e 3946     		mov	r1, r7
 501 0260 FFF7FEFF 		bl	vexAudioSetNextChipTone
 502              	.LVL55:
 503              	.LBE19:
 504              		.loc 1 173 0
 505 0264 9BF80020 		ldrb	r2, [fp]	@ zero_extendqisi2
 506 0268 002A     		cmp	r2, #0
 507 026a 7FF458AF 		bne	.L104
 508              	.L22:
 509              		.loc 1 252 0
 510 026e 0021     		movs	r1, #0
 511 0270 0846     		mov	r0, r1
 512 0272 4FF4FA72 		mov	r2, #500
 513 0276 FFF7FEFF 		bl	vexAudioSetNextChipTone
ARM GAS  /var/folders/vt/qg0v_q5n5k99pnp_yg24c7s80000gn/T//cccz1lh1.s 			page 10


 514              	.LVL56:
 515              		.loc 1 255 0
 516 027a 0198     		ldr	r0, [sp, #4]
 517 027c FFF7FEFF 		bl	vexAudioStartChipToneSong
 518              	.LVL57:
 519              		.loc 1 257 0
 520 0280 2948     		ldr	r0, .L114
 521 0282 98E7     		b	.L99
 522              	.LVL58:
 523              	.L63:
 524              	.LBB20:
 525              		.loc 1 198 0
 526 0284 4FF0000C 		mov	ip, #0
 527 0288 9AE7     		b	.L36
 528              	.LVL59:
 529              	.L28:
 530              	.LBB16:
 531              		.loc 1 189 0 discriminator 1
 532 028a A0F13001 		sub	r1, r0, #48
 533 028e CAB2     		uxtb	r2, r1
 534 0290 092A     		cmp	r2, #9
 535 0292 4FF00002 		mov	r2, #0
 536 0296 0CD8     		bhi	.L30
 537              	.LVL60:
 538              	.L31:
 539              		.loc 1 189 0 is_stmt 0 discriminator 2
 540 0298 1BF8010F 		ldrb	r0, [fp, #1]!	@ zero_extendqisi2
 541              	.LVL61:
 542 029c 02EB8202 		add	r2, r2, r2, lsl #2
 543              	.LVL62:
 544 02a0 01EB4202 		add	r2, r1, r2, lsl #1
 545              	.LVL63:
 546 02a4 A0F13001 		sub	r1, r0, #48
 547 02a8 5FFA81FE 		uxtb	lr, r1
 548 02ac BEF1090F 		cmp	lr, #9
 549 02b0 F2D9     		bls	.L31
 550              	.LVL64:
 551              	.L30:
 552              		.loc 1 191 0 is_stmt 1
 553 02b2 9AFBF2F1 		sdiv	r1, r10, r2
 554              	.LVL65:
 555 02b6 3EE7     		b	.L29
 556              	.LVL66:
 557              	.L111:
 558              	.LBE16:
 559              		.loc 1 228 0
 560 02b8 9BF80120 		ldrb	r2, [fp, #1]	@ zero_extendqisi2
 561              		.loc 1 224 0
 562 02bc 0BF10103 		add	r3, fp, #1
 563              		.loc 1 228 0
 564 02c0 A2F1300E 		sub	lr, r2, #48
 565 02c4 5FFA8EF0 		uxtb	r0, lr
 566 02c8 0928     		cmp	r0, #9
 567              		.loc 1 223 0
 568 02ca 01EB6101 		add	r1, r1, r1, asr #1
 569              	.LVL67:
 570              		.loc 1 224 0
ARM GAS  /var/folders/vt/qg0v_q5n5k99pnp_yg24c7s80000gn/T//cccz1lh1.s 			page 11


 571 02ce 9B46     		mov	fp, r3
 572              		.loc 1 228 0
 573 02d0 24D8     		bhi	.L64
 574              	.LVL68:
 575              	.L56:
 576 02d2 9BF80120 		ldrb	r2, [fp, #1]	@ zero_extendqisi2
 577              		.loc 1 228 0 is_stmt 0 discriminator 1
 578 02d6 0BF1010B 		add	fp, fp, #1
 579              	.LVL69:
 580              	.L46:
 581              		.loc 1 231 0 is_stmt 1
 582 02da 2E2A     		cmp	r2, #46
 583 02dc 94D1     		bne	.L105
 584 02de 9BF80120 		ldrb	r2, [fp, #1]	@ zero_extendqisi2
 585              		.loc 1 233 0
 586 02e2 01EB6101 		add	r1, r1, r1, asr #1
 587              	.LVL70:
 588              		.loc 1 234 0
 589 02e6 0BF1010B 		add	fp, fp, #1
 590              	.LVL71:
 591 02ea 8DE7     		b	.L105
 592              	.LVL72:
 593              	.L65:
 594              		.loc 1 244 0
 595 02ec 0020     		movs	r0, #0
 596 02ee B6E7     		b	.L51
 597              	.LVL73:
 598              	.L110:
 599 02f0 9BF80120 		ldrb	r2, [fp, #1]	@ zero_extendqisi2
 600              		.loc 1 216 0
 601 02f4 0CF1FF3C 		add	ip, ip, #-1
 602              	.LVL74:
 603              		.loc 1 217 0
 604 02f8 0BF1010B 		add	fp, fp, #1
 605              	.LVL75:
 606 02fc 6FE7     		b	.L44
 607              	.LVL76:
 608              	.L40:
 609              		.loc 1 202 0
 610 02fe 4FF0070C 		mov	ip, #7
 611 0302 5DE7     		b	.L36
 612              	.LVL77:
 613              	.L39:
 614              		.loc 1 201 0
 615 0304 4FF0050C 		mov	ip, #5
 616 0308 5AE7     		b	.L36
 617              	.LVL78:
 618              	.L38:
 619              		.loc 1 200 0
 620 030a 4FF0040C 		mov	ip, #4
 621 030e 57E7     		b	.L36
 622              	.LVL79:
 623              	.L37:
 624              		.loc 1 199 0
 625 0310 4FF0020C 		mov	ip, #2
 626 0314 54E7     		b	.L36
 627              	.LVL80:
ARM GAS  /var/folders/vt/qg0v_q5n5k99pnp_yg24c7s80000gn/T//cccz1lh1.s 			page 12


 628              	.L34:
 629              		.loc 1 203 0
 630 0316 4FF0090C 		mov	ip, #9
 631 031a 51E7     		b	.L36
 632              	.LVL81:
 633              	.L64:
 634 031c B646     		mov	lr, r6
 635 031e DCE7     		b	.L46
 636              	.LVL82:
 637              	.L32:
 638              		.loc 1 175 0
 639 0320 4FF0FF3C 		mov	ip, #-1
 640 0324 4CE7     		b	.L36
 641              	.L115:
 642 0326 00BF     		.align	2
 643              	.L114:
 644 0328 00000000 		.word	.LANCHOR0
 645              	.LBE20:
 646              		.cfi_endproc
 647              	.LFE64:
 648              		.size	vexAudioPlayRtttl, .-vexAudioPlayRtttl
 649              		.section	.rodata.notefreq,"a",%progbits
 650              		.align	2
 651              		.set	.LANCHOR1,. + 0
 652              		.type	notefreq, %object
 653              		.size	notefreq, 48
 654              	notefreq:
 655 0000 5A100000 		.word	4186
 656 0004 52110000 		.word	4434
 657 0008 5A120000 		.word	4698
 658 000c 72130000 		.word	4978
 659 0010 9A140000 		.word	5274
 660 0014 D3150000 		.word	5587
 661 0018 1F170000 		.word	5919
 662 001c 7F180000 		.word	6271
 663 0020 F4190000 		.word	6644
 664 0024 801B0000 		.word	7040
 665 0028 221D0000 		.word	7458
 666 002c DE1E0000 		.word	7902
 667              		.section	.rodata.str1.4,"aMS",%progbits,1
 668              		.align	2
 669              	.LC0:
 670 0000 00       		.ascii	"\000"
 671              		.section	.bss.name,"aw",%nobits
 672              		.align	2
 673              		.set	.LANCHOR0,. + 0
 674              		.type	name, %object
 675              		.size	name, 48
 676              	name:
 677 0000 00000000 		.space	48
 677      00000000 
 677      00000000 
 677      00000000 
 677      00000000 
 678              		.text
 679              	.Letext0:
 680              		.file 2 "/usr/local/gcc-arm-none-eabi-5_2-2015q4/arm-none-eabi/include/machine/_default_types.h"
ARM GAS  /var/folders/vt/qg0v_q5n5k99pnp_yg24c7s80000gn/T//cccz1lh1.s 			page 13


 681              		.file 3 "/usr/local/gcc-arm-none-eabi-5_2-2015q4/arm-none-eabi/include/sys/_stdint.h"
 682              		.file 4 "../../convex/convex/cortex/fw/vexdigital.h"
 683              		.file 5 "../../convex/convex/cortex/fw/vexime.h"
 684              		.file 6 "../../convex/convex/cortex/fw/vexaudio.h"
 685              		.file 7 "../../ChibiOS/os/ports/common/ARMCMx/CMSIS/include/core_cm3.h"
 686              		.section	.debug_info,"",%progbits
 687              	.Ldebug_info0:
 688 0000 90030000 		.4byte	0x390
 689 0004 0400     		.2byte	0x4
 690 0006 00000000 		.4byte	.Ldebug_abbrev0
 691 000a 04       		.byte	0x4
 692 000b 01       		.uleb128 0x1
 693 000c 31020000 		.4byte	.LASF57
 694 0010 0C       		.byte	0xc
 695 0011 11000000 		.4byte	.LASF58
 696 0015 EC000000 		.4byte	.LASF59
 697 0019 80000000 		.4byte	.Ldebug_ranges0+0x80
 698 001d 00000000 		.4byte	0
 699 0021 00000000 		.4byte	.Ldebug_line0
 700 0025 02       		.uleb128 0x2
 701 0026 04       		.byte	0x4
 702 0027 05       		.byte	0x5
 703 0028 696E7400 		.ascii	"int\000"
 704 002c 03       		.uleb128 0x3
 705 002d 04       		.byte	0x4
 706 002e 07       		.byte	0x7
 707 002f 1F040000 		.4byte	.LASF0
 708 0033 03       		.uleb128 0x3
 709 0034 08       		.byte	0x8
 710 0035 05       		.byte	0x5
 711 0036 70010000 		.4byte	.LASF1
 712 003a 03       		.uleb128 0x3
 713 003b 08       		.byte	0x8
 714 003c 04       		.byte	0x4
 715 003d A2010000 		.4byte	.LASF2
 716 0041 03       		.uleb128 0x3
 717 0042 01       		.byte	0x1
 718 0043 06       		.byte	0x6
 719 0044 CA010000 		.4byte	.LASF3
 720 0048 03       		.uleb128 0x3
 721 0049 01       		.byte	0x1
 722 004a 08       		.byte	0x8
 723 004b BC010000 		.4byte	.LASF4
 724 004f 03       		.uleb128 0x3
 725 0050 02       		.byte	0x2
 726 0051 05       		.byte	0x5
 727 0052 9B000000 		.4byte	.LASF5
 728 0056 03       		.uleb128 0x3
 729 0057 02       		.byte	0x2
 730 0058 07       		.byte	0x7
 731 0059 B0030000 		.4byte	.LASF6
 732 005d 04       		.uleb128 0x4
 733 005e F3030000 		.4byte	.LASF10
 734 0062 02       		.byte	0x2
 735 0063 3F       		.byte	0x3f
 736 0064 68000000 		.4byte	0x68
 737 0068 03       		.uleb128 0x3
ARM GAS  /var/folders/vt/qg0v_q5n5k99pnp_yg24c7s80000gn/T//cccz1lh1.s 			page 14


 738 0069 04       		.byte	0x4
 739 006a 05       		.byte	0x5
 740 006b 7E010000 		.4byte	.LASF7
 741 006f 03       		.uleb128 0x3
 742 0070 04       		.byte	0x4
 743 0071 07       		.byte	0x7
 744 0072 C3030000 		.4byte	.LASF8
 745 0076 03       		.uleb128 0x3
 746 0077 08       		.byte	0x8
 747 0078 07       		.byte	0x7
 748 0079 E0010000 		.4byte	.LASF9
 749 007d 04       		.uleb128 0x4
 750 007e 2C030000 		.4byte	.LASF11
 751 0082 03       		.byte	0x3
 752 0083 1F       		.byte	0x1f
 753 0084 5D000000 		.4byte	0x5d
 754 0088 03       		.uleb128 0x3
 755 0089 01       		.byte	0x1
 756 008a 02       		.byte	0x2
 757 008b 88030000 		.4byte	.LASF12
 758 008f 03       		.uleb128 0x3
 759 0090 04       		.byte	0x4
 760 0091 07       		.byte	0x7
 761 0092 A5000000 		.4byte	.LASF13
 762 0096 03       		.uleb128 0x3
 763 0097 01       		.byte	0x1
 764 0098 08       		.byte	0x8
 765 0099 0B030000 		.4byte	.LASF14
 766 009d 05       		.uleb128 0x5
 767 009e 7D000000 		.4byte	0x7d
 768 00a2 06       		.uleb128 0x6
 769 00a3 01       		.byte	0x1
 770 00a4 41000000 		.4byte	0x41
 771 00a8 04       		.byte	0x4
 772 00a9 8D       		.byte	0x8d
 773 00aa 03010000 		.4byte	0x103
 774 00ae 07       		.uleb128 0x7
 775 00af 00000000 		.4byte	.LASF15
 776 00b3 7F       		.sleb128 -1
 777 00b4 08       		.uleb128 0x8
 778 00b5 10030000 		.4byte	.LASF16
 779 00b9 00       		.byte	0
 780 00ba 08       		.uleb128 0x8
 781 00bb 1E030000 		.4byte	.LASF17
 782 00bf 01       		.byte	0x1
 783 00c0 08       		.uleb128 0x8
 784 00c1 FD010000 		.4byte	.LASF18
 785 00c5 02       		.byte	0x2
 786 00c6 08       		.uleb128 0x8
 787 00c7 34030000 		.4byte	.LASF19
 788 00cb 03       		.byte	0x3
 789 00cc 08       		.uleb128 0x8
 790 00cd 42030000 		.4byte	.LASF20
 791 00d1 04       		.byte	0x4
 792 00d2 08       		.uleb128 0x8
 793 00d3 50030000 		.4byte	.LASF21
 794 00d7 05       		.byte	0x5
ARM GAS  /var/folders/vt/qg0v_q5n5k99pnp_yg24c7s80000gn/T//cccz1lh1.s 			page 15


 795 00d8 08       		.uleb128 0x8
 796 00d9 5E030000 		.4byte	.LASF22
 797 00dd 06       		.byte	0x6
 798 00de 08       		.uleb128 0x8
 799 00df 6C030000 		.4byte	.LASF23
 800 00e3 07       		.byte	0x7
 801 00e4 08       		.uleb128 0x8
 802 00e5 7A030000 		.4byte	.LASF24
 803 00e9 08       		.byte	0x8
 804 00ea 08       		.uleb128 0x8
 805 00eb 3E010000 		.4byte	.LASF25
 806 00ef 09       		.byte	0x9
 807 00f0 08       		.uleb128 0x8
 808 00f1 4D010000 		.4byte	.LASF26
 809 00f5 0A       		.byte	0xa
 810 00f6 08       		.uleb128 0x8
 811 00f7 5C010000 		.4byte	.LASF27
 812 00fb 0B       		.byte	0xb
 813 00fc 08       		.uleb128 0x8
 814 00fd FD030000 		.4byte	.LASF28
 815 0101 0C       		.byte	0xc
 816 0102 00       		.byte	0
 817 0103 06       		.uleb128 0x6
 818 0104 01       		.byte	0x1
 819 0105 48000000 		.4byte	0x48
 820 0109 04       		.byte	0x4
 821 010a A2       		.byte	0xa2
 822 010b 1C010000 		.4byte	0x11c
 823 010f 08       		.uleb128 0x8
 824 0110 8C010000 		.4byte	.LASF29
 825 0114 00       		.byte	0
 826 0115 08       		.uleb128 0x8
 827 0116 26010000 		.4byte	.LASF30
 828 011a 01       		.byte	0x1
 829 011b 00       		.byte	0
 830 011c 06       		.uleb128 0x6
 831 011d 01       		.byte	0x1
 832 011e 48000000 		.4byte	0x48
 833 0122 05       		.byte	0x5
 834 0123 46       		.byte	0x46
 835 0124 65010000 		.4byte	0x165
 836 0128 08       		.uleb128 0x8
 837 0129 AE010000 		.4byte	.LASF31
 838 012d 00       		.byte	0
 839 012e 08       		.uleb128 0x8
 840 012f 39000000 		.4byte	.LASF32
 841 0133 01       		.byte	0x1
 842 0134 08       		.uleb128 0x8
 843 0135 47000000 		.4byte	.LASF33
 844 0139 02       		.byte	0x2
 845 013a 08       		.uleb128 0x8
 846 013b 55000000 		.4byte	.LASF34
 847 013f 03       		.byte	0x3
 848 0140 08       		.uleb128 0x8
 849 0141 63000000 		.4byte	.LASF35
 850 0145 04       		.byte	0x4
 851 0146 08       		.uleb128 0x8
ARM GAS  /var/folders/vt/qg0v_q5n5k99pnp_yg24c7s80000gn/T//cccz1lh1.s 			page 16


 852 0147 71000000 		.4byte	.LASF36
 853 014b 05       		.byte	0x5
 854 014c 08       		.uleb128 0x8
 855 014d 7F000000 		.4byte	.LASF37
 856 0151 06       		.byte	0x6
 857 0152 08       		.uleb128 0x8
 858 0153 8D000000 		.4byte	.LASF38
 859 0157 07       		.byte	0x7
 860 0158 08       		.uleb128 0x8
 861 0159 AE000000 		.4byte	.LASF39
 862 015d 08       		.byte	0x8
 863 015e 08       		.uleb128 0x8
 864 015f A0030000 		.4byte	.LASF40
 865 0163 63       		.byte	0x63
 866 0164 00       		.byte	0
 867 0165 09       		.uleb128 0x9
 868 0166 04       		.byte	0x4
 869 0167 96000000 		.4byte	0x96
 870 016b 0A       		.uleb128 0xa
 871 016c C1000000 		.4byte	.LASF60
 872 0170 01       		.byte	0x1
 873 0171 62       		.byte	0x62
 874 0172 25000000 		.4byte	0x25
 875 0176 01       		.byte	0x1
 876 0177 87010000 		.4byte	0x187
 877 017b 0B       		.uleb128 0xb
 878 017c 87010000 		.4byte	.LASF49
 879 0180 01       		.byte	0x1
 880 0181 62       		.byte	0x62
 881 0182 25000000 		.4byte	0x25
 882 0186 00       		.byte	0
 883 0187 0C       		.uleb128 0xc
 884 0188 8E030000 		.4byte	.LASF61
 885 018c 01       		.byte	0x1
 886 018d 70       		.byte	0x70
 887 018e 65010000 		.4byte	0x165
 888 0192 00000000 		.4byte	.LFB64
 889 0196 2C030000 		.4byte	.LFE64-.LFB64
 890 019a 01       		.uleb128 0x1
 891 019b 9C       		.byte	0x9c
 892 019c 1F030000 		.4byte	0x31f
 893 01a0 0D       		.uleb128 0xd
 894 01a1 0D040000 		.4byte	.LASF41
 895 01a5 01       		.byte	0x1
 896 01a6 70       		.byte	0x70
 897 01a7 65010000 		.4byte	0x165
 898 01ab 00000000 		.4byte	.LLST0
 899 01af 0D       		.uleb128 0xd
 900 01b0 D6010000 		.4byte	.LASF42
 901 01b4 01       		.byte	0x1
 902 01b5 70       		.byte	0x70
 903 01b6 25000000 		.4byte	0x25
 904 01ba 21000000 		.4byte	.LLST1
 905 01be 0D       		.uleb128 0xd
 906 01bf CB000000 		.4byte	.LASF43
 907 01c3 01       		.byte	0x1
 908 01c4 70       		.byte	0x70
ARM GAS  /var/folders/vt/qg0v_q5n5k99pnp_yg24c7s80000gn/T//cccz1lh1.s 			page 17


 909 01c5 25000000 		.4byte	0x25
 910 01c9 3F000000 		.4byte	.LLST2
 911 01cd 0E       		.uleb128 0xe
 912 01ce 7000     		.ascii	"p\000"
 913 01d0 01       		.byte	0x1
 914 01d1 72       		.byte	0x72
 915 01d2 65010000 		.4byte	0x165
 916 01d6 5E000000 		.4byte	.LLST3
 917 01da 0E       		.uleb128 0xe
 918 01db 7100     		.ascii	"q\000"
 919 01dd 01       		.byte	0x1
 920 01de 73       		.byte	0x73
 921 01df 65010000 		.4byte	0x165
 922 01e3 E4010000 		.4byte	.LLST4
 923 01e7 0F       		.uleb128 0xf
 924 01e8 2A020000 		.4byte	.LASF44
 925 01ec 01       		.byte	0x1
 926 01ed 74       		.byte	0x74
 927 01ee 25000000 		.4byte	0x25
 928 01f2 42020000 		.4byte	.LLST5
 929 01f6 0F       		.uleb128 0xf
 930 01f7 B8000000 		.4byte	.LASF45
 931 01fb 01       		.byte	0x1
 932 01fc 75       		.byte	0x75
 933 01fd 25000000 		.4byte	0x25
 934 0201 61020000 		.4byte	.LLST6
 935 0205 0E       		.uleb128 0xe
 936 0206 62706D00 		.ascii	"bpm\000"
 937 020a 01       		.byte	0x1
 938 020b 76       		.byte	0x76
 939 020c 25000000 		.4byte	0x25
 940 0210 75020000 		.4byte	.LLST7
 941 0214 0F       		.uleb128 0xf
 942 0215 ED030000 		.4byte	.LASF46
 943 0219 01       		.byte	0x1
 944 021a 77       		.byte	0x77
 945 021b 25000000 		.4byte	0x25
 946 021f AB020000 		.4byte	.LLST8
 947 0223 10       		.uleb128 0x10
 948 0224 00000000 		.4byte	.Ldebug_ranges0+0
 949 0228 4B020000 		.4byte	0x24b
 950 022c 0F       		.uleb128 0xf
 951 022d 24020000 		.4byte	.LASF47
 952 0231 01       		.byte	0x1
 953 0232 87       		.byte	0x87
 954 0233 96000000 		.4byte	0x96
 955 0237 EF020000 		.4byte	.LLST9
 956 023b 0F       		.uleb128 0xf
 957 023c 38010000 		.4byte	.LASF48
 958 0240 01       		.byte	0x1
 959 0241 88       		.byte	0x88
 960 0242 25000000 		.4byte	0x25
 961 0246 0D030000 		.4byte	.LLST10
 962 024a 00       		.byte	0
 963 024b 10       		.uleb128 0x10
 964 024c 20000000 		.4byte	.Ldebug_ranges0+0x20
 965 0250 E5020000 		.4byte	0x2e5
ARM GAS  /var/folders/vt/qg0v_q5n5k99pnp_yg24c7s80000gn/T//cccz1lh1.s 			page 18


 966 0254 0F       		.uleb128 0xf
 967 0255 87010000 		.4byte	.LASF49
 968 0259 01       		.byte	0x1
 969 025a AF       		.byte	0xaf
 970 025b 25000000 		.4byte	0x25
 971 025f 37030000 		.4byte	.LLST11
 972 0263 0F       		.uleb128 0xf
 973 0264 F7010000 		.4byte	.LASF50
 974 0268 01       		.byte	0x1
 975 0269 B0       		.byte	0xb0
 976 026a 25000000 		.4byte	0x25
 977 026e A8030000 		.4byte	.LLST12
 978 0272 0E       		.uleb128 0xe
 979 0273 64757200 		.ascii	"dur\000"
 980 0277 01       		.byte	0x1
 981 0278 B1       		.byte	0xb1
 982 0279 25000000 		.4byte	0x25
 983 027d BB030000 		.4byte	.LLST13
 984 0281 0E       		.uleb128 0xe
 985 0282 6D7300   		.ascii	"ms\000"
 986 0285 01       		.byte	0x1
 987 0286 B2       		.byte	0xb2
 988 0287 25000000 		.4byte	0x25
 989 028b FA030000 		.4byte	.LLST14
 990 028f 0F       		.uleb128 0xf
 991 0290 6B010000 		.4byte	.LASF51
 992 0294 01       		.byte	0x1
 993 0295 B3       		.byte	0xb3
 994 0296 25000000 		.4byte	0x25
 995 029a 18040000 		.4byte	.LLST15
 996 029e 11       		.uleb128 0x11
 997 029f 6B010000 		.4byte	0x16b
 998 02a3 0A010000 		.4byte	.LBB10
 999 02a7 48000000 		.4byte	.Ldebug_ranges0+0x48
 1000 02ab 01       		.byte	0x1
 1001 02ac F6       		.byte	0xf6
 1002 02ad BB020000 		.4byte	0x2bb
 1003 02b1 12       		.uleb128 0x12
 1004 02b2 7B010000 		.4byte	0x17b
 1005 02b6 2B040000 		.4byte	.LLST16
 1006 02ba 00       		.byte	0
 1007 02bb 10       		.uleb128 0x10
 1008 02bc 60000000 		.4byte	.Ldebug_ranges0+0x60
 1009 02c0 D4020000 		.4byte	0x2d4
 1010 02c4 0F       		.uleb128 0xf
 1011 02c5 38010000 		.4byte	.LASF48
 1012 02c9 01       		.byte	0x1
 1013 02ca BC       		.byte	0xbc
 1014 02cb 25000000 		.4byte	0x25
 1015 02cf 3E040000 		.4byte	.LLST17
 1016 02d3 00       		.byte	0
 1017 02d4 13       		.uleb128 0x13
 1018 02d5 64020000 		.4byte	.LVL55
 1019 02d9 72030000 		.4byte	0x372
 1020 02dd 14       		.uleb128 0x14
 1021 02de 01       		.uleb128 0x1
 1022 02df 51       		.byte	0x51
ARM GAS  /var/folders/vt/qg0v_q5n5k99pnp_yg24c7s80000gn/T//cccz1lh1.s 			page 19


 1023 02e0 02       		.uleb128 0x2
 1024 02e1 77       		.byte	0x77
 1025 02e2 00       		.sleb128 0
 1026 02e3 00       		.byte	0
 1027 02e4 00       		.byte	0
 1028 02e5 15       		.uleb128 0x15
 1029 02e6 00010000 		.4byte	.LVL32
 1030 02ea 7D030000 		.4byte	0x37d
 1031 02ee 16       		.uleb128 0x16
 1032 02ef 7A020000 		.4byte	.LVL56
 1033 02f3 72030000 		.4byte	0x372
 1034 02f7 0D030000 		.4byte	0x30d
 1035 02fb 14       		.uleb128 0x14
 1036 02fc 01       		.uleb128 0x1
 1037 02fd 50       		.byte	0x50
 1038 02fe 01       		.uleb128 0x1
 1039 02ff 30       		.byte	0x30
 1040 0300 14       		.uleb128 0x14
 1041 0301 01       		.uleb128 0x1
 1042 0302 51       		.byte	0x51
 1043 0303 01       		.uleb128 0x1
 1044 0304 30       		.byte	0x30
 1045 0305 14       		.uleb128 0x14
 1046 0306 01       		.uleb128 0x1
 1047 0307 52       		.byte	0x52
 1048 0308 03       		.uleb128 0x3
 1049 0309 0A       		.byte	0xa
 1050 030a F401     		.2byte	0x1f4
 1051 030c 00       		.byte	0
 1052 030d 13       		.uleb128 0x13
 1053 030e 80020000 		.4byte	.LVL57
 1054 0312 88030000 		.4byte	0x388
 1055 0316 14       		.uleb128 0x14
 1056 0317 01       		.uleb128 0x1
 1057 0318 50       		.byte	0x50
 1058 0319 03       		.uleb128 0x3
 1059 031a 91       		.byte	0x91
 1060 031b 54       		.sleb128 -44
 1061 031c 06       		.byte	0x6
 1062 031d 00       		.byte	0
 1063 031e 00       		.byte	0
 1064 031f 17       		.uleb128 0x17
 1065 0320 25000000 		.4byte	0x25
 1066 0324 2F030000 		.4byte	0x32f
 1067 0328 18       		.uleb128 0x18
 1068 0329 8F000000 		.4byte	0x8f
 1069 032d 0B       		.byte	0xb
 1070 032e 00       		.byte	0
 1071 032f 19       		.uleb128 0x19
 1072 0330 2C040000 		.4byte	.LASF52
 1073 0334 01       		.byte	0x1
 1074 0335 5C       		.byte	0x5c
 1075 0336 40030000 		.4byte	0x340
 1076 033a 05       		.uleb128 0x5
 1077 033b 03       		.byte	0x3
 1078 033c 00000000 		.4byte	notefreq
 1079 0340 1A       		.uleb128 0x1a
ARM GAS  /var/folders/vt/qg0v_q5n5k99pnp_yg24c7s80000gn/T//cccz1lh1.s 			page 20


 1080 0341 1F030000 		.4byte	0x31f
 1081 0345 17       		.uleb128 0x17
 1082 0346 96000000 		.4byte	0x96
 1083 034a 55030000 		.4byte	0x355
 1084 034e 18       		.uleb128 0x18
 1085 034f 8F000000 		.4byte	0x8f
 1086 0353 2F       		.byte	0x2f
 1087 0354 00       		.byte	0
 1088 0355 19       		.uleb128 0x19
 1089 0356 9D010000 		.4byte	.LASF53
 1090 035a 01       		.byte	0x1
 1091 035b 5F       		.byte	0x5f
 1092 035c 45030000 		.4byte	0x345
 1093 0360 05       		.uleb128 0x5
 1094 0361 03       		.byte	0x3
 1095 0362 00000000 		.4byte	name
 1096 0366 1B       		.uleb128 0x1b
 1097 0367 12040000 		.4byte	.LASF62
 1098 036b 07       		.byte	0x7
 1099 036c 0706     		.2byte	0x607
 1100 036e 9D000000 		.4byte	0x9d
 1101 0372 1C       		.uleb128 0x1c
 1102 0373 D5030000 		.4byte	.LASF54
 1103 0377 D5030000 		.4byte	.LASF54
 1104 037b 06       		.byte	0x6
 1105 037c 4C       		.byte	0x4c
 1106 037d 1C       		.uleb128 0x1c
 1107 037e 0B020000 		.4byte	.LASF55
 1108 0382 0B020000 		.4byte	.LASF55
 1109 0386 06       		.byte	0x6
 1110 0387 48       		.byte	0x48
 1111 0388 1C       		.uleb128 0x1c
 1112 0389 D2000000 		.4byte	.LASF56
 1113 038d D2000000 		.4byte	.LASF56
 1114 0391 06       		.byte	0x6
 1115 0392 4A       		.byte	0x4a
 1116 0393 00       		.byte	0
 1117              		.section	.debug_abbrev,"",%progbits
 1118              	.Ldebug_abbrev0:
 1119 0000 01       		.uleb128 0x1
 1120 0001 11       		.uleb128 0x11
 1121 0002 01       		.byte	0x1
 1122 0003 25       		.uleb128 0x25
 1123 0004 0E       		.uleb128 0xe
 1124 0005 13       		.uleb128 0x13
 1125 0006 0B       		.uleb128 0xb
 1126 0007 03       		.uleb128 0x3
 1127 0008 0E       		.uleb128 0xe
 1128 0009 1B       		.uleb128 0x1b
 1129 000a 0E       		.uleb128 0xe
 1130 000b 55       		.uleb128 0x55
 1131 000c 17       		.uleb128 0x17
 1132 000d 11       		.uleb128 0x11
 1133 000e 01       		.uleb128 0x1
 1134 000f 10       		.uleb128 0x10
 1135 0010 17       		.uleb128 0x17
 1136 0011 00       		.byte	0
ARM GAS  /var/folders/vt/qg0v_q5n5k99pnp_yg24c7s80000gn/T//cccz1lh1.s 			page 21


 1137 0012 00       		.byte	0
 1138 0013 02       		.uleb128 0x2
 1139 0014 24       		.uleb128 0x24
 1140 0015 00       		.byte	0
 1141 0016 0B       		.uleb128 0xb
 1142 0017 0B       		.uleb128 0xb
 1143 0018 3E       		.uleb128 0x3e
 1144 0019 0B       		.uleb128 0xb
 1145 001a 03       		.uleb128 0x3
 1146 001b 08       		.uleb128 0x8
 1147 001c 00       		.byte	0
 1148 001d 00       		.byte	0
 1149 001e 03       		.uleb128 0x3
 1150 001f 24       		.uleb128 0x24
 1151 0020 00       		.byte	0
 1152 0021 0B       		.uleb128 0xb
 1153 0022 0B       		.uleb128 0xb
 1154 0023 3E       		.uleb128 0x3e
 1155 0024 0B       		.uleb128 0xb
 1156 0025 03       		.uleb128 0x3
 1157 0026 0E       		.uleb128 0xe
 1158 0027 00       		.byte	0
 1159 0028 00       		.byte	0
 1160 0029 04       		.uleb128 0x4
 1161 002a 16       		.uleb128 0x16
 1162 002b 00       		.byte	0
 1163 002c 03       		.uleb128 0x3
 1164 002d 0E       		.uleb128 0xe
 1165 002e 3A       		.uleb128 0x3a
 1166 002f 0B       		.uleb128 0xb
 1167 0030 3B       		.uleb128 0x3b
 1168 0031 0B       		.uleb128 0xb
 1169 0032 49       		.uleb128 0x49
 1170 0033 13       		.uleb128 0x13
 1171 0034 00       		.byte	0
 1172 0035 00       		.byte	0
 1173 0036 05       		.uleb128 0x5
 1174 0037 35       		.uleb128 0x35
 1175 0038 00       		.byte	0
 1176 0039 49       		.uleb128 0x49
 1177 003a 13       		.uleb128 0x13
 1178 003b 00       		.byte	0
 1179 003c 00       		.byte	0
 1180 003d 06       		.uleb128 0x6
 1181 003e 04       		.uleb128 0x4
 1182 003f 01       		.byte	0x1
 1183 0040 0B       		.uleb128 0xb
 1184 0041 0B       		.uleb128 0xb
 1185 0042 49       		.uleb128 0x49
 1186 0043 13       		.uleb128 0x13
 1187 0044 3A       		.uleb128 0x3a
 1188 0045 0B       		.uleb128 0xb
 1189 0046 3B       		.uleb128 0x3b
 1190 0047 0B       		.uleb128 0xb
 1191 0048 01       		.uleb128 0x1
 1192 0049 13       		.uleb128 0x13
 1193 004a 00       		.byte	0
ARM GAS  /var/folders/vt/qg0v_q5n5k99pnp_yg24c7s80000gn/T//cccz1lh1.s 			page 22


 1194 004b 00       		.byte	0
 1195 004c 07       		.uleb128 0x7
 1196 004d 28       		.uleb128 0x28
 1197 004e 00       		.byte	0
 1198 004f 03       		.uleb128 0x3
 1199 0050 0E       		.uleb128 0xe
 1200 0051 1C       		.uleb128 0x1c
 1201 0052 0D       		.uleb128 0xd
 1202 0053 00       		.byte	0
 1203 0054 00       		.byte	0
 1204 0055 08       		.uleb128 0x8
 1205 0056 28       		.uleb128 0x28
 1206 0057 00       		.byte	0
 1207 0058 03       		.uleb128 0x3
 1208 0059 0E       		.uleb128 0xe
 1209 005a 1C       		.uleb128 0x1c
 1210 005b 0B       		.uleb128 0xb
 1211 005c 00       		.byte	0
 1212 005d 00       		.byte	0
 1213 005e 09       		.uleb128 0x9
 1214 005f 0F       		.uleb128 0xf
 1215 0060 00       		.byte	0
 1216 0061 0B       		.uleb128 0xb
 1217 0062 0B       		.uleb128 0xb
 1218 0063 49       		.uleb128 0x49
 1219 0064 13       		.uleb128 0x13
 1220 0065 00       		.byte	0
 1221 0066 00       		.byte	0
 1222 0067 0A       		.uleb128 0xa
 1223 0068 2E       		.uleb128 0x2e
 1224 0069 01       		.byte	0x1
 1225 006a 03       		.uleb128 0x3
 1226 006b 0E       		.uleb128 0xe
 1227 006c 3A       		.uleb128 0x3a
 1228 006d 0B       		.uleb128 0xb
 1229 006e 3B       		.uleb128 0x3b
 1230 006f 0B       		.uleb128 0xb
 1231 0070 27       		.uleb128 0x27
 1232 0071 19       		.uleb128 0x19
 1233 0072 49       		.uleb128 0x49
 1234 0073 13       		.uleb128 0x13
 1235 0074 20       		.uleb128 0x20
 1236 0075 0B       		.uleb128 0xb
 1237 0076 01       		.uleb128 0x1
 1238 0077 13       		.uleb128 0x13
 1239 0078 00       		.byte	0
 1240 0079 00       		.byte	0
 1241 007a 0B       		.uleb128 0xb
 1242 007b 05       		.uleb128 0x5
 1243 007c 00       		.byte	0
 1244 007d 03       		.uleb128 0x3
 1245 007e 0E       		.uleb128 0xe
 1246 007f 3A       		.uleb128 0x3a
 1247 0080 0B       		.uleb128 0xb
 1248 0081 3B       		.uleb128 0x3b
 1249 0082 0B       		.uleb128 0xb
 1250 0083 49       		.uleb128 0x49
ARM GAS  /var/folders/vt/qg0v_q5n5k99pnp_yg24c7s80000gn/T//cccz1lh1.s 			page 23


 1251 0084 13       		.uleb128 0x13
 1252 0085 00       		.byte	0
 1253 0086 00       		.byte	0
 1254 0087 0C       		.uleb128 0xc
 1255 0088 2E       		.uleb128 0x2e
 1256 0089 01       		.byte	0x1
 1257 008a 3F       		.uleb128 0x3f
 1258 008b 19       		.uleb128 0x19
 1259 008c 03       		.uleb128 0x3
 1260 008d 0E       		.uleb128 0xe
 1261 008e 3A       		.uleb128 0x3a
 1262 008f 0B       		.uleb128 0xb
 1263 0090 3B       		.uleb128 0x3b
 1264 0091 0B       		.uleb128 0xb
 1265 0092 27       		.uleb128 0x27
 1266 0093 19       		.uleb128 0x19
 1267 0094 49       		.uleb128 0x49
 1268 0095 13       		.uleb128 0x13
 1269 0096 11       		.uleb128 0x11
 1270 0097 01       		.uleb128 0x1
 1271 0098 12       		.uleb128 0x12
 1272 0099 06       		.uleb128 0x6
 1273 009a 40       		.uleb128 0x40
 1274 009b 18       		.uleb128 0x18
 1275 009c 9742     		.uleb128 0x2117
 1276 009e 19       		.uleb128 0x19
 1277 009f 01       		.uleb128 0x1
 1278 00a0 13       		.uleb128 0x13
 1279 00a1 00       		.byte	0
 1280 00a2 00       		.byte	0
 1281 00a3 0D       		.uleb128 0xd
 1282 00a4 05       		.uleb128 0x5
 1283 00a5 00       		.byte	0
 1284 00a6 03       		.uleb128 0x3
 1285 00a7 0E       		.uleb128 0xe
 1286 00a8 3A       		.uleb128 0x3a
 1287 00a9 0B       		.uleb128 0xb
 1288 00aa 3B       		.uleb128 0x3b
 1289 00ab 0B       		.uleb128 0xb
 1290 00ac 49       		.uleb128 0x49
 1291 00ad 13       		.uleb128 0x13
 1292 00ae 02       		.uleb128 0x2
 1293 00af 17       		.uleb128 0x17
 1294 00b0 00       		.byte	0
 1295 00b1 00       		.byte	0
 1296 00b2 0E       		.uleb128 0xe
 1297 00b3 34       		.uleb128 0x34
 1298 00b4 00       		.byte	0
 1299 00b5 03       		.uleb128 0x3
 1300 00b6 08       		.uleb128 0x8
 1301 00b7 3A       		.uleb128 0x3a
 1302 00b8 0B       		.uleb128 0xb
 1303 00b9 3B       		.uleb128 0x3b
 1304 00ba 0B       		.uleb128 0xb
 1305 00bb 49       		.uleb128 0x49
 1306 00bc 13       		.uleb128 0x13
 1307 00bd 02       		.uleb128 0x2
ARM GAS  /var/folders/vt/qg0v_q5n5k99pnp_yg24c7s80000gn/T//cccz1lh1.s 			page 24


 1308 00be 17       		.uleb128 0x17
 1309 00bf 00       		.byte	0
 1310 00c0 00       		.byte	0
 1311 00c1 0F       		.uleb128 0xf
 1312 00c2 34       		.uleb128 0x34
 1313 00c3 00       		.byte	0
 1314 00c4 03       		.uleb128 0x3
 1315 00c5 0E       		.uleb128 0xe
 1316 00c6 3A       		.uleb128 0x3a
 1317 00c7 0B       		.uleb128 0xb
 1318 00c8 3B       		.uleb128 0x3b
 1319 00c9 0B       		.uleb128 0xb
 1320 00ca 49       		.uleb128 0x49
 1321 00cb 13       		.uleb128 0x13
 1322 00cc 02       		.uleb128 0x2
 1323 00cd 17       		.uleb128 0x17
 1324 00ce 00       		.byte	0
 1325 00cf 00       		.byte	0
 1326 00d0 10       		.uleb128 0x10
 1327 00d1 0B       		.uleb128 0xb
 1328 00d2 01       		.byte	0x1
 1329 00d3 55       		.uleb128 0x55
 1330 00d4 17       		.uleb128 0x17
 1331 00d5 01       		.uleb128 0x1
 1332 00d6 13       		.uleb128 0x13
 1333 00d7 00       		.byte	0
 1334 00d8 00       		.byte	0
 1335 00d9 11       		.uleb128 0x11
 1336 00da 1D       		.uleb128 0x1d
 1337 00db 01       		.byte	0x1
 1338 00dc 31       		.uleb128 0x31
 1339 00dd 13       		.uleb128 0x13
 1340 00de 52       		.uleb128 0x52
 1341 00df 01       		.uleb128 0x1
 1342 00e0 55       		.uleb128 0x55
 1343 00e1 17       		.uleb128 0x17
 1344 00e2 58       		.uleb128 0x58
 1345 00e3 0B       		.uleb128 0xb
 1346 00e4 59       		.uleb128 0x59
 1347 00e5 0B       		.uleb128 0xb
 1348 00e6 01       		.uleb128 0x1
 1349 00e7 13       		.uleb128 0x13
 1350 00e8 00       		.byte	0
 1351 00e9 00       		.byte	0
 1352 00ea 12       		.uleb128 0x12
 1353 00eb 05       		.uleb128 0x5
 1354 00ec 00       		.byte	0
 1355 00ed 31       		.uleb128 0x31
 1356 00ee 13       		.uleb128 0x13
 1357 00ef 02       		.uleb128 0x2
 1358 00f0 17       		.uleb128 0x17
 1359 00f1 00       		.byte	0
 1360 00f2 00       		.byte	0
 1361 00f3 13       		.uleb128 0x13
 1362 00f4 898201   		.uleb128 0x4109
 1363 00f7 01       		.byte	0x1
 1364 00f8 11       		.uleb128 0x11
ARM GAS  /var/folders/vt/qg0v_q5n5k99pnp_yg24c7s80000gn/T//cccz1lh1.s 			page 25


 1365 00f9 01       		.uleb128 0x1
 1366 00fa 31       		.uleb128 0x31
 1367 00fb 13       		.uleb128 0x13
 1368 00fc 00       		.byte	0
 1369 00fd 00       		.byte	0
 1370 00fe 14       		.uleb128 0x14
 1371 00ff 8A8201   		.uleb128 0x410a
 1372 0102 00       		.byte	0
 1373 0103 02       		.uleb128 0x2
 1374 0104 18       		.uleb128 0x18
 1375 0105 9142     		.uleb128 0x2111
 1376 0107 18       		.uleb128 0x18
 1377 0108 00       		.byte	0
 1378 0109 00       		.byte	0
 1379 010a 15       		.uleb128 0x15
 1380 010b 898201   		.uleb128 0x4109
 1381 010e 00       		.byte	0
 1382 010f 11       		.uleb128 0x11
 1383 0110 01       		.uleb128 0x1
 1384 0111 31       		.uleb128 0x31
 1385 0112 13       		.uleb128 0x13
 1386 0113 00       		.byte	0
 1387 0114 00       		.byte	0
 1388 0115 16       		.uleb128 0x16
 1389 0116 898201   		.uleb128 0x4109
 1390 0119 01       		.byte	0x1
 1391 011a 11       		.uleb128 0x11
 1392 011b 01       		.uleb128 0x1
 1393 011c 31       		.uleb128 0x31
 1394 011d 13       		.uleb128 0x13
 1395 011e 01       		.uleb128 0x1
 1396 011f 13       		.uleb128 0x13
 1397 0120 00       		.byte	0
 1398 0121 00       		.byte	0
 1399 0122 17       		.uleb128 0x17
 1400 0123 01       		.uleb128 0x1
 1401 0124 01       		.byte	0x1
 1402 0125 49       		.uleb128 0x49
 1403 0126 13       		.uleb128 0x13
 1404 0127 01       		.uleb128 0x1
 1405 0128 13       		.uleb128 0x13
 1406 0129 00       		.byte	0
 1407 012a 00       		.byte	0
 1408 012b 18       		.uleb128 0x18
 1409 012c 21       		.uleb128 0x21
 1410 012d 00       		.byte	0
 1411 012e 49       		.uleb128 0x49
 1412 012f 13       		.uleb128 0x13
 1413 0130 2F       		.uleb128 0x2f
 1414 0131 0B       		.uleb128 0xb
 1415 0132 00       		.byte	0
 1416 0133 00       		.byte	0
 1417 0134 19       		.uleb128 0x19
 1418 0135 34       		.uleb128 0x34
 1419 0136 00       		.byte	0
 1420 0137 03       		.uleb128 0x3
 1421 0138 0E       		.uleb128 0xe
ARM GAS  /var/folders/vt/qg0v_q5n5k99pnp_yg24c7s80000gn/T//cccz1lh1.s 			page 26


 1422 0139 3A       		.uleb128 0x3a
 1423 013a 0B       		.uleb128 0xb
 1424 013b 3B       		.uleb128 0x3b
 1425 013c 0B       		.uleb128 0xb
 1426 013d 49       		.uleb128 0x49
 1427 013e 13       		.uleb128 0x13
 1428 013f 02       		.uleb128 0x2
 1429 0140 18       		.uleb128 0x18
 1430 0141 00       		.byte	0
 1431 0142 00       		.byte	0
 1432 0143 1A       		.uleb128 0x1a
 1433 0144 26       		.uleb128 0x26
 1434 0145 00       		.byte	0
 1435 0146 49       		.uleb128 0x49
 1436 0147 13       		.uleb128 0x13
 1437 0148 00       		.byte	0
 1438 0149 00       		.byte	0
 1439 014a 1B       		.uleb128 0x1b
 1440 014b 34       		.uleb128 0x34
 1441 014c 00       		.byte	0
 1442 014d 03       		.uleb128 0x3
 1443 014e 0E       		.uleb128 0xe
 1444 014f 3A       		.uleb128 0x3a
 1445 0150 0B       		.uleb128 0xb
 1446 0151 3B       		.uleb128 0x3b
 1447 0152 05       		.uleb128 0x5
 1448 0153 49       		.uleb128 0x49
 1449 0154 13       		.uleb128 0x13
 1450 0155 3F       		.uleb128 0x3f
 1451 0156 19       		.uleb128 0x19
 1452 0157 3C       		.uleb128 0x3c
 1453 0158 19       		.uleb128 0x19
 1454 0159 00       		.byte	0
 1455 015a 00       		.byte	0
 1456 015b 1C       		.uleb128 0x1c
 1457 015c 2E       		.uleb128 0x2e
 1458 015d 00       		.byte	0
 1459 015e 3F       		.uleb128 0x3f
 1460 015f 19       		.uleb128 0x19
 1461 0160 3C       		.uleb128 0x3c
 1462 0161 19       		.uleb128 0x19
 1463 0162 6E       		.uleb128 0x6e
 1464 0163 0E       		.uleb128 0xe
 1465 0164 03       		.uleb128 0x3
 1466 0165 0E       		.uleb128 0xe
 1467 0166 3A       		.uleb128 0x3a
 1468 0167 0B       		.uleb128 0xb
 1469 0168 3B       		.uleb128 0x3b
 1470 0169 0B       		.uleb128 0xb
 1471 016a 00       		.byte	0
 1472 016b 00       		.byte	0
 1473 016c 00       		.byte	0
 1474              		.section	.debug_loc,"",%progbits
 1475              	.Ldebug_loc0:
 1476              	.LLST0:
 1477 0000 00000000 		.4byte	.LVL0
 1478 0004 18000000 		.4byte	.LVL3
ARM GAS  /var/folders/vt/qg0v_q5n5k99pnp_yg24c7s80000gn/T//cccz1lh1.s 			page 27


 1479 0008 0100     		.2byte	0x1
 1480 000a 50       		.byte	0x50
 1481 000b 18000000 		.4byte	.LVL3
 1482 000f 2C030000 		.4byte	.LFE64
 1483 0013 0400     		.2byte	0x4
 1484 0015 F3       		.byte	0xf3
 1485 0016 01       		.uleb128 0x1
 1486 0017 50       		.byte	0x50
 1487 0018 9F       		.byte	0x9f
 1488 0019 00000000 		.4byte	0
 1489 001d 00000000 		.4byte	0
 1490              	.LLST1:
 1491 0021 00000000 		.4byte	.LVL0
 1492 0025 0E000000 		.4byte	.LVL1
 1493 0029 0100     		.2byte	0x1
 1494 002b 51       		.byte	0x51
 1495 002c 0E000000 		.4byte	.LVL1
 1496 0030 2C030000 		.4byte	.LFE64
 1497 0034 0100     		.2byte	0x1
 1498 0036 57       		.byte	0x57
 1499 0037 00000000 		.4byte	0
 1500 003b 00000000 		.4byte	0
 1501              	.LLST2:
 1502 003f 00000000 		.4byte	.LVL0
 1503 0043 16000000 		.4byte	.LVL2
 1504 0047 0100     		.2byte	0x1
 1505 0049 52       		.byte	0x52
 1506 004a 16000000 		.4byte	.LVL2
 1507 004e 2C030000 		.4byte	.LFE64
 1508 0052 0200     		.2byte	0x2
 1509 0054 91       		.byte	0x91
 1510 0055 54       		.sleb128 -44
 1511 0056 00000000 		.4byte	0
 1512 005a 00000000 		.4byte	0
 1513              	.LLST3:
 1514 005e 00000000 		.4byte	.LVL0
 1515 0062 1C000000 		.4byte	.LVL4
 1516 0066 0100     		.2byte	0x1
 1517 0068 50       		.byte	0x50
 1518 0069 1C000000 		.4byte	.LVL4
 1519 006d 20000000 		.4byte	.LVL5
 1520 0071 0C00     		.2byte	0xc
 1521 0073 71       		.byte	0x71
 1522 0074 00       		.sleb128 0
 1523 0075 72       		.byte	0x72
 1524 0076 00       		.sleb128 0
 1525 0077 22       		.byte	0x22
 1526 0078 03       		.byte	0x3
 1527 0079 00000000 		.4byte	name
 1528 007d 1C       		.byte	0x1c
 1529 007e 9F       		.byte	0x9f
 1530 007f 20000000 		.4byte	.LVL5
 1531 0083 22000000 		.4byte	.LVL6
 1532 0087 0D00     		.2byte	0xd
 1533 0089 03       		.byte	0x3
 1534 008a 00000000 		.4byte	name
 1535 008e 20       		.byte	0x20
ARM GAS  /var/folders/vt/qg0v_q5n5k99pnp_yg24c7s80000gn/T//cccz1lh1.s 			page 28


 1536 008f 71       		.byte	0x71
 1537 0090 00       		.sleb128 0
 1538 0091 22       		.byte	0x22
 1539 0092 72       		.byte	0x72
 1540 0093 00       		.sleb128 0
 1541 0094 22       		.byte	0x22
 1542 0095 9F       		.byte	0x9f
 1543 0096 22000000 		.4byte	.LVL6
 1544 009a 26000000 		.4byte	.LVL7
 1545 009e 0100     		.2byte	0x1
 1546 00a0 52       		.byte	0x52
 1547 00a1 26000000 		.4byte	.LVL7
 1548 00a5 3A000000 		.4byte	.LVL9
 1549 00a9 0100     		.2byte	0x1
 1550 00ab 50       		.byte	0x50
 1551 00ac 3A000000 		.4byte	.LVL9
 1552 00b0 58000000 		.4byte	.LVL12
 1553 00b4 0100     		.2byte	0x1
 1554 00b6 58       		.byte	0x58
 1555 00b7 58000000 		.4byte	.LVL12
 1556 00bb 66000000 		.4byte	.LVL13
 1557 00bf 0300     		.2byte	0x3
 1558 00c1 78       		.byte	0x78
 1559 00c2 7F       		.sleb128 -1
 1560 00c3 9F       		.byte	0x9f
 1561 00c4 6C000000 		.4byte	.LVL14
 1562 00c8 7E000000 		.4byte	.LVL15
 1563 00cc 0300     		.2byte	0x3
 1564 00ce 78       		.byte	0x78
 1565 00cf 01       		.sleb128 1
 1566 00d0 9F       		.byte	0x9f
 1567 00d1 7E000000 		.4byte	.LVL15
 1568 00d5 90000000 		.4byte	.LVL17
 1569 00d9 0100     		.2byte	0x1
 1570 00db 58       		.byte	0x58
 1571 00dc 90000000 		.4byte	.LVL17
 1572 00e0 98000000 		.4byte	.LVL19
 1573 00e4 0300     		.2byte	0x3
 1574 00e6 78       		.byte	0x78
 1575 00e7 7F       		.sleb128 -1
 1576 00e8 9F       		.byte	0x9f
 1577 00e9 BA000000 		.4byte	.LVL22
 1578 00ed BE000000 		.4byte	.LVL23
 1579 00f1 0100     		.2byte	0x1
 1580 00f3 58       		.byte	0x58
 1581 00f4 CA000000 		.4byte	.LVL24
 1582 00f8 DC000000 		.4byte	.LVL27
 1583 00fc 0100     		.2byte	0x1
 1584 00fe 58       		.byte	0x58
 1585 00ff DC000000 		.4byte	.LVL27
 1586 0103 1E010000 		.4byte	.LVL35
 1587 0107 0100     		.2byte	0x1
 1588 0109 5B       		.byte	0x5b
 1589 010a 36010000 		.4byte	.LVL36
 1590 010e A9010000 		.4byte	.LVL37
 1591 0112 0100     		.2byte	0x1
 1592 0114 5B       		.byte	0x5b
ARM GAS  /var/folders/vt/qg0v_q5n5k99pnp_yg24c7s80000gn/T//cccz1lh1.s 			page 29


 1593 0115 AC010000 		.4byte	.LVL38
 1594 0119 AE010000 		.4byte	.LVL39
 1595 011d 0100     		.2byte	0x1
 1596 011f 58       		.byte	0x58
 1597 0120 BC010000 		.4byte	.LVL42
 1598 0124 C0010000 		.4byte	.LVL43
 1599 0128 0100     		.2byte	0x1
 1600 012a 5B       		.byte	0x5b
 1601 012b C0010000 		.4byte	.LVL43
 1602 012f D0010000 		.4byte	.LVL44
 1603 0133 0300     		.2byte	0x3
 1604 0135 7B       		.byte	0x7b
 1605 0136 01       		.sleb128 1
 1606 0137 9F       		.byte	0x9f
 1607 0138 D4010000 		.4byte	.LVL45
 1608 013c D8010000 		.4byte	.LVL46
 1609 0140 0300     		.2byte	0x3
 1610 0142 7B       		.byte	0x7b
 1611 0143 02       		.sleb128 2
 1612 0144 9F       		.byte	0x9f
 1613 0145 D8010000 		.4byte	.LVL46
 1614 0149 08020000 		.4byte	.LVL48
 1615 014d 0100     		.2byte	0x1
 1616 014f 5B       		.byte	0x5b
 1617 0150 1C020000 		.4byte	.LVL49
 1618 0154 9C020000 		.4byte	.LVL61
 1619 0158 0100     		.2byte	0x1
 1620 015a 5B       		.byte	0x5b
 1621 015b 9C020000 		.4byte	.LVL61
 1622 015f A4020000 		.4byte	.LVL63
 1623 0163 0300     		.2byte	0x3
 1624 0165 7B       		.byte	0x7b
 1625 0166 7F       		.sleb128 -1
 1626 0167 9F       		.byte	0x9f
 1627 0168 B8020000 		.4byte	.LVL66
 1628 016c CE020000 		.4byte	.LVL67
 1629 0170 0100     		.2byte	0x1
 1630 0172 5B       		.byte	0x5b
 1631 0173 CE020000 		.4byte	.LVL67
 1632 0177 D2020000 		.4byte	.LVL68
 1633 017b 0100     		.2byte	0x1
 1634 017d 53       		.byte	0x53
 1635 017e D2020000 		.4byte	.LVL68
 1636 0182 DA020000 		.4byte	.LVL69
 1637 0186 0300     		.2byte	0x3
 1638 0188 7B       		.byte	0x7b
 1639 0189 01       		.sleb128 1
 1640 018a 9F       		.byte	0x9f
 1641 018b DA020000 		.4byte	.LVL69
 1642 018f E6020000 		.4byte	.LVL70
 1643 0193 0100     		.2byte	0x1
 1644 0195 5B       		.byte	0x5b
 1645 0196 E6020000 		.4byte	.LVL70
 1646 019a EA020000 		.4byte	.LVL71
 1647 019e 0300     		.2byte	0x3
 1648 01a0 7B       		.byte	0x7b
 1649 01a1 01       		.sleb128 1
ARM GAS  /var/folders/vt/qg0v_q5n5k99pnp_yg24c7s80000gn/T//cccz1lh1.s 			page 30


 1650 01a2 9F       		.byte	0x9f
 1651 01a3 EA020000 		.4byte	.LVL71
 1652 01a7 F8020000 		.4byte	.LVL74
 1653 01ab 0100     		.2byte	0x1
 1654 01ad 5B       		.byte	0x5b
 1655 01ae F8020000 		.4byte	.LVL74
 1656 01b2 FC020000 		.4byte	.LVL75
 1657 01b6 0300     		.2byte	0x3
 1658 01b8 7B       		.byte	0x7b
 1659 01b9 01       		.sleb128 1
 1660 01ba 9F       		.byte	0x9f
 1661 01bb FC020000 		.4byte	.LVL75
 1662 01bf 1C030000 		.4byte	.LVL81
 1663 01c3 0100     		.2byte	0x1
 1664 01c5 5B       		.byte	0x5b
 1665 01c6 1C030000 		.4byte	.LVL81
 1666 01ca 20030000 		.4byte	.LVL82
 1667 01ce 0100     		.2byte	0x1
 1668 01d0 53       		.byte	0x53
 1669 01d1 20030000 		.4byte	.LVL82
 1670 01d5 2C030000 		.4byte	.LFE64
 1671 01d9 0100     		.2byte	0x1
 1672 01db 5B       		.byte	0x5b
 1673 01dc 00000000 		.4byte	0
 1674 01e0 00000000 		.4byte	0
 1675              	.LLST4:
 1676 01e4 00000000 		.4byte	.LVL0
 1677 01e8 18000000 		.4byte	.LVL3
 1678 01ec 0600     		.2byte	0x6
 1679 01ee 03       		.byte	0x3
 1680 01ef 00000000 		.4byte	name
 1681 01f3 9F       		.byte	0x9f
 1682 01f4 18000000 		.4byte	.LVL3
 1683 01f8 20000000 		.4byte	.LVL5
 1684 01fc 0100     		.2byte	0x1
 1685 01fe 51       		.byte	0x51
 1686 01ff 20000000 		.4byte	.LVL5
 1687 0203 22000000 		.4byte	.LVL6
 1688 0207 0300     		.2byte	0x3
 1689 0209 71       		.byte	0x71
 1690 020a 7F       		.sleb128 -1
 1691 020b 9F       		.byte	0x9f
 1692 020c 22000000 		.4byte	.LVL6
 1693 0210 2A000000 		.4byte	.LVL8
 1694 0214 0100     		.2byte	0x1
 1695 0216 51       		.byte	0x51
 1696 0217 DC000000 		.4byte	.LVL27
 1697 021b E8000000 		.4byte	.LVL28
 1698 021f 0100     		.2byte	0x1
 1699 0221 5B       		.byte	0x5b
 1700 0222 E8000000 		.4byte	.LVL28
 1701 0226 EE000000 		.4byte	.LVL29
 1702 022a 0100     		.2byte	0x1
 1703 022c 5E       		.byte	0x5e
 1704 022d EE000000 		.4byte	.LVL29
 1705 0231 F2000000 		.4byte	.LVL30
 1706 0235 0300     		.2byte	0x3
ARM GAS  /var/folders/vt/qg0v_q5n5k99pnp_yg24c7s80000gn/T//cccz1lh1.s 			page 31


 1707 0237 7E       		.byte	0x7e
 1708 0238 7F       		.sleb128 -1
 1709 0239 9F       		.byte	0x9f
 1710 023a 00000000 		.4byte	0
 1711 023e 00000000 		.4byte	0
 1712              	.LLST5:
 1713 0242 00000000 		.4byte	.LVL0
 1714 0246 40000000 		.4byte	.LVL10
 1715 024a 0200     		.2byte	0x2
 1716 024c 34       		.byte	0x34
 1717 024d 9F       		.byte	0x9f
 1718 024e B2010000 		.4byte	.LVL40
 1719 0252 B4010000 		.4byte	.LVL41
 1720 0256 0100     		.2byte	0x1
 1721 0258 55       		.byte	0x55
 1722 0259 00000000 		.4byte	0
 1723 025d 00000000 		.4byte	0
 1724              	.LLST6:
 1725 0261 00000000 		.4byte	.LVL0
 1726 0265 40000000 		.4byte	.LVL10
 1727 0269 0200     		.2byte	0x2
 1728 026b 36       		.byte	0x36
 1729 026c 9F       		.byte	0x9f
 1730 026d 00000000 		.4byte	0
 1731 0271 00000000 		.4byte	0
 1732              	.LLST7:
 1733 0275 00000000 		.4byte	.LVL0
 1734 0279 40000000 		.4byte	.LVL10
 1735 027d 0300     		.2byte	0x3
 1736 027f 08       		.byte	0x8
 1737 0280 3F       		.byte	0x3f
 1738 0281 9F       		.byte	0x9f
 1739 0282 40000000 		.4byte	.LVL10
 1740 0286 B8000000 		.4byte	.LVL21
 1741 028a 0100     		.2byte	0x1
 1742 028c 54       		.byte	0x54
 1743 028d CA000000 		.4byte	.LVL24
 1744 0291 14010000 		.4byte	.LVL33
 1745 0295 0100     		.2byte	0x1
 1746 0297 54       		.byte	0x54
 1747 0298 A9010000 		.4byte	.LVL37
 1748 029c B4010000 		.4byte	.LVL41
 1749 02a0 0100     		.2byte	0x1
 1750 02a2 54       		.byte	0x54
 1751 02a3 00000000 		.4byte	0
 1752 02a7 00000000 		.4byte	0
 1753              	.LLST8:
 1754 02ab 00000000 		.4byte	.LVL0
 1755 02af DC000000 		.4byte	.LVL27
 1756 02b3 0200     		.2byte	0x2
 1757 02b5 30       		.byte	0x30
 1758 02b6 9F       		.byte	0x9f
 1759 02b7 DC000000 		.4byte	.LVL27
 1760 02bb E8000000 		.4byte	.LVL28
 1761 02bf 0200     		.2byte	0x2
 1762 02c1 31       		.byte	0x31
 1763 02c2 9F       		.byte	0x9f
ARM GAS  /var/folders/vt/qg0v_q5n5k99pnp_yg24c7s80000gn/T//cccz1lh1.s 			page 32


 1764 02c3 E8000000 		.4byte	.LVL28
 1765 02c7 FC000000 		.4byte	.LVL31
 1766 02cb 0100     		.2byte	0x1
 1767 02cd 50       		.byte	0x50
 1768 02ce FC000000 		.4byte	.LVL31
 1769 02d2 FF000000 		.4byte	.LVL32-1
 1770 02d6 0300     		.2byte	0x3
 1771 02d8 70       		.byte	0x70
 1772 02d9 7F       		.sleb128 -1
 1773 02da 9F       		.byte	0x9f
 1774 02db A9010000 		.4byte	.LVL37
 1775 02df B4010000 		.4byte	.LVL41
 1776 02e3 0200     		.2byte	0x2
 1777 02e5 30       		.byte	0x30
 1778 02e6 9F       		.byte	0x9f
 1779 02e7 00000000 		.4byte	0
 1780 02eb 00000000 		.4byte	0
 1781              	.LLST9:
 1782 02ef 6C000000 		.4byte	.LVL14
 1783 02f3 CE000000 		.4byte	.LVL25
 1784 02f7 0100     		.2byte	0x1
 1785 02f9 5E       		.byte	0x5e
 1786 02fa A9010000 		.4byte	.LVL37
 1787 02fe B4010000 		.4byte	.LVL41
 1788 0302 0100     		.2byte	0x1
 1789 0304 5E       		.byte	0x5e
 1790 0305 00000000 		.4byte	0
 1791 0309 00000000 		.4byte	0
 1792              	.LLST10:
 1793 030d 7E000000 		.4byte	.LVL15
 1794 0311 8C000000 		.4byte	.LVL16
 1795 0315 0200     		.2byte	0x2
 1796 0317 30       		.byte	0x30
 1797 0318 9F       		.byte	0x9f
 1798 0319 8C000000 		.4byte	.LVL16
 1799 031d 94000000 		.4byte	.LVL18
 1800 0321 0100     		.2byte	0x1
 1801 0323 53       		.byte	0x53
 1802 0324 98000000 		.4byte	.LVL19
 1803 0328 A2000000 		.4byte	.LVL20
 1804 032c 0100     		.2byte	0x1
 1805 032e 53       		.byte	0x53
 1806 032f 00000000 		.4byte	0
 1807 0333 00000000 		.4byte	0
 1808              	.LLST11:
 1809 0337 BC010000 		.4byte	.LVL42
 1810 033b C0010000 		.4byte	.LVL43
 1811 033f 0200     		.2byte	0x2
 1812 0341 3B       		.byte	0x3b
 1813 0342 9F       		.byte	0x9f
 1814 0343 C0010000 		.4byte	.LVL43
 1815 0347 40020000 		.4byte	.LVL52
 1816 034b 0100     		.2byte	0x1
 1817 034d 5C       		.byte	0x5c
 1818 034e B8020000 		.4byte	.LVL66
 1819 0352 FE020000 		.4byte	.LVL76
 1820 0356 0100     		.2byte	0x1
ARM GAS  /var/folders/vt/qg0v_q5n5k99pnp_yg24c7s80000gn/T//cccz1lh1.s 			page 33


 1821 0358 5C       		.byte	0x5c
 1822 0359 FE020000 		.4byte	.LVL76
 1823 035d 04030000 		.4byte	.LVL77
 1824 0361 0200     		.2byte	0x2
 1825 0363 37       		.byte	0x37
 1826 0364 9F       		.byte	0x9f
 1827 0365 04030000 		.4byte	.LVL77
 1828 0369 0A030000 		.4byte	.LVL78
 1829 036d 0200     		.2byte	0x2
 1830 036f 35       		.byte	0x35
 1831 0370 9F       		.byte	0x9f
 1832 0371 0A030000 		.4byte	.LVL78
 1833 0375 10030000 		.4byte	.LVL79
 1834 0379 0200     		.2byte	0x2
 1835 037b 34       		.byte	0x34
 1836 037c 9F       		.byte	0x9f
 1837 037d 10030000 		.4byte	.LVL79
 1838 0381 16030000 		.4byte	.LVL80
 1839 0385 0200     		.2byte	0x2
 1840 0387 32       		.byte	0x32
 1841 0388 9F       		.byte	0x9f
 1842 0389 16030000 		.4byte	.LVL80
 1843 038d 1C030000 		.4byte	.LVL81
 1844 0391 0200     		.2byte	0x2
 1845 0393 39       		.byte	0x39
 1846 0394 9F       		.byte	0x9f
 1847 0395 1C030000 		.4byte	.LVL81
 1848 0399 20030000 		.4byte	.LVL82
 1849 039d 0100     		.2byte	0x1
 1850 039f 5C       		.byte	0x5c
 1851 03a0 00000000 		.4byte	0
 1852 03a4 00000000 		.4byte	0
 1853              	.LLST12:
 1854 03a8 D2020000 		.4byte	.LVL68
 1855 03ac EC020000 		.4byte	.LVL72
 1856 03b0 0100     		.2byte	0x1
 1857 03b2 5E       		.byte	0x5e
 1858 03b3 00000000 		.4byte	0
 1859 03b7 00000000 		.4byte	0
 1860              	.LLST13:
 1861 03bb 36010000 		.4byte	.LVL36
 1862 03bf A9010000 		.4byte	.LVL37
 1863 03c3 0100     		.2byte	0x1
 1864 03c5 51       		.byte	0x51
 1865 03c6 BC010000 		.4byte	.LVL42
 1866 03ca 04020000 		.4byte	.LVL47
 1867 03ce 0100     		.2byte	0x1
 1868 03d0 51       		.byte	0x51
 1869 03d1 84020000 		.4byte	.LVL58
 1870 03d5 8A020000 		.4byte	.LVL59
 1871 03d9 0100     		.2byte	0x1
 1872 03db 51       		.byte	0x51
 1873 03dc B6020000 		.4byte	.LVL65
 1874 03e0 EC020000 		.4byte	.LVL72
 1875 03e4 0100     		.2byte	0x1
 1876 03e6 51       		.byte	0x51
 1877 03e7 F0020000 		.4byte	.LVL73
ARM GAS  /var/folders/vt/qg0v_q5n5k99pnp_yg24c7s80000gn/T//cccz1lh1.s 			page 34


 1878 03eb 2C030000 		.4byte	.LFE64
 1879 03ef 0100     		.2byte	0x1
 1880 03f1 51       		.byte	0x51
 1881 03f2 00000000 		.4byte	0
 1882 03f6 00000000 		.4byte	0
 1883              	.LLST14:
 1884 03fa 24020000 		.4byte	.LVL50
 1885 03fe 63020000 		.4byte	.LVL55-1
 1886 0402 0100     		.2byte	0x1
 1887 0404 52       		.byte	0x52
 1888 0405 EC020000 		.4byte	.LVL72
 1889 0409 F0020000 		.4byte	.LVL73
 1890 040d 0100     		.2byte	0x1
 1891 040f 52       		.byte	0x52
 1892 0410 00000000 		.4byte	0
 1893 0414 00000000 		.4byte	0
 1894              	.LLST15:
 1895 0418 5E020000 		.4byte	.LVL54
 1896 041c 63020000 		.4byte	.LVL55-1
 1897 0420 0100     		.2byte	0x1
 1898 0422 50       		.byte	0x50
 1899 0423 00000000 		.4byte	0
 1900 0427 00000000 		.4byte	0
 1901              	.LLST16:
 1902 042b 32020000 		.4byte	.LVL51
 1903 042f 4C020000 		.4byte	.LVL53
 1904 0433 0100     		.2byte	0x1
 1905 0435 50       		.byte	0x50
 1906 0436 00000000 		.4byte	0
 1907 043a 00000000 		.4byte	0
 1908              	.LLST17:
 1909 043e 8A020000 		.4byte	.LVL59
 1910 0442 98020000 		.4byte	.LVL60
 1911 0446 0200     		.2byte	0x2
 1912 0448 30       		.byte	0x30
 1913 0449 9F       		.byte	0x9f
 1914 044a 98020000 		.4byte	.LVL60
 1915 044e A0020000 		.4byte	.LVL62
 1916 0452 0100     		.2byte	0x1
 1917 0454 52       		.byte	0x52
 1918 0455 A4020000 		.4byte	.LVL63
 1919 0459 B2020000 		.4byte	.LVL64
 1920 045d 0100     		.2byte	0x1
 1921 045f 52       		.byte	0x52
 1922 0460 00000000 		.4byte	0
 1923 0464 00000000 		.4byte	0
 1924              		.section	.debug_aranges,"",%progbits
 1925 0000 1C000000 		.4byte	0x1c
 1926 0004 0200     		.2byte	0x2
 1927 0006 00000000 		.4byte	.Ldebug_info0
 1928 000a 04       		.byte	0x4
 1929 000b 00       		.byte	0
 1930 000c 0000     		.2byte	0
 1931 000e 0000     		.2byte	0
 1932 0010 00000000 		.4byte	.LFB64
 1933 0014 2C030000 		.4byte	.LFE64-.LFB64
 1934 0018 00000000 		.4byte	0
ARM GAS  /var/folders/vt/qg0v_q5n5k99pnp_yg24c7s80000gn/T//cccz1lh1.s 			page 35


 1935 001c 00000000 		.4byte	0
 1936              		.section	.debug_ranges,"",%progbits
 1937              	.Ldebug_ranges0:
 1938 0000 44000000 		.4byte	.LBB7
 1939 0004 48000000 		.4byte	.LBE7
 1940 0008 4E000000 		.4byte	.LBB8
 1941 000c CA000000 		.4byte	.LBE8
 1942 0010 AA010000 		.4byte	.LBB17
 1943 0014 B4010000 		.4byte	.LBE17
 1944 0018 00000000 		.4byte	0
 1945 001c 00000000 		.4byte	0
 1946 0020 0A010000 		.4byte	.LBB9
 1947 0024 AA010000 		.4byte	.LBE9
 1948 0028 B4010000 		.4byte	.LBB18
 1949 002c B6010000 		.4byte	.LBE18
 1950 0030 BC010000 		.4byte	.LBB19
 1951 0034 64020000 		.4byte	.LBE19
 1952 0038 84020000 		.4byte	.LBB20
 1953 003c 2C030000 		.4byte	.LBE20
 1954 0040 00000000 		.4byte	0
 1955 0044 00000000 		.4byte	0
 1956 0048 0A010000 		.4byte	.LBB10
 1957 004c 14010000 		.4byte	.LBE10
 1958 0050 32020000 		.4byte	.LBB15
 1959 0054 5E020000 		.4byte	.LBE15
 1960 0058 00000000 		.4byte	0
 1961 005c 00000000 		.4byte	0
 1962 0060 14010000 		.4byte	.LBB13
 1963 0064 1A010000 		.4byte	.LBE13
 1964 0068 2C010000 		.4byte	.LBB14
 1965 006c 30010000 		.4byte	.LBE14
 1966 0070 8A020000 		.4byte	.LBB16
 1967 0074 B8020000 		.4byte	.LBE16
 1968 0078 00000000 		.4byte	0
 1969 007c 00000000 		.4byte	0
 1970 0080 00000000 		.4byte	.LFB64
 1971 0084 2C030000 		.4byte	.LFE64
 1972 0088 00000000 		.4byte	0
 1973 008c 00000000 		.4byte	0
 1974              		.section	.debug_line,"",%progbits
 1975              	.Ldebug_line0:
 1976 0000 3D020000 		.section	.debug_str,"MS",%progbits,1
 1976      02005201 
 1976      00000201 
 1976      FB0E0D00 
 1976      01010101 
 1977              	.LASF15:
 1978 0000 6B566578 		.ascii	"kVexDigital_None\000"
 1978      44696769 
 1978      74616C5F 
 1978      4E6F6E65 
 1978      00
 1979              	.LASF58:
 1980 0011 2E2E2F2E 		.ascii	"../../convex/convex/cortex/fw/vexrttl.c\000"
 1980      2E2F636F 
 1980      6E766578 
 1980      2F636F6E 
ARM GAS  /var/folders/vt/qg0v_q5n5k99pnp_yg24c7s80000gn/T//cccz1lh1.s 			page 36


 1980      7665782F 
 1981              	.LASF32:
 1982 0039 6B496D65 		.ascii	"kImeChannel_2\000"
 1982      4368616E 
 1982      6E656C5F 
 1982      3200
 1983              	.LASF33:
 1984 0047 6B496D65 		.ascii	"kImeChannel_3\000"
 1984      4368616E 
 1984      6E656C5F 
 1984      3300
 1985              	.LASF34:
 1986 0055 6B496D65 		.ascii	"kImeChannel_4\000"
 1986      4368616E 
 1986      6E656C5F 
 1986      3400
 1987              	.LASF35:
 1988 0063 6B496D65 		.ascii	"kImeChannel_5\000"
 1988      4368616E 
 1988      6E656C5F 
 1988      3500
 1989              	.LASF36:
 1990 0071 6B496D65 		.ascii	"kImeChannel_6\000"
 1990      4368616E 
 1990      6E656C5F 
 1990      3600
 1991              	.LASF37:
 1992 007f 6B496D65 		.ascii	"kImeChannel_7\000"
 1992      4368616E 
 1992      6E656C5F 
 1992      3700
 1993              	.LASF38:
 1994 008d 6B496D65 		.ascii	"kImeChannel_8\000"
 1994      4368616E 
 1994      6E656C5F 
 1994      3800
 1995              	.LASF5:
 1996 009b 73686F72 		.ascii	"short int\000"
 1996      7420696E 
 1996      7400
 1997              	.LASF13:
 1998 00a5 73697A65 		.ascii	"sizetype\000"
 1998      74797065 
 1998      00
 1999              	.LASF39:
 2000 00ae 6B496D65 		.ascii	"kImeTotal\000"
 2000      546F7461 
 2000      6C00
 2001              	.LASF45:
 2002 00b8 64656673 		.ascii	"defscale\000"
 2002      63616C65 
 2002      00
 2003              	.LASF60:
 2004 00c1 6E6F7465 		.ascii	"note2freq\000"
 2004      32667265 
 2004      7100
 2005              	.LASF43:
ARM GAS  /var/folders/vt/qg0v_q5n5k99pnp_yg24c7s80000gn/T//cccz1lh1.s 			page 37


 2006 00cb 72657065 		.ascii	"repeat\000"
 2006      617400
 2007              	.LASF56:
 2008 00d2 76657841 		.ascii	"vexAudioStartChipToneSong\000"
 2008      7564696F 
 2008      53746172 
 2008      74436869 
 2008      70546F6E 
 2009              	.LASF59:
 2010 00ec 2F557365 		.ascii	"/Users/gherlein/herlein/src/vex/Convex-Examples/Squ"
 2010      72732F67 
 2010      6865726C 
 2010      65696E2F 
 2010      6865726C 
 2011 011f 61726542 		.ascii	"areBot\000"
 2011      6F7400
 2012              	.LASF30:
 2013 0126 6B566578 		.ascii	"kVexDigitalOutput\000"
 2013      44696769 
 2013      74616C4F 
 2013      75747075 
 2013      7400
 2014              	.LASF48:
 2015 0138 76616C75 		.ascii	"value\000"
 2015      6500
 2016              	.LASF25:
 2017 013e 6B566578 		.ascii	"kVexDigital_10\000"
 2017      44696769 
 2017      74616C5F 
 2017      313000
 2018              	.LASF26:
 2019 014d 6B566578 		.ascii	"kVexDigital_11\000"
 2019      44696769 
 2019      74616C5F 
 2019      313100
 2020              	.LASF27:
 2021 015c 6B566578 		.ascii	"kVexDigital_12\000"
 2021      44696769 
 2021      74616C5F 
 2021      313200
 2022              	.LASF51:
 2023 016b 66726571 		.ascii	"freq\000"
 2023      00
 2024              	.LASF1:
 2025 0170 6C6F6E67 		.ascii	"long long int\000"
 2025      206C6F6E 
 2025      6720696E 
 2025      7400
 2026              	.LASF7:
 2027 017e 6C6F6E67 		.ascii	"long int\000"
 2027      20696E74 
 2027      00
 2028              	.LASF49:
 2029 0187 6E6F7465 		.ascii	"note\000"
 2029      00
 2030              	.LASF29:
 2031 018c 6B566578 		.ascii	"kVexDigitalInput\000"
ARM GAS  /var/folders/vt/qg0v_q5n5k99pnp_yg24c7s80000gn/T//cccz1lh1.s 			page 38


 2031      44696769 
 2031      74616C49 
 2031      6E707574 
 2031      00
 2032              	.LASF53:
 2033 019d 6E616D65 		.ascii	"name\000"
 2033      00
 2034              	.LASF2:
 2035 01a2 6C6F6E67 		.ascii	"long double\000"
 2035      20646F75 
 2035      626C6500 
 2036              	.LASF31:
 2037 01ae 6B496D65 		.ascii	"kImeChannel_1\000"
 2037      4368616E 
 2037      6E656C5F 
 2037      3100
 2038              	.LASF4:
 2039 01bc 756E7369 		.ascii	"unsigned char\000"
 2039      676E6564 
 2039      20636861 
 2039      7200
 2040              	.LASF3:
 2041 01ca 7369676E 		.ascii	"signed char\000"
 2041      65642063 
 2041      68617200 
 2042              	.LASF42:
 2043 01d6 616D706C 		.ascii	"amplitude\000"
 2043      69747564 
 2043      6500
 2044              	.LASF9:
 2045 01e0 6C6F6E67 		.ascii	"long long unsigned int\000"
 2045      206C6F6E 
 2045      6720756E 
 2045      7369676E 
 2045      65642069 
 2046              	.LASF50:
 2047 01f7 7363616C 		.ascii	"scale\000"
 2047      6500
 2048              	.LASF18:
 2049 01fd 6B566578 		.ascii	"kVexDigital_3\000"
 2049      44696769 
 2049      74616C5F 
 2049      3300
 2050              	.LASF55:
 2051 020b 76657841 		.ascii	"vexAudioInitChipToneSong\000"
 2051      7564696F 
 2051      496E6974 
 2051      43686970 
 2051      546F6E65 
 2052              	.LASF47:
 2053 0224 70617261 		.ascii	"param\000"
 2053      6D00
 2054              	.LASF44:
 2055 022a 64656664 		.ascii	"defdur\000"
 2055      757200
 2056              	.LASF57:
 2057 0231 474E5520 		.ascii	"GNU C11 5.2.1 20151202 (release) [ARM/embedded-5-br"
ARM GAS  /var/folders/vt/qg0v_q5n5k99pnp_yg24c7s80000gn/T//cccz1lh1.s 			page 39


 2057      43313120 
 2057      352E322E 
 2057      31203230 
 2057      31353132 
 2058 0264 616E6368 		.ascii	"anch revision 231848] -mcpu=cortex-m3 -mno-thumb-in"
 2058      20726576 
 2058      6973696F 
 2058      6E203233 
 2058      31383438 
 2059 0297 74657277 		.ascii	"terwork -mthumb -ggdb -O2 -fomit-frame-pointer -fal"
 2059      6F726B20 
 2059      2D6D7468 
 2059      756D6220 
 2059      2D676764 
 2060 02ca 69676E2D 		.ascii	"ign-functions=16 -ffunction-sections -fdata-section"
 2060      66756E63 
 2060      74696F6E 
 2060      733D3136 
 2060      202D6666 
 2061 02fd 73202D66 		.ascii	"s -fno-common\000"
 2061      6E6F2D63 
 2061      6F6D6D6F 
 2061      6E00
 2062              	.LASF14:
 2063 030b 63686172 		.ascii	"char\000"
 2063      00
 2064              	.LASF16:
 2065 0310 6B566578 		.ascii	"kVexDigital_1\000"
 2065      44696769 
 2065      74616C5F 
 2065      3100
 2066              	.LASF17:
 2067 031e 6B566578 		.ascii	"kVexDigital_2\000"
 2067      44696769 
 2067      74616C5F 
 2067      3200
 2068              	.LASF11:
 2069 032c 696E7433 		.ascii	"int32_t\000"
 2069      325F7400 
 2070              	.LASF19:
 2071 0334 6B566578 		.ascii	"kVexDigital_4\000"
 2071      44696769 
 2071      74616C5F 
 2071      3400
 2072              	.LASF20:
 2073 0342 6B566578 		.ascii	"kVexDigital_5\000"
 2073      44696769 
 2073      74616C5F 
 2073      3500
 2074              	.LASF21:
 2075 0350 6B566578 		.ascii	"kVexDigital_6\000"
 2075      44696769 
 2075      74616C5F 
 2075      3600
 2076              	.LASF22:
 2077 035e 6B566578 		.ascii	"kVexDigital_7\000"
 2077      44696769 
ARM GAS  /var/folders/vt/qg0v_q5n5k99pnp_yg24c7s80000gn/T//cccz1lh1.s 			page 40


 2077      74616C5F 
 2077      3700
 2078              	.LASF23:
 2079 036c 6B566578 		.ascii	"kVexDigital_8\000"
 2079      44696769 
 2079      74616C5F 
 2079      3800
 2080              	.LASF24:
 2081 037a 6B566578 		.ascii	"kVexDigital_9\000"
 2081      44696769 
 2081      74616C5F 
 2081      3900
 2082              	.LASF12:
 2083 0388 5F426F6F 		.ascii	"_Bool\000"
 2083      6C00
 2084              	.LASF61:
 2085 038e 76657841 		.ascii	"vexAudioPlayRtttl\000"
 2085      7564696F 
 2085      506C6179 
 2085      52747474 
 2085      6C00
 2086              	.LASF40:
 2087 03a0 6B496D65 		.ascii	"kImeChannelNone\000"
 2087      4368616E 
 2087      6E656C4E 
 2087      6F6E6500 
 2088              	.LASF6:
 2089 03b0 73686F72 		.ascii	"short unsigned int\000"
 2089      7420756E 
 2089      7369676E 
 2089      65642069 
 2089      6E7400
 2090              	.LASF8:
 2091 03c3 6C6F6E67 		.ascii	"long unsigned int\000"
 2091      20756E73 
 2091      69676E65 
 2091      6420696E 
 2091      7400
 2092              	.LASF54:
 2093 03d5 76657841 		.ascii	"vexAudioSetNextChipTone\000"
 2093      7564696F 
 2093      5365744E 
 2093      65787443 
 2093      68697054 
 2094              	.LASF46:
 2095 03ed 636F756E 		.ascii	"count\000"
 2095      7400
 2096              	.LASF10:
 2097 03f3 5F5F696E 		.ascii	"__int32_t\000"
 2097      7433325F 
 2097      7400
 2098              	.LASF28:
 2099 03fd 6B566578 		.ascii	"kVexDigital_Num\000"
 2099      44696769 
 2099      74616C5F 
 2099      4E756D00 
 2100              	.LASF41:
ARM GAS  /var/folders/vt/qg0v_q5n5k99pnp_yg24c7s80000gn/T//cccz1lh1.s 			page 41


 2101 040d 736F6E67 		.ascii	"song\000"
 2101      00
 2102              	.LASF62:
 2103 0412 49544D5F 		.ascii	"ITM_RxBuffer\000"
 2103      52784275 
 2103      66666572 
 2103      00
 2104              	.LASF0:
 2105 041f 756E7369 		.ascii	"unsigned int\000"
 2105      676E6564 
 2105      20696E74 
 2105      00
 2106              	.LASF52:
 2107 042c 6E6F7465 		.ascii	"notefreq\000"
 2107      66726571 
 2107      00
 2108              		.ident	"GCC: (GNU Tools for ARM Embedded Processors) 5.2.1 20151202 (release) [ARM/embedded-5-bran
ARM GAS  /var/folders/vt/qg0v_q5n5k99pnp_yg24c7s80000gn/T//cccz1lh1.s 			page 42


DEFINED SYMBOLS
                            *ABS*:0000000000000000 vexrttl.c
/var/folders/vt/qg0v_q5n5k99pnp_yg24c7s80000gn/T//cccz1lh1.s:20     .text.vexAudioPlayRtttl:0000000000000000 $t
/var/folders/vt/qg0v_q5n5k99pnp_yg24c7s80000gn/T//cccz1lh1.s:26     .text.vexAudioPlayRtttl:0000000000000000 vexAudioPlayRtttl
/var/folders/vt/qg0v_q5n5k99pnp_yg24c7s80000gn/T//cccz1lh1.s:272    .text.vexAudioPlayRtttl:0000000000000140 $d
/var/folders/vt/qg0v_q5n5k99pnp_yg24c7s80000gn/T//cccz1lh1.s:445    .text.vexAudioPlayRtttl:00000000000001f4 $d
/var/folders/vt/qg0v_q5n5k99pnp_yg24c7s80000gn/T//cccz1lh1.s:452    .text.vexAudioPlayRtttl:0000000000000204 $t
/var/folders/vt/qg0v_q5n5k99pnp_yg24c7s80000gn/T//cccz1lh1.s:644    .text.vexAudioPlayRtttl:0000000000000328 $d
/var/folders/vt/qg0v_q5n5k99pnp_yg24c7s80000gn/T//cccz1lh1.s:650    .rodata.notefreq:0000000000000000 $d
/var/folders/vt/qg0v_q5n5k99pnp_yg24c7s80000gn/T//cccz1lh1.s:654    .rodata.notefreq:0000000000000000 notefreq
/var/folders/vt/qg0v_q5n5k99pnp_yg24c7s80000gn/T//cccz1lh1.s:668    .rodata.str1.4:0000000000000000 $d
/var/folders/vt/qg0v_q5n5k99pnp_yg24c7s80000gn/T//cccz1lh1.s:672    .bss.name:0000000000000000 $d
/var/folders/vt/qg0v_q5n5k99pnp_yg24c7s80000gn/T//cccz1lh1.s:676    .bss.name:0000000000000000 name
                     .debug_frame:0000000000000010 $d
/var/folders/vt/qg0v_q5n5k99pnp_yg24c7s80000gn/T//cccz1lh1.s:378    .text.vexAudioPlayRtttl:00000000000001a9 $d
/var/folders/vt/qg0v_q5n5k99pnp_yg24c7s80000gn/T//cccz1lh1.s:378    .text.vexAudioPlayRtttl:00000000000001aa $t

UNDEFINED SYMBOLS
vexAudioInitChipToneSong
vexAudioSetNextChipTone
vexAudioStartChipToneSong
