ARM GAS  /var/folders/vt/qg0v_q5n5k99pnp_yg24c7s80000gn/T//ccWQ6Yzy.s 			page 1


   1              		.syntax unified
   2              		.cpu cortex-m3
   3              		.fpu softvfp
   4              		.eabi_attribute 20, 1
   5              		.eabi_attribute 21, 1
   6              		.eabi_attribute 23, 3
   7              		.eabi_attribute 24, 1
   8              		.eabi_attribute 25, 1
   9              		.eabi_attribute 26, 1
  10              		.eabi_attribute 30, 2
  11              		.eabi_attribute 34, 1
  12              		.eabi_attribute 18, 4
  13              		.thumb
  14              		.syntax unified
  15              		.file	"evtimer.c"
  16              		.text
  17              	.Ltext0:
  18              		.cfi_sections	.debug_frame
  19              		.section	.text.tmrcb,"ax",%progbits
  20              		.align	2
  21              		.p2align 4,,15
  22              		.thumb
  23              		.thumb_func
  24              		.type	tmrcb, %function
  25              	tmrcb:
  26              	.LFB7:
  27              		.file 1 "../../ChibiOS/os/various/evtimer.c"
  28              		.loc 1 28 0
  29              		.cfi_startproc
  30              		@ args = 0, pretend = 0, frame = 0
  31              		@ frame_needed = 0, uses_anonymous_args = 0
  32              	.LVL0:
  33 0000 10B5     		push	{r4, lr}
  34              		.cfi_def_cfa_offset 8
  35              		.cfi_offset 4, -8
  36              		.cfi_offset 14, -4
  37              	.LBB2:
  38              		.loc 1 31 0
  39 0002 2023     		movs	r3, #32
  40              	.LBE2:
  41              		.loc 1 28 0
  42 0004 0446     		mov	r4, r0
  43              	.LVL1:
  44              	.LBB3:
  45              		.loc 1 31 0
  46              		.syntax unified
  47              	@ 31 "../../ChibiOS/os/various/evtimer.c" 1
  48 0006 83F31188 		msr     BASEPRI, r3
  49              	@ 0 "" 2
  50              		.thumb
  51              		.syntax unified
  52              	.LBE3:
  53              		.loc 1 32 0
  54 000a 0021     		movs	r1, #0
  55 000c 1430     		adds	r0, r0, #20
  56              	.LVL2:
  57 000e FFF7FEFF 		bl	chEvtBroadcastFlagsI
ARM GAS  /var/folders/vt/qg0v_q5n5k99pnp_yg24c7s80000gn/T//ccWQ6Yzy.s 			page 2


  58              	.LVL3:
  59              		.loc 1 33 0
  60 0012 2346     		mov	r3, r4
  61 0014 A169     		ldr	r1, [r4, #24]
  62 0016 2046     		mov	r0, r4
  63 0018 034A     		ldr	r2, .L3
  64 001a FFF7FEFF 		bl	chVTSetI
  65              	.LVL4:
  66              	.LBB4:
  67              		.loc 1 34 0
  68 001e 0023     		movs	r3, #0
  69              		.syntax unified
  70              	@ 34 "../../ChibiOS/os/various/evtimer.c" 1
  71 0020 83F31188 		msr     BASEPRI, r3
  72              	@ 0 "" 2
  73              		.thumb
  74              		.syntax unified
  75 0024 10BD     		pop	{r4, pc}
  76              	.LVL5:
  77              	.L4:
  78 0026 00BF     		.align	2
  79              	.L3:
  80 0028 00000000 		.word	tmrcb
  81              	.LBE4:
  82              		.cfi_endproc
  83              	.LFE7:
  84              		.size	tmrcb, .-tmrcb
  85              		.section	.text.evtStart,"ax",%progbits
  86              		.align	2
  87              		.p2align 4,,15
  88              		.global	evtStart
  89              		.thumb
  90              		.thumb_func
  91              		.type	evtStart, %function
  92              	evtStart:
  93              	.LFB8:
  94              		.loc 1 43 0
  95              		.cfi_startproc
  96              		@ args = 0, pretend = 0, frame = 0
  97              		@ frame_needed = 0, uses_anonymous_args = 0
  98              	.LVL6:
  99 0000 08B5     		push	{r3, lr}
 100              		.cfi_def_cfa_offset 8
 101              		.cfi_offset 3, -8
 102              		.cfi_offset 14, -4
 103              	.LBB5:
 104              		.loc 1 45 0
 105 0002 2023     		movs	r3, #32
 106              		.syntax unified
 107              	@ 45 "../../ChibiOS/os/various/evtimer.c" 1
 108 0004 83F31188 		msr     BASEPRI, r3
 109              	@ 0 "" 2
 110              		.thumb
 111              		.syntax unified
 112              	.LBE5:
 113              		.loc 1 47 0
 114 0008 C368     		ldr	r3, [r0, #12]
ARM GAS  /var/folders/vt/qg0v_q5n5k99pnp_yg24c7s80000gn/T//ccWQ6Yzy.s 			page 3


 115 000a 1BB1     		cbz	r3, .L9
 116              	.LBB6:
 117              		.loc 1 50 0
 118 000c 0023     		movs	r3, #0
 119              		.syntax unified
 120              	@ 50 "../../ChibiOS/os/various/evtimer.c" 1
 121 000e 83F31188 		msr     BASEPRI, r3
 122              	@ 0 "" 2
 123              		.thumb
 124              		.syntax unified
 125 0012 08BD     		pop	{r3, pc}
 126              	.L9:
 127 0014 0346     		mov	r3, r0
 128              	.LBE6:
 129              		.loc 1 48 0
 130 0016 8169     		ldr	r1, [r0, #24]
 131 0018 034A     		ldr	r2, .L10
 132 001a FFF7FEFF 		bl	chVTSetI
 133              	.LVL7:
 134              	.LBB7:
 135              		.loc 1 50 0
 136 001e 0023     		movs	r3, #0
 137              		.syntax unified
 138              	@ 50 "../../ChibiOS/os/various/evtimer.c" 1
 139 0020 83F31188 		msr     BASEPRI, r3
 140              	@ 0 "" 2
 141              		.thumb
 142              		.syntax unified
 143 0024 08BD     		pop	{r3, pc}
 144              	.L11:
 145 0026 00BF     		.align	2
 146              	.L10:
 147 0028 00000000 		.word	tmrcb
 148              	.LBE7:
 149              		.cfi_endproc
 150              	.LFE8:
 151              		.size	evtStart, .-evtStart
 152              		.section	.text.evtStop,"ax",%progbits
 153              		.align	2
 154              		.p2align 4,,15
 155              		.global	evtStop
 156              		.thumb
 157              		.thumb_func
 158              		.type	evtStop, %function
 159              	evtStop:
 160              	.LFB9:
 161              		.loc 1 59 0
 162              		.cfi_startproc
 163              		@ args = 0, pretend = 0, frame = 0
 164              		@ frame_needed = 0, uses_anonymous_args = 0
 165              	.LVL8:
 166 0000 08B5     		push	{r3, lr}
 167              		.cfi_def_cfa_offset 8
 168              		.cfi_offset 3, -8
 169              		.cfi_offset 14, -4
 170              	.LBB8:
 171              		.loc 1 61 0
ARM GAS  /var/folders/vt/qg0v_q5n5k99pnp_yg24c7s80000gn/T//ccWQ6Yzy.s 			page 4


 172 0002 2023     		movs	r3, #32
 173              		.syntax unified
 174              	@ 61 "../../ChibiOS/os/various/evtimer.c" 1
 175 0004 83F31188 		msr     BASEPRI, r3
 176              	@ 0 "" 2
 177              		.thumb
 178              		.syntax unified
 179              	.LBE8:
 180 0008 C368     		ldr	r3, [r0, #12]
 181 000a 0BB1     		cbz	r3, .L13
 182              		.loc 1 61 0 is_stmt 0 discriminator 1
 183 000c FFF7FEFF 		bl	chVTResetI
 184              	.LVL9:
 185              	.L13:
 186              	.LBB9:
 187              		.loc 1 61 0 discriminator 3
 188 0010 0023     		movs	r3, #0
 189              		.syntax unified
 190              	@ 61 "../../ChibiOS/os/various/evtimer.c" 1
 191 0012 83F31188 		msr     BASEPRI, r3
 192              	@ 0 "" 2
 193              		.thumb
 194              		.syntax unified
 195 0016 08BD     		pop	{r3, pc}
 196              	.LBE9:
 197              		.cfi_endproc
 198              	.LFE9:
 199              		.size	evtStop, .-evtStop
 200              		.text
 201              	.Letext0:
 202              		.file 2 "/usr/local/gcc-arm-none-eabi-5_2-2015q4/arm-none-eabi/include/machine/_default_types.h"
 203              		.file 3 "/usr/local/gcc-arm-none-eabi-5_2-2015q4/arm-none-eabi/include/sys/_stdint.h"
 204              		.file 4 "../../ChibiOS/os/ports/GCC/ARMCMx/chtypes.h"
 205              		.file 5 "../../ChibiOS/os/kernel/include/chlists.h"
 206              		.file 6 "../../ChibiOS/os/kernel/include/chthreads.h"
 207              		.file 7 "../../ChibiOS/os/ports/GCC/ARMCMx/chcore_v7m.h"
 208              		.file 8 "../../ChibiOS/os/kernel/include/chvt.h"
 209              		.file 9 "../../ChibiOS/os/kernel/include/chmtx.h"
 210              		.file 10 "../../ChibiOS/os/kernel/include/chevents.h"
 211              		.file 11 "../../ChibiOS/os/various/evtimer.h"
 212              		.section	.debug_info,"",%progbits
 213              	.Ldebug_info0:
 214 0000 81060000 		.4byte	0x681
 215 0004 0400     		.2byte	0x4
 216 0006 00000000 		.4byte	.Ldebug_abbrev0
 217 000a 04       		.byte	0x4
 218 000b 01       		.uleb128 0x1
 219 000c 12000000 		.4byte	.LASF84
 220 0010 0C       		.byte	0xc
 221 0011 CB020000 		.4byte	.LASF85
 222 0015 E8010000 		.4byte	.LASF86
 223 0019 30000000 		.4byte	.Ldebug_ranges0+0x30
 224 001d 00000000 		.4byte	0
 225 0021 00000000 		.4byte	.Ldebug_line0
 226 0025 02       		.uleb128 0x2
 227 0026 04       		.byte	0x4
 228 0027 05       		.byte	0x5
ARM GAS  /var/folders/vt/qg0v_q5n5k99pnp_yg24c7s80000gn/T//ccWQ6Yzy.s 			page 5


 229 0028 696E7400 		.ascii	"int\000"
 230 002c 03       		.uleb128 0x3
 231 002d 04       		.byte	0x4
 232 002e 07       		.byte	0x7
 233 002f C1010000 		.4byte	.LASF0
 234 0033 03       		.uleb128 0x3
 235 0034 08       		.byte	0x8
 236 0035 05       		.byte	0x5
 237 0036 2E010000 		.4byte	.LASF1
 238 003a 03       		.uleb128 0x3
 239 003b 08       		.byte	0x8
 240 003c 04       		.byte	0x4
 241 003d 91020000 		.4byte	.LASF2
 242 0041 03       		.uleb128 0x3
 243 0042 01       		.byte	0x1
 244 0043 06       		.byte	0x6
 245 0044 3C010000 		.4byte	.LASF3
 246 0048 04       		.uleb128 0x4
 247 0049 F4000000 		.4byte	.LASF7
 248 004d 02       		.byte	0x2
 249 004e 1D       		.byte	0x1d
 250 004f 53000000 		.4byte	0x53
 251 0053 03       		.uleb128 0x3
 252 0054 01       		.byte	0x1
 253 0055 08       		.byte	0x8
 254 0056 0B030000 		.4byte	.LASF4
 255 005a 03       		.uleb128 0x3
 256 005b 02       		.byte	0x2
 257 005c 05       		.byte	0x5
 258 005d 38030000 		.4byte	.LASF5
 259 0061 03       		.uleb128 0x3
 260 0062 02       		.byte	0x2
 261 0063 07       		.byte	0x7
 262 0064 33020000 		.4byte	.LASF6
 263 0068 04       		.uleb128 0x4
 264 0069 C4030000 		.4byte	.LASF8
 265 006d 02       		.byte	0x2
 266 006e 3F       		.byte	0x3f
 267 006f 73000000 		.4byte	0x73
 268 0073 03       		.uleb128 0x3
 269 0074 04       		.byte	0x4
 270 0075 05       		.byte	0x5
 271 0076 6A010000 		.4byte	.LASF9
 272 007a 04       		.uleb128 0x4
 273 007b 99010000 		.4byte	.LASF10
 274 007f 02       		.byte	0x2
 275 0080 41       		.byte	0x41
 276 0081 85000000 		.4byte	0x85
 277 0085 03       		.uleb128 0x3
 278 0086 04       		.byte	0x4
 279 0087 07       		.byte	0x7
 280 0088 D6010000 		.4byte	.LASF11
 281 008c 03       		.uleb128 0x3
 282 008d 08       		.byte	0x8
 283 008e 07       		.byte	0x7
 284 008f FE000000 		.4byte	.LASF12
 285 0093 04       		.uleb128 0x4
ARM GAS  /var/folders/vt/qg0v_q5n5k99pnp_yg24c7s80000gn/T//ccWQ6Yzy.s 			page 6


 286 0094 10040000 		.4byte	.LASF13
 287 0098 03       		.byte	0x3
 288 0099 14       		.byte	0x14
 289 009a 48000000 		.4byte	0x48
 290 009e 04       		.uleb128 0x4
 291 009f 03030000 		.4byte	.LASF14
 292 00a3 03       		.byte	0x3
 293 00a4 1F       		.byte	0x1f
 294 00a5 68000000 		.4byte	0x68
 295 00a9 04       		.uleb128 0x4
 296 00aa 87030000 		.4byte	.LASF15
 297 00ae 03       		.byte	0x3
 298 00af 20       		.byte	0x20
 299 00b0 7A000000 		.4byte	0x7a
 300 00b4 03       		.uleb128 0x3
 301 00b5 01       		.byte	0x1
 302 00b6 02       		.byte	0x2
 303 00b7 FD020000 		.4byte	.LASF16
 304 00bb 04       		.uleb128 0x4
 305 00bc 54020000 		.4byte	.LASF17
 306 00c0 04       		.byte	0x4
 307 00c1 2C       		.byte	0x2c
 308 00c2 93000000 		.4byte	0x93
 309 00c6 04       		.uleb128 0x4
 310 00c7 73010000 		.4byte	.LASF18
 311 00cb 04       		.byte	0x4
 312 00cc 2D       		.byte	0x2d
 313 00cd 93000000 		.4byte	0x93
 314 00d1 04       		.uleb128 0x4
 315 00d2 C3020000 		.4byte	.LASF19
 316 00d6 04       		.byte	0x4
 317 00d7 2E       		.byte	0x2e
 318 00d8 93000000 		.4byte	0x93
 319 00dc 04       		.uleb128 0x4
 320 00dd 60010000 		.4byte	.LASF20
 321 00e1 04       		.byte	0x4
 322 00e2 2F       		.byte	0x2f
 323 00e3 93000000 		.4byte	0x93
 324 00e7 04       		.uleb128 0x4
 325 00e8 F5020000 		.4byte	.LASF21
 326 00ec 04       		.byte	0x4
 327 00ed 30       		.byte	0x30
 328 00ee A9000000 		.4byte	0xa9
 329 00f2 04       		.uleb128 0x4
 330 00f3 46020000 		.4byte	.LASF22
 331 00f7 04       		.byte	0x4
 332 00f8 31       		.byte	0x31
 333 00f9 9E000000 		.4byte	0x9e
 334 00fd 04       		.uleb128 0x4
 335 00fe 68020000 		.4byte	.LASF23
 336 0102 04       		.byte	0x4
 337 0103 33       		.byte	0x33
 338 0104 A9000000 		.4byte	0xa9
 339 0108 04       		.uleb128 0x4
 340 0109 F6030000 		.4byte	.LASF24
 341 010d 04       		.byte	0x4
 342 010e 34       		.byte	0x34
ARM GAS  /var/folders/vt/qg0v_q5n5k99pnp_yg24c7s80000gn/T//ccWQ6Yzy.s 			page 7


 343 010f A9000000 		.4byte	0xa9
 344 0113 04       		.uleb128 0x4
 345 0114 AF030000 		.4byte	.LASF25
 346 0118 04       		.byte	0x4
 347 0119 35       		.byte	0x35
 348 011a A9000000 		.4byte	0xa9
 349 011e 04       		.uleb128 0x4
 350 011f 6A030000 		.4byte	.LASF26
 351 0123 05       		.byte	0x5
 352 0124 2A       		.byte	0x2a
 353 0125 29010000 		.4byte	0x129
 354 0129 05       		.uleb128 0x5
 355 012a 6A030000 		.4byte	.LASF26
 356 012e 48       		.byte	0x48
 357 012f 06       		.byte	0x6
 358 0130 5E       		.byte	0x5e
 359 0131 26020000 		.4byte	0x226
 360 0135 06       		.uleb128 0x6
 361 0136 5B030000 		.4byte	.LASF27
 362 013a 06       		.byte	0x6
 363 013b 5F       		.byte	0x5f
 364 013c 47020000 		.4byte	0x247
 365 0140 00       		.byte	0
 366 0141 06       		.uleb128 0x6
 367 0142 EE020000 		.4byte	.LASF28
 368 0146 06       		.byte	0x6
 369 0147 61       		.byte	0x61
 370 0148 47020000 		.4byte	0x247
 371 014c 04       		.byte	0x4
 372 014d 06       		.uleb128 0x6
 373 014e 27010000 		.4byte	.LASF29
 374 0152 06       		.byte	0x6
 375 0153 63       		.byte	0x63
 376 0154 E7000000 		.4byte	0xe7
 377 0158 08       		.byte	0x8
 378 0159 06       		.uleb128 0x6
 379 015a 4A040000 		.4byte	.LASF30
 380 015e 06       		.byte	0x6
 381 015f 64       		.byte	0x64
 382 0160 01030000 		.4byte	0x301
 383 0164 0C       		.byte	0xc
 384 0165 06       		.uleb128 0x6
 385 0166 91010000 		.4byte	.LASF31
 386 016a 06       		.byte	0x6
 387 016b 66       		.byte	0x66
 388 016c 47020000 		.4byte	0x247
 389 0170 10       		.byte	0x10
 390 0171 06       		.uleb128 0x6
 391 0172 A6020000 		.4byte	.LASF32
 392 0176 06       		.byte	0x6
 393 0177 67       		.byte	0x67
 394 0178 47020000 		.4byte	0x247
 395 017c 14       		.byte	0x14
 396 017d 06       		.uleb128 0x6
 397 017e 2D040000 		.4byte	.LASF33
 398 0182 06       		.byte	0x6
 399 0183 6E       		.byte	0x6e
ARM GAS  /var/folders/vt/qg0v_q5n5k99pnp_yg24c7s80000gn/T//ccWQ6Yzy.s 			page 8


 400 0184 8D040000 		.4byte	0x48d
 401 0188 18       		.byte	0x18
 402 0189 06       		.uleb128 0x6
 403 018a 42030000 		.4byte	.LASF34
 404 018e 06       		.byte	0x6
 405 018f 79       		.byte	0x79
 406 0190 C6000000 		.4byte	0xc6
 407 0194 1C       		.byte	0x1c
 408 0195 06       		.uleb128 0x6
 409 0196 62030000 		.4byte	.LASF35
 410 019a 06       		.byte	0x6
 411 019b 7D       		.byte	0x7d
 412 019c BB000000 		.4byte	0xbb
 413 01a0 1D       		.byte	0x1d
 414 01a1 06       		.uleb128 0x6
 415 01a2 09040000 		.4byte	.LASF36
 416 01a6 06       		.byte	0x6
 417 01a7 82       		.byte	0x82
 418 01a8 D1000000 		.4byte	0xd1
 419 01ac 1E       		.byte	0x1e
 420 01ad 06       		.uleb128 0x6
 421 01ae 4A030000 		.4byte	.LASF37
 422 01b2 06       		.byte	0x6
 423 01b3 88       		.byte	0x88
 424 01b4 DC000000 		.4byte	0xdc
 425 01b8 1F       		.byte	0x1f
 426 01b9 06       		.uleb128 0x6
 427 01ba D6030000 		.4byte	.LASF38
 428 01be 06       		.byte	0x6
 429 01bf 8F       		.byte	0x8f
 430 01c0 9F030000 		.4byte	0x39f
 431 01c4 20       		.byte	0x20
 432 01c5 07       		.uleb128 0x7
 433 01c6 705F7500 		.ascii	"p_u\000"
 434 01ca 06       		.byte	0x6
 435 01cb B4       		.byte	0xb4
 436 01cc 58040000 		.4byte	0x458
 437 01d0 24       		.byte	0x24
 438 01d1 06       		.uleb128 0x6
 439 01d2 50040000 		.4byte	.LASF39
 440 01d6 06       		.byte	0x6
 441 01d7 B9       		.byte	0xb9
 442 01d8 6D020000 		.4byte	0x26d
 443 01dc 28       		.byte	0x28
 444 01dd 06       		.uleb128 0x6
 445 01de E4030000 		.4byte	.LASF40
 446 01e2 06       		.byte	0x6
 447 01e3 BF       		.byte	0xbf
 448 01e4 4D020000 		.4byte	0x24d
 449 01e8 2C       		.byte	0x2c
 450 01e9 06       		.uleb128 0x6
 451 01ea 0C000000 		.4byte	.LASF41
 452 01ee 06       		.byte	0x6
 453 01ef C3       		.byte	0xc3
 454 01f0 F2000000 		.4byte	0xf2
 455 01f4 34       		.byte	0x34
 456 01f5 06       		.uleb128 0x6
ARM GAS  /var/folders/vt/qg0v_q5n5k99pnp_yg24c7s80000gn/T//ccWQ6Yzy.s 			page 9


 457 01f6 7C030000 		.4byte	.LASF42
 458 01fa 06       		.byte	0x6
 459 01fb C9       		.byte	0xc9
 460 01fc FD000000 		.4byte	0xfd
 461 0200 38       		.byte	0x38
 462 0201 06       		.uleb128 0x6
 463 0202 2E030000 		.4byte	.LASF43
 464 0206 06       		.byte	0x6
 465 0207 D0       		.byte	0xd0
 466 0208 9F040000 		.4byte	0x49f
 467 020c 3C       		.byte	0x3c
 468 020d 06       		.uleb128 0x6
 469 020e B9030000 		.4byte	.LASF44
 470 0212 06       		.byte	0x6
 471 0213 D4       		.byte	0xd4
 472 0214 E7000000 		.4byte	0xe7
 473 0218 40       		.byte	0x40
 474 0219 06       		.uleb128 0x6
 475 021a 50010000 		.4byte	.LASF45
 476 021e 06       		.byte	0x6
 477 021f DA       		.byte	0xda
 478 0220 83020000 		.4byte	0x283
 479 0224 44       		.byte	0x44
 480 0225 00       		.byte	0
 481 0226 08       		.uleb128 0x8
 482 0227 08       		.byte	0x8
 483 0228 05       		.byte	0x5
 484 0229 61       		.byte	0x61
 485 022a 47020000 		.4byte	0x247
 486 022e 06       		.uleb128 0x6
 487 022f 5B030000 		.4byte	.LASF27
 488 0233 05       		.byte	0x5
 489 0234 62       		.byte	0x62
 490 0235 47020000 		.4byte	0x247
 491 0239 00       		.byte	0
 492 023a 06       		.uleb128 0x6
 493 023b EE020000 		.4byte	.LASF28
 494 023f 05       		.byte	0x5
 495 0240 64       		.byte	0x64
 496 0241 47020000 		.4byte	0x247
 497 0245 04       		.byte	0x4
 498 0246 00       		.byte	0
 499 0247 09       		.uleb128 0x9
 500 0248 04       		.byte	0x4
 501 0249 1E010000 		.4byte	0x11e
 502 024d 04       		.uleb128 0x4
 503 024e AE020000 		.4byte	.LASF46
 504 0252 05       		.byte	0x5
 505 0253 66       		.byte	0x66
 506 0254 26020000 		.4byte	0x226
 507 0258 08       		.uleb128 0x8
 508 0259 04       		.byte	0x4
 509 025a 05       		.byte	0x5
 510 025b 6B       		.byte	0x6b
 511 025c 6D020000 		.4byte	0x26d
 512 0260 06       		.uleb128 0x6
 513 0261 5B030000 		.4byte	.LASF27
ARM GAS  /var/folders/vt/qg0v_q5n5k99pnp_yg24c7s80000gn/T//ccWQ6Yzy.s 			page 10


 514 0265 05       		.byte	0x5
 515 0266 6D       		.byte	0x6d
 516 0267 47020000 		.4byte	0x247
 517 026b 00       		.byte	0
 518 026c 00       		.byte	0
 519 026d 04       		.uleb128 0x4
 520 026e 5C020000 		.4byte	.LASF47
 521 0272 05       		.byte	0x5
 522 0273 70       		.byte	0x70
 523 0274 58020000 		.4byte	0x258
 524 0278 04       		.uleb128 0x4
 525 0279 A4010000 		.4byte	.LASF48
 526 027d 07       		.byte	0x7
 527 027e E5       		.byte	0xe5
 528 027f 83020000 		.4byte	0x283
 529 0283 0A       		.uleb128 0xa
 530 0284 04       		.byte	0x4
 531 0285 0B       		.uleb128 0xb
 532 0286 DD030000 		.4byte	.LASF49
 533 028a 24       		.byte	0x24
 534 028b 07       		.byte	0x7
 535 028c 0C01     		.2byte	0x10c
 536 028e 01030000 		.4byte	0x301
 537 0292 0C       		.uleb128 0xc
 538 0293 723400   		.ascii	"r4\000"
 539 0296 07       		.byte	0x7
 540 0297 1F01     		.2byte	0x11f
 541 0299 78020000 		.4byte	0x278
 542 029d 00       		.byte	0
 543 029e 0C       		.uleb128 0xc
 544 029f 723500   		.ascii	"r5\000"
 545 02a2 07       		.byte	0x7
 546 02a3 2001     		.2byte	0x120
 547 02a5 78020000 		.4byte	0x278
 548 02a9 04       		.byte	0x4
 549 02aa 0C       		.uleb128 0xc
 550 02ab 723600   		.ascii	"r6\000"
 551 02ae 07       		.byte	0x7
 552 02af 2101     		.2byte	0x121
 553 02b1 78020000 		.4byte	0x278
 554 02b5 08       		.byte	0x8
 555 02b6 0C       		.uleb128 0xc
 556 02b7 723700   		.ascii	"r7\000"
 557 02ba 07       		.byte	0x7
 558 02bb 2201     		.2byte	0x122
 559 02bd 78020000 		.4byte	0x278
 560 02c1 0C       		.byte	0xc
 561 02c2 0C       		.uleb128 0xc
 562 02c3 723800   		.ascii	"r8\000"
 563 02c6 07       		.byte	0x7
 564 02c7 2301     		.2byte	0x123
 565 02c9 78020000 		.4byte	0x278
 566 02cd 10       		.byte	0x10
 567 02ce 0C       		.uleb128 0xc
 568 02cf 723900   		.ascii	"r9\000"
 569 02d2 07       		.byte	0x7
 570 02d3 2401     		.2byte	0x124
ARM GAS  /var/folders/vt/qg0v_q5n5k99pnp_yg24c7s80000gn/T//ccWQ6Yzy.s 			page 11


 571 02d5 78020000 		.4byte	0x278
 572 02d9 14       		.byte	0x14
 573 02da 0C       		.uleb128 0xc
 574 02db 72313000 		.ascii	"r10\000"
 575 02df 07       		.byte	0x7
 576 02e0 2501     		.2byte	0x125
 577 02e2 78020000 		.4byte	0x278
 578 02e6 18       		.byte	0x18
 579 02e7 0C       		.uleb128 0xc
 580 02e8 72313100 		.ascii	"r11\000"
 581 02ec 07       		.byte	0x7
 582 02ed 2601     		.2byte	0x126
 583 02ef 78020000 		.4byte	0x278
 584 02f3 1C       		.byte	0x1c
 585 02f4 0C       		.uleb128 0xc
 586 02f5 6C7200   		.ascii	"lr\000"
 587 02f8 07       		.byte	0x7
 588 02f9 2701     		.2byte	0x127
 589 02fb 78020000 		.4byte	0x278
 590 02ff 20       		.byte	0x20
 591 0300 00       		.byte	0
 592 0301 0B       		.uleb128 0xb
 593 0302 2B020000 		.4byte	.LASF50
 594 0306 04       		.byte	0x4
 595 0307 07       		.byte	0x7
 596 0308 3101     		.2byte	0x131
 597 030a 1C030000 		.4byte	0x31c
 598 030e 0C       		.uleb128 0xc
 599 030f 72313300 		.ascii	"r13\000"
 600 0313 07       		.byte	0x7
 601 0314 3201     		.2byte	0x132
 602 0316 1C030000 		.4byte	0x31c
 603 031a 00       		.byte	0
 604 031b 00       		.byte	0
 605 031c 09       		.uleb128 0x9
 606 031d 04       		.byte	0x4
 607 031e 85020000 		.4byte	0x285
 608 0322 03       		.uleb128 0x3
 609 0323 04       		.byte	0x4
 610 0324 07       		.byte	0x7
 611 0325 88020000 		.4byte	.LASF51
 612 0329 04       		.uleb128 0x4
 613 032a 22020000 		.4byte	.LASF52
 614 032e 08       		.byte	0x8
 615 032f 58       		.byte	0x58
 616 0330 34030000 		.4byte	0x334
 617 0334 09       		.uleb128 0x9
 618 0335 04       		.byte	0x4
 619 0336 3A030000 		.4byte	0x33a
 620 033a 0D       		.uleb128 0xd
 621 033b 45030000 		.4byte	0x345
 622 033f 0E       		.uleb128 0xe
 623 0340 83020000 		.4byte	0x283
 624 0344 00       		.byte	0
 625 0345 04       		.uleb128 0x4
 626 0346 90030000 		.4byte	.LASF53
 627 034a 08       		.byte	0x8
ARM GAS  /var/folders/vt/qg0v_q5n5k99pnp_yg24c7s80000gn/T//ccWQ6Yzy.s 			page 12


 628 034b 5D       		.byte	0x5d
 629 034c 50030000 		.4byte	0x350
 630 0350 05       		.uleb128 0x5
 631 0351 90030000 		.4byte	.LASF53
 632 0355 14       		.byte	0x14
 633 0356 08       		.byte	0x8
 634 0357 64       		.byte	0x64
 635 0358 99030000 		.4byte	0x399
 636 035c 06       		.uleb128 0x6
 637 035d CE010000 		.4byte	.LASF54
 638 0361 08       		.byte	0x8
 639 0362 65       		.byte	0x65
 640 0363 99030000 		.4byte	0x399
 641 0367 00       		.byte	0
 642 0368 06       		.uleb128 0x6
 643 0369 AD010000 		.4byte	.LASF55
 644 036d 08       		.byte	0x8
 645 036e 67       		.byte	0x67
 646 036f 99030000 		.4byte	0x399
 647 0373 04       		.byte	0x4
 648 0374 06       		.uleb128 0x6
 649 0375 7A020000 		.4byte	.LASF56
 650 0379 08       		.byte	0x8
 651 037a 69       		.byte	0x69
 652 037b 13010000 		.4byte	0x113
 653 037f 08       		.byte	0x8
 654 0380 06       		.uleb128 0x6
 655 0381 EC000000 		.4byte	.LASF57
 656 0385 08       		.byte	0x8
 657 0386 6A       		.byte	0x6a
 658 0387 29030000 		.4byte	0x329
 659 038b 0C       		.byte	0xc
 660 038c 06       		.uleb128 0x6
 661 038d EF030000 		.4byte	.LASF58
 662 0391 08       		.byte	0x8
 663 0392 6C       		.byte	0x6c
 664 0393 83020000 		.4byte	0x283
 665 0397 10       		.byte	0x10
 666 0398 00       		.byte	0
 667 0399 09       		.uleb128 0x9
 668 039a 04       		.byte	0x4
 669 039b 45030000 		.4byte	0x345
 670 039f 0F       		.uleb128 0xf
 671 03a0 13010000 		.4byte	0x113
 672 03a4 05       		.uleb128 0x5
 673 03a5 74020000 		.4byte	.LASF59
 674 03a9 10       		.byte	0x10
 675 03aa 09       		.byte	0x9
 676 03ab 2C       		.byte	0x2c
 677 03ac D5030000 		.4byte	0x3d5
 678 03b0 06       		.uleb128 0x6
 679 03b1 58010000 		.4byte	.LASF60
 680 03b5 09       		.byte	0x9
 681 03b6 2D       		.byte	0x2d
 682 03b7 4D020000 		.4byte	0x24d
 683 03bb 00       		.byte	0
 684 03bc 06       		.uleb128 0x6
ARM GAS  /var/folders/vt/qg0v_q5n5k99pnp_yg24c7s80000gn/T//ccWQ6Yzy.s 			page 13


 685 03bd 42040000 		.4byte	.LASF61
 686 03c1 09       		.byte	0x9
 687 03c2 2F       		.byte	0x2f
 688 03c3 47020000 		.4byte	0x247
 689 03c7 08       		.byte	0x8
 690 03c8 06       		.uleb128 0x6
 691 03c9 A8030000 		.4byte	.LASF62
 692 03cd 09       		.byte	0x9
 693 03ce 31       		.byte	0x31
 694 03cf D5030000 		.4byte	0x3d5
 695 03d3 0C       		.byte	0xc
 696 03d4 00       		.byte	0
 697 03d5 09       		.uleb128 0x9
 698 03d6 04       		.byte	0x4
 699 03d7 A4030000 		.4byte	0x3a4
 700 03db 04       		.uleb128 0x4
 701 03dc 74020000 		.4byte	.LASF59
 702 03e0 09       		.byte	0x9
 703 03e1 33       		.byte	0x33
 704 03e2 A4030000 		.4byte	0x3a4
 705 03e6 04       		.uleb128 0x4
 706 03e7 18040000 		.4byte	.LASF63
 707 03eb 0A       		.byte	0xa
 708 03ec 2C       		.byte	0x2c
 709 03ed F1030000 		.4byte	0x3f1
 710 03f1 05       		.uleb128 0x5
 711 03f2 18040000 		.4byte	.LASF63
 712 03f6 10       		.byte	0x10
 713 03f7 0A       		.byte	0xa
 714 03f8 31       		.byte	0x31
 715 03f9 2E040000 		.4byte	0x42e
 716 03fd 06       		.uleb128 0x6
 717 03fe 4C020000 		.4byte	.LASF64
 718 0402 0A       		.byte	0xa
 719 0403 32       		.byte	0x32
 720 0404 2E040000 		.4byte	0x42e
 721 0408 00       		.byte	0
 722 0409 06       		.uleb128 0x6
 723 040a 19030000 		.4byte	.LASF65
 724 040e 0A       		.byte	0xa
 725 040f 35       		.byte	0x35
 726 0410 47020000 		.4byte	0x247
 727 0414 04       		.byte	0x4
 728 0415 06       		.uleb128 0x6
 729 0416 BB020000 		.4byte	.LASF66
 730 041a 0A       		.byte	0xa
 731 041b 37       		.byte	0x37
 732 041c FD000000 		.4byte	0xfd
 733 0420 08       		.byte	0x8
 734 0421 06       		.uleb128 0x6
 735 0422 25030000 		.4byte	.LASF67
 736 0426 0A       		.byte	0xa
 737 0427 3A       		.byte	0x3a
 738 0428 08010000 		.4byte	0x108
 739 042c 0C       		.byte	0xc
 740 042d 00       		.byte	0
 741 042e 09       		.uleb128 0x9
ARM GAS  /var/folders/vt/qg0v_q5n5k99pnp_yg24c7s80000gn/T//ccWQ6Yzy.s 			page 14


 742 042f 04       		.byte	0x4
 743 0430 E6030000 		.4byte	0x3e6
 744 0434 05       		.uleb128 0x5
 745 0435 B5010000 		.4byte	.LASF68
 746 0439 04       		.byte	0x4
 747 043a 0A       		.byte	0xa
 748 043b 41       		.byte	0x41
 749 043c 4D040000 		.4byte	0x44d
 750 0440 06       		.uleb128 0x6
 751 0441 34040000 		.4byte	.LASF69
 752 0445 0A       		.byte	0xa
 753 0446 42       		.byte	0x42
 754 0447 2E040000 		.4byte	0x42e
 755 044b 00       		.byte	0
 756 044c 00       		.byte	0
 757 044d 04       		.uleb128 0x4
 758 044e B5010000 		.4byte	.LASF68
 759 0452 0A       		.byte	0xa
 760 0453 45       		.byte	0x45
 761 0454 34040000 		.4byte	0x434
 762 0458 10       		.uleb128 0x10
 763 0459 04       		.byte	0x4
 764 045a 06       		.byte	0x6
 765 045b 96       		.byte	0x96
 766 045c 8D040000 		.4byte	0x48d
 767 0460 11       		.uleb128 0x11
 768 0461 02040000 		.4byte	.LASF70
 769 0465 06       		.byte	0x6
 770 0466 9D       		.byte	0x9d
 771 0467 F2000000 		.4byte	0xf2
 772 046b 11       		.uleb128 0x11
 773 046c 15010000 		.4byte	.LASF71
 774 0470 06       		.byte	0x6
 775 0471 A4       		.byte	0xa4
 776 0472 F2000000 		.4byte	0xf2
 777 0476 11       		.uleb128 0x11
 778 0477 26040000 		.4byte	.LASF72
 779 047b 06       		.byte	0x6
 780 047c AB       		.byte	0xab
 781 047d 83020000 		.4byte	0x283
 782 0481 11       		.uleb128 0x11
 783 0482 54030000 		.4byte	.LASF73
 784 0486 06       		.byte	0x6
 785 0487 B2       		.byte	0xb2
 786 0488 FD000000 		.4byte	0xfd
 787 048c 00       		.byte	0
 788 048d 09       		.uleb128 0x9
 789 048e 04       		.byte	0x4
 790 048f 9A040000 		.4byte	0x49a
 791 0493 03       		.uleb128 0x3
 792 0494 01       		.byte	0x1
 793 0495 08       		.byte	0x8
 794 0496 9D030000 		.4byte	.LASF74
 795 049a 12       		.uleb128 0x12
 796 049b 93040000 		.4byte	0x493
 797 049f 09       		.uleb128 0x9
 798 04a0 04       		.byte	0x4
ARM GAS  /var/folders/vt/qg0v_q5n5k99pnp_yg24c7s80000gn/T//ccWQ6Yzy.s 			page 15


 799 04a1 DB030000 		.4byte	0x3db
 800 04a5 08       		.uleb128 0x8
 801 04a6 1C       		.byte	0x1c
 802 04a7 0B       		.byte	0xb
 803 04a8 27       		.byte	0x27
 804 04a9 D2040000 		.4byte	0x4d2
 805 04ad 06       		.uleb128 0x6
 806 04ae 3C040000 		.4byte	.LASF75
 807 04b2 0B       		.byte	0xb
 808 04b3 28       		.byte	0x28
 809 04b4 45030000 		.4byte	0x345
 810 04b8 00       		.byte	0
 811 04b9 06       		.uleb128 0x6
 812 04ba 82020000 		.4byte	.LASF76
 813 04be 0B       		.byte	0xb
 814 04bf 29       		.byte	0x29
 815 04c0 4D040000 		.4byte	0x44d
 816 04c4 14       		.byte	0x14
 817 04c5 06       		.uleb128 0x6
 818 04c6 00000000 		.4byte	.LASF77
 819 04ca 0B       		.byte	0xb
 820 04cb 2A       		.byte	0x2a
 821 04cc 13010000 		.4byte	0x113
 822 04d0 18       		.byte	0x18
 823 04d1 00       		.byte	0
 824 04d2 04       		.uleb128 0x4
 825 04d3 48010000 		.4byte	.LASF78
 826 04d7 0B       		.byte	0xb
 827 04d8 2B       		.byte	0x2b
 828 04d9 A5040000 		.4byte	0x4a5
 829 04dd 13       		.uleb128 0x13
 830 04de A2030000 		.4byte	.LASF87
 831 04e2 01       		.byte	0x1
 832 04e3 1C       		.byte	0x1c
 833 04e4 00000000 		.4byte	.LFB7
 834 04e8 2C000000 		.4byte	.LFE7-.LFB7
 835 04ec 01       		.uleb128 0x1
 836 04ed 9C       		.byte	0x9c
 837 04ee 79050000 		.4byte	0x579
 838 04f2 14       		.uleb128 0x14
 839 04f3 7000     		.ascii	"p\000"
 840 04f5 01       		.byte	0x1
 841 04f6 1C       		.byte	0x1c
 842 04f7 83020000 		.4byte	0x283
 843 04fb 00000000 		.4byte	.LLST0
 844 04ff 15       		.uleb128 0x15
 845 0500 65747000 		.ascii	"etp\000"
 846 0504 01       		.byte	0x1
 847 0505 1D       		.byte	0x1d
 848 0506 79050000 		.4byte	0x579
 849 050a 2C000000 		.4byte	.LLST1
 850 050e 16       		.uleb128 0x16
 851 050f 00000000 		.4byte	.Ldebug_ranges0+0
 852 0513 25050000 		.4byte	0x525
 853 0517 17       		.uleb128 0x17
 854 0518 746D7000 		.ascii	"tmp\000"
 855 051c 01       		.byte	0x1
ARM GAS  /var/folders/vt/qg0v_q5n5k99pnp_yg24c7s80000gn/T//ccWQ6Yzy.s 			page 16


 856 051d 1F       		.byte	0x1f
 857 051e A9000000 		.4byte	0xa9
 858 0522 01       		.uleb128 0x1
 859 0523 53       		.byte	0x53
 860 0524 00       		.byte	0
 861 0525 18       		.uleb128 0x18
 862 0526 1E000000 		.4byte	.LBB4
 863 052a 0E000000 		.4byte	.LBE4-.LBB4
 864 052e 40050000 		.4byte	0x540
 865 0532 17       		.uleb128 0x17
 866 0533 746D7000 		.ascii	"tmp\000"
 867 0537 01       		.byte	0x1
 868 0538 22       		.byte	0x22
 869 0539 A9000000 		.4byte	0xa9
 870 053d 01       		.uleb128 0x1
 871 053e 53       		.byte	0x53
 872 053f 00       		.byte	0
 873 0540 19       		.uleb128 0x19
 874 0541 12000000 		.4byte	.LVL3
 875 0545 63060000 		.4byte	0x663
 876 0549 59050000 		.4byte	0x559
 877 054d 1A       		.uleb128 0x1a
 878 054e 01       		.uleb128 0x1
 879 054f 50       		.byte	0x50
 880 0550 02       		.uleb128 0x2
 881 0551 74       		.byte	0x74
 882 0552 14       		.sleb128 20
 883 0553 1A       		.uleb128 0x1a
 884 0554 01       		.uleb128 0x1
 885 0555 51       		.byte	0x51
 886 0556 01       		.uleb128 0x1
 887 0557 30       		.byte	0x30
 888 0558 00       		.byte	0
 889 0559 1B       		.uleb128 0x1b
 890 055a 1E000000 		.4byte	.LVL4
 891 055e 6E060000 		.4byte	0x66e
 892 0562 1A       		.uleb128 0x1a
 893 0563 01       		.uleb128 0x1
 894 0564 50       		.byte	0x50
 895 0565 02       		.uleb128 0x2
 896 0566 74       		.byte	0x74
 897 0567 00       		.sleb128 0
 898 0568 1A       		.uleb128 0x1a
 899 0569 01       		.uleb128 0x1
 900 056a 52       		.byte	0x52
 901 056b 05       		.uleb128 0x5
 902 056c 03       		.byte	0x3
 903 056d 00000000 		.4byte	tmrcb
 904 0571 1A       		.uleb128 0x1a
 905 0572 01       		.uleb128 0x1
 906 0573 53       		.byte	0x53
 907 0574 02       		.uleb128 0x2
 908 0575 74       		.byte	0x74
 909 0576 00       		.sleb128 0
 910 0577 00       		.byte	0
 911 0578 00       		.byte	0
 912 0579 09       		.uleb128 0x9
ARM GAS  /var/folders/vt/qg0v_q5n5k99pnp_yg24c7s80000gn/T//ccWQ6Yzy.s 			page 17


 913 057a 04       		.byte	0x4
 914 057b D2040000 		.4byte	0x4d2
 915 057f 1C       		.uleb128 0x1c
 916 0580 1E010000 		.4byte	.LASF79
 917 0584 01       		.byte	0x1
 918 0585 2B       		.byte	0x2b
 919 0586 00000000 		.4byte	.LFB8
 920 058a 2C000000 		.4byte	.LFE8-.LFB8
 921 058e 01       		.uleb128 0x1
 922 058f 9C       		.byte	0x9c
 923 0590 F7050000 		.4byte	0x5f7
 924 0594 14       		.uleb128 0x14
 925 0595 65747000 		.ascii	"etp\000"
 926 0599 01       		.byte	0x1
 927 059a 2B       		.byte	0x2b
 928 059b 79050000 		.4byte	0x579
 929 059f 58000000 		.4byte	.LLST2
 930 05a3 18       		.uleb128 0x18
 931 05a4 02000000 		.4byte	.LBB5
 932 05a8 06000000 		.4byte	.LBE5-.LBB5
 933 05ac BE050000 		.4byte	0x5be
 934 05b0 17       		.uleb128 0x17
 935 05b1 746D7000 		.ascii	"tmp\000"
 936 05b5 01       		.byte	0x1
 937 05b6 2D       		.byte	0x2d
 938 05b7 A9000000 		.4byte	0xa9
 939 05bb 01       		.uleb128 0x1
 940 05bc 53       		.byte	0x53
 941 05bd 00       		.byte	0
 942 05be 16       		.uleb128 0x16
 943 05bf 18000000 		.4byte	.Ldebug_ranges0+0x18
 944 05c3 D5050000 		.4byte	0x5d5
 945 05c7 17       		.uleb128 0x17
 946 05c8 746D7000 		.ascii	"tmp\000"
 947 05cc 01       		.byte	0x1
 948 05cd 32       		.byte	0x32
 949 05ce A9000000 		.4byte	0xa9
 950 05d2 01       		.uleb128 0x1
 951 05d3 53       		.byte	0x53
 952 05d4 00       		.byte	0
 953 05d5 1B       		.uleb128 0x1b
 954 05d6 1E000000 		.4byte	.LVL7
 955 05da 6E060000 		.4byte	0x66e
 956 05de 1A       		.uleb128 0x1a
 957 05df 01       		.uleb128 0x1
 958 05e0 50       		.byte	0x50
 959 05e1 03       		.uleb128 0x3
 960 05e2 F3       		.byte	0xf3
 961 05e3 01       		.uleb128 0x1
 962 05e4 50       		.byte	0x50
 963 05e5 1A       		.uleb128 0x1a
 964 05e6 01       		.uleb128 0x1
 965 05e7 52       		.byte	0x52
 966 05e8 05       		.uleb128 0x5
 967 05e9 03       		.byte	0x3
 968 05ea 00000000 		.4byte	tmrcb
 969 05ee 1A       		.uleb128 0x1a
ARM GAS  /var/folders/vt/qg0v_q5n5k99pnp_yg24c7s80000gn/T//ccWQ6Yzy.s 			page 18


 970 05ef 01       		.uleb128 0x1
 971 05f0 53       		.byte	0x53
 972 05f1 03       		.uleb128 0x3
 973 05f2 F3       		.byte	0xf3
 974 05f3 01       		.uleb128 0x1
 975 05f4 50       		.byte	0x50
 976 05f5 00       		.byte	0
 977 05f6 00       		.byte	0
 978 05f7 1C       		.uleb128 0x1c
 979 05f8 CE030000 		.4byte	.LASF80
 980 05fc 01       		.byte	0x1
 981 05fd 3B       		.byte	0x3b
 982 05fe 00000000 		.4byte	.LFB9
 983 0602 18000000 		.4byte	.LFE9-.LFB9
 984 0606 01       		.uleb128 0x1
 985 0607 9C       		.byte	0x9c
 986 0608 63060000 		.4byte	0x663
 987 060c 14       		.uleb128 0x14
 988 060d 65747000 		.ascii	"etp\000"
 989 0611 01       		.byte	0x1
 990 0612 3B       		.byte	0x3b
 991 0613 79050000 		.4byte	0x579
 992 0617 79000000 		.4byte	.LLST3
 993 061b 18       		.uleb128 0x18
 994 061c 02000000 		.4byte	.LBB8
 995 0620 06000000 		.4byte	.LBE8-.LBB8
 996 0624 36060000 		.4byte	0x636
 997 0628 17       		.uleb128 0x17
 998 0629 746D7000 		.ascii	"tmp\000"
 999 062d 01       		.byte	0x1
 1000 062e 3D       		.byte	0x3d
 1001 062f A9000000 		.4byte	0xa9
 1002 0633 01       		.uleb128 0x1
 1003 0634 53       		.byte	0x53
 1004 0635 00       		.byte	0
 1005 0636 18       		.uleb128 0x18
 1006 0637 10000000 		.4byte	.LBB9
 1007 063b 08000000 		.4byte	.LBE9-.LBB9
 1008 063f 51060000 		.4byte	0x651
 1009 0643 17       		.uleb128 0x17
 1010 0644 746D7000 		.ascii	"tmp\000"
 1011 0648 01       		.byte	0x1
 1012 0649 3D       		.byte	0x3d
 1013 064a A9000000 		.4byte	0xa9
 1014 064e 01       		.uleb128 0x1
 1015 064f 53       		.byte	0x53
 1016 0650 00       		.byte	0
 1017 0651 1B       		.uleb128 0x1b
 1018 0652 10000000 		.4byte	.LVL9
 1019 0656 79060000 		.4byte	0x679
 1020 065a 1A       		.uleb128 0x1a
 1021 065b 01       		.uleb128 0x1
 1022 065c 50       		.byte	0x50
 1023 065d 03       		.uleb128 0x3
 1024 065e F3       		.byte	0xf3
 1025 065f 01       		.uleb128 0x1
 1026 0660 50       		.byte	0x50
ARM GAS  /var/folders/vt/qg0v_q5n5k99pnp_yg24c7s80000gn/T//ccWQ6Yzy.s 			page 19


 1027 0661 00       		.byte	0
 1028 0662 00       		.byte	0
 1029 0663 1D       		.uleb128 0x1d
 1030 0664 7C010000 		.4byte	.LASF81
 1031 0668 7C010000 		.4byte	.LASF81
 1032 066c 0A       		.byte	0xa
 1033 066d BA       		.byte	0xba
 1034 066e 1D       		.uleb128 0x1d
 1035 066f 9D020000 		.4byte	.LASF82
 1036 0673 9D020000 		.4byte	.LASF82
 1037 0677 08       		.byte	0x8
 1038 0678 FE       		.byte	0xfe
 1039 0679 1D       		.uleb128 0x1d
 1040 067a 71030000 		.4byte	.LASF83
 1041 067e 71030000 		.4byte	.LASF83
 1042 0682 08       		.byte	0x8
 1043 0683 FF       		.byte	0xff
 1044 0684 00       		.byte	0
 1045              		.section	.debug_abbrev,"",%progbits
 1046              	.Ldebug_abbrev0:
 1047 0000 01       		.uleb128 0x1
 1048 0001 11       		.uleb128 0x11
 1049 0002 01       		.byte	0x1
 1050 0003 25       		.uleb128 0x25
 1051 0004 0E       		.uleb128 0xe
 1052 0005 13       		.uleb128 0x13
 1053 0006 0B       		.uleb128 0xb
 1054 0007 03       		.uleb128 0x3
 1055 0008 0E       		.uleb128 0xe
 1056 0009 1B       		.uleb128 0x1b
 1057 000a 0E       		.uleb128 0xe
 1058 000b 55       		.uleb128 0x55
 1059 000c 17       		.uleb128 0x17
 1060 000d 11       		.uleb128 0x11
 1061 000e 01       		.uleb128 0x1
 1062 000f 10       		.uleb128 0x10
 1063 0010 17       		.uleb128 0x17
 1064 0011 00       		.byte	0
 1065 0012 00       		.byte	0
 1066 0013 02       		.uleb128 0x2
 1067 0014 24       		.uleb128 0x24
 1068 0015 00       		.byte	0
 1069 0016 0B       		.uleb128 0xb
 1070 0017 0B       		.uleb128 0xb
 1071 0018 3E       		.uleb128 0x3e
 1072 0019 0B       		.uleb128 0xb
 1073 001a 03       		.uleb128 0x3
 1074 001b 08       		.uleb128 0x8
 1075 001c 00       		.byte	0
 1076 001d 00       		.byte	0
 1077 001e 03       		.uleb128 0x3
 1078 001f 24       		.uleb128 0x24
 1079 0020 00       		.byte	0
 1080 0021 0B       		.uleb128 0xb
 1081 0022 0B       		.uleb128 0xb
 1082 0023 3E       		.uleb128 0x3e
 1083 0024 0B       		.uleb128 0xb
ARM GAS  /var/folders/vt/qg0v_q5n5k99pnp_yg24c7s80000gn/T//ccWQ6Yzy.s 			page 20


 1084 0025 03       		.uleb128 0x3
 1085 0026 0E       		.uleb128 0xe
 1086 0027 00       		.byte	0
 1087 0028 00       		.byte	0
 1088 0029 04       		.uleb128 0x4
 1089 002a 16       		.uleb128 0x16
 1090 002b 00       		.byte	0
 1091 002c 03       		.uleb128 0x3
 1092 002d 0E       		.uleb128 0xe
 1093 002e 3A       		.uleb128 0x3a
 1094 002f 0B       		.uleb128 0xb
 1095 0030 3B       		.uleb128 0x3b
 1096 0031 0B       		.uleb128 0xb
 1097 0032 49       		.uleb128 0x49
 1098 0033 13       		.uleb128 0x13
 1099 0034 00       		.byte	0
 1100 0035 00       		.byte	0
 1101 0036 05       		.uleb128 0x5
 1102 0037 13       		.uleb128 0x13
 1103 0038 01       		.byte	0x1
 1104 0039 03       		.uleb128 0x3
 1105 003a 0E       		.uleb128 0xe
 1106 003b 0B       		.uleb128 0xb
 1107 003c 0B       		.uleb128 0xb
 1108 003d 3A       		.uleb128 0x3a
 1109 003e 0B       		.uleb128 0xb
 1110 003f 3B       		.uleb128 0x3b
 1111 0040 0B       		.uleb128 0xb
 1112 0041 01       		.uleb128 0x1
 1113 0042 13       		.uleb128 0x13
 1114 0043 00       		.byte	0
 1115 0044 00       		.byte	0
 1116 0045 06       		.uleb128 0x6
 1117 0046 0D       		.uleb128 0xd
 1118 0047 00       		.byte	0
 1119 0048 03       		.uleb128 0x3
 1120 0049 0E       		.uleb128 0xe
 1121 004a 3A       		.uleb128 0x3a
 1122 004b 0B       		.uleb128 0xb
 1123 004c 3B       		.uleb128 0x3b
 1124 004d 0B       		.uleb128 0xb
 1125 004e 49       		.uleb128 0x49
 1126 004f 13       		.uleb128 0x13
 1127 0050 38       		.uleb128 0x38
 1128 0051 0B       		.uleb128 0xb
 1129 0052 00       		.byte	0
 1130 0053 00       		.byte	0
 1131 0054 07       		.uleb128 0x7
 1132 0055 0D       		.uleb128 0xd
 1133 0056 00       		.byte	0
 1134 0057 03       		.uleb128 0x3
 1135 0058 08       		.uleb128 0x8
 1136 0059 3A       		.uleb128 0x3a
 1137 005a 0B       		.uleb128 0xb
 1138 005b 3B       		.uleb128 0x3b
 1139 005c 0B       		.uleb128 0xb
 1140 005d 49       		.uleb128 0x49
ARM GAS  /var/folders/vt/qg0v_q5n5k99pnp_yg24c7s80000gn/T//ccWQ6Yzy.s 			page 21


 1141 005e 13       		.uleb128 0x13
 1142 005f 38       		.uleb128 0x38
 1143 0060 0B       		.uleb128 0xb
 1144 0061 00       		.byte	0
 1145 0062 00       		.byte	0
 1146 0063 08       		.uleb128 0x8
 1147 0064 13       		.uleb128 0x13
 1148 0065 01       		.byte	0x1
 1149 0066 0B       		.uleb128 0xb
 1150 0067 0B       		.uleb128 0xb
 1151 0068 3A       		.uleb128 0x3a
 1152 0069 0B       		.uleb128 0xb
 1153 006a 3B       		.uleb128 0x3b
 1154 006b 0B       		.uleb128 0xb
 1155 006c 01       		.uleb128 0x1
 1156 006d 13       		.uleb128 0x13
 1157 006e 00       		.byte	0
 1158 006f 00       		.byte	0
 1159 0070 09       		.uleb128 0x9
 1160 0071 0F       		.uleb128 0xf
 1161 0072 00       		.byte	0
 1162 0073 0B       		.uleb128 0xb
 1163 0074 0B       		.uleb128 0xb
 1164 0075 49       		.uleb128 0x49
 1165 0076 13       		.uleb128 0x13
 1166 0077 00       		.byte	0
 1167 0078 00       		.byte	0
 1168 0079 0A       		.uleb128 0xa
 1169 007a 0F       		.uleb128 0xf
 1170 007b 00       		.byte	0
 1171 007c 0B       		.uleb128 0xb
 1172 007d 0B       		.uleb128 0xb
 1173 007e 00       		.byte	0
 1174 007f 00       		.byte	0
 1175 0080 0B       		.uleb128 0xb
 1176 0081 13       		.uleb128 0x13
 1177 0082 01       		.byte	0x1
 1178 0083 03       		.uleb128 0x3
 1179 0084 0E       		.uleb128 0xe
 1180 0085 0B       		.uleb128 0xb
 1181 0086 0B       		.uleb128 0xb
 1182 0087 3A       		.uleb128 0x3a
 1183 0088 0B       		.uleb128 0xb
 1184 0089 3B       		.uleb128 0x3b
 1185 008a 05       		.uleb128 0x5
 1186 008b 01       		.uleb128 0x1
 1187 008c 13       		.uleb128 0x13
 1188 008d 00       		.byte	0
 1189 008e 00       		.byte	0
 1190 008f 0C       		.uleb128 0xc
 1191 0090 0D       		.uleb128 0xd
 1192 0091 00       		.byte	0
 1193 0092 03       		.uleb128 0x3
 1194 0093 08       		.uleb128 0x8
 1195 0094 3A       		.uleb128 0x3a
 1196 0095 0B       		.uleb128 0xb
 1197 0096 3B       		.uleb128 0x3b
ARM GAS  /var/folders/vt/qg0v_q5n5k99pnp_yg24c7s80000gn/T//ccWQ6Yzy.s 			page 22


 1198 0097 05       		.uleb128 0x5
 1199 0098 49       		.uleb128 0x49
 1200 0099 13       		.uleb128 0x13
 1201 009a 38       		.uleb128 0x38
 1202 009b 0B       		.uleb128 0xb
 1203 009c 00       		.byte	0
 1204 009d 00       		.byte	0
 1205 009e 0D       		.uleb128 0xd
 1206 009f 15       		.uleb128 0x15
 1207 00a0 01       		.byte	0x1
 1208 00a1 27       		.uleb128 0x27
 1209 00a2 19       		.uleb128 0x19
 1210 00a3 01       		.uleb128 0x1
 1211 00a4 13       		.uleb128 0x13
 1212 00a5 00       		.byte	0
 1213 00a6 00       		.byte	0
 1214 00a7 0E       		.uleb128 0xe
 1215 00a8 05       		.uleb128 0x5
 1216 00a9 00       		.byte	0
 1217 00aa 49       		.uleb128 0x49
 1218 00ab 13       		.uleb128 0x13
 1219 00ac 00       		.byte	0
 1220 00ad 00       		.byte	0
 1221 00ae 0F       		.uleb128 0xf
 1222 00af 35       		.uleb128 0x35
 1223 00b0 00       		.byte	0
 1224 00b1 49       		.uleb128 0x49
 1225 00b2 13       		.uleb128 0x13
 1226 00b3 00       		.byte	0
 1227 00b4 00       		.byte	0
 1228 00b5 10       		.uleb128 0x10
 1229 00b6 17       		.uleb128 0x17
 1230 00b7 01       		.byte	0x1
 1231 00b8 0B       		.uleb128 0xb
 1232 00b9 0B       		.uleb128 0xb
 1233 00ba 3A       		.uleb128 0x3a
 1234 00bb 0B       		.uleb128 0xb
 1235 00bc 3B       		.uleb128 0x3b
 1236 00bd 0B       		.uleb128 0xb
 1237 00be 01       		.uleb128 0x1
 1238 00bf 13       		.uleb128 0x13
 1239 00c0 00       		.byte	0
 1240 00c1 00       		.byte	0
 1241 00c2 11       		.uleb128 0x11
 1242 00c3 0D       		.uleb128 0xd
 1243 00c4 00       		.byte	0
 1244 00c5 03       		.uleb128 0x3
 1245 00c6 0E       		.uleb128 0xe
 1246 00c7 3A       		.uleb128 0x3a
 1247 00c8 0B       		.uleb128 0xb
 1248 00c9 3B       		.uleb128 0x3b
 1249 00ca 0B       		.uleb128 0xb
 1250 00cb 49       		.uleb128 0x49
 1251 00cc 13       		.uleb128 0x13
 1252 00cd 00       		.byte	0
 1253 00ce 00       		.byte	0
 1254 00cf 12       		.uleb128 0x12
ARM GAS  /var/folders/vt/qg0v_q5n5k99pnp_yg24c7s80000gn/T//ccWQ6Yzy.s 			page 23


 1255 00d0 26       		.uleb128 0x26
 1256 00d1 00       		.byte	0
 1257 00d2 49       		.uleb128 0x49
 1258 00d3 13       		.uleb128 0x13
 1259 00d4 00       		.byte	0
 1260 00d5 00       		.byte	0
 1261 00d6 13       		.uleb128 0x13
 1262 00d7 2E       		.uleb128 0x2e
 1263 00d8 01       		.byte	0x1
 1264 00d9 03       		.uleb128 0x3
 1265 00da 0E       		.uleb128 0xe
 1266 00db 3A       		.uleb128 0x3a
 1267 00dc 0B       		.uleb128 0xb
 1268 00dd 3B       		.uleb128 0x3b
 1269 00de 0B       		.uleb128 0xb
 1270 00df 27       		.uleb128 0x27
 1271 00e0 19       		.uleb128 0x19
 1272 00e1 11       		.uleb128 0x11
 1273 00e2 01       		.uleb128 0x1
 1274 00e3 12       		.uleb128 0x12
 1275 00e4 06       		.uleb128 0x6
 1276 00e5 40       		.uleb128 0x40
 1277 00e6 18       		.uleb128 0x18
 1278 00e7 9742     		.uleb128 0x2117
 1279 00e9 19       		.uleb128 0x19
 1280 00ea 01       		.uleb128 0x1
 1281 00eb 13       		.uleb128 0x13
 1282 00ec 00       		.byte	0
 1283 00ed 00       		.byte	0
 1284 00ee 14       		.uleb128 0x14
 1285 00ef 05       		.uleb128 0x5
 1286 00f0 00       		.byte	0
 1287 00f1 03       		.uleb128 0x3
 1288 00f2 08       		.uleb128 0x8
 1289 00f3 3A       		.uleb128 0x3a
 1290 00f4 0B       		.uleb128 0xb
 1291 00f5 3B       		.uleb128 0x3b
 1292 00f6 0B       		.uleb128 0xb
 1293 00f7 49       		.uleb128 0x49
 1294 00f8 13       		.uleb128 0x13
 1295 00f9 02       		.uleb128 0x2
 1296 00fa 17       		.uleb128 0x17
 1297 00fb 00       		.byte	0
 1298 00fc 00       		.byte	0
 1299 00fd 15       		.uleb128 0x15
 1300 00fe 34       		.uleb128 0x34
 1301 00ff 00       		.byte	0
 1302 0100 03       		.uleb128 0x3
 1303 0101 08       		.uleb128 0x8
 1304 0102 3A       		.uleb128 0x3a
 1305 0103 0B       		.uleb128 0xb
 1306 0104 3B       		.uleb128 0x3b
 1307 0105 0B       		.uleb128 0xb
 1308 0106 49       		.uleb128 0x49
 1309 0107 13       		.uleb128 0x13
 1310 0108 02       		.uleb128 0x2
 1311 0109 17       		.uleb128 0x17
ARM GAS  /var/folders/vt/qg0v_q5n5k99pnp_yg24c7s80000gn/T//ccWQ6Yzy.s 			page 24


 1312 010a 00       		.byte	0
 1313 010b 00       		.byte	0
 1314 010c 16       		.uleb128 0x16
 1315 010d 0B       		.uleb128 0xb
 1316 010e 01       		.byte	0x1
 1317 010f 55       		.uleb128 0x55
 1318 0110 17       		.uleb128 0x17
 1319 0111 01       		.uleb128 0x1
 1320 0112 13       		.uleb128 0x13
 1321 0113 00       		.byte	0
 1322 0114 00       		.byte	0
 1323 0115 17       		.uleb128 0x17
 1324 0116 34       		.uleb128 0x34
 1325 0117 00       		.byte	0
 1326 0118 03       		.uleb128 0x3
 1327 0119 08       		.uleb128 0x8
 1328 011a 3A       		.uleb128 0x3a
 1329 011b 0B       		.uleb128 0xb
 1330 011c 3B       		.uleb128 0x3b
 1331 011d 0B       		.uleb128 0xb
 1332 011e 49       		.uleb128 0x49
 1333 011f 13       		.uleb128 0x13
 1334 0120 02       		.uleb128 0x2
 1335 0121 18       		.uleb128 0x18
 1336 0122 00       		.byte	0
 1337 0123 00       		.byte	0
 1338 0124 18       		.uleb128 0x18
 1339 0125 0B       		.uleb128 0xb
 1340 0126 01       		.byte	0x1
 1341 0127 11       		.uleb128 0x11
 1342 0128 01       		.uleb128 0x1
 1343 0129 12       		.uleb128 0x12
 1344 012a 06       		.uleb128 0x6
 1345 012b 01       		.uleb128 0x1
 1346 012c 13       		.uleb128 0x13
 1347 012d 00       		.byte	0
 1348 012e 00       		.byte	0
 1349 012f 19       		.uleb128 0x19
 1350 0130 898201   		.uleb128 0x4109
 1351 0133 01       		.byte	0x1
 1352 0134 11       		.uleb128 0x11
 1353 0135 01       		.uleb128 0x1
 1354 0136 31       		.uleb128 0x31
 1355 0137 13       		.uleb128 0x13
 1356 0138 01       		.uleb128 0x1
 1357 0139 13       		.uleb128 0x13
 1358 013a 00       		.byte	0
 1359 013b 00       		.byte	0
 1360 013c 1A       		.uleb128 0x1a
 1361 013d 8A8201   		.uleb128 0x410a
 1362 0140 00       		.byte	0
 1363 0141 02       		.uleb128 0x2
 1364 0142 18       		.uleb128 0x18
 1365 0143 9142     		.uleb128 0x2111
 1366 0145 18       		.uleb128 0x18
 1367 0146 00       		.byte	0
 1368 0147 00       		.byte	0
ARM GAS  /var/folders/vt/qg0v_q5n5k99pnp_yg24c7s80000gn/T//ccWQ6Yzy.s 			page 25


 1369 0148 1B       		.uleb128 0x1b
 1370 0149 898201   		.uleb128 0x4109
 1371 014c 01       		.byte	0x1
 1372 014d 11       		.uleb128 0x11
 1373 014e 01       		.uleb128 0x1
 1374 014f 31       		.uleb128 0x31
 1375 0150 13       		.uleb128 0x13
 1376 0151 00       		.byte	0
 1377 0152 00       		.byte	0
 1378 0153 1C       		.uleb128 0x1c
 1379 0154 2E       		.uleb128 0x2e
 1380 0155 01       		.byte	0x1
 1381 0156 3F       		.uleb128 0x3f
 1382 0157 19       		.uleb128 0x19
 1383 0158 03       		.uleb128 0x3
 1384 0159 0E       		.uleb128 0xe
 1385 015a 3A       		.uleb128 0x3a
 1386 015b 0B       		.uleb128 0xb
 1387 015c 3B       		.uleb128 0x3b
 1388 015d 0B       		.uleb128 0xb
 1389 015e 27       		.uleb128 0x27
 1390 015f 19       		.uleb128 0x19
 1391 0160 11       		.uleb128 0x11
 1392 0161 01       		.uleb128 0x1
 1393 0162 12       		.uleb128 0x12
 1394 0163 06       		.uleb128 0x6
 1395 0164 40       		.uleb128 0x40
 1396 0165 18       		.uleb128 0x18
 1397 0166 9742     		.uleb128 0x2117
 1398 0168 19       		.uleb128 0x19
 1399 0169 01       		.uleb128 0x1
 1400 016a 13       		.uleb128 0x13
 1401 016b 00       		.byte	0
 1402 016c 00       		.byte	0
 1403 016d 1D       		.uleb128 0x1d
 1404 016e 2E       		.uleb128 0x2e
 1405 016f 00       		.byte	0
 1406 0170 3F       		.uleb128 0x3f
 1407 0171 19       		.uleb128 0x19
 1408 0172 3C       		.uleb128 0x3c
 1409 0173 19       		.uleb128 0x19
 1410 0174 6E       		.uleb128 0x6e
 1411 0175 0E       		.uleb128 0xe
 1412 0176 03       		.uleb128 0x3
 1413 0177 0E       		.uleb128 0xe
 1414 0178 3A       		.uleb128 0x3a
 1415 0179 0B       		.uleb128 0xb
 1416 017a 3B       		.uleb128 0x3b
 1417 017b 0B       		.uleb128 0xb
 1418 017c 00       		.byte	0
 1419 017d 00       		.byte	0
 1420 017e 00       		.byte	0
 1421              		.section	.debug_loc,"",%progbits
 1422              	.Ldebug_loc0:
 1423              	.LLST0:
 1424 0000 00000000 		.4byte	.LVL0
 1425 0004 0E000000 		.4byte	.LVL2
ARM GAS  /var/folders/vt/qg0v_q5n5k99pnp_yg24c7s80000gn/T//ccWQ6Yzy.s 			page 26


 1426 0008 0100     		.2byte	0x1
 1427 000a 50       		.byte	0x50
 1428 000b 0E000000 		.4byte	.LVL2
 1429 000f 26000000 		.4byte	.LVL5
 1430 0013 0100     		.2byte	0x1
 1431 0015 54       		.byte	0x54
 1432 0016 26000000 		.4byte	.LVL5
 1433 001a 2C000000 		.4byte	.LFE7
 1434 001e 0400     		.2byte	0x4
 1435 0020 F3       		.byte	0xf3
 1436 0021 01       		.uleb128 0x1
 1437 0022 50       		.byte	0x50
 1438 0023 9F       		.byte	0x9f
 1439 0024 00000000 		.4byte	0
 1440 0028 00000000 		.4byte	0
 1441              	.LLST1:
 1442 002c 06000000 		.4byte	.LVL1
 1443 0030 0E000000 		.4byte	.LVL2
 1444 0034 0100     		.2byte	0x1
 1445 0036 50       		.byte	0x50
 1446 0037 0E000000 		.4byte	.LVL2
 1447 003b 26000000 		.4byte	.LVL5
 1448 003f 0100     		.2byte	0x1
 1449 0041 54       		.byte	0x54
 1450 0042 26000000 		.4byte	.LVL5
 1451 0046 2C000000 		.4byte	.LFE7
 1452 004a 0400     		.2byte	0x4
 1453 004c F3       		.byte	0xf3
 1454 004d 01       		.uleb128 0x1
 1455 004e 50       		.byte	0x50
 1456 004f 9F       		.byte	0x9f
 1457 0050 00000000 		.4byte	0
 1458 0054 00000000 		.4byte	0
 1459              	.LLST2:
 1460 0058 00000000 		.4byte	.LVL6
 1461 005c 1D000000 		.4byte	.LVL7-1
 1462 0060 0100     		.2byte	0x1
 1463 0062 50       		.byte	0x50
 1464 0063 1D000000 		.4byte	.LVL7-1
 1465 0067 2C000000 		.4byte	.LFE8
 1466 006b 0400     		.2byte	0x4
 1467 006d F3       		.byte	0xf3
 1468 006e 01       		.uleb128 0x1
 1469 006f 50       		.byte	0x50
 1470 0070 9F       		.byte	0x9f
 1471 0071 00000000 		.4byte	0
 1472 0075 00000000 		.4byte	0
 1473              	.LLST3:
 1474 0079 00000000 		.4byte	.LVL8
 1475 007d 0F000000 		.4byte	.LVL9-1
 1476 0081 0100     		.2byte	0x1
 1477 0083 50       		.byte	0x50
 1478 0084 0F000000 		.4byte	.LVL9-1
 1479 0088 18000000 		.4byte	.LFE9
 1480 008c 0400     		.2byte	0x4
 1481 008e F3       		.byte	0xf3
 1482 008f 01       		.uleb128 0x1
ARM GAS  /var/folders/vt/qg0v_q5n5k99pnp_yg24c7s80000gn/T//ccWQ6Yzy.s 			page 27


 1483 0090 50       		.byte	0x50
 1484 0091 9F       		.byte	0x9f
 1485 0092 00000000 		.4byte	0
 1486 0096 00000000 		.4byte	0
 1487              		.section	.debug_aranges,"",%progbits
 1488 0000 2C000000 		.4byte	0x2c
 1489 0004 0200     		.2byte	0x2
 1490 0006 00000000 		.4byte	.Ldebug_info0
 1491 000a 04       		.byte	0x4
 1492 000b 00       		.byte	0
 1493 000c 0000     		.2byte	0
 1494 000e 0000     		.2byte	0
 1495 0010 00000000 		.4byte	.LFB7
 1496 0014 2C000000 		.4byte	.LFE7-.LFB7
 1497 0018 00000000 		.4byte	.LFB8
 1498 001c 2C000000 		.4byte	.LFE8-.LFB8
 1499 0020 00000000 		.4byte	.LFB9
 1500 0024 18000000 		.4byte	.LFE9-.LFB9
 1501 0028 00000000 		.4byte	0
 1502 002c 00000000 		.4byte	0
 1503              		.section	.debug_ranges,"",%progbits
 1504              	.Ldebug_ranges0:
 1505 0000 02000000 		.4byte	.LBB2
 1506 0004 04000000 		.4byte	.LBE2
 1507 0008 06000000 		.4byte	.LBB3
 1508 000c 0A000000 		.4byte	.LBE3
 1509 0010 00000000 		.4byte	0
 1510 0014 00000000 		.4byte	0
 1511 0018 0C000000 		.4byte	.LBB6
 1512 001c 16000000 		.4byte	.LBE6
 1513 0020 1E000000 		.4byte	.LBB7
 1514 0024 2C000000 		.4byte	.LBE7
 1515 0028 00000000 		.4byte	0
 1516 002c 00000000 		.4byte	0
 1517 0030 00000000 		.4byte	.LFB7
 1518 0034 2C000000 		.4byte	.LFE7
 1519 0038 00000000 		.4byte	.LFB8
 1520 003c 2C000000 		.4byte	.LFE8
 1521 0040 00000000 		.4byte	.LFB9
 1522 0044 18000000 		.4byte	.LFE9
 1523 0048 00000000 		.4byte	0
 1524 004c 00000000 		.4byte	0
 1525              		.section	.debug_line,"",%progbits
 1526              	.Ldebug_line0:
 1527 0000 D7010000 		.section	.debug_str,"MS",%progbits,1
 1527      02008D01 
 1527      00000201 
 1527      FB0E0D00 
 1527      01010101 
 1528              	.LASF77:
 1529 0000 65745F69 		.ascii	"et_interval\000"
 1529      6E746572 
 1529      76616C00 
 1530              	.LASF41:
 1531 000c 705F6D73 		.ascii	"p_msg\000"
 1531      6700
 1532              	.LASF84:
ARM GAS  /var/folders/vt/qg0v_q5n5k99pnp_yg24c7s80000gn/T//ccWQ6Yzy.s 			page 28


 1533 0012 474E5520 		.ascii	"GNU C11 5.2.1 20151202 (release) [ARM/embedded-5-br"
 1533      43313120 
 1533      352E322E 
 1533      31203230 
 1533      31353132 
 1534 0045 616E6368 		.ascii	"anch revision 231848] -mcpu=cortex-m3 -mno-thumb-in"
 1534      20726576 
 1534      6973696F 
 1534      6E203233 
 1534      31383438 
 1535 0078 74657277 		.ascii	"terwork -mthumb -ggdb -O2 -fomit-frame-pointer -fal"
 1535      6F726B20 
 1535      2D6D7468 
 1535      756D6220 
 1535      2D676764 
 1536 00ab 69676E2D 		.ascii	"ign-functions=16 -ffunction-sections -fdata-section"
 1536      66756E63 
 1536      74696F6E 
 1536      733D3136 
 1536      202D6666 
 1537 00de 73202D66 		.ascii	"s -fno-common\000"
 1537      6E6F2D63 
 1537      6F6D6D6F 
 1537      6E00
 1538              	.LASF57:
 1539 00ec 76745F66 		.ascii	"vt_func\000"
 1539      756E6300 
 1540              	.LASF7:
 1541 00f4 5F5F7569 		.ascii	"__uint8_t\000"
 1541      6E74385F 
 1541      7400
 1542              	.LASF12:
 1543 00fe 6C6F6E67 		.ascii	"long long unsigned int\000"
 1543      206C6F6E 
 1543      6720756E 
 1543      7369676E 
 1543      65642069 
 1544              	.LASF71:
 1545 0115 65786974 		.ascii	"exitcode\000"
 1545      636F6465 
 1545      00
 1546              	.LASF79:
 1547 011e 65767453 		.ascii	"evtStart\000"
 1547      74617274 
 1547      00
 1548              	.LASF29:
 1549 0127 705F7072 		.ascii	"p_prio\000"
 1549      696F00
 1550              	.LASF1:
 1551 012e 6C6F6E67 		.ascii	"long long int\000"
 1551      206C6F6E 
 1551      6720696E 
 1551      7400
 1552              	.LASF3:
 1553 013c 7369676E 		.ascii	"signed char\000"
 1553      65642063 
 1553      68617200 
ARM GAS  /var/folders/vt/qg0v_q5n5k99pnp_yg24c7s80000gn/T//ccWQ6Yzy.s 			page 29


 1554              	.LASF78:
 1555 0148 45765469 		.ascii	"EvTimer\000"
 1555      6D657200 
 1556              	.LASF45:
 1557 0150 705F6D70 		.ascii	"p_mpool\000"
 1557      6F6F6C00 
 1558              	.LASF60:
 1559 0158 6D5F7175 		.ascii	"m_queue\000"
 1559      65756500 
 1560              	.LASF20:
 1561 0160 74736C69 		.ascii	"tslices_t\000"
 1561      6365735F 
 1561      7400
 1562              	.LASF9:
 1563 016a 6C6F6E67 		.ascii	"long int\000"
 1563      20696E74 
 1563      00
 1564              	.LASF18:
 1565 0173 74737461 		.ascii	"tstate_t\000"
 1565      74655F74 
 1565      00
 1566              	.LASF81:
 1567 017c 63684576 		.ascii	"chEvtBroadcastFlagsI\000"
 1567      7442726F 
 1567      61646361 
 1567      7374466C 
 1567      61677349 
 1568              	.LASF31:
 1569 0191 705F6E65 		.ascii	"p_newer\000"
 1569      77657200 
 1570              	.LASF10:
 1571 0199 5F5F7569 		.ascii	"__uint32_t\000"
 1571      6E743332 
 1571      5F7400
 1572              	.LASF48:
 1573 01a4 72656761 		.ascii	"regarm_t\000"
 1573      726D5F74 
 1573      00
 1574              	.LASF55:
 1575 01ad 76745F70 		.ascii	"vt_prev\000"
 1575      72657600 
 1576              	.LASF68:
 1577 01b5 4576656E 		.ascii	"EventSource\000"
 1577      74536F75 
 1577      72636500 
 1578              	.LASF0:
 1579 01c1 756E7369 		.ascii	"unsigned int\000"
 1579      676E6564 
 1579      20696E74 
 1579      00
 1580              	.LASF54:
 1581 01ce 76745F6E 		.ascii	"vt_next\000"
 1581      65787400 
 1582              	.LASF11:
 1583 01d6 6C6F6E67 		.ascii	"long unsigned int\000"
 1583      20756E73 
 1583      69676E65 
ARM GAS  /var/folders/vt/qg0v_q5n5k99pnp_yg24c7s80000gn/T//ccWQ6Yzy.s 			page 30


 1583      6420696E 
 1583      7400
 1584              	.LASF86:
 1585 01e8 2F557365 		.ascii	"/Users/gherlein/herlein/src/vex/Convex-Examples/Squ"
 1585      72732F67 
 1585      6865726C 
 1585      65696E2F 
 1585      6865726C 
 1586 021b 61726542 		.ascii	"areBot\000"
 1586      6F7400
 1587              	.LASF52:
 1588 0222 76746675 		.ascii	"vtfunc_t\000"
 1588      6E635F74 
 1588      00
 1589              	.LASF50:
 1590 022b 636F6E74 		.ascii	"context\000"
 1590      65787400 
 1591              	.LASF6:
 1592 0233 73686F72 		.ascii	"short unsigned int\000"
 1592      7420756E 
 1592      7369676E 
 1592      65642069 
 1592      6E7400
 1593              	.LASF22:
 1594 0246 6D73675F 		.ascii	"msg_t\000"
 1594      7400
 1595              	.LASF64:
 1596 024c 656C5F6E 		.ascii	"el_next\000"
 1596      65787400 
 1597              	.LASF17:
 1598 0254 746D6F64 		.ascii	"tmode_t\000"
 1598      655F7400 
 1599              	.LASF47:
 1600 025c 54687265 		.ascii	"ThreadsList\000"
 1600      6164734C 
 1600      69737400 
 1601              	.LASF23:
 1602 0268 6576656E 		.ascii	"eventmask_t\000"
 1602      746D6173 
 1602      6B5F7400 
 1603              	.LASF59:
 1604 0274 4D757465 		.ascii	"Mutex\000"
 1604      7800
 1605              	.LASF56:
 1606 027a 76745F74 		.ascii	"vt_time\000"
 1606      696D6500 
 1607              	.LASF76:
 1608 0282 65745F65 		.ascii	"et_es\000"
 1608      7300
 1609              	.LASF51:
 1610 0288 73697A65 		.ascii	"sizetype\000"
 1610      74797065 
 1610      00
 1611              	.LASF2:
 1612 0291 6C6F6E67 		.ascii	"long double\000"
 1612      20646F75 
 1612      626C6500 
ARM GAS  /var/folders/vt/qg0v_q5n5k99pnp_yg24c7s80000gn/T//ccWQ6Yzy.s 			page 31


 1613              	.LASF82:
 1614 029d 63685654 		.ascii	"chVTSetI\000"
 1614      53657449 
 1614      00
 1615              	.LASF32:
 1616 02a6 705F6F6C 		.ascii	"p_older\000"
 1616      64657200 
 1617              	.LASF46:
 1618 02ae 54687265 		.ascii	"ThreadsQueue\000"
 1618      61647351 
 1618      75657565 
 1618      00
 1619              	.LASF66:
 1620 02bb 656C5F6D 		.ascii	"el_mask\000"
 1620      61736B00 
 1621              	.LASF19:
 1622 02c3 74726566 		.ascii	"trefs_t\000"
 1622      735F7400 
 1623              	.LASF85:
 1624 02cb 2E2E2F2E 		.ascii	"../../ChibiOS/os/various/evtimer.c\000"
 1624      2E2F4368 
 1624      6962694F 
 1624      532F6F73 
 1624      2F766172 
 1625              	.LASF28:
 1626 02ee 705F7072 		.ascii	"p_prev\000"
 1626      657600
 1627              	.LASF21:
 1628 02f5 74707269 		.ascii	"tprio_t\000"
 1628      6F5F7400 
 1629              	.LASF16:
 1630 02fd 5F426F6F 		.ascii	"_Bool\000"
 1630      6C00
 1631              	.LASF14:
 1632 0303 696E7433 		.ascii	"int32_t\000"
 1632      325F7400 
 1633              	.LASF4:
 1634 030b 756E7369 		.ascii	"unsigned char\000"
 1634      676E6564 
 1634      20636861 
 1634      7200
 1635              	.LASF65:
 1636 0319 656C5F6C 		.ascii	"el_listener\000"
 1636      69737465 
 1636      6E657200 
 1637              	.LASF67:
 1638 0325 656C5F66 		.ascii	"el_flags\000"
 1638      6C616773 
 1638      00
 1639              	.LASF43:
 1640 032e 705F6D74 		.ascii	"p_mtxlist\000"
 1640      786C6973 
 1640      7400
 1641              	.LASF5:
 1642 0338 73686F72 		.ascii	"short int\000"
 1642      7420696E 
 1642      7400
ARM GAS  /var/folders/vt/qg0v_q5n5k99pnp_yg24c7s80000gn/T//ccWQ6Yzy.s 			page 32


 1643              	.LASF34:
 1644 0342 705F7374 		.ascii	"p_state\000"
 1644      61746500 
 1645              	.LASF37:
 1646 034a 705F7072 		.ascii	"p_preempt\000"
 1646      65656D70 
 1646      7400
 1647              	.LASF73:
 1648 0354 65776D61 		.ascii	"ewmask\000"
 1648      736B00
 1649              	.LASF27:
 1650 035b 705F6E65 		.ascii	"p_next\000"
 1650      787400
 1651              	.LASF35:
 1652 0362 705F666C 		.ascii	"p_flags\000"
 1652      61677300 
 1653              	.LASF26:
 1654 036a 54687265 		.ascii	"Thread\000"
 1654      616400
 1655              	.LASF83:
 1656 0371 63685654 		.ascii	"chVTResetI\000"
 1656      52657365 
 1656      744900
 1657              	.LASF42:
 1658 037c 705F6570 		.ascii	"p_epending\000"
 1658      656E6469 
 1658      6E6700
 1659              	.LASF15:
 1660 0387 75696E74 		.ascii	"uint32_t\000"
 1660      33325F74 
 1660      00
 1661              	.LASF53:
 1662 0390 56697274 		.ascii	"VirtualTimer\000"
 1662      75616C54 
 1662      696D6572 
 1662      00
 1663              	.LASF74:
 1664 039d 63686172 		.ascii	"char\000"
 1664      00
 1665              	.LASF87:
 1666 03a2 746D7263 		.ascii	"tmrcb\000"
 1666      6200
 1667              	.LASF62:
 1668 03a8 6D5F6E65 		.ascii	"m_next\000"
 1668      787400
 1669              	.LASF25:
 1670 03af 73797374 		.ascii	"systime_t\000"
 1670      696D655F 
 1670      7400
 1671              	.LASF44:
 1672 03b9 705F7265 		.ascii	"p_realprio\000"
 1672      616C7072 
 1672      696F00
 1673              	.LASF8:
 1674 03c4 5F5F696E 		.ascii	"__int32_t\000"
 1674      7433325F 
 1674      7400
ARM GAS  /var/folders/vt/qg0v_q5n5k99pnp_yg24c7s80000gn/T//ccWQ6Yzy.s 			page 33


 1675              	.LASF80:
 1676 03ce 65767453 		.ascii	"evtStop\000"
 1676      746F7000 
 1677              	.LASF38:
 1678 03d6 705F7469 		.ascii	"p_time\000"
 1678      6D6500
 1679              	.LASF49:
 1680 03dd 696E7463 		.ascii	"intctx\000"
 1680      747800
 1681              	.LASF40:
 1682 03e4 705F6D73 		.ascii	"p_msgqueue\000"
 1682      67717565 
 1682      756500
 1683              	.LASF58:
 1684 03ef 76745F70 		.ascii	"vt_par\000"
 1684      617200
 1685              	.LASF24:
 1686 03f6 666C6167 		.ascii	"flagsmask_t\000"
 1686      736D6173 
 1686      6B5F7400 
 1687              	.LASF70:
 1688 0402 7264796D 		.ascii	"rdymsg\000"
 1688      736700
 1689              	.LASF36:
 1690 0409 705F7265 		.ascii	"p_refs\000"
 1690      667300
 1691              	.LASF13:
 1692 0410 75696E74 		.ascii	"uint8_t\000"
 1692      385F7400 
 1693              	.LASF63:
 1694 0418 4576656E 		.ascii	"EventListener\000"
 1694      744C6973 
 1694      74656E65 
 1694      7200
 1695              	.LASF72:
 1696 0426 77746F62 		.ascii	"wtobjp\000"
 1696      6A7000
 1697              	.LASF33:
 1698 042d 705F6E61 		.ascii	"p_name\000"
 1698      6D6500
 1699              	.LASF69:
 1700 0434 65735F6E 		.ascii	"es_next\000"
 1700      65787400 
 1701              	.LASF75:
 1702 043c 65745F76 		.ascii	"et_vt\000"
 1702      7400
 1703              	.LASF61:
 1704 0442 6D5F6F77 		.ascii	"m_owner\000"
 1704      6E657200 
 1705              	.LASF30:
 1706 044a 705F6374 		.ascii	"p_ctx\000"
 1706      7800
 1707              	.LASF39:
 1708 0450 705F7761 		.ascii	"p_waiting\000"
 1708      6974696E 
 1708      6700
 1709              		.ident	"GCC: (GNU Tools for ARM Embedded Processors) 5.2.1 20151202 (release) [ARM/embedded-5-bran
ARM GAS  /var/folders/vt/qg0v_q5n5k99pnp_yg24c7s80000gn/T//ccWQ6Yzy.s 			page 34


ARM GAS  /var/folders/vt/qg0v_q5n5k99pnp_yg24c7s80000gn/T//ccWQ6Yzy.s 			page 35


DEFINED SYMBOLS
                            *ABS*:0000000000000000 evtimer.c
/var/folders/vt/qg0v_q5n5k99pnp_yg24c7s80000gn/T//ccWQ6Yzy.s:20     .text.tmrcb:0000000000000000 $t
/var/folders/vt/qg0v_q5n5k99pnp_yg24c7s80000gn/T//ccWQ6Yzy.s:25     .text.tmrcb:0000000000000000 tmrcb
/var/folders/vt/qg0v_q5n5k99pnp_yg24c7s80000gn/T//ccWQ6Yzy.s:80     .text.tmrcb:0000000000000028 $d
/var/folders/vt/qg0v_q5n5k99pnp_yg24c7s80000gn/T//ccWQ6Yzy.s:86     .text.evtStart:0000000000000000 $t
/var/folders/vt/qg0v_q5n5k99pnp_yg24c7s80000gn/T//ccWQ6Yzy.s:92     .text.evtStart:0000000000000000 evtStart
/var/folders/vt/qg0v_q5n5k99pnp_yg24c7s80000gn/T//ccWQ6Yzy.s:147    .text.evtStart:0000000000000028 $d
/var/folders/vt/qg0v_q5n5k99pnp_yg24c7s80000gn/T//ccWQ6Yzy.s:153    .text.evtStop:0000000000000000 $t
/var/folders/vt/qg0v_q5n5k99pnp_yg24c7s80000gn/T//ccWQ6Yzy.s:159    .text.evtStop:0000000000000000 evtStop
                     .debug_frame:0000000000000010 $d

UNDEFINED SYMBOLS
chEvtBroadcastFlagsI
chVTSetI
chVTResetI
