ARM GAS  /var/folders/vt/qg0v_q5n5k99pnp_yg24c7s80000gn/T//cc1zYbxY.s 			page 1


   1              		.syntax unified
   2              		.cpu cortex-m3
   3              		.fpu softvfp
   4              		.eabi_attribute 20, 1
   5              		.eabi_attribute 21, 1
   6              		.eabi_attribute 23, 3
   7              		.eabi_attribute 24, 1
   8              		.eabi_attribute 25, 1
   9              		.eabi_attribute 26, 1
  10              		.eabi_attribute 30, 2
  11              		.eabi_attribute 34, 1
  12              		.eabi_attribute 18, 4
  13              		.thumb
  14              		.syntax unified
  15              		.file	"pal_lld.c"
  16              		.text
  17              	.Ltext0:
  18              		.cfi_sections	.debug_frame
  19              		.section	.text._pal_lld_init,"ax",%progbits
  20              		.align	2
  21              		.p2align 4,,15
  22              		.global	_pal_lld_init
  23              		.thumb
  24              		.thumb_func
  25              		.type	_pal_lld_init, %function
  26              	_pal_lld_init:
  27              	.LFB63:
  28              		.file 1 "../../ChibiOS/os/hal/platforms/STM32/GPIOv1/pal_lld.c"
  29              		.loc 1 77 0
  30              		.cfi_startproc
  31              		@ args = 0, pretend = 0, frame = 0
  32              		@ frame_needed = 0, uses_anonymous_args = 0
  33              		@ link register save eliminated.
  34              	.LVL0:
  35              		.loc 1 82 0
  36 0000 1E49     		ldr	r1, .L3
  37              		.loc 1 77 0
  38 0002 F0B4     		push	{r4, r5, r6, r7}
  39              		.cfi_def_cfa_offset 16
  40              		.cfi_offset 4, -16
  41              		.cfi_offset 5, -12
  42              		.cfi_offset 6, -8
  43              		.cfi_offset 7, -4
  44              		.loc 1 82 0
  45 0004 8B69     		ldr	r3, [r1, #24]
  46              		.loc 1 87 0
  47 0006 1E4A     		ldr	r2, .L3+4
  48              		.loc 1 82 0
  49 0008 43F4FE73 		orr	r3, r3, #508
  50 000c 43F00103 		orr	r3, r3, #1
  51 0010 8B61     		str	r3, [r1, #24]
  52              		.loc 1 87 0
  53 0012 0368     		ldr	r3, [r0]
  54              		.loc 1 90 0
  55 0014 1B4E     		ldr	r6, .L3+8
  56              		.loc 1 87 0
  57 0016 D360     		str	r3, [r2, #12]
ARM GAS  /var/folders/vt/qg0v_q5n5k99pnp_yg24c7s80000gn/T//cc1zYbxY.s 			page 2


  58              		.loc 1 88 0
  59 0018 8368     		ldr	r3, [r0, #8]
  60              		.loc 1 93 0
  61 001a 1B4D     		ldr	r5, .L3+12
  62              		.loc 1 88 0
  63 001c 5360     		str	r3, [r2, #4]
  64              		.loc 1 89 0
  65 001e 4368     		ldr	r3, [r0, #4]
  66              		.loc 1 96 0
  67 0020 1A4C     		ldr	r4, .L3+16
  68              		.loc 1 89 0
  69 0022 1360     		str	r3, [r2]
  70              		.loc 1 90 0
  71 0024 C368     		ldr	r3, [r0, #12]
  72              		.loc 1 100 0
  73 0026 A1F57841 		sub	r1, r1, #63488
  74              		.loc 1 90 0
  75 002a F360     		str	r3, [r6, #12]
  76              		.loc 1 91 0
  77 002c 4769     		ldr	r7, [r0, #20]
  78              		.loc 1 104 0
  79 002e 02F5A052 		add	r2, r2, #5120
  80              		.loc 1 91 0
  81 0032 7760     		str	r7, [r6, #4]
  82              		.loc 1 92 0
  83 0034 0769     		ldr	r7, [r0, #16]
  84              		.loc 1 108 0
  85 0036 164B     		ldr	r3, .L3+20
  86              		.loc 1 92 0
  87 0038 3760     		str	r7, [r6]
  88              		.loc 1 93 0
  89 003a 8669     		ldr	r6, [r0, #24]
  90 003c EE60     		str	r6, [r5, #12]
  91              		.loc 1 94 0
  92 003e 066A     		ldr	r6, [r0, #32]
  93 0040 6E60     		str	r6, [r5, #4]
  94              		.loc 1 95 0
  95 0042 C669     		ldr	r6, [r0, #28]
  96 0044 2E60     		str	r6, [r5]
  97              		.loc 1 96 0
  98 0046 456A     		ldr	r5, [r0, #36]
  99 0048 E560     		str	r5, [r4, #12]
 100              		.loc 1 97 0
 101 004a C56A     		ldr	r5, [r0, #44]
 102 004c 6560     		str	r5, [r4, #4]
 103              		.loc 1 98 0
 104 004e 856A     		ldr	r5, [r0, #40]
 105 0050 2560     		str	r5, [r4]
 106              		.loc 1 100 0
 107 0052 046B     		ldr	r4, [r0, #48]
 108 0054 CC60     		str	r4, [r1, #12]
 109              		.loc 1 101 0
 110 0056 846B     		ldr	r4, [r0, #56]
 111 0058 4C60     		str	r4, [r1, #4]
 112              		.loc 1 102 0
 113 005a 446B     		ldr	r4, [r0, #52]
 114 005c 0C60     		str	r4, [r1]
ARM GAS  /var/folders/vt/qg0v_q5n5k99pnp_yg24c7s80000gn/T//cc1zYbxY.s 			page 3


 115              		.loc 1 104 0
 116 005e C16B     		ldr	r1, [r0, #60]
 117              		.loc 1 114 0
 118 0060 F0BC     		pop	{r4, r5, r6, r7}
 119              		.cfi_restore 7
 120              		.cfi_restore 6
 121              		.cfi_restore 5
 122              		.cfi_restore 4
 123              		.cfi_def_cfa_offset 0
 124              		.loc 1 104 0
 125 0062 D160     		str	r1, [r2, #12]
 126              		.loc 1 105 0
 127 0064 416C     		ldr	r1, [r0, #68]
 128 0066 5160     		str	r1, [r2, #4]
 129              		.loc 1 106 0
 130 0068 016C     		ldr	r1, [r0, #64]
 131 006a 1160     		str	r1, [r2]
 132              		.loc 1 108 0
 133 006c 826C     		ldr	r2, [r0, #72]
 134 006e DA60     		str	r2, [r3, #12]
 135              		.loc 1 109 0
 136 0070 026D     		ldr	r2, [r0, #80]
 137 0072 5A60     		str	r2, [r3, #4]
 138              		.loc 1 110 0
 139 0074 C26C     		ldr	r2, [r0, #76]
 140 0076 1A60     		str	r2, [r3]
 141              		.loc 1 114 0
 142 0078 7047     		bx	lr
 143              	.L4:
 144 007a 00BF     		.align	2
 145              	.L3:
 146 007c 00100240 		.word	1073876992
 147 0080 00080140 		.word	1073809408
 148 0084 000C0140 		.word	1073810432
 149 0088 00100140 		.word	1073811456
 150 008c 00140140 		.word	1073812480
 151 0090 00200140 		.word	1073815552
 152              		.cfi_endproc
 153              	.LFE63:
 154              		.size	_pal_lld_init, .-_pal_lld_init
 155              		.section	.text._pal_lld_setgroupmode,"ax",%progbits
 156              		.align	2
 157              		.p2align 4,,15
 158              		.global	_pal_lld_setgroupmode
 159              		.thumb
 160              		.thumb_func
 161              		.type	_pal_lld_setgroupmode, %function
 162              	_pal_lld_setgroupmode:
 163              	.LFB64:
 164              		.loc 1 133 0
 165              		.cfi_startproc
 166              		@ args = 0, pretend = 0, frame = 0
 167              		@ frame_needed = 0, uses_anonymous_args = 0
 168              	.LVL1:
 169              		.loc 1 157 0
 170 0000 032A     		cmp	r2, #3
 171              		.loc 1 133 0
ARM GAS  /var/folders/vt/qg0v_q5n5k99pnp_yg24c7s80000gn/T//cc1zYbxY.s 			page 4


 172 0002 F0B5     		push	{r4, r5, r6, r7, lr}
 173              		.cfi_def_cfa_offset 20
 174              		.cfi_offset 4, -20
 175              		.cfi_offset 5, -16
 176              		.cfi_offset 6, -12
 177              		.cfi_offset 7, -8
 178              		.cfi_offset 14, -4
 179              		.loc 1 157 0
 180 0004 2CD0     		beq	.L16
 181              		.loc 1 159 0
 182 0006 042A     		cmp	r2, #4
 183              		.loc 1 160 0
 184 0008 08BF     		it	eq
 185 000a 4161     		streq	r1, [r0, #20]
 186              	.L7:
 187              		.loc 1 162 0
 188 000c 0023     		movs	r3, #0
 189 000e 1C46     		mov	r4, r3
 190 0010 1D46     		mov	r5, r3
 191 0012 1E46     		mov	r6, r3
 192              		.loc 1 161 0
 193 0014 DFF84CE0 		ldr	lr, .L17
 194 0018 0827     		movs	r7, #8
 195 001a 1EF80220 		ldrb	r2, [lr, r2]	@ zero_extendqisi2
 196              	.LVL2:
 197              	.L12:
 198              		.loc 1 168 0
 199 001e 11F0800F 		tst	r1, #128
 200              		.loc 1 164 0
 201 0022 4FEA0515 		lsl	r5, r5, #4
 202              	.LVL3:
 203              		.loc 1 166 0
 204 0026 4FEA0313 		lsl	r3, r3, #4
 205              	.LVL4:
 206              		.loc 1 165 0
 207 002a 4FEA0616 		lsl	r6, r6, #4
 208              	.LVL5:
 209              		.loc 1 167 0
 210 002e 4FEA0414 		lsl	r4, r4, #4
 211              	.LVL6:
 212              		.loc 1 169 0
 213 0032 0CBF     		ite	eq
 214 0034 45F00F05 		orreq	r5, r5, #15
 215              	.LVL7:
 216              		.loc 1 171 0
 217 0038 1343     		orrne	r3, r3, r2
 218              	.LVL8:
 219              		.loc 1 172 0
 220 003a 11F4004F 		tst	r1, #32768
 221              		.loc 1 173 0
 222 003e 0CBF     		ite	eq
 223 0040 46F00F06 		orreq	r6, r6, #15
 224              	.LVL9:
 225              		.loc 1 175 0
 226 0044 1443     		orrne	r4, r4, r2
 227              	.LVL10:
 228              		.loc 1 163 0
ARM GAS  /var/folders/vt/qg0v_q5n5k99pnp_yg24c7s80000gn/T//cc1zYbxY.s 			page 5


 229 0046 013F     		subs	r7, r7, #1
 230              	.LVL11:
 231              		.loc 1 176 0
 232 0048 4FEA4101 		lsl	r1, r1, #1
 233              	.LVL12:
 234              		.loc 1 163 0
 235 004c E7D1     		bne	.L12
 236              		.loc 1 178 0
 237 004e 4268     		ldr	r2, [r0, #4]
 238              	.LVL13:
 239 0050 1640     		ands	r6, r6, r2
 240              	.LVL14:
 241 0052 3443     		orrs	r4, r4, r6
 242              	.LVL15:
 243 0054 4460     		str	r4, [r0, #4]
 244              		.loc 1 179 0
 245 0056 0268     		ldr	r2, [r0]
 246 0058 1540     		ands	r5, r5, r2
 247              	.LVL16:
 248 005a 2B43     		orrs	r3, r3, r5
 249              	.LVL17:
 250 005c 0360     		str	r3, [r0]
 251 005e F0BD     		pop	{r4, r5, r6, r7, pc}
 252              	.LVL18:
 253              	.L16:
 254              		.loc 1 158 0
 255 0060 0161     		str	r1, [r0, #16]
 256 0062 D3E7     		b	.L7
 257              	.L18:
 258              		.align	2
 259              	.L17:
 260 0064 00000000 		.word	.LANCHOR0
 261              		.cfi_endproc
 262              	.LFE64:
 263              		.size	_pal_lld_setgroupmode, .-_pal_lld_setgroupmode
 264              		.section	.rodata.cfgtab.6619,"a",%progbits
 265              		.align	2
 266              		.set	.LANCHOR0,. + 0
 267              		.type	cfgtab.6619, %object
 268              		.size	cfgtab.6619, 18
 269              	cfgtab.6619:
 270 0000 04       		.byte	4
 271 0001 02       		.byte	2
 272 0002 04       		.byte	4
 273 0003 08       		.byte	8
 274 0004 08       		.byte	8
 275 0005 00       		.byte	0
 276 0006 03       		.byte	3
 277 0007 07       		.byte	7
 278 0008 08       		.byte	8
 279 0009 08       		.byte	8
 280 000a 08       		.byte	8
 281 000b 08       		.byte	8
 282 000c 08       		.byte	8
 283 000d 08       		.byte	8
 284 000e 08       		.byte	8
 285 000f 08       		.byte	8
ARM GAS  /var/folders/vt/qg0v_q5n5k99pnp_yg24c7s80000gn/T//cc1zYbxY.s 			page 6


 286 0010 0B       		.byte	11
 287 0011 0F       		.byte	15
 288              		.text
 289              	.Letext0:
 290              		.file 2 "/usr/local/gcc-arm-none-eabi-5_2-2015q4/arm-none-eabi/include/machine/_default_types.h"
 291              		.file 3 "/usr/local/gcc-arm-none-eabi-5_2-2015q4/arm-none-eabi/include/sys/_stdint.h"
 292              		.file 4 "../../ChibiOS/os/hal/platforms/STM32F1xx/stm32f10x.h"
 293              		.file 5 "../../ChibiOS/os/hal/platforms/STM32/GPIOv1/pal_lld.h"
 294              		.file 6 "../../ChibiOS/os/ports/common/ARMCMx/CMSIS/include/core_cm3.h"
 295              		.section	.debug_info,"",%progbits
 296              	.Ldebug_info0:
 297 0000 96030000 		.4byte	0x396
 298 0004 0400     		.2byte	0x4
 299 0006 00000000 		.4byte	.Ldebug_abbrev0
 300 000a 04       		.byte	0x4
 301 000b 01       		.uleb128 0x1
 302 000c E4010000 		.4byte	.LASF49
 303 0010 0C       		.byte	0xc
 304 0011 44000000 		.4byte	.LASF50
 305 0015 B2000000 		.4byte	.LASF51
 306 0019 00000000 		.4byte	.Ldebug_ranges0+0
 307 001d 00000000 		.4byte	0
 308 0021 00000000 		.4byte	.Ldebug_line0
 309 0025 02       		.uleb128 0x2
 310 0026 04       		.byte	0x4
 311 0027 05       		.byte	0x5
 312 0028 696E7400 		.ascii	"int\000"
 313 002c 03       		.uleb128 0x3
 314 002d 04       		.byte	0x4
 315 002e 07       		.byte	0x7
 316 002f C4010000 		.4byte	.LASF0
 317 0033 03       		.uleb128 0x3
 318 0034 08       		.byte	0x8
 319 0035 05       		.byte	0x5
 320 0036 3D010000 		.4byte	.LASF1
 321 003a 03       		.uleb128 0x3
 322 003b 08       		.byte	0x8
 323 003c 04       		.byte	0x4
 324 003d 2A010000 		.4byte	.LASF2
 325 0041 03       		.uleb128 0x3
 326 0042 01       		.byte	0x1
 327 0043 06       		.byte	0x6
 328 0044 1E010000 		.4byte	.LASF3
 329 0048 04       		.uleb128 0x4
 330 0049 6B010000 		.4byte	.LASF7
 331 004d 02       		.byte	0x2
 332 004e 1D       		.byte	0x1d
 333 004f 53000000 		.4byte	0x53
 334 0053 03       		.uleb128 0x3
 335 0054 01       		.byte	0x1
 336 0055 08       		.byte	0x8
 337 0056 8E010000 		.4byte	.LASF4
 338 005a 03       		.uleb128 0x3
 339 005b 02       		.byte	0x2
 340 005c 05       		.byte	0x5
 341 005d 81000000 		.4byte	.LASF5
 342 0061 03       		.uleb128 0x3
ARM GAS  /var/folders/vt/qg0v_q5n5k99pnp_yg24c7s80000gn/T//cc1zYbxY.s 			page 7


 343 0062 02       		.byte	0x2
 344 0063 07       		.byte	0x7
 345 0064 E2020000 		.4byte	.LASF6
 346 0068 04       		.uleb128 0x4
 347 0069 11030000 		.4byte	.LASF8
 348 006d 02       		.byte	0x2
 349 006e 3F       		.byte	0x3f
 350 006f 73000000 		.4byte	0x73
 351 0073 03       		.uleb128 0x3
 352 0074 04       		.byte	0x4
 353 0075 05       		.byte	0x5
 354 0076 4B010000 		.4byte	.LASF9
 355 007a 04       		.uleb128 0x4
 356 007b 99000000 		.4byte	.LASF10
 357 007f 02       		.byte	0x2
 358 0080 41       		.byte	0x41
 359 0081 85000000 		.4byte	0x85
 360 0085 03       		.uleb128 0x3
 361 0086 04       		.byte	0x4
 362 0087 07       		.byte	0x7
 363 0088 FA020000 		.4byte	.LASF11
 364 008c 03       		.uleb128 0x3
 365 008d 08       		.byte	0x8
 366 008e 07       		.byte	0x7
 367 008f A4010000 		.4byte	.LASF12
 368 0093 04       		.uleb128 0x4
 369 0094 01010000 		.4byte	.LASF13
 370 0098 03       		.byte	0x3
 371 0099 14       		.byte	0x14
 372 009a 48000000 		.4byte	0x48
 373 009e 04       		.uleb128 0x4
 374 009f C3020000 		.4byte	.LASF14
 375 00a3 03       		.byte	0x3
 376 00a4 1F       		.byte	0x1f
 377 00a5 68000000 		.4byte	0x68
 378 00a9 04       		.uleb128 0x4
 379 00aa BB010000 		.4byte	.LASF15
 380 00ae 03       		.byte	0x3
 381 00af 20       		.byte	0x20
 382 00b0 7A000000 		.4byte	0x7a
 383 00b4 03       		.uleb128 0x3
 384 00b5 01       		.byte	0x1
 385 00b6 02       		.byte	0x2
 386 00b7 D5020000 		.4byte	.LASF16
 387 00bb 05       		.uleb128 0x5
 388 00bc A9000000 		.4byte	0xa9
 389 00c0 03       		.uleb128 0x3
 390 00c1 04       		.byte	0x4
 391 00c2 07       		.byte	0x7
 392 00c3 8B000000 		.4byte	.LASF17
 393 00c7 03       		.uleb128 0x3
 394 00c8 01       		.byte	0x1
 395 00c9 08       		.byte	0x8
 396 00ca BE020000 		.4byte	.LASF18
 397 00ce 05       		.uleb128 0x5
 398 00cf 9E000000 		.4byte	0x9e
 399 00d3 06       		.uleb128 0x6
ARM GAS  /var/folders/vt/qg0v_q5n5k99pnp_yg24c7s80000gn/T//cc1zYbxY.s 			page 8


 400 00d4 1C       		.byte	0x1c
 401 00d5 04       		.byte	0x4
 402 00d6 F803     		.2byte	0x3f8
 403 00d8 38010000 		.4byte	0x138
 404 00dc 07       		.uleb128 0x7
 405 00dd 43524C00 		.ascii	"CRL\000"
 406 00e1 04       		.byte	0x4
 407 00e2 FA03     		.2byte	0x3fa
 408 00e4 BB000000 		.4byte	0xbb
 409 00e8 00       		.byte	0
 410 00e9 07       		.uleb128 0x7
 411 00ea 43524800 		.ascii	"CRH\000"
 412 00ee 04       		.byte	0x4
 413 00ef FB03     		.2byte	0x3fb
 414 00f1 BB000000 		.4byte	0xbb
 415 00f5 04       		.byte	0x4
 416 00f6 07       		.uleb128 0x7
 417 00f7 49445200 		.ascii	"IDR\000"
 418 00fb 04       		.byte	0x4
 419 00fc FC03     		.2byte	0x3fc
 420 00fe BB000000 		.4byte	0xbb
 421 0102 08       		.byte	0x8
 422 0103 07       		.uleb128 0x7
 423 0104 4F445200 		.ascii	"ODR\000"
 424 0108 04       		.byte	0x4
 425 0109 FD03     		.2byte	0x3fd
 426 010b BB000000 		.4byte	0xbb
 427 010f 0C       		.byte	0xc
 428 0110 08       		.uleb128 0x8
 429 0111 EC000000 		.4byte	.LASF19
 430 0115 04       		.byte	0x4
 431 0116 FE03     		.2byte	0x3fe
 432 0118 BB000000 		.4byte	0xbb
 433 011c 10       		.byte	0x10
 434 011d 07       		.uleb128 0x7
 435 011e 42525200 		.ascii	"BRR\000"
 436 0122 04       		.byte	0x4
 437 0123 FF03     		.2byte	0x3ff
 438 0125 BB000000 		.4byte	0xbb
 439 0129 14       		.byte	0x14
 440 012a 08       		.uleb128 0x8
 441 012b 34030000 		.4byte	.LASF20
 442 012f 04       		.byte	0x4
 443 0130 0004     		.2byte	0x400
 444 0132 BB000000 		.4byte	0xbb
 445 0136 18       		.byte	0x18
 446 0137 00       		.byte	0
 447 0138 09       		.uleb128 0x9
 448 0139 00000000 		.4byte	.LASF21
 449 013d 04       		.byte	0x4
 450 013e 0104     		.2byte	0x401
 451 0140 D3000000 		.4byte	0xd3
 452 0144 06       		.uleb128 0x6
 453 0145 28       		.byte	0x28
 454 0146 04       		.byte	0x4
 455 0147 4304     		.2byte	0x443
 456 0149 CF010000 		.4byte	0x1cf
ARM GAS  /var/folders/vt/qg0v_q5n5k99pnp_yg24c7s80000gn/T//cc1zYbxY.s 			page 9


 457 014d 07       		.uleb128 0x7
 458 014e 435200   		.ascii	"CR\000"
 459 0151 04       		.byte	0x4
 460 0152 4504     		.2byte	0x445
 461 0154 BB000000 		.4byte	0xbb
 462 0158 00       		.byte	0
 463 0159 08       		.uleb128 0x8
 464 015a 2F030000 		.4byte	.LASF22
 465 015e 04       		.byte	0x4
 466 015f 4604     		.2byte	0x446
 467 0161 BB000000 		.4byte	0xbb
 468 0165 04       		.byte	0x4
 469 0166 07       		.uleb128 0x7
 470 0167 43495200 		.ascii	"CIR\000"
 471 016b 04       		.byte	0x4
 472 016c 4704     		.2byte	0x447
 473 016e BB000000 		.4byte	0xbb
 474 0172 08       		.byte	0x8
 475 0173 08       		.uleb128 0x8
 476 0174 62010000 		.4byte	.LASF23
 477 0178 04       		.byte	0x4
 478 0179 4804     		.2byte	0x448
 479 017b BB000000 		.4byte	0xbb
 480 017f 0C       		.byte	0xc
 481 0180 08       		.uleb128 0x8
 482 0181 A4000000 		.4byte	.LASF24
 483 0185 04       		.byte	0x4
 484 0186 4904     		.2byte	0x449
 485 0188 BB000000 		.4byte	0xbb
 486 018c 10       		.byte	0x10
 487 018d 08       		.uleb128 0x8
 488 018e 5B010000 		.4byte	.LASF25
 489 0192 04       		.byte	0x4
 490 0193 4A04     		.2byte	0x44a
 491 0195 BB000000 		.4byte	0xbb
 492 0199 14       		.byte	0x14
 493 019a 08       		.uleb128 0x8
 494 019b 9C010000 		.4byte	.LASF26
 495 019f 04       		.byte	0x4
 496 01a0 4B04     		.2byte	0x44b
 497 01a2 BB000000 		.4byte	0xbb
 498 01a6 18       		.byte	0x18
 499 01a7 08       		.uleb128 0x8
 500 01a8 09010000 		.4byte	.LASF27
 501 01ac 04       		.byte	0x4
 502 01ad 4C04     		.2byte	0x44c
 503 01af BB000000 		.4byte	0xbb
 504 01b3 1C       		.byte	0x1c
 505 01b4 08       		.uleb128 0x8
 506 01b5 94000000 		.4byte	.LASF28
 507 01b9 04       		.byte	0x4
 508 01ba 4D04     		.2byte	0x44d
 509 01bc BB000000 		.4byte	0xbb
 510 01c0 20       		.byte	0x20
 511 01c1 07       		.uleb128 0x7
 512 01c2 43535200 		.ascii	"CSR\000"
 513 01c6 04       		.byte	0x4
ARM GAS  /var/folders/vt/qg0v_q5n5k99pnp_yg24c7s80000gn/T//cc1zYbxY.s 			page 10


 514 01c7 4E04     		.2byte	0x44e
 515 01c9 BB000000 		.4byte	0xbb
 516 01cd 24       		.byte	0x24
 517 01ce 00       		.byte	0
 518 01cf 09       		.uleb128 0x9
 519 01d0 14000000 		.4byte	.LASF29
 520 01d4 04       		.byte	0x4
 521 01d5 5904     		.2byte	0x459
 522 01d7 44010000 		.4byte	0x144
 523 01db 0A       		.uleb128 0xa
 524 01dc 0C       		.byte	0xc
 525 01dd 05       		.byte	0x5
 526 01de 38       		.byte	0x38
 527 01df 08020000 		.4byte	0x208
 528 01e3 0B       		.uleb128 0xb
 529 01e4 6F647200 		.ascii	"odr\000"
 530 01e8 05       		.byte	0x5
 531 01e9 3A       		.byte	0x3a
 532 01ea A9000000 		.4byte	0xa9
 533 01ee 00       		.byte	0
 534 01ef 0B       		.uleb128 0xb
 535 01f0 63726C00 		.ascii	"crl\000"
 536 01f4 05       		.byte	0x5
 537 01f5 3C       		.byte	0x3c
 538 01f6 A9000000 		.4byte	0xa9
 539 01fa 04       		.byte	0x4
 540 01fb 0B       		.uleb128 0xb
 541 01fc 63726800 		.ascii	"crh\000"
 542 0200 05       		.byte	0x5
 543 0201 3E       		.byte	0x3e
 544 0202 A9000000 		.4byte	0xa9
 545 0206 08       		.byte	0x8
 546 0207 00       		.byte	0
 547 0208 04       		.uleb128 0x4
 548 0209 D1010000 		.4byte	.LASF30
 549 020d 05       		.byte	0x5
 550 020e 3F       		.byte	0x3f
 551 020f DB010000 		.4byte	0x1db
 552 0213 0A       		.uleb128 0xa
 553 0214 54       		.byte	0x54
 554 0215 05       		.byte	0x5
 555 0216 48       		.byte	0x48
 556 0217 70020000 		.4byte	0x270
 557 021b 0C       		.uleb128 0xc
 558 021c 36010000 		.4byte	.LASF31
 559 0220 05       		.byte	0x5
 560 0221 4A       		.byte	0x4a
 561 0222 08020000 		.4byte	0x208
 562 0226 00       		.byte	0
 563 0227 0C       		.uleb128 0xc
 564 0228 28030000 		.4byte	.LASF32
 565 022c 05       		.byte	0x5
 566 022d 4C       		.byte	0x4c
 567 022e 08020000 		.4byte	0x208
 568 0232 0C       		.byte	0xc
 569 0233 0C       		.uleb128 0xc
 570 0234 0D000000 		.4byte	.LASF33
ARM GAS  /var/folders/vt/qg0v_q5n5k99pnp_yg24c7s80000gn/T//cc1zYbxY.s 			page 11


 571 0238 05       		.byte	0x5
 572 0239 4E       		.byte	0x4e
 573 023a 08020000 		.4byte	0x208
 574 023e 18       		.byte	0x18
 575 023f 0C       		.uleb128 0xc
 576 0240 54010000 		.4byte	.LASF34
 577 0244 05       		.byte	0x5
 578 0245 50       		.byte	0x50
 579 0246 08020000 		.4byte	0x208
 580 024a 24       		.byte	0x24
 581 024b 0C       		.uleb128 0xc
 582 024c DB020000 		.4byte	.LASF35
 583 0250 05       		.byte	0x5
 584 0251 53       		.byte	0x53
 585 0252 08020000 		.4byte	0x208
 586 0256 30       		.byte	0x30
 587 0257 0C       		.uleb128 0xc
 588 0258 7A000000 		.4byte	.LASF36
 589 025c 05       		.byte	0x5
 590 025d 56       		.byte	0x56
 591 025e 08020000 		.4byte	0x208
 592 0262 3C       		.byte	0x3c
 593 0263 0C       		.uleb128 0xc
 594 0264 75010000 		.4byte	.LASF37
 595 0268 05       		.byte	0x5
 596 0269 59       		.byte	0x59
 597 026a 08020000 		.4byte	0x208
 598 026e 48       		.byte	0x48
 599 026f 00       		.byte	0
 600 0270 04       		.uleb128 0x4
 601 0271 CB020000 		.4byte	.LASF38
 602 0275 05       		.byte	0x5
 603 0276 5D       		.byte	0x5d
 604 0277 13020000 		.4byte	0x213
 605 027b 04       		.uleb128 0x4
 606 027c 11010000 		.4byte	.LASF39
 607 0280 05       		.byte	0x5
 608 0281 6D       		.byte	0x6d
 609 0282 A9000000 		.4byte	0xa9
 610 0286 04       		.uleb128 0x4
 611 0287 F8000000 		.4byte	.LASF40
 612 028b 05       		.byte	0x5
 613 028c 72       		.byte	0x72
 614 028d A9000000 		.4byte	0xa9
 615 0291 04       		.uleb128 0x4
 616 0292 7C010000 		.4byte	.LASF41
 617 0296 05       		.byte	0x5
 618 0297 7A       		.byte	0x7a
 619 0298 9C020000 		.4byte	0x29c
 620 029c 0D       		.uleb128 0xd
 621 029d 04       		.byte	0x4
 622 029e 38010000 		.4byte	0x138
 623 02a2 0E       		.uleb128 0xe
 624 02a3 36000000 		.4byte	.LASF42
 625 02a7 01       		.byte	0x1
 626 02a8 4D       		.byte	0x4d
 627 02a9 00000000 		.4byte	.LFB63
ARM GAS  /var/folders/vt/qg0v_q5n5k99pnp_yg24c7s80000gn/T//cc1zYbxY.s 			page 12


 628 02ad 94000000 		.4byte	.LFE63-.LFB63
 629 02b1 01       		.uleb128 0x1
 630 02b2 9C       		.byte	0x9c
 631 02b3 C5020000 		.4byte	0x2c5
 632 02b7 0F       		.uleb128 0xf
 633 02b8 F1000000 		.4byte	.LASF44
 634 02bc 01       		.byte	0x1
 635 02bd 4D       		.byte	0x4d
 636 02be C5020000 		.4byte	0x2c5
 637 02c2 01       		.uleb128 0x1
 638 02c3 50       		.byte	0x50
 639 02c4 00       		.byte	0
 640 02c5 0D       		.uleb128 0xd
 641 02c6 04       		.byte	0x4
 642 02c7 CB020000 		.4byte	0x2cb
 643 02cb 10       		.uleb128 0x10
 644 02cc 70020000 		.4byte	0x270
 645 02d0 0E       		.uleb128 0xe
 646 02d1 20000000 		.4byte	.LASF43
 647 02d5 01       		.byte	0x1
 648 02d6 83       		.byte	0x83
 649 02d7 00000000 		.4byte	.LFB64
 650 02db 68000000 		.4byte	.LFE64-.LFB64
 651 02df 01       		.uleb128 0x1
 652 02e0 9C       		.byte	0x9c
 653 02e1 78030000 		.4byte	0x378
 654 02e5 0F       		.uleb128 0xf
 655 02e6 F5020000 		.4byte	.LASF45
 656 02ea 01       		.byte	0x1
 657 02eb 83       		.byte	0x83
 658 02ec 91020000 		.4byte	0x291
 659 02f0 01       		.uleb128 0x1
 660 02f1 50       		.byte	0x50
 661 02f2 11       		.uleb128 0x11
 662 02f3 0C030000 		.4byte	.LASF46
 663 02f7 01       		.byte	0x1
 664 02f8 84       		.byte	0x84
 665 02f9 7B020000 		.4byte	0x27b
 666 02fd 00000000 		.4byte	.LLST0
 667 0301 11       		.uleb128 0x11
 668 0302 AD000000 		.4byte	.LASF47
 669 0306 01       		.byte	0x1
 670 0307 85       		.byte	0x85
 671 0308 86020000 		.4byte	0x286
 672 030c 1E000000 		.4byte	.LLST1
 673 0310 12       		.uleb128 0x12
 674 0311 87010000 		.4byte	.LASF48
 675 0315 01       		.byte	0x1
 676 0316 86       		.byte	0x86
 677 0317 88030000 		.4byte	0x388
 678 031b 05       		.uleb128 0x5
 679 031c 03       		.byte	0x3
 680 031d 00000000 		.4byte	cfgtab.6619
 681 0321 13       		.uleb128 0x13
 682 0322 6D6800   		.ascii	"mh\000"
 683 0325 01       		.byte	0x1
 684 0326 9A       		.byte	0x9a
ARM GAS  /var/folders/vt/qg0v_q5n5k99pnp_yg24c7s80000gn/T//cc1zYbxY.s 			page 13


 685 0327 A9000000 		.4byte	0xa9
 686 032b 4A000000 		.4byte	.LLST2
 687 032f 13       		.uleb128 0x13
 688 0330 6D6C00   		.ascii	"ml\000"
 689 0333 01       		.byte	0x1
 690 0334 9A       		.byte	0x9a
 691 0335 A9000000 		.4byte	0xa9
 692 0339 5D000000 		.4byte	.LLST3
 693 033d 13       		.uleb128 0x13
 694 033e 63726800 		.ascii	"crh\000"
 695 0342 01       		.byte	0x1
 696 0343 9A       		.byte	0x9a
 697 0344 A9000000 		.4byte	0xa9
 698 0348 70000000 		.4byte	.LLST4
 699 034c 13       		.uleb128 0x13
 700 034d 63726C00 		.ascii	"crl\000"
 701 0351 01       		.byte	0x1
 702 0352 9A       		.byte	0x9a
 703 0353 A9000000 		.4byte	0xa9
 704 0357 83000000 		.4byte	.LLST5
 705 035b 13       		.uleb128 0x13
 706 035c 63666700 		.ascii	"cfg\000"
 707 0360 01       		.byte	0x1
 708 0361 9A       		.byte	0x9a
 709 0362 A9000000 		.4byte	0xa9
 710 0366 A1000000 		.4byte	.LLST6
 711 036a 13       		.uleb128 0x13
 712 036b 6900     		.ascii	"i\000"
 713 036d 01       		.byte	0x1
 714 036e 9B       		.byte	0x9b
 715 036f 2C000000 		.4byte	0x2c
 716 0373 CA000000 		.4byte	.LLST7
 717 0377 00       		.byte	0
 718 0378 14       		.uleb128 0x14
 719 0379 93000000 		.4byte	0x93
 720 037d 88030000 		.4byte	0x388
 721 0381 15       		.uleb128 0x15
 722 0382 C0000000 		.4byte	0xc0
 723 0386 11       		.byte	0x11
 724 0387 00       		.byte	0
 725 0388 10       		.uleb128 0x10
 726 0389 78030000 		.4byte	0x378
 727 038d 16       		.uleb128 0x16
 728 038e 1B030000 		.4byte	.LASF52
 729 0392 06       		.byte	0x6
 730 0393 0706     		.2byte	0x607
 731 0395 CE000000 		.4byte	0xce
 732 0399 00       		.byte	0
 733              		.section	.debug_abbrev,"",%progbits
 734              	.Ldebug_abbrev0:
 735 0000 01       		.uleb128 0x1
 736 0001 11       		.uleb128 0x11
 737 0002 01       		.byte	0x1
 738 0003 25       		.uleb128 0x25
 739 0004 0E       		.uleb128 0xe
 740 0005 13       		.uleb128 0x13
 741 0006 0B       		.uleb128 0xb
ARM GAS  /var/folders/vt/qg0v_q5n5k99pnp_yg24c7s80000gn/T//cc1zYbxY.s 			page 14


 742 0007 03       		.uleb128 0x3
 743 0008 0E       		.uleb128 0xe
 744 0009 1B       		.uleb128 0x1b
 745 000a 0E       		.uleb128 0xe
 746 000b 55       		.uleb128 0x55
 747 000c 17       		.uleb128 0x17
 748 000d 11       		.uleb128 0x11
 749 000e 01       		.uleb128 0x1
 750 000f 10       		.uleb128 0x10
 751 0010 17       		.uleb128 0x17
 752 0011 00       		.byte	0
 753 0012 00       		.byte	0
 754 0013 02       		.uleb128 0x2
 755 0014 24       		.uleb128 0x24
 756 0015 00       		.byte	0
 757 0016 0B       		.uleb128 0xb
 758 0017 0B       		.uleb128 0xb
 759 0018 3E       		.uleb128 0x3e
 760 0019 0B       		.uleb128 0xb
 761 001a 03       		.uleb128 0x3
 762 001b 08       		.uleb128 0x8
 763 001c 00       		.byte	0
 764 001d 00       		.byte	0
 765 001e 03       		.uleb128 0x3
 766 001f 24       		.uleb128 0x24
 767 0020 00       		.byte	0
 768 0021 0B       		.uleb128 0xb
 769 0022 0B       		.uleb128 0xb
 770 0023 3E       		.uleb128 0x3e
 771 0024 0B       		.uleb128 0xb
 772 0025 03       		.uleb128 0x3
 773 0026 0E       		.uleb128 0xe
 774 0027 00       		.byte	0
 775 0028 00       		.byte	0
 776 0029 04       		.uleb128 0x4
 777 002a 16       		.uleb128 0x16
 778 002b 00       		.byte	0
 779 002c 03       		.uleb128 0x3
 780 002d 0E       		.uleb128 0xe
 781 002e 3A       		.uleb128 0x3a
 782 002f 0B       		.uleb128 0xb
 783 0030 3B       		.uleb128 0x3b
 784 0031 0B       		.uleb128 0xb
 785 0032 49       		.uleb128 0x49
 786 0033 13       		.uleb128 0x13
 787 0034 00       		.byte	0
 788 0035 00       		.byte	0
 789 0036 05       		.uleb128 0x5
 790 0037 35       		.uleb128 0x35
 791 0038 00       		.byte	0
 792 0039 49       		.uleb128 0x49
 793 003a 13       		.uleb128 0x13
 794 003b 00       		.byte	0
 795 003c 00       		.byte	0
 796 003d 06       		.uleb128 0x6
 797 003e 13       		.uleb128 0x13
 798 003f 01       		.byte	0x1
ARM GAS  /var/folders/vt/qg0v_q5n5k99pnp_yg24c7s80000gn/T//cc1zYbxY.s 			page 15


 799 0040 0B       		.uleb128 0xb
 800 0041 0B       		.uleb128 0xb
 801 0042 3A       		.uleb128 0x3a
 802 0043 0B       		.uleb128 0xb
 803 0044 3B       		.uleb128 0x3b
 804 0045 05       		.uleb128 0x5
 805 0046 01       		.uleb128 0x1
 806 0047 13       		.uleb128 0x13
 807 0048 00       		.byte	0
 808 0049 00       		.byte	0
 809 004a 07       		.uleb128 0x7
 810 004b 0D       		.uleb128 0xd
 811 004c 00       		.byte	0
 812 004d 03       		.uleb128 0x3
 813 004e 08       		.uleb128 0x8
 814 004f 3A       		.uleb128 0x3a
 815 0050 0B       		.uleb128 0xb
 816 0051 3B       		.uleb128 0x3b
 817 0052 05       		.uleb128 0x5
 818 0053 49       		.uleb128 0x49
 819 0054 13       		.uleb128 0x13
 820 0055 38       		.uleb128 0x38
 821 0056 0B       		.uleb128 0xb
 822 0057 00       		.byte	0
 823 0058 00       		.byte	0
 824 0059 08       		.uleb128 0x8
 825 005a 0D       		.uleb128 0xd
 826 005b 00       		.byte	0
 827 005c 03       		.uleb128 0x3
 828 005d 0E       		.uleb128 0xe
 829 005e 3A       		.uleb128 0x3a
 830 005f 0B       		.uleb128 0xb
 831 0060 3B       		.uleb128 0x3b
 832 0061 05       		.uleb128 0x5
 833 0062 49       		.uleb128 0x49
 834 0063 13       		.uleb128 0x13
 835 0064 38       		.uleb128 0x38
 836 0065 0B       		.uleb128 0xb
 837 0066 00       		.byte	0
 838 0067 00       		.byte	0
 839 0068 09       		.uleb128 0x9
 840 0069 16       		.uleb128 0x16
 841 006a 00       		.byte	0
 842 006b 03       		.uleb128 0x3
 843 006c 0E       		.uleb128 0xe
 844 006d 3A       		.uleb128 0x3a
 845 006e 0B       		.uleb128 0xb
 846 006f 3B       		.uleb128 0x3b
 847 0070 05       		.uleb128 0x5
 848 0071 49       		.uleb128 0x49
 849 0072 13       		.uleb128 0x13
 850 0073 00       		.byte	0
 851 0074 00       		.byte	0
 852 0075 0A       		.uleb128 0xa
 853 0076 13       		.uleb128 0x13
 854 0077 01       		.byte	0x1
 855 0078 0B       		.uleb128 0xb
ARM GAS  /var/folders/vt/qg0v_q5n5k99pnp_yg24c7s80000gn/T//cc1zYbxY.s 			page 16


 856 0079 0B       		.uleb128 0xb
 857 007a 3A       		.uleb128 0x3a
 858 007b 0B       		.uleb128 0xb
 859 007c 3B       		.uleb128 0x3b
 860 007d 0B       		.uleb128 0xb
 861 007e 01       		.uleb128 0x1
 862 007f 13       		.uleb128 0x13
 863 0080 00       		.byte	0
 864 0081 00       		.byte	0
 865 0082 0B       		.uleb128 0xb
 866 0083 0D       		.uleb128 0xd
 867 0084 00       		.byte	0
 868 0085 03       		.uleb128 0x3
 869 0086 08       		.uleb128 0x8
 870 0087 3A       		.uleb128 0x3a
 871 0088 0B       		.uleb128 0xb
 872 0089 3B       		.uleb128 0x3b
 873 008a 0B       		.uleb128 0xb
 874 008b 49       		.uleb128 0x49
 875 008c 13       		.uleb128 0x13
 876 008d 38       		.uleb128 0x38
 877 008e 0B       		.uleb128 0xb
 878 008f 00       		.byte	0
 879 0090 00       		.byte	0
 880 0091 0C       		.uleb128 0xc
 881 0092 0D       		.uleb128 0xd
 882 0093 00       		.byte	0
 883 0094 03       		.uleb128 0x3
 884 0095 0E       		.uleb128 0xe
 885 0096 3A       		.uleb128 0x3a
 886 0097 0B       		.uleb128 0xb
 887 0098 3B       		.uleb128 0x3b
 888 0099 0B       		.uleb128 0xb
 889 009a 49       		.uleb128 0x49
 890 009b 13       		.uleb128 0x13
 891 009c 38       		.uleb128 0x38
 892 009d 0B       		.uleb128 0xb
 893 009e 00       		.byte	0
 894 009f 00       		.byte	0
 895 00a0 0D       		.uleb128 0xd
 896 00a1 0F       		.uleb128 0xf
 897 00a2 00       		.byte	0
 898 00a3 0B       		.uleb128 0xb
 899 00a4 0B       		.uleb128 0xb
 900 00a5 49       		.uleb128 0x49
 901 00a6 13       		.uleb128 0x13
 902 00a7 00       		.byte	0
 903 00a8 00       		.byte	0
 904 00a9 0E       		.uleb128 0xe
 905 00aa 2E       		.uleb128 0x2e
 906 00ab 01       		.byte	0x1
 907 00ac 3F       		.uleb128 0x3f
 908 00ad 19       		.uleb128 0x19
 909 00ae 03       		.uleb128 0x3
 910 00af 0E       		.uleb128 0xe
 911 00b0 3A       		.uleb128 0x3a
 912 00b1 0B       		.uleb128 0xb
ARM GAS  /var/folders/vt/qg0v_q5n5k99pnp_yg24c7s80000gn/T//cc1zYbxY.s 			page 17


 913 00b2 3B       		.uleb128 0x3b
 914 00b3 0B       		.uleb128 0xb
 915 00b4 27       		.uleb128 0x27
 916 00b5 19       		.uleb128 0x19
 917 00b6 11       		.uleb128 0x11
 918 00b7 01       		.uleb128 0x1
 919 00b8 12       		.uleb128 0x12
 920 00b9 06       		.uleb128 0x6
 921 00ba 40       		.uleb128 0x40
 922 00bb 18       		.uleb128 0x18
 923 00bc 9742     		.uleb128 0x2117
 924 00be 19       		.uleb128 0x19
 925 00bf 01       		.uleb128 0x1
 926 00c0 13       		.uleb128 0x13
 927 00c1 00       		.byte	0
 928 00c2 00       		.byte	0
 929 00c3 0F       		.uleb128 0xf
 930 00c4 05       		.uleb128 0x5
 931 00c5 00       		.byte	0
 932 00c6 03       		.uleb128 0x3
 933 00c7 0E       		.uleb128 0xe
 934 00c8 3A       		.uleb128 0x3a
 935 00c9 0B       		.uleb128 0xb
 936 00ca 3B       		.uleb128 0x3b
 937 00cb 0B       		.uleb128 0xb
 938 00cc 49       		.uleb128 0x49
 939 00cd 13       		.uleb128 0x13
 940 00ce 02       		.uleb128 0x2
 941 00cf 18       		.uleb128 0x18
 942 00d0 00       		.byte	0
 943 00d1 00       		.byte	0
 944 00d2 10       		.uleb128 0x10
 945 00d3 26       		.uleb128 0x26
 946 00d4 00       		.byte	0
 947 00d5 49       		.uleb128 0x49
 948 00d6 13       		.uleb128 0x13
 949 00d7 00       		.byte	0
 950 00d8 00       		.byte	0
 951 00d9 11       		.uleb128 0x11
 952 00da 05       		.uleb128 0x5
 953 00db 00       		.byte	0
 954 00dc 03       		.uleb128 0x3
 955 00dd 0E       		.uleb128 0xe
 956 00de 3A       		.uleb128 0x3a
 957 00df 0B       		.uleb128 0xb
 958 00e0 3B       		.uleb128 0x3b
 959 00e1 0B       		.uleb128 0xb
 960 00e2 49       		.uleb128 0x49
 961 00e3 13       		.uleb128 0x13
 962 00e4 02       		.uleb128 0x2
 963 00e5 17       		.uleb128 0x17
 964 00e6 00       		.byte	0
 965 00e7 00       		.byte	0
 966 00e8 12       		.uleb128 0x12
 967 00e9 34       		.uleb128 0x34
 968 00ea 00       		.byte	0
 969 00eb 03       		.uleb128 0x3
ARM GAS  /var/folders/vt/qg0v_q5n5k99pnp_yg24c7s80000gn/T//cc1zYbxY.s 			page 18


 970 00ec 0E       		.uleb128 0xe
 971 00ed 3A       		.uleb128 0x3a
 972 00ee 0B       		.uleb128 0xb
 973 00ef 3B       		.uleb128 0x3b
 974 00f0 0B       		.uleb128 0xb
 975 00f1 49       		.uleb128 0x49
 976 00f2 13       		.uleb128 0x13
 977 00f3 02       		.uleb128 0x2
 978 00f4 18       		.uleb128 0x18
 979 00f5 00       		.byte	0
 980 00f6 00       		.byte	0
 981 00f7 13       		.uleb128 0x13
 982 00f8 34       		.uleb128 0x34
 983 00f9 00       		.byte	0
 984 00fa 03       		.uleb128 0x3
 985 00fb 08       		.uleb128 0x8
 986 00fc 3A       		.uleb128 0x3a
 987 00fd 0B       		.uleb128 0xb
 988 00fe 3B       		.uleb128 0x3b
 989 00ff 0B       		.uleb128 0xb
 990 0100 49       		.uleb128 0x49
 991 0101 13       		.uleb128 0x13
 992 0102 02       		.uleb128 0x2
 993 0103 17       		.uleb128 0x17
 994 0104 00       		.byte	0
 995 0105 00       		.byte	0
 996 0106 14       		.uleb128 0x14
 997 0107 01       		.uleb128 0x1
 998 0108 01       		.byte	0x1
 999 0109 49       		.uleb128 0x49
 1000 010a 13       		.uleb128 0x13
 1001 010b 01       		.uleb128 0x1
 1002 010c 13       		.uleb128 0x13
 1003 010d 00       		.byte	0
 1004 010e 00       		.byte	0
 1005 010f 15       		.uleb128 0x15
 1006 0110 21       		.uleb128 0x21
 1007 0111 00       		.byte	0
 1008 0112 49       		.uleb128 0x49
 1009 0113 13       		.uleb128 0x13
 1010 0114 2F       		.uleb128 0x2f
 1011 0115 0B       		.uleb128 0xb
 1012 0116 00       		.byte	0
 1013 0117 00       		.byte	0
 1014 0118 16       		.uleb128 0x16
 1015 0119 34       		.uleb128 0x34
 1016 011a 00       		.byte	0
 1017 011b 03       		.uleb128 0x3
 1018 011c 0E       		.uleb128 0xe
 1019 011d 3A       		.uleb128 0x3a
 1020 011e 0B       		.uleb128 0xb
 1021 011f 3B       		.uleb128 0x3b
 1022 0120 05       		.uleb128 0x5
 1023 0121 49       		.uleb128 0x49
 1024 0122 13       		.uleb128 0x13
 1025 0123 3F       		.uleb128 0x3f
 1026 0124 19       		.uleb128 0x19
ARM GAS  /var/folders/vt/qg0v_q5n5k99pnp_yg24c7s80000gn/T//cc1zYbxY.s 			page 19


 1027 0125 3C       		.uleb128 0x3c
 1028 0126 19       		.uleb128 0x19
 1029 0127 00       		.byte	0
 1030 0128 00       		.byte	0
 1031 0129 00       		.byte	0
 1032              		.section	.debug_loc,"",%progbits
 1033              	.Ldebug_loc0:
 1034              	.LLST0:
 1035 0000 00000000 		.4byte	.LVL1
 1036 0004 4C000000 		.4byte	.LVL12
 1037 0008 0100     		.2byte	0x1
 1038 000a 51       		.byte	0x51
 1039 000b 4C000000 		.4byte	.LVL12
 1040 000f 68000000 		.4byte	.LFE64
 1041 0013 0100     		.2byte	0x1
 1042 0015 51       		.byte	0x51
 1043 0016 00000000 		.4byte	0
 1044 001a 00000000 		.4byte	0
 1045              	.LLST1:
 1046 001e 00000000 		.4byte	.LVL1
 1047 0022 1E000000 		.4byte	.LVL2
 1048 0026 0100     		.2byte	0x1
 1049 0028 52       		.byte	0x52
 1050 0029 1E000000 		.4byte	.LVL2
 1051 002d 60000000 		.4byte	.LVL18
 1052 0031 0400     		.2byte	0x4
 1053 0033 F3       		.byte	0xf3
 1054 0034 01       		.uleb128 0x1
 1055 0035 52       		.byte	0x52
 1056 0036 9F       		.byte	0x9f
 1057 0037 60000000 		.4byte	.LVL18
 1058 003b 68000000 		.4byte	.LFE64
 1059 003f 0100     		.2byte	0x1
 1060 0041 52       		.byte	0x52
 1061 0042 00000000 		.4byte	0
 1062 0046 00000000 		.4byte	0
 1063              	.LLST2:
 1064 004a 1E000000 		.4byte	.LVL2
 1065 004e 52000000 		.4byte	.LVL14
 1066 0052 0100     		.2byte	0x1
 1067 0054 56       		.byte	0x56
 1068 0055 00000000 		.4byte	0
 1069 0059 00000000 		.4byte	0
 1070              	.LLST3:
 1071 005d 1E000000 		.4byte	.LVL2
 1072 0061 5A000000 		.4byte	.LVL16
 1073 0065 0100     		.2byte	0x1
 1074 0067 55       		.byte	0x55
 1075 0068 00000000 		.4byte	0
 1076 006c 00000000 		.4byte	0
 1077              	.LLST4:
 1078 0070 1E000000 		.4byte	.LVL2
 1079 0074 54000000 		.4byte	.LVL15
 1080 0078 0100     		.2byte	0x1
 1081 007a 54       		.byte	0x54
 1082 007b 00000000 		.4byte	0
 1083 007f 00000000 		.4byte	0
ARM GAS  /var/folders/vt/qg0v_q5n5k99pnp_yg24c7s80000gn/T//cc1zYbxY.s 			page 20


 1084              	.LLST5:
 1085 0083 1E000000 		.4byte	.LVL2
 1086 0087 2A000000 		.4byte	.LVL4
 1087 008b 0100     		.2byte	0x1
 1088 008d 53       		.byte	0x53
 1089 008e 2E000000 		.4byte	.LVL5
 1090 0092 5C000000 		.4byte	.LVL17
 1091 0096 0100     		.2byte	0x1
 1092 0098 53       		.byte	0x53
 1093 0099 00000000 		.4byte	0
 1094 009d 00000000 		.4byte	0
 1095              	.LLST6:
 1096 00a1 1E000000 		.4byte	.LVL2
 1097 00a5 50000000 		.4byte	.LVL13
 1098 00a9 0100     		.2byte	0x1
 1099 00ab 52       		.byte	0x52
 1100 00ac 50000000 		.4byte	.LVL13
 1101 00b0 60000000 		.4byte	.LVL18
 1102 00b4 0C00     		.2byte	0xc
 1103 00b6 7E       		.byte	0x7e
 1104 00b7 00       		.sleb128 0
 1105 00b8 F3       		.byte	0xf3
 1106 00b9 01       		.uleb128 0x1
 1107 00ba 52       		.byte	0x52
 1108 00bb 22       		.byte	0x22
 1109 00bc 94       		.byte	0x94
 1110 00bd 01       		.byte	0x1
 1111 00be 08       		.byte	0x8
 1112 00bf FF       		.byte	0xff
 1113 00c0 1A       		.byte	0x1a
 1114 00c1 9F       		.byte	0x9f
 1115 00c2 00000000 		.4byte	0
 1116 00c6 00000000 		.4byte	0
 1117              	.LLST7:
 1118 00ca 1E000000 		.4byte	.LVL2
 1119 00ce 48000000 		.4byte	.LVL11
 1120 00d2 0500     		.2byte	0x5
 1121 00d4 38       		.byte	0x38
 1122 00d5 77       		.byte	0x77
 1123 00d6 00       		.sleb128 0
 1124 00d7 1C       		.byte	0x1c
 1125 00d8 9F       		.byte	0x9f
 1126 00d9 48000000 		.4byte	.LVL11
 1127 00dd 4C000000 		.4byte	.LVL12
 1128 00e1 0500     		.2byte	0x5
 1129 00e3 37       		.byte	0x37
 1130 00e4 77       		.byte	0x77
 1131 00e5 00       		.sleb128 0
 1132 00e6 1C       		.byte	0x1c
 1133 00e7 9F       		.byte	0x9f
 1134 00e8 00000000 		.4byte	0
 1135 00ec 00000000 		.4byte	0
 1136              		.section	.debug_aranges,"",%progbits
 1137 0000 24000000 		.4byte	0x24
 1138 0004 0200     		.2byte	0x2
 1139 0006 00000000 		.4byte	.Ldebug_info0
 1140 000a 04       		.byte	0x4
ARM GAS  /var/folders/vt/qg0v_q5n5k99pnp_yg24c7s80000gn/T//cc1zYbxY.s 			page 21


 1141 000b 00       		.byte	0
 1142 000c 0000     		.2byte	0
 1143 000e 0000     		.2byte	0
 1144 0010 00000000 		.4byte	.LFB63
 1145 0014 94000000 		.4byte	.LFE63-.LFB63
 1146 0018 00000000 		.4byte	.LFB64
 1147 001c 68000000 		.4byte	.LFE64-.LFB64
 1148 0020 00000000 		.4byte	0
 1149 0024 00000000 		.4byte	0
 1150              		.section	.debug_ranges,"",%progbits
 1151              	.Ldebug_ranges0:
 1152 0000 00000000 		.4byte	.LFB63
 1153 0004 94000000 		.4byte	.LFE63
 1154 0008 00000000 		.4byte	.LFB64
 1155 000c 68000000 		.4byte	.LFE64
 1156 0010 00000000 		.4byte	0
 1157 0014 00000000 		.4byte	0
 1158              		.section	.debug_line,"",%progbits
 1159              	.Ldebug_line0:
 1160 0000 03020000 		.section	.debug_str,"MS",%progbits,1
 1160      02007B01 
 1160      00000201 
 1160      FB0E0D00 
 1160      01010101 
 1161              	.LASF21:
 1162 0000 4750494F 		.ascii	"GPIO_TypeDef\000"
 1162      5F547970 
 1162      65446566 
 1162      00
 1163              	.LASF33:
 1164 000d 50434461 		.ascii	"PCData\000"
 1164      746100
 1165              	.LASF29:
 1166 0014 5243435F 		.ascii	"RCC_TypeDef\000"
 1166      54797065 
 1166      44656600 
 1167              	.LASF43:
 1168 0020 5F70616C 		.ascii	"_pal_lld_setgroupmode\000"
 1168      5F6C6C64 
 1168      5F736574 
 1168      67726F75 
 1168      706D6F64 
 1169              	.LASF42:
 1170 0036 5F70616C 		.ascii	"_pal_lld_init\000"
 1170      5F6C6C64 
 1170      5F696E69 
 1170      7400
 1171              	.LASF50:
 1172 0044 2E2E2F2E 		.ascii	"../../ChibiOS/os/hal/platforms/STM32/GPIOv1/pal_lld"
 1172      2E2F4368 
 1172      6962694F 
 1172      532F6F73 
 1172      2F68616C 
 1173 0077 2E6300   		.ascii	".c\000"
 1174              	.LASF36:
 1175 007a 50464461 		.ascii	"PFData\000"
 1175      746100
ARM GAS  /var/folders/vt/qg0v_q5n5k99pnp_yg24c7s80000gn/T//cc1zYbxY.s 			page 22


 1176              	.LASF5:
 1177 0081 73686F72 		.ascii	"short int\000"
 1177      7420696E 
 1177      7400
 1178              	.LASF17:
 1179 008b 73697A65 		.ascii	"sizetype\000"
 1179      74797065 
 1179      00
 1180              	.LASF28:
 1181 0094 42444352 		.ascii	"BDCR\000"
 1181      00
 1182              	.LASF10:
 1183 0099 5F5F7569 		.ascii	"__uint32_t\000"
 1183      6E743332 
 1183      5F7400
 1184              	.LASF24:
 1185 00a4 41504231 		.ascii	"APB1RSTR\000"
 1185      52535452 
 1185      00
 1186              	.LASF47:
 1187 00ad 6D6F6465 		.ascii	"mode\000"
 1187      00
 1188              	.LASF51:
 1189 00b2 2F557365 		.ascii	"/Users/gherlein/herlein/src/vex/Convex-Examples/Squ"
 1189      72732F67 
 1189      6865726C 
 1189      65696E2F 
 1189      6865726C 
 1190 00e5 61726542 		.ascii	"areBot\000"
 1190      6F7400
 1191              	.LASF19:
 1192 00ec 42535252 		.ascii	"BSRR\000"
 1192      00
 1193              	.LASF44:
 1194 00f1 636F6E66 		.ascii	"config\000"
 1194      696700
 1195              	.LASF40:
 1196 00f8 696F6D6F 		.ascii	"iomode_t\000"
 1196      64655F74 
 1196      00
 1197              	.LASF13:
 1198 0101 75696E74 		.ascii	"uint8_t\000"
 1198      385F7400 
 1199              	.LASF27:
 1200 0109 41504231 		.ascii	"APB1ENR\000"
 1200      454E5200 
 1201              	.LASF39:
 1202 0111 696F706F 		.ascii	"ioportmask_t\000"
 1202      72746D61 
 1202      736B5F74 
 1202      00
 1203              	.LASF3:
 1204 011e 7369676E 		.ascii	"signed char\000"
 1204      65642063 
 1204      68617200 
 1205              	.LASF2:
 1206 012a 6C6F6E67 		.ascii	"long double\000"
ARM GAS  /var/folders/vt/qg0v_q5n5k99pnp_yg24c7s80000gn/T//cc1zYbxY.s 			page 23


 1206      20646F75 
 1206      626C6500 
 1207              	.LASF31:
 1208 0136 50414461 		.ascii	"PAData\000"
 1208      746100
 1209              	.LASF1:
 1210 013d 6C6F6E67 		.ascii	"long long int\000"
 1210      206C6F6E 
 1210      6720696E 
 1210      7400
 1211              	.LASF9:
 1212 014b 6C6F6E67 		.ascii	"long int\000"
 1212      20696E74 
 1212      00
 1213              	.LASF34:
 1214 0154 50444461 		.ascii	"PDData\000"
 1214      746100
 1215              	.LASF25:
 1216 015b 41484245 		.ascii	"AHBENR\000"
 1216      4E5200
 1217              	.LASF23:
 1218 0162 41504232 		.ascii	"APB2RSTR\000"
 1218      52535452 
 1218      00
 1219              	.LASF7:
 1220 016b 5F5F7569 		.ascii	"__uint8_t\000"
 1220      6E74385F 
 1220      7400
 1221              	.LASF37:
 1222 0175 50474461 		.ascii	"PGData\000"
 1222      746100
 1223              	.LASF41:
 1224 017c 696F706F 		.ascii	"ioportid_t\000"
 1224      72746964 
 1224      5F7400
 1225              	.LASF48:
 1226 0187 63666774 		.ascii	"cfgtab\000"
 1226      616200
 1227              	.LASF4:
 1228 018e 756E7369 		.ascii	"unsigned char\000"
 1228      676E6564 
 1228      20636861 
 1228      7200
 1229              	.LASF26:
 1230 019c 41504232 		.ascii	"APB2ENR\000"
 1230      454E5200 
 1231              	.LASF12:
 1232 01a4 6C6F6E67 		.ascii	"long long unsigned int\000"
 1232      206C6F6E 
 1232      6720756E 
 1232      7369676E 
 1232      65642069 
 1233              	.LASF15:
 1234 01bb 75696E74 		.ascii	"uint32_t\000"
 1234      33325F74 
 1234      00
 1235              	.LASF0:
ARM GAS  /var/folders/vt/qg0v_q5n5k99pnp_yg24c7s80000gn/T//cc1zYbxY.s 			page 24


 1236 01c4 756E7369 		.ascii	"unsigned int\000"
 1236      676E6564 
 1236      20696E74 
 1236      00
 1237              	.LASF30:
 1238 01d1 73746D33 		.ascii	"stm32_gpio_setup_t\000"
 1238      325F6770 
 1238      696F5F73 
 1238      65747570 
 1238      5F7400
 1239              	.LASF49:
 1240 01e4 474E5520 		.ascii	"GNU C11 5.2.1 20151202 (release) [ARM/embedded-5-br"
 1240      43313120 
 1240      352E322E 
 1240      31203230 
 1240      31353132 
 1241 0217 616E6368 		.ascii	"anch revision 231848] -mcpu=cortex-m3 -mno-thumb-in"
 1241      20726576 
 1241      6973696F 
 1241      6E203233 
 1241      31383438 
 1242 024a 74657277 		.ascii	"terwork -mthumb -ggdb -O2 -fomit-frame-pointer -fal"
 1242      6F726B20 
 1242      2D6D7468 
 1242      756D6220 
 1242      2D676764 
 1243 027d 69676E2D 		.ascii	"ign-functions=16 -ffunction-sections -fdata-section"
 1243      66756E63 
 1243      74696F6E 
 1243      733D3136 
 1243      202D6666 
 1244 02b0 73202D66 		.ascii	"s -fno-common\000"
 1244      6E6F2D63 
 1244      6F6D6D6F 
 1244      6E00
 1245              	.LASF18:
 1246 02be 63686172 		.ascii	"char\000"
 1246      00
 1247              	.LASF14:
 1248 02c3 696E7433 		.ascii	"int32_t\000"
 1248      325F7400 
 1249              	.LASF38:
 1250 02cb 50414C43 		.ascii	"PALConfig\000"
 1250      6F6E6669 
 1250      6700
 1251              	.LASF16:
 1252 02d5 5F426F6F 		.ascii	"_Bool\000"
 1252      6C00
 1253              	.LASF35:
 1254 02db 50454461 		.ascii	"PEData\000"
 1254      746100
 1255              	.LASF6:
 1256 02e2 73686F72 		.ascii	"short unsigned int\000"
 1256      7420756E 
 1256      7369676E 
 1256      65642069 
 1256      6E7400
ARM GAS  /var/folders/vt/qg0v_q5n5k99pnp_yg24c7s80000gn/T//cc1zYbxY.s 			page 25


 1257              	.LASF45:
 1258 02f5 706F7274 		.ascii	"port\000"
 1258      00
 1259              	.LASF11:
 1260 02fa 6C6F6E67 		.ascii	"long unsigned int\000"
 1260      20756E73 
 1260      69676E65 
 1260      6420696E 
 1260      7400
 1261              	.LASF46:
 1262 030c 6D61736B 		.ascii	"mask\000"
 1262      00
 1263              	.LASF8:
 1264 0311 5F5F696E 		.ascii	"__int32_t\000"
 1264      7433325F 
 1264      7400
 1265              	.LASF52:
 1266 031b 49544D5F 		.ascii	"ITM_RxBuffer\000"
 1266      52784275 
 1266      66666572 
 1266      00
 1267              	.LASF32:
 1268 0328 50424461 		.ascii	"PBData\000"
 1268      746100
 1269              	.LASF22:
 1270 032f 43464752 		.ascii	"CFGR\000"
 1270      00
 1271              	.LASF20:
 1272 0334 4C434B52 		.ascii	"LCKR\000"
 1272      00
 1273              		.ident	"GCC: (GNU Tools for ARM Embedded Processors) 5.2.1 20151202 (release) [ARM/embedded-5-bran
ARM GAS  /var/folders/vt/qg0v_q5n5k99pnp_yg24c7s80000gn/T//cc1zYbxY.s 			page 26


DEFINED SYMBOLS
                            *ABS*:0000000000000000 pal_lld.c
/var/folders/vt/qg0v_q5n5k99pnp_yg24c7s80000gn/T//cc1zYbxY.s:20     .text._pal_lld_init:0000000000000000 $t
/var/folders/vt/qg0v_q5n5k99pnp_yg24c7s80000gn/T//cc1zYbxY.s:26     .text._pal_lld_init:0000000000000000 _pal_lld_init
/var/folders/vt/qg0v_q5n5k99pnp_yg24c7s80000gn/T//cc1zYbxY.s:146    .text._pal_lld_init:000000000000007c $d
/var/folders/vt/qg0v_q5n5k99pnp_yg24c7s80000gn/T//cc1zYbxY.s:156    .text._pal_lld_setgroupmode:0000000000000000 $t
/var/folders/vt/qg0v_q5n5k99pnp_yg24c7s80000gn/T//cc1zYbxY.s:162    .text._pal_lld_setgroupmode:0000000000000000 _pal_lld_setgroupmode
/var/folders/vt/qg0v_q5n5k99pnp_yg24c7s80000gn/T//cc1zYbxY.s:260    .text._pal_lld_setgroupmode:0000000000000064 $d
/var/folders/vt/qg0v_q5n5k99pnp_yg24c7s80000gn/T//cc1zYbxY.s:265    .rodata.cfgtab.6619:0000000000000000 $d
/var/folders/vt/qg0v_q5n5k99pnp_yg24c7s80000gn/T//cc1zYbxY.s:269    .rodata.cfgtab.6619:0000000000000000 cfgtab.6619
                     .debug_frame:0000000000000010 $d

NO UNDEFINED SYMBOLS
