ARM GAS  /var/folders/vt/qg0v_q5n5k99pnp_yg24c7s80000gn/T//cczCLhgq.s 			page 1


   1              		.syntax unified
   2              		.cpu cortex-m3
   3              		.fpu softvfp
   4              		.eabi_attribute 20, 1
   5              		.eabi_attribute 21, 1
   6              		.eabi_attribute 23, 3
   7              		.eabi_attribute 24, 1
   8              		.eabi_attribute 25, 1
   9              		.eabi_attribute 26, 1
  10              		.eabi_attribute 30, 2
  11              		.eabi_attribute 34, 1
  12              		.eabi_attribute 18, 4
  13              		.thumb
  14              		.syntax unified
  15              		.file	"vexctl.c"
  16              		.text
  17              	.Ltext0:
  18              		.cfi_sections	.debug_frame
  19              		.section	.text.vexControllerCompetitionStateSet,"ax",%progbits
  20              		.align	2
  21              		.p2align 4,,15
  22              		.global	vexControllerCompetitionStateSet
  23              		.thumb
  24              		.thumb_func
  25              		.type	vexControllerCompetitionStateSet, %function
  26              	vexControllerCompetitionStateSet:
  27              	.LFB63:
  28              		.file 1 "../../convex/convex/cortex/fw/vexctl.c"
  29              		.loc 1 70 0
  30              		.cfi_startproc
  31              		@ args = 0, pretend = 0, frame = 0
  32              		@ frame_needed = 0, uses_anonymous_args = 0
  33              	.LVL0:
  34 0000 38B5     		push	{r3, r4, r5, lr}
  35              		.cfi_def_cfa_offset 16
  36              		.cfi_offset 3, -16
  37              		.cfi_offset 4, -12
  38              		.cfi_offset 5, -8
  39              		.cfi_offset 14, -4
  40              		.loc 1 70 0
  41 0002 0446     		mov	r4, r0
  42 0004 0D46     		mov	r5, r1
  43              		.loc 1 73 0
  44 0006 FFF7FEFF 		bl	vexSpiGetControl
  45              	.LVL1:
  46 000a 0307     		lsls	r3, r0, #28
  47 000c 04D5     		bpl	.L6
  48              		.loc 1 84 0
  49 000e 084A     		ldr	r2, .L7
  50 0010 0023     		movs	r3, #0
  51              		.loc 1 86 0
  52 0012 1846     		mov	r0, r3
  53              		.loc 1 84 0
  54 0014 1380     		strh	r3, [r2]	@ movhi
  55              		.loc 1 87 0
  56 0016 38BD     		pop	{r3, r4, r5, pc}
  57              	.L6:
ARM GAS  /var/folders/vt/qg0v_q5n5k99pnp_yg24c7s80000gn/T//cczCLhgq.s 			page 2


  58              		.loc 1 80 0
  59 0018 054B     		ldr	r3, .L7
  60 001a 2C40     		ands	r4, r4, r5
  61 001c 1988     		ldrh	r1, [r3]
  62 001e 04F0C004 		and	r4, r4, #192
  63 0022 21EA0501 		bic	r1, r1, r5
  64 0026 2143     		orrs	r1, r1, r4
  65 0028 1980     		strh	r1, [r3]	@ movhi
  66              		.loc 1 81 0
  67 002a 0120     		movs	r0, #1
  68 002c 38BD     		pop	{r3, r4, r5, pc}
  69              	.L8:
  70 002e 00BF     		.align	2
  71              	.L7:
  72 0030 00000000 		.word	.LANCHOR0
  73              		.cfi_endproc
  74              	.LFE63:
  75              		.size	vexControllerCompetitionStateSet, .-vexControllerCompetitionStateSet
  76              		.section	.text.vexControllerCompetitonState,"ax",%progbits
  77              		.align	2
  78              		.p2align 4,,15
  79              		.global	vexControllerCompetitonState
  80              		.thumb
  81              		.thumb_func
  82              		.type	vexControllerCompetitonState, %function
  83              	vexControllerCompetitonState:
  84              	.LFB64:
  85              		.loc 1 96 0
  86              		.cfi_startproc
  87              		@ args = 0, pretend = 0, frame = 0
  88              		@ frame_needed = 0, uses_anonymous_args = 0
  89 0000 08B5     		push	{r3, lr}
  90              		.cfi_def_cfa_offset 8
  91              		.cfi_offset 3, -8
  92              		.cfi_offset 14, -4
  93              		.loc 1 97 0
  94 0002 FFF7FEFF 		bl	vexSpiGetControl
  95              	.LVL2:
  96              		.loc 1 105 0
  97 0006 0207     		lsls	r2, r0, #28
  98              		.loc 1 108 0
  99 0008 044B     		ldr	r3, .L14
 100              		.loc 1 105 0
 101 000a 02D5     		bpl	.L13
 102              		.loc 1 112 0
 103 000c 0022     		movs	r2, #0
 104 000e 1A80     		strh	r2, [r3]	@ movhi
 105              		.loc 1 115 0
 106 0010 08BD     		pop	{r3, pc}
 107              	.L13:
 108              		.loc 1 108 0
 109 0012 1B88     		ldrh	r3, [r3]
 110 0014 1843     		orrs	r0, r0, r3
 111              	.LVL3:
 112 0016 80B2     		uxth	r0, r0
 113              	.LVL4:
 114 0018 08BD     		pop	{r3, pc}
ARM GAS  /var/folders/vt/qg0v_q5n5k99pnp_yg24c7s80000gn/T//cczCLhgq.s 			page 3


 115              	.L15:
 116 001a 00BF     		.align	2
 117              	.L14:
 118 001c 00000000 		.word	.LANCHOR0
 119              		.cfi_endproc
 120              	.LFE64:
 121              		.size	vexControllerCompetitonState, .-vexControllerCompetitonState
 122              		.section	.text.vexControllerGet,"ax",%progbits
 123              		.align	2
 124              		.p2align 4,,15
 125              		.global	vexControllerGet
 126              		.thumb
 127              		.thumb_func
 128              		.type	vexControllerGet, %function
 129              	vexControllerGet:
 130              	.LFB65:
 131              		.loc 1 125 0
 132              		.cfi_startproc
 133              		@ args = 0, pretend = 0, frame = 0
 134              		@ frame_needed = 0, uses_anonymous_args = 0
 135              	.LVL5:
 136 0000 10B5     		push	{r4, lr}
 137              		.cfi_def_cfa_offset 8
 138              		.cfi_offset 4, -8
 139              		.cfi_offset 14, -4
 140              		.loc 1 125 0
 141 0002 0446     		mov	r4, r0
 142              		.loc 1 130 0
 143 0004 0306     		lsls	r3, r0, #24
 144              		.loc 1 131 0
 145 0006 54BF     		ite	pl
 146 0008 0120     		movpl	r0, #1
 147              	.LVL6:
 148              		.loc 1 133 0
 149 000a 0220     		movmi	r0, #2
 150              		.loc 1 136 0
 151 000c 04F07F04 		and	r4, r4, #127
 152              		.loc 1 133 0
 153 0010 FFF7FEFF 		bl	vexSpiGetJoystickDataPtr
 154              	.LVL7:
 155              		.loc 1 136 0
 156 0014 172C     		cmp	r4, #23
 157 0016 00F28680 		bhi	.L48
 158 001a DFE804F0 		tbb	[pc, r4]
 159              	.L21:
 160 001e 7E       		.byte	(.L20-.L21)/2
 161 001f 78       		.byte	(.L22-.L21)/2
 162 0020 71       		.byte	(.L23-.L21)/2
 163 0021 6C       		.byte	(.L24-.L21)/2
 164 0022 68       		.byte	(.L25-.L21)/2
 165 0023 64       		.byte	(.L26-.L21)/2
 166 0024 60       		.byte	(.L27-.L21)/2
 167 0025 5C       		.byte	(.L28-.L21)/2
 168 0026 58       		.byte	(.L29-.L21)/2
 169 0027 54       		.byte	(.L30-.L21)/2
 170 0028 50       		.byte	(.L31-.L21)/2
 171 0029 4C       		.byte	(.L32-.L21)/2
ARM GAS  /var/folders/vt/qg0v_q5n5k99pnp_yg24c7s80000gn/T//cczCLhgq.s 			page 4


 172 002a 48       		.byte	(.L33-.L21)/2
 173 002b 44       		.byte	(.L34-.L21)/2
 174 002c 40       		.byte	(.L35-.L21)/2
 175 002d 3C       		.byte	(.L36-.L21)/2
 176 002e 29       		.byte	(.L37-.L21)/2
 177 002f 25       		.byte	(.L38-.L21)/2
 178 0030 21       		.byte	(.L39-.L21)/2
 179 0031 1B       		.byte	(.L40-.L21)/2
 180 0032 35       		.byte	(.L41-.L21)/2
 181 0033 2E       		.byte	(.L42-.L21)/2
 182 0034 15       		.byte	(.L43-.L21)/2
 183 0035 0C       		.byte	(.L44-.L21)/2
 184              		.p2align 1
 185              	.L44:
 186              		.loc 1 223 0
 187 0036 C379     		ldrb	r3, [r0, #7]	@ zero_extendqisi2
 188 0038 002B     		cmp	r3, #0
 189 003a 72D1     		bne	.L53
 190 003c 007A     		ldrb	r0, [r0, #8]	@ zero_extendqisi2
 191              	.LVL8:
 192 003e 0030     		adds	r0, r0, #0
 193 0040 18BF     		it	ne
 194 0042 0120     		movne	r0, #1
 195              	.L19:
 196              		.loc 1 229 0
 197 0044 00B2     		sxth	r0, r0
 198 0046 10BD     		pop	{r4, pc}
 199              	.LVL9:
 200              	.L43:
 201              		.loc 1 218 0
 202 0048 007A     		ldrb	r0, [r0, #8]	@ zero_extendqisi2
 203              	.LVL10:
 204 004a 10F00F00 		ands	r0, r0, #15
 205 004e 18BF     		it	ne
 206 0050 0120     		movne	r0, #1
 207 0052 F7E7     		b	.L19
 208              	.LVL11:
 209              	.L40:
 210              		.loc 1 209 0
 211 0054 C079     		ldrb	r0, [r0, #7]	@ zero_extendqisi2
 212              	.LVL12:
 213 0056 10F00300 		ands	r0, r0, #3
 214 005a 18BF     		it	ne
 215 005c 0120     		movne	r0, #1
 216 005e F1E7     		b	.L19
 217              	.LVL13:
 218              	.L39:
 219              		.loc 1 204 0
 220 0060 8079     		ldrb	r0, [r0, #6]	@ zero_extendqisi2
 221              	.LVL14:
 222 0062 7F38     		subs	r0, r0, #127
 223 0064 80B2     		uxth	r0, r0
 224 0066 EDE7     		b	.L19
 225              	.LVL15:
 226              	.L38:
 227              		.loc 1 201 0
 228 0068 0079     		ldrb	r0, [r0, #4]	@ zero_extendqisi2
ARM GAS  /var/folders/vt/qg0v_q5n5k99pnp_yg24c7s80000gn/T//cczCLhgq.s 			page 5


 229              	.LVL16:
 230 006a 7F38     		subs	r0, r0, #127
 231 006c 80B2     		uxth	r0, r0
 232 006e E9E7     		b	.L19
 233              	.LVL17:
 234              	.L37:
 235              		.loc 1 198 0
 236 0070 4079     		ldrb	r0, [r0, #5]	@ zero_extendqisi2
 237              	.LVL18:
 238              	.L57:
 239 0072 7F38     		subs	r0, r0, #127
 240 0074 80B2     		uxth	r0, r0
 241              		.loc 1 229 0
 242 0076 00B2     		sxth	r0, r0
 243 0078 10BD     		pop	{r4, pc}
 244              	.LVL19:
 245              	.L42:
 246              		.loc 1 215 0
 247 007a 037A     		ldrb	r3, [r0, #8]	@ zero_extendqisi2
 248 007c 13F0F00F 		tst	r3, #240
 249 0080 14BF     		ite	ne
 250 0082 0120     		movne	r0, #1
 251              	.LVL20:
 252 0084 0020     		moveq	r0, #0
 253 0086 DDE7     		b	.L19
 254              	.LVL21:
 255              	.L41:
 256              		.loc 1 212 0
 257 0088 C379     		ldrb	r3, [r0, #7]	@ zero_extendqisi2
 258 008a 13F00C0F 		tst	r3, #12
 259 008e 14BF     		ite	ne
 260 0090 0120     		movne	r0, #1
 261              	.LVL22:
 262 0092 0020     		moveq	r0, #0
 263 0094 D6E7     		b	.L19
 264              	.LVL23:
 265              	.L36:
 266              		.loc 1 193 0
 267 0096 C079     		ldrb	r0, [r0, #7]	@ zero_extendqisi2
 268              	.LVL24:
 269 0098 C0F3C000 		ubfx	r0, r0, #3, #1
 270 009c D2E7     		b	.L19
 271              	.LVL25:
 272              	.L35:
 273              		.loc 1 190 0
 274 009e C079     		ldrb	r0, [r0, #7]	@ zero_extendqisi2
 275              	.LVL26:
 276 00a0 C0F38000 		ubfx	r0, r0, #2, #1
 277 00a4 CEE7     		b	.L19
 278              	.LVL27:
 279              	.L34:
 280              		.loc 1 186 0
 281 00a6 C079     		ldrb	r0, [r0, #7]	@ zero_extendqisi2
 282              	.LVL28:
 283 00a8 C0F34000 		ubfx	r0, r0, #1, #1
 284 00ac CAE7     		b	.L19
 285              	.LVL29:
ARM GAS  /var/folders/vt/qg0v_q5n5k99pnp_yg24c7s80000gn/T//cczCLhgq.s 			page 6


 286              	.L33:
 287              		.loc 1 183 0
 288 00ae C079     		ldrb	r0, [r0, #7]	@ zero_extendqisi2
 289              	.LVL30:
 290 00b0 00F00100 		and	r0, r0, #1
 291 00b4 C6E7     		b	.L19
 292              	.LVL31:
 293              	.L32:
 294              		.loc 1 179 0
 295 00b6 90F90800 		ldrsb	r0, [r0, #8]
 296              	.LVL32:
 297 00ba C00F     		lsrs	r0, r0, #31
 298 00bc C2E7     		b	.L19
 299              	.LVL33:
 300              	.L31:
 301              		.loc 1 176 0
 302 00be 007A     		ldrb	r0, [r0, #8]	@ zero_extendqisi2
 303              	.LVL34:
 304 00c0 C0F38010 		ubfx	r0, r0, #6, #1
 305 00c4 BEE7     		b	.L19
 306              	.LVL35:
 307              	.L30:
 308              		.loc 1 173 0
 309 00c6 007A     		ldrb	r0, [r0, #8]	@ zero_extendqisi2
 310              	.LVL36:
 311 00c8 C0F34010 		ubfx	r0, r0, #5, #1
 312 00cc BAE7     		b	.L19
 313              	.LVL37:
 314              	.L29:
 315              		.loc 1 170 0
 316 00ce 007A     		ldrb	r0, [r0, #8]	@ zero_extendqisi2
 317              	.LVL38:
 318 00d0 C0F30010 		ubfx	r0, r0, #4, #1
 319 00d4 B6E7     		b	.L19
 320              	.LVL39:
 321              	.L28:
 322              		.loc 1 166 0
 323 00d6 007A     		ldrb	r0, [r0, #8]	@ zero_extendqisi2
 324              	.LVL40:
 325 00d8 C0F3C000 		ubfx	r0, r0, #3, #1
 326 00dc B2E7     		b	.L19
 327              	.LVL41:
 328              	.L27:
 329              		.loc 1 163 0
 330 00de 007A     		ldrb	r0, [r0, #8]	@ zero_extendqisi2
 331              	.LVL42:
 332 00e0 C0F38000 		ubfx	r0, r0, #2, #1
 333 00e4 AEE7     		b	.L19
 334              	.LVL43:
 335              	.L26:
 336              		.loc 1 160 0
 337 00e6 007A     		ldrb	r0, [r0, #8]	@ zero_extendqisi2
 338              	.LVL44:
 339 00e8 C0F34000 		ubfx	r0, r0, #1, #1
 340 00ec AAE7     		b	.L19
 341              	.LVL45:
 342              	.L25:
ARM GAS  /var/folders/vt/qg0v_q5n5k99pnp_yg24c7s80000gn/T//cczCLhgq.s 			page 7


 343              		.loc 1 157 0
 344 00ee 007A     		ldrb	r0, [r0, #8]	@ zero_extendqisi2
 345              	.LVL46:
 346 00f0 00F00100 		and	r0, r0, #1
 347 00f4 A6E7     		b	.L19
 348              	.LVL47:
 349              	.L24:
 350              		.loc 1 152 0
 351 00f6 C078     		ldrb	r0, [r0, #3]	@ zero_extendqisi2
 352              	.LVL48:
 353 00f8 FF28     		cmp	r0, #255
 354 00fa BAD1     		bne	.L57
 355              	.L52:
 356              		.loc 1 140 0
 357 00fc 7F20     		movs	r0, #127
 358 00fe A1E7     		b	.L19
 359              	.LVL49:
 360              	.L23:
 361              		.loc 1 148 0
 362 0100 8078     		ldrb	r0, [r0, #2]	@ zero_extendqisi2
 363              	.LVL50:
 364 0102 FF28     		cmp	r0, #255
 365 0104 06D0     		beq	.L51
 366              	.L55:
 367 0106 C0F17F00 		rsb	r0, r0, #127
 368 010a 80B2     		uxth	r0, r0
 369 010c 9AE7     		b	.L19
 370              	.LVL51:
 371              	.L22:
 372              		.loc 1 144 0
 373 010e 4078     		ldrb	r0, [r0, #1]	@ zero_extendqisi2
 374              	.LVL52:
 375 0110 FF28     		cmp	r0, #255
 376 0112 F8D1     		bne	.L55
 377              	.L51:
 378 0114 4FF68170 		movw	r0, #65409
 379              		.loc 1 149 0
 380 0118 94E7     		b	.L19
 381              	.LVL53:
 382              	.L20:
 383              		.loc 1 140 0
 384 011a 0078     		ldrb	r0, [r0]	@ zero_extendqisi2
 385              	.LVL54:
 386 011c FF28     		cmp	r0, #255
 387 011e A8D1     		bne	.L57
 388 0120 ECE7     		b	.L52
 389              	.LVL55:
 390              	.L53:
 391 0122 0120     		movs	r0, #1
 392              	.LVL56:
 393              		.loc 1 223 0
 394 0124 8EE7     		b	.L19
 395              	.LVL57:
 396              	.L48:
 397              		.loc 1 227 0
 398 0126 0020     		movs	r0, #0
 399              	.LVL58:
ARM GAS  /var/folders/vt/qg0v_q5n5k99pnp_yg24c7s80000gn/T//cczCLhgq.s 			page 8


 400 0128 8CE7     		b	.L19
 401              		.cfi_endproc
 402              	.LFE65:
 403              		.size	vexControllerGet, .-vexControllerGet
 404 012a 00BF     		.section	.text.vexControllerReleaseWait,"ax",%progbits
 405              		.align	2
 406              		.p2align 4,,15
 407              		.global	vexControllerReleaseWait
 408              		.thumb
 409              		.thumb_func
 410              		.type	vexControllerReleaseWait, %function
 411              	vexControllerReleaseWait:
 412              	.LFB66:
 413              		.loc 1 237 0
 414              		.cfi_startproc
 415              		@ args = 0, pretend = 0, frame = 0
 416              		@ frame_needed = 0, uses_anonymous_args = 0
 417              	.LVL59:
 418 0000 38B5     		push	{r3, r4, r5, lr}
 419              		.cfi_def_cfa_offset 16
 420              		.cfi_offset 3, -16
 421              		.cfi_offset 4, -12
 422              		.cfi_offset 5, -8
 423              		.cfi_offset 14, -4
 424              		.loc 1 242 0
 425 0002 00F07F03 		and	r3, r0, #127
 426 0006 032B     		cmp	r3, #3
 427 0008 0CD9     		bls	.L58
 428 000a 0546     		mov	r5, r0
 429 000c C824     		movs	r4, #200
 430 000e 04E0     		b	.L61
 431              	.LVL60:
 432              	.L67:
 433              		.loc 1 251 0 discriminator 2
 434 0010 1920     		movs	r0, #25
 435 0012 FFF7FEFF 		bl	vexSleep
 436              	.LVL61:
 437              		.loc 1 246 0 discriminator 2
 438 0016 013C     		subs	r4, r4, #1
 439              	.LVL62:
 440 0018 04D0     		beq	.L58
 441              	.LVL63:
 442              	.L61:
 443              		.loc 1 248 0
 444 001a 2846     		mov	r0, r5
 445 001c FFF7FEFF 		bl	vexControllerGet
 446              	.LVL64:
 447 0020 0028     		cmp	r0, #0
 448 0022 F5D1     		bne	.L67
 449              	.LVL65:
 450              	.L58:
 451 0024 38BD     		pop	{r3, r4, r5, pc}
 452              		.cfi_endproc
 453              	.LFE66:
 454              		.size	vexControllerReleaseWait, .-vexControllerReleaseWait
 455 0026 00BF     		.section	.bss.vexLocalCompState,"aw",%nobits
 456              		.align	1
ARM GAS  /var/folders/vt/qg0v_q5n5k99pnp_yg24c7s80000gn/T//cczCLhgq.s 			page 9


 457              		.set	.LANCHOR0,. + 0
 458              		.type	vexLocalCompState, %object
 459              		.size	vexLocalCompState, 2
 460              	vexLocalCompState:
 461 0000 0000     		.space	2
 462              		.text
 463              	.Letext0:
 464              		.file 2 "/usr/local/gcc-arm-none-eabi-5_2-2015q4/arm-none-eabi/include/machine/_default_types.h"
 465              		.file 3 "/usr/local/gcc-arm-none-eabi-5_2-2015q4/arm-none-eabi/include/sys/_stdint.h"
 466              		.file 4 "../../convex/convex/cortex/fw/vexdigital.h"
 467              		.file 5 "../../convex/convex/cortex/fw/vexime.h"
 468              		.file 6 "../../convex/convex/cortex/fw/vexspi.h"
 469              		.file 7 "../../convex/convex/cortex/fw/vexctl.h"
 470              		.file 8 "../../convex/convex/cortex/fw/vex.h"
 471              		.file 9 "../../ChibiOS/os/ports/common/ARMCMx/CMSIS/include/core_cm3.h"
 472              		.section	.debug_info,"",%progbits
 473              	.Ldebug_info0:
 474 0000 F6040000 		.4byte	0x4f6
 475 0004 0400     		.2byte	0x4
 476 0006 00000000 		.4byte	.Ldebug_abbrev0
 477 000a 04       		.byte	0x4
 478 000b 01       		.uleb128 0x1
 479 000c 0B000000 		.4byte	.LASF114
 480 0010 0C       		.byte	0xc
 481 0011 2D040000 		.4byte	.LASF115
 482 0015 7F020000 		.4byte	.LASF116
 483 0019 00000000 		.4byte	.Ldebug_ranges0+0
 484 001d 00000000 		.4byte	0
 485 0021 00000000 		.4byte	.Ldebug_line0
 486 0025 02       		.uleb128 0x2
 487 0026 04       		.byte	0x4
 488 0027 05       		.byte	0x5
 489 0028 696E7400 		.ascii	"int\000"
 490 002c 03       		.uleb128 0x3
 491 002d 04       		.byte	0x4
 492 002e 07       		.byte	0x7
 493 002f 32020000 		.4byte	.LASF0
 494 0033 03       		.uleb128 0x3
 495 0034 08       		.byte	0x8
 496 0035 05       		.byte	0x5
 497 0036 7A010000 		.4byte	.LASF1
 498 003a 03       		.uleb128 0x3
 499 003b 08       		.byte	0x8
 500 003c 04       		.byte	0x4
 501 003d C3040000 		.4byte	.LASF2
 502 0041 03       		.uleb128 0x3
 503 0042 01       		.byte	0x1
 504 0043 06       		.byte	0x6
 505 0044 88010000 		.4byte	.LASF3
 506 0048 03       		.uleb128 0x3
 507 0049 01       		.byte	0x1
 508 004a 08       		.byte	0x8
 509 004b 19040000 		.4byte	.LASF4
 510 004f 04       		.uleb128 0x4
 511 0050 39060000 		.4byte	.LASF6
 512 0054 02       		.byte	0x2
 513 0055 29       		.byte	0x29
ARM GAS  /var/folders/vt/qg0v_q5n5k99pnp_yg24c7s80000gn/T//cczCLhgq.s 			page 10


 514 0056 5A000000 		.4byte	0x5a
 515 005a 03       		.uleb128 0x3
 516 005b 02       		.byte	0x2
 517 005c 05       		.byte	0x5
 518 005d 79030000 		.4byte	.LASF5
 519 0061 04       		.uleb128 0x4
 520 0062 36050000 		.4byte	.LASF7
 521 0066 02       		.byte	0x2
 522 0067 2B       		.byte	0x2b
 523 0068 6C000000 		.4byte	0x6c
 524 006c 03       		.uleb128 0x3
 525 006d 02       		.byte	0x2
 526 006e 07       		.byte	0x7
 527 006f DD020000 		.4byte	.LASF8
 528 0073 04       		.uleb128 0x4
 529 0074 7E050000 		.4byte	.LASF9
 530 0078 02       		.byte	0x2
 531 0079 3F       		.byte	0x3f
 532 007a 7E000000 		.4byte	0x7e
 533 007e 03       		.uleb128 0x3
 534 007f 04       		.byte	0x4
 535 0080 05       		.byte	0x5
 536 0081 EB010000 		.4byte	.LASF10
 537 0085 03       		.uleb128 0x3
 538 0086 04       		.byte	0x4
 539 0087 07       		.byte	0x7
 540 0088 5B020000 		.4byte	.LASF11
 541 008c 03       		.uleb128 0x3
 542 008d 08       		.byte	0x8
 543 008e 07       		.byte	0x7
 544 008f 16010000 		.4byte	.LASF12
 545 0093 04       		.uleb128 0x4
 546 0094 72010000 		.4byte	.LASF13
 547 0098 03       		.byte	0x3
 548 0099 19       		.byte	0x19
 549 009a 4F000000 		.4byte	0x4f
 550 009e 04       		.uleb128 0x4
 551 009f FF010000 		.4byte	.LASF14
 552 00a3 03       		.byte	0x3
 553 00a4 1A       		.byte	0x1a
 554 00a5 61000000 		.4byte	0x61
 555 00a9 04       		.uleb128 0x4
 556 00aa 11040000 		.4byte	.LASF15
 557 00ae 03       		.byte	0x3
 558 00af 1F       		.byte	0x1f
 559 00b0 73000000 		.4byte	0x73
 560 00b4 03       		.uleb128 0x3
 561 00b5 01       		.byte	0x1
 562 00b6 02       		.byte	0x2
 563 00b7 0B040000 		.4byte	.LASF16
 564 00bb 03       		.uleb128 0x3
 565 00bc 04       		.byte	0x4
 566 00bd 07       		.byte	0x7
 567 00be 9F030000 		.4byte	.LASF17
 568 00c2 03       		.uleb128 0x3
 569 00c3 01       		.byte	0x1
 570 00c4 08       		.byte	0x8
ARM GAS  /var/folders/vt/qg0v_q5n5k99pnp_yg24c7s80000gn/T//cczCLhgq.s 			page 11


 571 00c5 CF040000 		.4byte	.LASF18
 572 00c9 05       		.uleb128 0x5
 573 00ca A9000000 		.4byte	0xa9
 574 00ce 06       		.uleb128 0x6
 575 00cf 01       		.byte	0x1
 576 00d0 41000000 		.4byte	0x41
 577 00d4 04       		.byte	0x4
 578 00d5 8D       		.byte	0x8d
 579 00d6 2F010000 		.4byte	0x12f
 580 00da 07       		.uleb128 0x7
 581 00db DE030000 		.4byte	.LASF19
 582 00df 7F       		.sleb128 -1
 583 00e0 08       		.uleb128 0x8
 584 00e1 FB020000 		.4byte	.LASF20
 585 00e5 00       		.byte	0
 586 00e6 08       		.uleb128 0x8
 587 00e7 09030000 		.4byte	.LASF21
 588 00eb 01       		.byte	0x1
 589 00ec 08       		.uleb128 0x8
 590 00ed 17030000 		.4byte	.LASF22
 591 00f1 02       		.byte	0x2
 592 00f2 08       		.uleb128 0x8
 593 00f3 25030000 		.4byte	.LASF23
 594 00f7 03       		.byte	0x3
 595 00f8 08       		.uleb128 0x8
 596 00f9 33030000 		.4byte	.LASF24
 597 00fd 04       		.byte	0x4
 598 00fe 08       		.uleb128 0x8
 599 00ff 41030000 		.4byte	.LASF25
 600 0103 05       		.byte	0x5
 601 0104 08       		.uleb128 0x8
 602 0105 4F030000 		.4byte	.LASF26
 603 0109 06       		.byte	0x6
 604 010a 08       		.uleb128 0x8
 605 010b 5D030000 		.4byte	.LASF27
 606 010f 07       		.byte	0x7
 607 0110 08       		.uleb128 0x8
 608 0111 6B030000 		.4byte	.LASF28
 609 0115 08       		.byte	0x8
 610 0116 08       		.uleb128 0x8
 611 0117 41050000 		.4byte	.LASF29
 612 011b 09       		.byte	0x9
 613 011c 08       		.uleb128 0x8
 614 011d 50050000 		.4byte	.LASF30
 615 0121 0A       		.byte	0xa
 616 0122 08       		.uleb128 0x8
 617 0123 5F050000 		.4byte	.LASF31
 618 0127 0B       		.byte	0xb
 619 0128 08       		.uleb128 0x8
 620 0129 2D010000 		.4byte	.LASF32
 621 012d 0C       		.byte	0xc
 622 012e 00       		.byte	0
 623 012f 06       		.uleb128 0x6
 624 0130 01       		.byte	0x1
 625 0131 48000000 		.4byte	0x48
 626 0135 04       		.byte	0x4
 627 0136 A2       		.byte	0xa2
ARM GAS  /var/folders/vt/qg0v_q5n5k99pnp_yg24c7s80000gn/T//cczCLhgq.s 			page 12


 628 0137 48010000 		.4byte	0x148
 629 013b 08       		.uleb128 0x8
 630 013c 81060000 		.4byte	.LASF33
 631 0140 00       		.byte	0
 632 0141 08       		.uleb128 0x8
 633 0142 04010000 		.4byte	.LASF34
 634 0146 01       		.byte	0x1
 635 0147 00       		.byte	0
 636 0148 06       		.uleb128 0x6
 637 0149 01       		.byte	0x1
 638 014a 48000000 		.4byte	0x48
 639 014e 05       		.byte	0x5
 640 014f 46       		.byte	0x46
 641 0150 91010000 		.4byte	0x191
 642 0154 08       		.uleb128 0x8
 643 0155 EF030000 		.4byte	.LASF35
 644 0159 00       		.byte	0
 645 015a 08       		.uleb128 0x8
 646 015b D4040000 		.4byte	.LASF36
 647 015f 01       		.byte	0x1
 648 0160 08       		.uleb128 0x8
 649 0161 E2040000 		.4byte	.LASF37
 650 0165 02       		.byte	0x2
 651 0166 08       		.uleb128 0x8
 652 0167 F0040000 		.4byte	.LASF38
 653 016b 03       		.byte	0x3
 654 016c 08       		.uleb128 0x8
 655 016d FE040000 		.4byte	.LASF39
 656 0171 04       		.byte	0x4
 657 0172 08       		.uleb128 0x8
 658 0173 0C050000 		.4byte	.LASF40
 659 0177 05       		.byte	0x5
 660 0178 08       		.uleb128 0x8
 661 0179 1A050000 		.4byte	.LASF41
 662 017d 06       		.byte	0x6
 663 017e 08       		.uleb128 0x8
 664 017f 28050000 		.4byte	.LASF42
 665 0183 07       		.byte	0x7
 666 0184 08       		.uleb128 0x8
 667 0185 85040000 		.4byte	.LASF43
 668 0189 08       		.byte	0x8
 669 018a 08       		.uleb128 0x8
 670 018b 5E040000 		.4byte	.LASF44
 671 018f 63       		.byte	0x63
 672 0190 00       		.byte	0
 673 0191 09       		.uleb128 0x9
 674 0192 FD030000 		.4byte	.LASF117
 675 0196 0B       		.byte	0xb
 676 0197 06       		.byte	0x6
 677 0198 57       		.byte	0x57
 678 0199 0A020000 		.4byte	0x20a
 679 019d 0A       		.uleb128 0xa
 680 019e 43683100 		.ascii	"Ch1\000"
 681 01a2 06       		.byte	0x6
 682 01a3 58       		.byte	0x58
 683 01a4 C2000000 		.4byte	0xc2
 684 01a8 00       		.byte	0
ARM GAS  /var/folders/vt/qg0v_q5n5k99pnp_yg24c7s80000gn/T//cczCLhgq.s 			page 13


 685 01a9 0A       		.uleb128 0xa
 686 01aa 43683200 		.ascii	"Ch2\000"
 687 01ae 06       		.byte	0x6
 688 01af 59       		.byte	0x59
 689 01b0 C2000000 		.4byte	0xc2
 690 01b4 01       		.byte	0x1
 691 01b5 0A       		.uleb128 0xa
 692 01b6 43683300 		.ascii	"Ch3\000"
 693 01ba 06       		.byte	0x6
 694 01bb 5A       		.byte	0x5a
 695 01bc C2000000 		.4byte	0xc2
 696 01c0 02       		.byte	0x2
 697 01c1 0A       		.uleb128 0xa
 698 01c2 43683400 		.ascii	"Ch4\000"
 699 01c6 06       		.byte	0x6
 700 01c7 5B       		.byte	0x5b
 701 01c8 C2000000 		.4byte	0xc2
 702 01cc 03       		.byte	0x3
 703 01cd 0B       		.uleb128 0xb
 704 01ce 73020000 		.4byte	.LASF45
 705 01d2 06       		.byte	0x6
 706 01d3 5C       		.byte	0x5c
 707 01d4 C2000000 		.4byte	0xc2
 708 01d8 04       		.byte	0x4
 709 01d9 0B       		.uleb128 0xb
 710 01da 6D020000 		.4byte	.LASF46
 711 01de 06       		.byte	0x6
 712 01df 5D       		.byte	0x5d
 713 01e0 C2000000 		.4byte	0xc2
 714 01e4 05       		.byte	0x5
 715 01e5 0B       		.uleb128 0xb
 716 01e6 79020000 		.4byte	.LASF47
 717 01ea 06       		.byte	0x6
 718 01eb 5E       		.byte	0x5e
 719 01ec C2000000 		.4byte	0xc2
 720 01f0 06       		.byte	0x6
 721 01f1 0B       		.uleb128 0xb
 722 01f2 F6020000 		.4byte	.LASF48
 723 01f6 06       		.byte	0x6
 724 01f7 5F       		.byte	0x5f
 725 01f8 0A020000 		.4byte	0x20a
 726 01fc 07       		.byte	0x7
 727 01fd 0A       		.uleb128 0xa
 728 01fe 72657300 		.ascii	"res\000"
 729 0202 06       		.byte	0x6
 730 0203 60       		.byte	0x60
 731 0204 0A020000 		.4byte	0x20a
 732 0208 09       		.byte	0x9
 733 0209 00       		.byte	0
 734 020a 0C       		.uleb128 0xc
 735 020b 48000000 		.4byte	0x48
 736 020f 1A020000 		.4byte	0x21a
 737 0213 0D       		.uleb128 0xd
 738 0214 BB000000 		.4byte	0xbb
 739 0218 01       		.byte	0x1
 740 0219 00       		.byte	0
 741 021a 04       		.uleb128 0x4
ARM GAS  /var/folders/vt/qg0v_q5n5k99pnp_yg24c7s80000gn/T//cczCLhgq.s 			page 14


 742 021b 08020000 		.4byte	.LASF49
 743 021f 06       		.byte	0x6
 744 0220 61       		.byte	0x61
 745 0221 91010000 		.4byte	0x191
 746 0225 06       		.uleb128 0x6
 747 0226 01       		.byte	0x1
 748 0227 48000000 		.4byte	0x48
 749 022b 07       		.byte	0x7
 750 022c 3F       		.byte	0x3f
 751 022d 52030000 		.4byte	0x352
 752 0231 0E       		.uleb128 0xe
 753 0232 43683100 		.ascii	"Ch1\000"
 754 0236 00       		.byte	0
 755 0237 0E       		.uleb128 0xe
 756 0238 43683200 		.ascii	"Ch2\000"
 757 023c 01       		.byte	0x1
 758 023d 0E       		.uleb128 0xe
 759 023e 43683300 		.ascii	"Ch3\000"
 760 0242 02       		.byte	0x2
 761 0243 0E       		.uleb128 0xe
 762 0244 43683400 		.ascii	"Ch4\000"
 763 0248 03       		.byte	0x3
 764 0249 08       		.uleb128 0x8
 765 024a 99030000 		.4byte	.LASF50
 766 024e 04       		.byte	0x4
 767 024f 08       		.uleb128 0x8
 768 0250 78050000 		.4byte	.LASF51
 769 0254 05       		.byte	0x5
 770 0255 08       		.uleb128 0x8
 771 0256 8E050000 		.4byte	.LASF52
 772 025a 06       		.byte	0x6
 773 025b 08       		.uleb128 0x8
 774 025c 88050000 		.4byte	.LASF53
 775 0260 07       		.byte	0x7
 776 0261 08       		.uleb128 0x8
 777 0262 05040000 		.4byte	.LASF54
 778 0266 08       		.byte	0x8
 779 0267 08       		.uleb128 0x8
 780 0268 27040000 		.4byte	.LASF55
 781 026c 09       		.byte	0x9
 782 026d 08       		.uleb128 0x8
 783 026e 74040000 		.4byte	.LASF56
 784 0272 0A       		.byte	0xa
 785 0273 08       		.uleb128 0x8
 786 0274 6E040000 		.4byte	.LASF57
 787 0278 0B       		.byte	0xb
 788 0279 08       		.uleb128 0x8
 789 027a D7020000 		.4byte	.LASF58
 790 027e 0C       		.byte	0xc
 791 027f 08       		.uleb128 0x8
 792 0280 F0020000 		.4byte	.LASF59
 793 0284 0D       		.byte	0xd
 794 0285 08       		.uleb128 0x8
 795 0286 A8030000 		.4byte	.LASF60
 796 028a 0E       		.byte	0xe
 797 028b 08       		.uleb128 0x8
 798 028c E5000000 		.4byte	.LASF61
ARM GAS  /var/folders/vt/qg0v_q5n5k99pnp_yg24c7s80000gn/T//cczCLhgq.s 			page 15


 799 0290 0F       		.byte	0xf
 800 0291 08       		.uleb128 0x8
 801 0292 11060000 		.4byte	.LASF62
 802 0296 10       		.byte	0x10
 803 0297 08       		.uleb128 0x8
 804 0298 17060000 		.4byte	.LASF63
 805 029c 11       		.byte	0x11
 806 029d 08       		.uleb128 0x8
 807 029e 1D060000 		.4byte	.LASF64
 808 02a2 12       		.byte	0x12
 809 02a3 08       		.uleb128 0x8
 810 02a4 94050000 		.4byte	.LASF65
 811 02a8 13       		.byte	0x13
 812 02a9 08       		.uleb128 0x8
 813 02aa 99050000 		.4byte	.LASF66
 814 02ae 14       		.byte	0x14
 815 02af 08       		.uleb128 0x8
 816 02b0 9E050000 		.4byte	.LASF67
 817 02b4 15       		.byte	0x15
 818 02b5 08       		.uleb128 0x8
 819 02b6 A3050000 		.4byte	.LASF68
 820 02ba 16       		.byte	0x16
 821 02bb 08       		.uleb128 0x8
 822 02bc 0F020000 		.4byte	.LASF69
 823 02c0 17       		.byte	0x17
 824 02c1 08       		.uleb128 0x8
 825 02c2 AE030000 		.4byte	.LASF70
 826 02c6 80       		.byte	0x80
 827 02c7 08       		.uleb128 0x8
 828 02c8 49060000 		.4byte	.LASF71
 829 02cc 81       		.byte	0x81
 830 02cd 08       		.uleb128 0x8
 831 02ce FB000000 		.4byte	.LASF72
 832 02d2 82       		.byte	0x82
 833 02d3 08       		.uleb128 0x8
 834 02d4 A8010000 		.4byte	.LASF73
 835 02d8 83       		.byte	0x83
 836 02d9 08       		.uleb128 0x8
 837 02da 00000000 		.4byte	.LASF74
 838 02de 84       		.byte	0x84
 839 02df 08       		.uleb128 0x8
 840 02e0 06060000 		.4byte	.LASF75
 841 02e4 85       		.byte	0x85
 842 02e5 08       		.uleb128 0x8
 843 02e6 7A040000 		.4byte	.LASF76
 844 02ea 86       		.byte	0x86
 845 02eb 08       		.uleb128 0x8
 846 02ec F4010000 		.4byte	.LASF77
 847 02f0 87       		.byte	0x87
 848 02f1 08       		.uleb128 0x8
 849 02f2 8E030000 		.4byte	.LASF78
 850 02f6 88       		.byte	0x88
 851 02f7 08       		.uleb128 0x8
 852 02f8 C1020000 		.4byte	.LASF79
 853 02fc 89       		.byte	0x89
 854 02fd 08       		.uleb128 0x8
 855 02fe CC020000 		.4byte	.LASF80
ARM GAS  /var/folders/vt/qg0v_q5n5k99pnp_yg24c7s80000gn/T//cczCLhgq.s 			page 16


 856 0302 8A       		.byte	0x8a
 857 0303 08       		.uleb128 0x8
 858 0304 6B060000 		.4byte	.LASF81
 859 0308 8B       		.byte	0x8b
 860 0309 08       		.uleb128 0x8
 861 030a 83030000 		.4byte	.LASF82
 862 030e 8C       		.byte	0x8c
 863 030f 08       		.uleb128 0x8
 864 0310 3F020000 		.4byte	.LASF83
 865 0314 8D       		.byte	0x8d
 866 0315 08       		.uleb128 0x8
 867 0316 76060000 		.4byte	.LASF84
 868 031a 8E       		.byte	0x8e
 869 031b 08       		.uleb128 0x8
 870 031c 67010000 		.4byte	.LASF85
 871 0320 8F       		.byte	0x8f
 872 0321 08       		.uleb128 0x8
 873 0322 8F040000 		.4byte	.LASF86
 874 0326 90       		.byte	0x90
 875 0327 08       		.uleb128 0x8
 876 0328 BC050000 		.4byte	.LASF87
 877 032c 91       		.byte	0x91
 878 032d 08       		.uleb128 0x8
 879 032e 60060000 		.4byte	.LASF88
 880 0332 92       		.byte	0x92
 881 0333 08       		.uleb128 0x8
 882 0334 54040000 		.4byte	.LASF89
 883 0338 93       		.byte	0x93
 884 0339 08       		.uleb128 0x8
 885 033a 6E050000 		.4byte	.LASF90
 886 033e 94       		.byte	0x94
 887 033f 08       		.uleb128 0x8
 888 0340 2F060000 		.4byte	.LASF91
 889 0344 95       		.byte	0x95
 890 0345 08       		.uleb128 0x8
 891 0346 C7050000 		.4byte	.LASF92
 892 034a 96       		.byte	0x96
 893 034b 08       		.uleb128 0x8
 894 034c 23060000 		.4byte	.LASF93
 895 0350 97       		.byte	0x97
 896 0351 00       		.byte	0
 897 0352 04       		.uleb128 0x4
 898 0353 D1050000 		.4byte	.LASF94
 899 0357 07       		.byte	0x7
 900 0358 51       		.byte	0x51
 901 0359 25020000 		.4byte	0x225
 902 035d 06       		.uleb128 0x6
 903 035e 01       		.byte	0x1
 904 035f 48000000 		.4byte	0x48
 905 0363 07       		.byte	0x7
 906 0364 56       		.byte	0x56
 907 0365 A0030000 		.4byte	0x3a0
 908 0369 08       		.uleb128 0x8
 909 036a DB050000 		.4byte	.LASF95
 910 036e 00       		.byte	0
 911 036f 08       		.uleb128 0x8
 912 0370 B7030000 		.4byte	.LASF96
ARM GAS  /var/folders/vt/qg0v_q5n5k99pnp_yg24c7s80000gn/T//cczCLhgq.s 			page 17


 913 0374 01       		.byte	0x1
 914 0375 08       		.uleb128 0x8
 915 0376 C2030000 		.4byte	.LASF97
 916 037a 02       		.byte	0x2
 917 037b 08       		.uleb128 0x8
 918 037c EA050000 		.4byte	.LASF98
 919 0380 04       		.byte	0x4
 920 0381 08       		.uleb128 0x8
 921 0382 1B020000 		.4byte	.LASF99
 922 0386 08       		.byte	0x8
 923 0387 08       		.uleb128 0x8
 924 0388 EB000000 		.4byte	.LASF100
 925 038c 10       		.byte	0x10
 926 038d 08       		.uleb128 0x8
 927 038e 94010000 		.4byte	.LASF101
 928 0392 20       		.byte	0x20
 929 0393 08       		.uleb128 0x8
 930 0394 A8050000 		.4byte	.LASF102
 931 0398 40       		.byte	0x40
 932 0399 08       		.uleb128 0x8
 933 039a 52060000 		.4byte	.LASF103
 934 039e 80       		.byte	0x80
 935 039f 00       		.byte	0
 936 03a0 0F       		.uleb128 0xf
 937 03a1 CA010000 		.4byte	.LASF105
 938 03a5 01       		.byte	0x1
 939 03a6 45       		.byte	0x45
 940 03a7 93000000 		.4byte	0x93
 941 03ab 00000000 		.4byte	.LFB63
 942 03af 34000000 		.4byte	.LFE63-.LFB63
 943 03b3 01       		.uleb128 0x1
 944 03b4 9C       		.byte	0x9c
 945 03b5 E1030000 		.4byte	0x3e1
 946 03b9 10       		.uleb128 0x10
 947 03ba 63746C00 		.ascii	"ctl\000"
 948 03be 01       		.byte	0x1
 949 03bf 45       		.byte	0x45
 950 03c0 9E000000 		.4byte	0x9e
 951 03c4 00000000 		.4byte	.LLST0
 952 03c8 11       		.uleb128 0x11
 953 03c9 16020000 		.4byte	.LASF104
 954 03cd 01       		.byte	0x1
 955 03ce 45       		.byte	0x45
 956 03cf 93000000 		.4byte	0x93
 957 03d3 21000000 		.4byte	.LLST1
 958 03d7 12       		.uleb128 0x12
 959 03d8 0A000000 		.4byte	.LVL1
 960 03dc D8040000 		.4byte	0x4d8
 961 03e0 00       		.byte	0
 962 03e1 0F       		.uleb128 0xf
 963 03e2 3D010000 		.4byte	.LASF106
 964 03e6 01       		.byte	0x1
 965 03e7 5F       		.byte	0x5f
 966 03e8 9E000000 		.4byte	0x9e
 967 03ec 00000000 		.4byte	.LFB64
 968 03f0 20000000 		.4byte	.LFE64-.LFB64
 969 03f4 01       		.uleb128 0x1
ARM GAS  /var/folders/vt/qg0v_q5n5k99pnp_yg24c7s80000gn/T//cczCLhgq.s 			page 18


 970 03f5 9C       		.byte	0x9c
 971 03f6 13040000 		.4byte	0x413
 972 03fa 13       		.uleb128 0x13
 973 03fb 63746C00 		.ascii	"ctl\000"
 974 03ff 01       		.byte	0x1
 975 0400 61       		.byte	0x61
 976 0401 9E000000 		.4byte	0x9e
 977 0405 42000000 		.4byte	.LLST2
 978 0409 12       		.uleb128 0x12
 979 040a 06000000 		.4byte	.LVL2
 980 040e D8040000 		.4byte	0x4d8
 981 0412 00       		.byte	0
 982 0413 0F       		.uleb128 0xf
 983 0414 CD030000 		.4byte	.LASF107
 984 0418 01       		.byte	0x1
 985 0419 7C       		.byte	0x7c
 986 041a 93000000 		.4byte	0x93
 987 041e 00000000 		.4byte	.LFB65
 988 0422 2A010000 		.4byte	.LFE65-.LFB65
 989 0426 01       		.uleb128 0x1
 990 0427 9C       		.byte	0x9c
 991 0428 5E040000 		.4byte	0x45e
 992 042c 11       		.uleb128 0x11
 993 042d 43060000 		.4byte	.LASF108
 994 0431 01       		.byte	0x1
 995 0432 7C       		.byte	0x7c
 996 0433 52030000 		.4byte	0x352
 997 0437 60000000 		.4byte	.LLST3
 998 043b 13       		.uleb128 0x13
 999 043c 6A7300   		.ascii	"js\000"
 1000 043f 01       		.byte	0x1
 1001 0440 7E       		.byte	0x7e
 1002 0441 5E040000 		.4byte	0x45e
 1003 0445 81000000 		.4byte	.LLST4
 1004 0449 14       		.uleb128 0x14
 1005 044a 9A040000 		.4byte	.LASF118
 1006 044e 01       		.byte	0x1
 1007 044f 7F       		.byte	0x7f
 1008 0450 93000000 		.4byte	0x93
 1009 0454 12       		.uleb128 0x12
 1010 0455 14000000 		.4byte	.LVL7
 1011 0459 E3040000 		.4byte	0x4e3
 1012 045d 00       		.byte	0
 1013 045e 15       		.uleb128 0x15
 1014 045f 04       		.byte	0x4
 1015 0460 1A020000 		.4byte	0x21a
 1016 0464 16       		.uleb128 0x16
 1017 0465 AA040000 		.4byte	.LASF119
 1018 0469 01       		.byte	0x1
 1019 046a EC       		.byte	0xec
 1020 046b 00000000 		.4byte	.LFB66
 1021 046f 26000000 		.4byte	.LFE66-.LFB66
 1022 0473 01       		.uleb128 0x1
 1023 0474 9C       		.byte	0x9c
 1024 0475 BB040000 		.4byte	0x4bb
 1025 0479 11       		.uleb128 0x11
 1026 047a 43060000 		.4byte	.LASF108
ARM GAS  /var/folders/vt/qg0v_q5n5k99pnp_yg24c7s80000gn/T//cczCLhgq.s 			page 19


 1027 047e 01       		.byte	0x1
 1028 047f EC       		.byte	0xec
 1029 0480 52030000 		.4byte	0x352
 1030 0484 A7010000 		.4byte	.LLST5
 1031 0488 17       		.uleb128 0x17
 1032 0489 B9020000 		.4byte	.LASF109
 1033 048d 01       		.byte	0x1
 1034 048e EE       		.byte	0xee
 1035 048f 25000000 		.4byte	0x25
 1036 0493 C8010000 		.4byte	.LLST6
 1037 0497 18       		.uleb128 0x18
 1038 0498 16000000 		.4byte	.LVL61
 1039 049c EE040000 		.4byte	0x4ee
 1040 04a0 AA040000 		.4byte	0x4aa
 1041 04a4 19       		.uleb128 0x19
 1042 04a5 01       		.uleb128 0x1
 1043 04a6 50       		.byte	0x50
 1044 04a7 01       		.uleb128 0x1
 1045 04a8 49       		.byte	0x49
 1046 04a9 00       		.byte	0
 1047 04aa 1A       		.uleb128 0x1a
 1048 04ab 20000000 		.4byte	.LVL64
 1049 04af 13040000 		.4byte	0x413
 1050 04b3 19       		.uleb128 0x19
 1051 04b4 01       		.uleb128 0x1
 1052 04b5 50       		.byte	0x50
 1053 04b6 02       		.uleb128 0x2
 1054 04b7 75       		.byte	0x75
 1055 04b8 00       		.sleb128 0
 1056 04b9 00       		.byte	0
 1057 04ba 00       		.byte	0
 1058 04bb 1B       		.uleb128 0x1b
 1059 04bc F4050000 		.4byte	.LASF110
 1060 04c0 01       		.byte	0x1
 1061 04c1 3B       		.byte	0x3b
 1062 04c2 9E000000 		.4byte	0x9e
 1063 04c6 05       		.uleb128 0x5
 1064 04c7 03       		.byte	0x3
 1065 04c8 00000000 		.4byte	vexLocalCompState
 1066 04cc 1C       		.uleb128 0x1c
 1067 04cd 5A010000 		.4byte	.LASF120
 1068 04d1 09       		.byte	0x9
 1069 04d2 0706     		.2byte	0x607
 1070 04d4 C9000000 		.4byte	0xc9
 1071 04d8 1D       		.uleb128 0x1d
 1072 04d9 4A020000 		.4byte	.LASF111
 1073 04dd 4A020000 		.4byte	.LASF111
 1074 04e1 06       		.byte	0x6
 1075 04e2 B0       		.byte	0xb0
 1076 04e3 1D       		.uleb128 0x1d
 1077 04e4 B1010000 		.4byte	.LASF112
 1078 04e8 B1010000 		.4byte	.LASF112
 1079 04ec 06       		.byte	0x6
 1080 04ed AF       		.byte	0xaf
 1081 04ee 1D       		.uleb128 0x1d
 1082 04ef A1040000 		.4byte	.LASF113
 1083 04f3 A1040000 		.4byte	.LASF113
ARM GAS  /var/folders/vt/qg0v_q5n5k99pnp_yg24c7s80000gn/T//cczCLhgq.s 			page 20


 1084 04f7 08       		.byte	0x8
 1085 04f8 A5       		.byte	0xa5
 1086 04f9 00       		.byte	0
 1087              		.section	.debug_abbrev,"",%progbits
 1088              	.Ldebug_abbrev0:
 1089 0000 01       		.uleb128 0x1
 1090 0001 11       		.uleb128 0x11
 1091 0002 01       		.byte	0x1
 1092 0003 25       		.uleb128 0x25
 1093 0004 0E       		.uleb128 0xe
 1094 0005 13       		.uleb128 0x13
 1095 0006 0B       		.uleb128 0xb
 1096 0007 03       		.uleb128 0x3
 1097 0008 0E       		.uleb128 0xe
 1098 0009 1B       		.uleb128 0x1b
 1099 000a 0E       		.uleb128 0xe
 1100 000b 55       		.uleb128 0x55
 1101 000c 17       		.uleb128 0x17
 1102 000d 11       		.uleb128 0x11
 1103 000e 01       		.uleb128 0x1
 1104 000f 10       		.uleb128 0x10
 1105 0010 17       		.uleb128 0x17
 1106 0011 00       		.byte	0
 1107 0012 00       		.byte	0
 1108 0013 02       		.uleb128 0x2
 1109 0014 24       		.uleb128 0x24
 1110 0015 00       		.byte	0
 1111 0016 0B       		.uleb128 0xb
 1112 0017 0B       		.uleb128 0xb
 1113 0018 3E       		.uleb128 0x3e
 1114 0019 0B       		.uleb128 0xb
 1115 001a 03       		.uleb128 0x3
 1116 001b 08       		.uleb128 0x8
 1117 001c 00       		.byte	0
 1118 001d 00       		.byte	0
 1119 001e 03       		.uleb128 0x3
 1120 001f 24       		.uleb128 0x24
 1121 0020 00       		.byte	0
 1122 0021 0B       		.uleb128 0xb
 1123 0022 0B       		.uleb128 0xb
 1124 0023 3E       		.uleb128 0x3e
 1125 0024 0B       		.uleb128 0xb
 1126 0025 03       		.uleb128 0x3
 1127 0026 0E       		.uleb128 0xe
 1128 0027 00       		.byte	0
 1129 0028 00       		.byte	0
 1130 0029 04       		.uleb128 0x4
 1131 002a 16       		.uleb128 0x16
 1132 002b 00       		.byte	0
 1133 002c 03       		.uleb128 0x3
 1134 002d 0E       		.uleb128 0xe
 1135 002e 3A       		.uleb128 0x3a
 1136 002f 0B       		.uleb128 0xb
 1137 0030 3B       		.uleb128 0x3b
 1138 0031 0B       		.uleb128 0xb
 1139 0032 49       		.uleb128 0x49
 1140 0033 13       		.uleb128 0x13
ARM GAS  /var/folders/vt/qg0v_q5n5k99pnp_yg24c7s80000gn/T//cczCLhgq.s 			page 21


 1141 0034 00       		.byte	0
 1142 0035 00       		.byte	0
 1143 0036 05       		.uleb128 0x5
 1144 0037 35       		.uleb128 0x35
 1145 0038 00       		.byte	0
 1146 0039 49       		.uleb128 0x49
 1147 003a 13       		.uleb128 0x13
 1148 003b 00       		.byte	0
 1149 003c 00       		.byte	0
 1150 003d 06       		.uleb128 0x6
 1151 003e 04       		.uleb128 0x4
 1152 003f 01       		.byte	0x1
 1153 0040 0B       		.uleb128 0xb
 1154 0041 0B       		.uleb128 0xb
 1155 0042 49       		.uleb128 0x49
 1156 0043 13       		.uleb128 0x13
 1157 0044 3A       		.uleb128 0x3a
 1158 0045 0B       		.uleb128 0xb
 1159 0046 3B       		.uleb128 0x3b
 1160 0047 0B       		.uleb128 0xb
 1161 0048 01       		.uleb128 0x1
 1162 0049 13       		.uleb128 0x13
 1163 004a 00       		.byte	0
 1164 004b 00       		.byte	0
 1165 004c 07       		.uleb128 0x7
 1166 004d 28       		.uleb128 0x28
 1167 004e 00       		.byte	0
 1168 004f 03       		.uleb128 0x3
 1169 0050 0E       		.uleb128 0xe
 1170 0051 1C       		.uleb128 0x1c
 1171 0052 0D       		.uleb128 0xd
 1172 0053 00       		.byte	0
 1173 0054 00       		.byte	0
 1174 0055 08       		.uleb128 0x8
 1175 0056 28       		.uleb128 0x28
 1176 0057 00       		.byte	0
 1177 0058 03       		.uleb128 0x3
 1178 0059 0E       		.uleb128 0xe
 1179 005a 1C       		.uleb128 0x1c
 1180 005b 0B       		.uleb128 0xb
 1181 005c 00       		.byte	0
 1182 005d 00       		.byte	0
 1183 005e 09       		.uleb128 0x9
 1184 005f 13       		.uleb128 0x13
 1185 0060 01       		.byte	0x1
 1186 0061 03       		.uleb128 0x3
 1187 0062 0E       		.uleb128 0xe
 1188 0063 0B       		.uleb128 0xb
 1189 0064 0B       		.uleb128 0xb
 1190 0065 3A       		.uleb128 0x3a
 1191 0066 0B       		.uleb128 0xb
 1192 0067 3B       		.uleb128 0x3b
 1193 0068 0B       		.uleb128 0xb
 1194 0069 01       		.uleb128 0x1
 1195 006a 13       		.uleb128 0x13
 1196 006b 00       		.byte	0
 1197 006c 00       		.byte	0
ARM GAS  /var/folders/vt/qg0v_q5n5k99pnp_yg24c7s80000gn/T//cczCLhgq.s 			page 22


 1198 006d 0A       		.uleb128 0xa
 1199 006e 0D       		.uleb128 0xd
 1200 006f 00       		.byte	0
 1201 0070 03       		.uleb128 0x3
 1202 0071 08       		.uleb128 0x8
 1203 0072 3A       		.uleb128 0x3a
 1204 0073 0B       		.uleb128 0xb
 1205 0074 3B       		.uleb128 0x3b
 1206 0075 0B       		.uleb128 0xb
 1207 0076 49       		.uleb128 0x49
 1208 0077 13       		.uleb128 0x13
 1209 0078 38       		.uleb128 0x38
 1210 0079 0B       		.uleb128 0xb
 1211 007a 00       		.byte	0
 1212 007b 00       		.byte	0
 1213 007c 0B       		.uleb128 0xb
 1214 007d 0D       		.uleb128 0xd
 1215 007e 00       		.byte	0
 1216 007f 03       		.uleb128 0x3
 1217 0080 0E       		.uleb128 0xe
 1218 0081 3A       		.uleb128 0x3a
 1219 0082 0B       		.uleb128 0xb
 1220 0083 3B       		.uleb128 0x3b
 1221 0084 0B       		.uleb128 0xb
 1222 0085 49       		.uleb128 0x49
 1223 0086 13       		.uleb128 0x13
 1224 0087 38       		.uleb128 0x38
 1225 0088 0B       		.uleb128 0xb
 1226 0089 00       		.byte	0
 1227 008a 00       		.byte	0
 1228 008b 0C       		.uleb128 0xc
 1229 008c 01       		.uleb128 0x1
 1230 008d 01       		.byte	0x1
 1231 008e 49       		.uleb128 0x49
 1232 008f 13       		.uleb128 0x13
 1233 0090 01       		.uleb128 0x1
 1234 0091 13       		.uleb128 0x13
 1235 0092 00       		.byte	0
 1236 0093 00       		.byte	0
 1237 0094 0D       		.uleb128 0xd
 1238 0095 21       		.uleb128 0x21
 1239 0096 00       		.byte	0
 1240 0097 49       		.uleb128 0x49
 1241 0098 13       		.uleb128 0x13
 1242 0099 2F       		.uleb128 0x2f
 1243 009a 0B       		.uleb128 0xb
 1244 009b 00       		.byte	0
 1245 009c 00       		.byte	0
 1246 009d 0E       		.uleb128 0xe
 1247 009e 28       		.uleb128 0x28
 1248 009f 00       		.byte	0
 1249 00a0 03       		.uleb128 0x3
 1250 00a1 08       		.uleb128 0x8
 1251 00a2 1C       		.uleb128 0x1c
 1252 00a3 0B       		.uleb128 0xb
 1253 00a4 00       		.byte	0
 1254 00a5 00       		.byte	0
ARM GAS  /var/folders/vt/qg0v_q5n5k99pnp_yg24c7s80000gn/T//cczCLhgq.s 			page 23


 1255 00a6 0F       		.uleb128 0xf
 1256 00a7 2E       		.uleb128 0x2e
 1257 00a8 01       		.byte	0x1
 1258 00a9 3F       		.uleb128 0x3f
 1259 00aa 19       		.uleb128 0x19
 1260 00ab 03       		.uleb128 0x3
 1261 00ac 0E       		.uleb128 0xe
 1262 00ad 3A       		.uleb128 0x3a
 1263 00ae 0B       		.uleb128 0xb
 1264 00af 3B       		.uleb128 0x3b
 1265 00b0 0B       		.uleb128 0xb
 1266 00b1 27       		.uleb128 0x27
 1267 00b2 19       		.uleb128 0x19
 1268 00b3 49       		.uleb128 0x49
 1269 00b4 13       		.uleb128 0x13
 1270 00b5 11       		.uleb128 0x11
 1271 00b6 01       		.uleb128 0x1
 1272 00b7 12       		.uleb128 0x12
 1273 00b8 06       		.uleb128 0x6
 1274 00b9 40       		.uleb128 0x40
 1275 00ba 18       		.uleb128 0x18
 1276 00bb 9742     		.uleb128 0x2117
 1277 00bd 19       		.uleb128 0x19
 1278 00be 01       		.uleb128 0x1
 1279 00bf 13       		.uleb128 0x13
 1280 00c0 00       		.byte	0
 1281 00c1 00       		.byte	0
 1282 00c2 10       		.uleb128 0x10
 1283 00c3 05       		.uleb128 0x5
 1284 00c4 00       		.byte	0
 1285 00c5 03       		.uleb128 0x3
 1286 00c6 08       		.uleb128 0x8
 1287 00c7 3A       		.uleb128 0x3a
 1288 00c8 0B       		.uleb128 0xb
 1289 00c9 3B       		.uleb128 0x3b
 1290 00ca 0B       		.uleb128 0xb
 1291 00cb 49       		.uleb128 0x49
 1292 00cc 13       		.uleb128 0x13
 1293 00cd 02       		.uleb128 0x2
 1294 00ce 17       		.uleb128 0x17
 1295 00cf 00       		.byte	0
 1296 00d0 00       		.byte	0
 1297 00d1 11       		.uleb128 0x11
 1298 00d2 05       		.uleb128 0x5
 1299 00d3 00       		.byte	0
 1300 00d4 03       		.uleb128 0x3
 1301 00d5 0E       		.uleb128 0xe
 1302 00d6 3A       		.uleb128 0x3a
 1303 00d7 0B       		.uleb128 0xb
 1304 00d8 3B       		.uleb128 0x3b
 1305 00d9 0B       		.uleb128 0xb
 1306 00da 49       		.uleb128 0x49
 1307 00db 13       		.uleb128 0x13
 1308 00dc 02       		.uleb128 0x2
 1309 00dd 17       		.uleb128 0x17
 1310 00de 00       		.byte	0
 1311 00df 00       		.byte	0
ARM GAS  /var/folders/vt/qg0v_q5n5k99pnp_yg24c7s80000gn/T//cczCLhgq.s 			page 24


 1312 00e0 12       		.uleb128 0x12
 1313 00e1 898201   		.uleb128 0x4109
 1314 00e4 00       		.byte	0
 1315 00e5 11       		.uleb128 0x11
 1316 00e6 01       		.uleb128 0x1
 1317 00e7 31       		.uleb128 0x31
 1318 00e8 13       		.uleb128 0x13
 1319 00e9 00       		.byte	0
 1320 00ea 00       		.byte	0
 1321 00eb 13       		.uleb128 0x13
 1322 00ec 34       		.uleb128 0x34
 1323 00ed 00       		.byte	0
 1324 00ee 03       		.uleb128 0x3
 1325 00ef 08       		.uleb128 0x8
 1326 00f0 3A       		.uleb128 0x3a
 1327 00f1 0B       		.uleb128 0xb
 1328 00f2 3B       		.uleb128 0x3b
 1329 00f3 0B       		.uleb128 0xb
 1330 00f4 49       		.uleb128 0x49
 1331 00f5 13       		.uleb128 0x13
 1332 00f6 02       		.uleb128 0x2
 1333 00f7 17       		.uleb128 0x17
 1334 00f8 00       		.byte	0
 1335 00f9 00       		.byte	0
 1336 00fa 14       		.uleb128 0x14
 1337 00fb 34       		.uleb128 0x34
 1338 00fc 00       		.byte	0
 1339 00fd 03       		.uleb128 0x3
 1340 00fe 0E       		.uleb128 0xe
 1341 00ff 3A       		.uleb128 0x3a
 1342 0100 0B       		.uleb128 0xb
 1343 0101 3B       		.uleb128 0x3b
 1344 0102 0B       		.uleb128 0xb
 1345 0103 49       		.uleb128 0x49
 1346 0104 13       		.uleb128 0x13
 1347 0105 00       		.byte	0
 1348 0106 00       		.byte	0
 1349 0107 15       		.uleb128 0x15
 1350 0108 0F       		.uleb128 0xf
 1351 0109 00       		.byte	0
 1352 010a 0B       		.uleb128 0xb
 1353 010b 0B       		.uleb128 0xb
 1354 010c 49       		.uleb128 0x49
 1355 010d 13       		.uleb128 0x13
 1356 010e 00       		.byte	0
 1357 010f 00       		.byte	0
 1358 0110 16       		.uleb128 0x16
 1359 0111 2E       		.uleb128 0x2e
 1360 0112 01       		.byte	0x1
 1361 0113 3F       		.uleb128 0x3f
 1362 0114 19       		.uleb128 0x19
 1363 0115 03       		.uleb128 0x3
 1364 0116 0E       		.uleb128 0xe
 1365 0117 3A       		.uleb128 0x3a
 1366 0118 0B       		.uleb128 0xb
 1367 0119 3B       		.uleb128 0x3b
 1368 011a 0B       		.uleb128 0xb
ARM GAS  /var/folders/vt/qg0v_q5n5k99pnp_yg24c7s80000gn/T//cczCLhgq.s 			page 25


 1369 011b 27       		.uleb128 0x27
 1370 011c 19       		.uleb128 0x19
 1371 011d 11       		.uleb128 0x11
 1372 011e 01       		.uleb128 0x1
 1373 011f 12       		.uleb128 0x12
 1374 0120 06       		.uleb128 0x6
 1375 0121 40       		.uleb128 0x40
 1376 0122 18       		.uleb128 0x18
 1377 0123 9742     		.uleb128 0x2117
 1378 0125 19       		.uleb128 0x19
 1379 0126 01       		.uleb128 0x1
 1380 0127 13       		.uleb128 0x13
 1381 0128 00       		.byte	0
 1382 0129 00       		.byte	0
 1383 012a 17       		.uleb128 0x17
 1384 012b 34       		.uleb128 0x34
 1385 012c 00       		.byte	0
 1386 012d 03       		.uleb128 0x3
 1387 012e 0E       		.uleb128 0xe
 1388 012f 3A       		.uleb128 0x3a
 1389 0130 0B       		.uleb128 0xb
 1390 0131 3B       		.uleb128 0x3b
 1391 0132 0B       		.uleb128 0xb
 1392 0133 49       		.uleb128 0x49
 1393 0134 13       		.uleb128 0x13
 1394 0135 02       		.uleb128 0x2
 1395 0136 17       		.uleb128 0x17
 1396 0137 00       		.byte	0
 1397 0138 00       		.byte	0
 1398 0139 18       		.uleb128 0x18
 1399 013a 898201   		.uleb128 0x4109
 1400 013d 01       		.byte	0x1
 1401 013e 11       		.uleb128 0x11
 1402 013f 01       		.uleb128 0x1
 1403 0140 31       		.uleb128 0x31
 1404 0141 13       		.uleb128 0x13
 1405 0142 01       		.uleb128 0x1
 1406 0143 13       		.uleb128 0x13
 1407 0144 00       		.byte	0
 1408 0145 00       		.byte	0
 1409 0146 19       		.uleb128 0x19
 1410 0147 8A8201   		.uleb128 0x410a
 1411 014a 00       		.byte	0
 1412 014b 02       		.uleb128 0x2
 1413 014c 18       		.uleb128 0x18
 1414 014d 9142     		.uleb128 0x2111
 1415 014f 18       		.uleb128 0x18
 1416 0150 00       		.byte	0
 1417 0151 00       		.byte	0
 1418 0152 1A       		.uleb128 0x1a
 1419 0153 898201   		.uleb128 0x4109
 1420 0156 01       		.byte	0x1
 1421 0157 11       		.uleb128 0x11
 1422 0158 01       		.uleb128 0x1
 1423 0159 31       		.uleb128 0x31
 1424 015a 13       		.uleb128 0x13
 1425 015b 00       		.byte	0
ARM GAS  /var/folders/vt/qg0v_q5n5k99pnp_yg24c7s80000gn/T//cczCLhgq.s 			page 26


 1426 015c 00       		.byte	0
 1427 015d 1B       		.uleb128 0x1b
 1428 015e 34       		.uleb128 0x34
 1429 015f 00       		.byte	0
 1430 0160 03       		.uleb128 0x3
 1431 0161 0E       		.uleb128 0xe
 1432 0162 3A       		.uleb128 0x3a
 1433 0163 0B       		.uleb128 0xb
 1434 0164 3B       		.uleb128 0x3b
 1435 0165 0B       		.uleb128 0xb
 1436 0166 49       		.uleb128 0x49
 1437 0167 13       		.uleb128 0x13
 1438 0168 02       		.uleb128 0x2
 1439 0169 18       		.uleb128 0x18
 1440 016a 00       		.byte	0
 1441 016b 00       		.byte	0
 1442 016c 1C       		.uleb128 0x1c
 1443 016d 34       		.uleb128 0x34
 1444 016e 00       		.byte	0
 1445 016f 03       		.uleb128 0x3
 1446 0170 0E       		.uleb128 0xe
 1447 0171 3A       		.uleb128 0x3a
 1448 0172 0B       		.uleb128 0xb
 1449 0173 3B       		.uleb128 0x3b
 1450 0174 05       		.uleb128 0x5
 1451 0175 49       		.uleb128 0x49
 1452 0176 13       		.uleb128 0x13
 1453 0177 3F       		.uleb128 0x3f
 1454 0178 19       		.uleb128 0x19
 1455 0179 3C       		.uleb128 0x3c
 1456 017a 19       		.uleb128 0x19
 1457 017b 00       		.byte	0
 1458 017c 00       		.byte	0
 1459 017d 1D       		.uleb128 0x1d
 1460 017e 2E       		.uleb128 0x2e
 1461 017f 00       		.byte	0
 1462 0180 3F       		.uleb128 0x3f
 1463 0181 19       		.uleb128 0x19
 1464 0182 3C       		.uleb128 0x3c
 1465 0183 19       		.uleb128 0x19
 1466 0184 6E       		.uleb128 0x6e
 1467 0185 0E       		.uleb128 0xe
 1468 0186 03       		.uleb128 0x3
 1469 0187 0E       		.uleb128 0xe
 1470 0188 3A       		.uleb128 0x3a
 1471 0189 0B       		.uleb128 0xb
 1472 018a 3B       		.uleb128 0x3b
 1473 018b 0B       		.uleb128 0xb
 1474 018c 00       		.byte	0
 1475 018d 00       		.byte	0
 1476 018e 00       		.byte	0
 1477              		.section	.debug_loc,"",%progbits
 1478              	.Ldebug_loc0:
 1479              	.LLST0:
 1480 0000 00000000 		.4byte	.LVL0
 1481 0004 09000000 		.4byte	.LVL1-1
 1482 0008 0100     		.2byte	0x1
ARM GAS  /var/folders/vt/qg0v_q5n5k99pnp_yg24c7s80000gn/T//cczCLhgq.s 			page 27


 1483 000a 50       		.byte	0x50
 1484 000b 09000000 		.4byte	.LVL1-1
 1485 000f 34000000 		.4byte	.LFE63
 1486 0013 0400     		.2byte	0x4
 1487 0015 F3       		.byte	0xf3
 1488 0016 01       		.uleb128 0x1
 1489 0017 50       		.byte	0x50
 1490 0018 9F       		.byte	0x9f
 1491 0019 00000000 		.4byte	0
 1492 001d 00000000 		.4byte	0
 1493              	.LLST1:
 1494 0021 00000000 		.4byte	.LVL0
 1495 0025 09000000 		.4byte	.LVL1-1
 1496 0029 0100     		.2byte	0x1
 1497 002b 51       		.byte	0x51
 1498 002c 09000000 		.4byte	.LVL1-1
 1499 0030 34000000 		.4byte	.LFE63
 1500 0034 0400     		.2byte	0x4
 1501 0036 F3       		.byte	0xf3
 1502 0037 01       		.uleb128 0x1
 1503 0038 51       		.byte	0x51
 1504 0039 9F       		.byte	0x9f
 1505 003a 00000000 		.4byte	0
 1506 003e 00000000 		.4byte	0
 1507              	.LLST2:
 1508 0042 06000000 		.4byte	.LVL2
 1509 0046 16000000 		.4byte	.LVL3
 1510 004a 0100     		.2byte	0x1
 1511 004c 50       		.byte	0x50
 1512 004d 18000000 		.4byte	.LVL4
 1513 0051 20000000 		.4byte	.LFE64
 1514 0055 0100     		.2byte	0x1
 1515 0057 50       		.byte	0x50
 1516 0058 00000000 		.4byte	0
 1517 005c 00000000 		.4byte	0
 1518              	.LLST3:
 1519 0060 00000000 		.4byte	.LVL5
 1520 0064 0A000000 		.4byte	.LVL6
 1521 0068 0100     		.2byte	0x1
 1522 006a 50       		.byte	0x50
 1523 006b 0A000000 		.4byte	.LVL6
 1524 006f 2A010000 		.4byte	.LFE65
 1525 0073 0400     		.2byte	0x4
 1526 0075 F3       		.byte	0xf3
 1527 0076 01       		.uleb128 0x1
 1528 0077 50       		.byte	0x50
 1529 0078 9F       		.byte	0x9f
 1530 0079 00000000 		.4byte	0
 1531 007d 00000000 		.4byte	0
 1532              	.LLST4:
 1533 0081 14000000 		.4byte	.LVL7
 1534 0085 3E000000 		.4byte	.LVL8
 1535 0089 0100     		.2byte	0x1
 1536 008b 50       		.byte	0x50
 1537 008c 48000000 		.4byte	.LVL9
 1538 0090 4A000000 		.4byte	.LVL10
 1539 0094 0100     		.2byte	0x1
ARM GAS  /var/folders/vt/qg0v_q5n5k99pnp_yg24c7s80000gn/T//cczCLhgq.s 			page 28


 1540 0096 50       		.byte	0x50
 1541 0097 54000000 		.4byte	.LVL11
 1542 009b 56000000 		.4byte	.LVL12
 1543 009f 0100     		.2byte	0x1
 1544 00a1 50       		.byte	0x50
 1545 00a2 60000000 		.4byte	.LVL13
 1546 00a6 62000000 		.4byte	.LVL14
 1547 00aa 0100     		.2byte	0x1
 1548 00ac 50       		.byte	0x50
 1549 00ad 68000000 		.4byte	.LVL15
 1550 00b1 6A000000 		.4byte	.LVL16
 1551 00b5 0100     		.2byte	0x1
 1552 00b7 50       		.byte	0x50
 1553 00b8 70000000 		.4byte	.LVL17
 1554 00bc 72000000 		.4byte	.LVL18
 1555 00c0 0100     		.2byte	0x1
 1556 00c2 50       		.byte	0x50
 1557 00c3 7A000000 		.4byte	.LVL19
 1558 00c7 84000000 		.4byte	.LVL20
 1559 00cb 0100     		.2byte	0x1
 1560 00cd 50       		.byte	0x50
 1561 00ce 88000000 		.4byte	.LVL21
 1562 00d2 92000000 		.4byte	.LVL22
 1563 00d6 0100     		.2byte	0x1
 1564 00d8 50       		.byte	0x50
 1565 00d9 96000000 		.4byte	.LVL23
 1566 00dd 98000000 		.4byte	.LVL24
 1567 00e1 0100     		.2byte	0x1
 1568 00e3 50       		.byte	0x50
 1569 00e4 9E000000 		.4byte	.LVL25
 1570 00e8 A0000000 		.4byte	.LVL26
 1571 00ec 0100     		.2byte	0x1
 1572 00ee 50       		.byte	0x50
 1573 00ef A6000000 		.4byte	.LVL27
 1574 00f3 A8000000 		.4byte	.LVL28
 1575 00f7 0100     		.2byte	0x1
 1576 00f9 50       		.byte	0x50
 1577 00fa AE000000 		.4byte	.LVL29
 1578 00fe B0000000 		.4byte	.LVL30
 1579 0102 0100     		.2byte	0x1
 1580 0104 50       		.byte	0x50
 1581 0105 B6000000 		.4byte	.LVL31
 1582 0109 BA000000 		.4byte	.LVL32
 1583 010d 0100     		.2byte	0x1
 1584 010f 50       		.byte	0x50
 1585 0110 BE000000 		.4byte	.LVL33
 1586 0114 C0000000 		.4byte	.LVL34
 1587 0118 0100     		.2byte	0x1
 1588 011a 50       		.byte	0x50
 1589 011b C6000000 		.4byte	.LVL35
 1590 011f C8000000 		.4byte	.LVL36
 1591 0123 0100     		.2byte	0x1
 1592 0125 50       		.byte	0x50
 1593 0126 CE000000 		.4byte	.LVL37
 1594 012a D0000000 		.4byte	.LVL38
 1595 012e 0100     		.2byte	0x1
 1596 0130 50       		.byte	0x50
ARM GAS  /var/folders/vt/qg0v_q5n5k99pnp_yg24c7s80000gn/T//cczCLhgq.s 			page 29


 1597 0131 D6000000 		.4byte	.LVL39
 1598 0135 D8000000 		.4byte	.LVL40
 1599 0139 0100     		.2byte	0x1
 1600 013b 50       		.byte	0x50
 1601 013c DE000000 		.4byte	.LVL41
 1602 0140 E0000000 		.4byte	.LVL42
 1603 0144 0100     		.2byte	0x1
 1604 0146 50       		.byte	0x50
 1605 0147 E6000000 		.4byte	.LVL43
 1606 014b E8000000 		.4byte	.LVL44
 1607 014f 0100     		.2byte	0x1
 1608 0151 50       		.byte	0x50
 1609 0152 EE000000 		.4byte	.LVL45
 1610 0156 F0000000 		.4byte	.LVL46
 1611 015a 0100     		.2byte	0x1
 1612 015c 50       		.byte	0x50
 1613 015d F6000000 		.4byte	.LVL47
 1614 0161 F8000000 		.4byte	.LVL48
 1615 0165 0100     		.2byte	0x1
 1616 0167 50       		.byte	0x50
 1617 0168 00010000 		.4byte	.LVL49
 1618 016c 02010000 		.4byte	.LVL50
 1619 0170 0100     		.2byte	0x1
 1620 0172 50       		.byte	0x50
 1621 0173 0E010000 		.4byte	.LVL51
 1622 0177 10010000 		.4byte	.LVL52
 1623 017b 0100     		.2byte	0x1
 1624 017d 50       		.byte	0x50
 1625 017e 1A010000 		.4byte	.LVL53
 1626 0182 1C010000 		.4byte	.LVL54
 1627 0186 0100     		.2byte	0x1
 1628 0188 50       		.byte	0x50
 1629 0189 22010000 		.4byte	.LVL55
 1630 018d 24010000 		.4byte	.LVL56
 1631 0191 0100     		.2byte	0x1
 1632 0193 50       		.byte	0x50
 1633 0194 26010000 		.4byte	.LVL57
 1634 0198 28010000 		.4byte	.LVL58
 1635 019c 0100     		.2byte	0x1
 1636 019e 50       		.byte	0x50
 1637 019f 00000000 		.4byte	0
 1638 01a3 00000000 		.4byte	0
 1639              	.LLST5:
 1640 01a7 00000000 		.4byte	.LVL59
 1641 01ab 10000000 		.4byte	.LVL60
 1642 01af 0100     		.2byte	0x1
 1643 01b1 50       		.byte	0x50
 1644 01b2 10000000 		.4byte	.LVL60
 1645 01b6 26000000 		.4byte	.LFE66
 1646 01ba 0400     		.2byte	0x4
 1647 01bc F3       		.byte	0xf3
 1648 01bd 01       		.uleb128 0x1
 1649 01be 50       		.byte	0x50
 1650 01bf 9F       		.byte	0x9f
 1651 01c0 00000000 		.4byte	0
 1652 01c4 00000000 		.4byte	0
 1653              	.LLST6:
ARM GAS  /var/folders/vt/qg0v_q5n5k99pnp_yg24c7s80000gn/T//cczCLhgq.s 			page 30


 1654 01c8 10000000 		.4byte	.LVL60
 1655 01cc 16000000 		.4byte	.LVL61
 1656 01d0 0600     		.2byte	0x6
 1657 01d2 08       		.byte	0x8
 1658 01d3 C8       		.byte	0xc8
 1659 01d4 74       		.byte	0x74
 1660 01d5 00       		.sleb128 0
 1661 01d6 1C       		.byte	0x1c
 1662 01d7 9F       		.byte	0x9f
 1663 01d8 16000000 		.4byte	.LVL61
 1664 01dc 18000000 		.4byte	.LVL62
 1665 01e0 0600     		.2byte	0x6
 1666 01e2 08       		.byte	0x8
 1667 01e3 C9       		.byte	0xc9
 1668 01e4 74       		.byte	0x74
 1669 01e5 00       		.sleb128 0
 1670 01e6 1C       		.byte	0x1c
 1671 01e7 9F       		.byte	0x9f
 1672 01e8 18000000 		.4byte	.LVL62
 1673 01ec 24000000 		.4byte	.LVL65
 1674 01f0 0600     		.2byte	0x6
 1675 01f2 08       		.byte	0x8
 1676 01f3 C8       		.byte	0xc8
 1677 01f4 74       		.byte	0x74
 1678 01f5 00       		.sleb128 0
 1679 01f6 1C       		.byte	0x1c
 1680 01f7 9F       		.byte	0x9f
 1681 01f8 00000000 		.4byte	0
 1682 01fc 00000000 		.4byte	0
 1683              		.section	.debug_aranges,"",%progbits
 1684 0000 34000000 		.4byte	0x34
 1685 0004 0200     		.2byte	0x2
 1686 0006 00000000 		.4byte	.Ldebug_info0
 1687 000a 04       		.byte	0x4
 1688 000b 00       		.byte	0
 1689 000c 0000     		.2byte	0
 1690 000e 0000     		.2byte	0
 1691 0010 00000000 		.4byte	.LFB63
 1692 0014 34000000 		.4byte	.LFE63-.LFB63
 1693 0018 00000000 		.4byte	.LFB64
 1694 001c 20000000 		.4byte	.LFE64-.LFB64
 1695 0020 00000000 		.4byte	.LFB65
 1696 0024 2A010000 		.4byte	.LFE65-.LFB65
 1697 0028 00000000 		.4byte	.LFB66
 1698 002c 26000000 		.4byte	.LFE66-.LFB66
 1699 0030 00000000 		.4byte	0
 1700 0034 00000000 		.4byte	0
 1701              		.section	.debug_ranges,"",%progbits
 1702              	.Ldebug_ranges0:
 1703 0000 00000000 		.4byte	.LFB63
 1704 0004 34000000 		.4byte	.LFE63
 1705 0008 00000000 		.4byte	.LFB64
 1706 000c 20000000 		.4byte	.LFE64
 1707 0010 00000000 		.4byte	.LFB65
 1708 0014 2A010000 		.4byte	.LFE65
 1709 0018 00000000 		.4byte	.LFB66
 1710 001c 26000000 		.4byte	.LFE66
ARM GAS  /var/folders/vt/qg0v_q5n5k99pnp_yg24c7s80000gn/T//cczCLhgq.s 			page 31


 1711 0020 00000000 		.4byte	0
 1712 0024 00000000 		.4byte	0
 1713              		.section	.debug_line,"",%progbits
 1714              	.Ldebug_line0:
 1715 0000 07020000 		.section	.debug_str,"MS",%progbits,1
 1715      02006401 
 1715      00000201 
 1715      FB0E0D00 
 1715      01010101 
 1716              	.LASF74:
 1717 0000 42746E38 		.ascii	"Btn8DXmtr2\000"
 1717      44586D74 
 1717      723200
 1718              	.LASF114:
 1719 000b 474E5520 		.ascii	"GNU C11 5.2.1 20151202 (release) [ARM/embedded-5-br"
 1719      43313120 
 1719      352E322E 
 1719      31203230 
 1719      31353132 
 1720 003e 616E6368 		.ascii	"anch revision 231848] -mcpu=cortex-m3 -mno-thumb-in"
 1720      20726576 
 1720      6973696F 
 1720      6E203233 
 1720      31383438 
 1721 0071 74657277 		.ascii	"terwork -mthumb -ggdb -O2 -fomit-frame-pointer -fal"
 1721      6F726B20 
 1721      2D6D7468 
 1721      756D6220 
 1721      2D676764 
 1722 00a4 69676E2D 		.ascii	"ign-functions=16 -ffunction-sections -fdata-section"
 1722      66756E63 
 1722      74696F6E 
 1722      733D3136 
 1722      202D6666 
 1723 00d7 73202D66 		.ascii	"s -fno-common\000"
 1723      6E6F2D63 
 1723      6F6D6D6F 
 1723      6E00
 1724              	.LASF61:
 1725 00e5 42746E36 		.ascii	"Btn6U\000"
 1725      5500
 1726              	.LASF100:
 1727 00eb 6B466C61 		.ascii	"kFlagResetSlave\000"
 1727      67526573 
 1727      6574536C 
 1727      61766500 
 1728              	.LASF72:
 1729 00fb 43683358 		.ascii	"Ch3Xmtr2\000"
 1729      6D747232 
 1729      00
 1730              	.LASF34:
 1731 0104 6B566578 		.ascii	"kVexDigitalOutput\000"
 1731      44696769 
 1731      74616C4F 
 1731      75747075 
 1731      7400
 1732              	.LASF12:
ARM GAS  /var/folders/vt/qg0v_q5n5k99pnp_yg24c7s80000gn/T//cczCLhgq.s 			page 32


 1733 0116 6C6F6E67 		.ascii	"long long unsigned int\000"
 1733      206C6F6E 
 1733      6720756E 
 1733      7369676E 
 1733      65642069 
 1734              	.LASF32:
 1735 012d 6B566578 		.ascii	"kVexDigital_Num\000"
 1735      44696769 
 1735      74616C5F 
 1735      4E756D00 
 1736              	.LASF106:
 1737 013d 76657843 		.ascii	"vexControllerCompetitonState\000"
 1737      6F6E7472 
 1737      6F6C6C65 
 1737      72436F6D 
 1737      70657469 
 1738              	.LASF120:
 1739 015a 49544D5F 		.ascii	"ITM_RxBuffer\000"
 1739      52784275 
 1739      66666572 
 1739      00
 1740              	.LASF85:
 1741 0167 42746E36 		.ascii	"Btn6UXmtr2\000"
 1741      55586D74 
 1741      723200
 1742              	.LASF13:
 1743 0172 696E7431 		.ascii	"int16_t\000"
 1743      365F7400 
 1744              	.LASF1:
 1745 017a 6C6F6E67 		.ascii	"long long int\000"
 1745      206C6F6E 
 1745      6720696E 
 1745      7400
 1746              	.LASF3:
 1747 0188 7369676E 		.ascii	"signed char\000"
 1747      65642063 
 1747      68617200 
 1748              	.LASF101:
 1749 0194 6B466C61 		.ascii	"kFlagGameController\000"
 1749      6747616D 
 1749      65436F6E 
 1749      74726F6C 
 1749      6C657200 
 1750              	.LASF73:
 1751 01a8 43683458 		.ascii	"Ch4Xmtr2\000"
 1751      6D747232 
 1751      00
 1752              	.LASF112:
 1753 01b1 76657853 		.ascii	"vexSpiGetJoystickDataPtr\000"
 1753      70694765 
 1753      744A6F79 
 1753      73746963 
 1753      6B446174 
 1754              	.LASF105:
 1755 01ca 76657843 		.ascii	"vexControllerCompetitionStateSet\000"
 1755      6F6E7472 
 1755      6F6C6C65 
ARM GAS  /var/folders/vt/qg0v_q5n5k99pnp_yg24c7s80000gn/T//cczCLhgq.s 			page 33


 1755      72436F6D 
 1755      70657469 
 1756              	.LASF10:
 1757 01eb 6C6F6E67 		.ascii	"long int\000"
 1757      20696E74 
 1757      00
 1758              	.LASF77:
 1759 01f4 42746E38 		.ascii	"Btn8RXmtr2\000"
 1759      52586D74 
 1759      723200
 1760              	.LASF14:
 1761 01ff 75696E74 		.ascii	"uint16_t\000"
 1761      31365F74 
 1761      00
 1762              	.LASF49:
 1763 0208 6A736461 		.ascii	"jsdata\000"
 1763      746100
 1764              	.LASF69:
 1765 020f 42746E41 		.ascii	"BtnAny\000"
 1765      6E7900
 1766              	.LASF104:
 1767 0216 6D61736B 		.ascii	"mask\000"
 1767      00
 1768              	.LASF99:
 1769 021b 6B466C61 		.ascii	"kFlagCompetitionSwitch\000"
 1769      67436F6D 
 1769      70657469 
 1769      74696F6E 
 1769      53776974 
 1770              	.LASF0:
 1771 0232 756E7369 		.ascii	"unsigned int\000"
 1771      676E6564 
 1771      20696E74 
 1771      00
 1772              	.LASF83:
 1773 023f 42746E35 		.ascii	"Btn5UXmtr2\000"
 1773      55586D74 
 1773      723200
 1774              	.LASF111:
 1775 024a 76657853 		.ascii	"vexSpiGetControl\000"
 1775      70694765 
 1775      74436F6E 
 1775      74726F6C 
 1775      00
 1776              	.LASF11:
 1777 025b 6C6F6E67 		.ascii	"long unsigned int\000"
 1777      20756E73 
 1777      69676E65 
 1777      6420696E 
 1777      7400
 1778              	.LASF46:
 1779 026d 6163635F 		.ascii	"acc_x\000"
 1779      7800
 1780              	.LASF45:
 1781 0273 6163635F 		.ascii	"acc_y\000"
 1781      7900
 1782              	.LASF47:
ARM GAS  /var/folders/vt/qg0v_q5n5k99pnp_yg24c7s80000gn/T//cczCLhgq.s 			page 34


 1783 0279 6163635F 		.ascii	"acc_z\000"
 1783      7A00
 1784              	.LASF116:
 1785 027f 2F557365 		.ascii	"/Users/gherlein/herlein/src/vex/Convex-Examples/Squ"
 1785      72732F67 
 1785      6865726C 
 1785      65696E2F 
 1785      6865726C 
 1786 02b2 61726542 		.ascii	"areBot\000"
 1786      6F7400
 1787              	.LASF109:
 1788 02b9 74696D65 		.ascii	"timeout\000"
 1788      6F757400 
 1789              	.LASF79:
 1790 02c1 42746E37 		.ascii	"Btn7LXmtr2\000"
 1790      4C586D74 
 1790      723200
 1791              	.LASF80:
 1792 02cc 42746E37 		.ascii	"Btn7UXmtr2\000"
 1792      55586D74 
 1792      723200
 1793              	.LASF58:
 1794 02d7 42746E35 		.ascii	"Btn5D\000"
 1794      4400
 1795              	.LASF8:
 1796 02dd 73686F72 		.ascii	"short unsigned int\000"
 1796      7420756E 
 1796      7369676E 
 1796      65642069 
 1796      6E7400
 1797              	.LASF59:
 1798 02f0 42746E35 		.ascii	"Btn5U\000"
 1798      5500
 1799              	.LASF48:
 1800 02f6 62746E73 		.ascii	"btns\000"
 1800      00
 1801              	.LASF20:
 1802 02fb 6B566578 		.ascii	"kVexDigital_1\000"
 1802      44696769 
 1802      74616C5F 
 1802      3100
 1803              	.LASF21:
 1804 0309 6B566578 		.ascii	"kVexDigital_2\000"
 1804      44696769 
 1804      74616C5F 
 1804      3200
 1805              	.LASF22:
 1806 0317 6B566578 		.ascii	"kVexDigital_3\000"
 1806      44696769 
 1806      74616C5F 
 1806      3300
 1807              	.LASF23:
 1808 0325 6B566578 		.ascii	"kVexDigital_4\000"
 1808      44696769 
 1808      74616C5F 
 1808      3400
 1809              	.LASF24:
ARM GAS  /var/folders/vt/qg0v_q5n5k99pnp_yg24c7s80000gn/T//cczCLhgq.s 			page 35


 1810 0333 6B566578 		.ascii	"kVexDigital_5\000"
 1810      44696769 
 1810      74616C5F 
 1810      3500
 1811              	.LASF25:
 1812 0341 6B566578 		.ascii	"kVexDigital_6\000"
 1812      44696769 
 1812      74616C5F 
 1812      3600
 1813              	.LASF26:
 1814 034f 6B566578 		.ascii	"kVexDigital_7\000"
 1814      44696769 
 1814      74616C5F 
 1814      3700
 1815              	.LASF27:
 1816 035d 6B566578 		.ascii	"kVexDigital_8\000"
 1816      44696769 
 1816      74616C5F 
 1816      3800
 1817              	.LASF28:
 1818 036b 6B566578 		.ascii	"kVexDigital_9\000"
 1818      44696769 
 1818      74616C5F 
 1818      3900
 1819              	.LASF5:
 1820 0379 73686F72 		.ascii	"short int\000"
 1820      7420696E 
 1820      7400
 1821              	.LASF82:
 1822 0383 42746E35 		.ascii	"Btn5DXmtr2\000"
 1822      44586D74 
 1822      723200
 1823              	.LASF78:
 1824 038e 42746E37 		.ascii	"Btn7DXmtr2\000"
 1824      44586D74 
 1824      723200
 1825              	.LASF50:
 1826 0399 42746E38 		.ascii	"Btn8D\000"
 1826      4400
 1827              	.LASF17:
 1828 039f 73697A65 		.ascii	"sizetype\000"
 1828      74797065 
 1828      00
 1829              	.LASF60:
 1830 03a8 42746E36 		.ascii	"Btn6D\000"
 1830      4400
 1831              	.LASF70:
 1832 03ae 43683158 		.ascii	"Ch1Xmtr2\000"
 1832      6D747232 
 1832      00
 1833              	.LASF96:
 1834 03b7 6B466C61 		.ascii	"kFlagXmit1\000"
 1834      67586D69 
 1834      743100
 1835              	.LASF97:
 1836 03c2 6B466C61 		.ascii	"kFlagXmit2\000"
 1836      67586D69 
ARM GAS  /var/folders/vt/qg0v_q5n5k99pnp_yg24c7s80000gn/T//cczCLhgq.s 			page 36


 1836      743200
 1837              	.LASF107:
 1838 03cd 76657843 		.ascii	"vexControllerGet\000"
 1838      6F6E7472 
 1838      6F6C6C65 
 1838      72476574 
 1838      00
 1839              	.LASF19:
 1840 03de 6B566578 		.ascii	"kVexDigital_None\000"
 1840      44696769 
 1840      74616C5F 
 1840      4E6F6E65 
 1840      00
 1841              	.LASF35:
 1842 03ef 6B496D65 		.ascii	"kImeChannel_1\000"
 1842      4368616E 
 1842      6E656C5F 
 1842      3100
 1843              	.LASF117:
 1844 03fd 5F6A7364 		.ascii	"_jsdata\000"
 1844      61746100 
 1845              	.LASF54:
 1846 0405 42746E37 		.ascii	"Btn7D\000"
 1846      4400
 1847              	.LASF16:
 1848 040b 5F426F6F 		.ascii	"_Bool\000"
 1848      6C00
 1849              	.LASF15:
 1850 0411 696E7433 		.ascii	"int32_t\000"
 1850      325F7400 
 1851              	.LASF4:
 1852 0419 756E7369 		.ascii	"unsigned char\000"
 1852      676E6564 
 1852      20636861 
 1852      7200
 1853              	.LASF55:
 1854 0427 42746E37 		.ascii	"Btn7L\000"
 1854      4C00
 1855              	.LASF115:
 1856 042d 2E2E2F2E 		.ascii	"../../convex/convex/cortex/fw/vexctl.c\000"
 1856      2E2F636F 
 1856      6E766578 
 1856      2F636F6E 
 1856      7665782F 
 1857              	.LASF89:
 1858 0454 42746E35 		.ascii	"Btn5Xmtr2\000"
 1858      586D7472 
 1858      3200
 1859              	.LASF44:
 1860 045e 6B496D65 		.ascii	"kImeChannelNone\000"
 1860      4368616E 
 1860      6E656C4E 
 1860      6F6E6500 
 1861              	.LASF57:
 1862 046e 42746E37 		.ascii	"Btn7R\000"
 1862      5200
 1863              	.LASF56:
ARM GAS  /var/folders/vt/qg0v_q5n5k99pnp_yg24c7s80000gn/T//cczCLhgq.s 			page 37


 1864 0474 42746E37 		.ascii	"Btn7U\000"
 1864      5500
 1865              	.LASF76:
 1866 047a 42746E38 		.ascii	"Btn8UXmtr2\000"
 1866      55586D74 
 1866      723200
 1867              	.LASF43:
 1868 0485 6B496D65 		.ascii	"kImeTotal\000"
 1868      546F7461 
 1868      6C00
 1869              	.LASF86:
 1870 048f 4163636C 		.ascii	"AcclXXmtr2\000"
 1870      58586D74 
 1870      723200
 1871              	.LASF118:
 1872 049a 616E616C 		.ascii	"analog\000"
 1872      6F6700
 1873              	.LASF113:
 1874 04a1 76657853 		.ascii	"vexSleep\000"
 1874      6C656570 
 1874      00
 1875              	.LASF119:
 1876 04aa 76657843 		.ascii	"vexControllerReleaseWait\000"
 1876      6F6E7472 
 1876      6F6C6C65 
 1876      7252656C 
 1876      65617365 
 1877              	.LASF2:
 1878 04c3 6C6F6E67 		.ascii	"long double\000"
 1878      20646F75 
 1878      626C6500 
 1879              	.LASF18:
 1880 04cf 63686172 		.ascii	"char\000"
 1880      00
 1881              	.LASF36:
 1882 04d4 6B496D65 		.ascii	"kImeChannel_2\000"
 1882      4368616E 
 1882      6E656C5F 
 1882      3200
 1883              	.LASF37:
 1884 04e2 6B496D65 		.ascii	"kImeChannel_3\000"
 1884      4368616E 
 1884      6E656C5F 
 1884      3300
 1885              	.LASF38:
 1886 04f0 6B496D65 		.ascii	"kImeChannel_4\000"
 1886      4368616E 
 1886      6E656C5F 
 1886      3400
 1887              	.LASF39:
 1888 04fe 6B496D65 		.ascii	"kImeChannel_5\000"
 1888      4368616E 
 1888      6E656C5F 
 1888      3500
 1889              	.LASF40:
 1890 050c 6B496D65 		.ascii	"kImeChannel_6\000"
 1890      4368616E 
ARM GAS  /var/folders/vt/qg0v_q5n5k99pnp_yg24c7s80000gn/T//cczCLhgq.s 			page 38


 1890      6E656C5F 
 1890      3600
 1891              	.LASF41:
 1892 051a 6B496D65 		.ascii	"kImeChannel_7\000"
 1892      4368616E 
 1892      6E656C5F 
 1892      3700
 1893              	.LASF42:
 1894 0528 6B496D65 		.ascii	"kImeChannel_8\000"
 1894      4368616E 
 1894      6E656C5F 
 1894      3800
 1895              	.LASF7:
 1896 0536 5F5F7569 		.ascii	"__uint16_t\000"
 1896      6E743136 
 1896      5F7400
 1897              	.LASF29:
 1898 0541 6B566578 		.ascii	"kVexDigital_10\000"
 1898      44696769 
 1898      74616C5F 
 1898      313000
 1899              	.LASF30:
 1900 0550 6B566578 		.ascii	"kVexDigital_11\000"
 1900      44696769 
 1900      74616C5F 
 1900      313100
 1901              	.LASF31:
 1902 055f 6B566578 		.ascii	"kVexDigital_12\000"
 1902      44696769 
 1902      74616C5F 
 1902      313200
 1903              	.LASF90:
 1904 056e 42746E36 		.ascii	"Btn6Xmtr2\000"
 1904      586D7472 
 1904      3200
 1905              	.LASF51:
 1906 0578 42746E38 		.ascii	"Btn8L\000"
 1906      4C00
 1907              	.LASF9:
 1908 057e 5F5F696E 		.ascii	"__int32_t\000"
 1908      7433325F 
 1908      7400
 1909              	.LASF53:
 1910 0588 42746E38 		.ascii	"Btn8R\000"
 1910      5200
 1911              	.LASF52:
 1912 058e 42746E38 		.ascii	"Btn8U\000"
 1912      5500
 1913              	.LASF65:
 1914 0594 42746E35 		.ascii	"Btn5\000"
 1914      00
 1915              	.LASF66:
 1916 0599 42746E36 		.ascii	"Btn6\000"
 1916      00
 1917              	.LASF67:
 1918 059e 42746E37 		.ascii	"Btn7\000"
 1918      00
ARM GAS  /var/folders/vt/qg0v_q5n5k99pnp_yg24c7s80000gn/T//cczCLhgq.s 			page 39


 1919              	.LASF68:
 1920 05a3 42746E38 		.ascii	"Btn8\000"
 1920      00
 1921              	.LASF102:
 1922 05a8 6B466C61 		.ascii	"kFlagAutonomousMode\000"
 1922      67417574 
 1922      6F6E6F6D 
 1922      6F75734D 
 1922      6F646500 
 1923              	.LASF87:
 1924 05bc 4163636C 		.ascii	"AcclYXmtr2\000"
 1924      59586D74 
 1924      723200
 1925              	.LASF92:
 1926 05c7 42746E38 		.ascii	"Btn8mXtr2\000"
 1926      6D587472 
 1926      3200
 1927              	.LASF94:
 1928 05d1 7443746C 		.ascii	"tCtlIndex\000"
 1928      496E6465 
 1928      7800
 1929              	.LASF95:
 1930 05db 6B466C61 		.ascii	"kFlagNoXmiters\000"
 1930      674E6F58 
 1930      6D697465 
 1930      727300
 1931              	.LASF98:
 1932 05ea 6B466C61 		.ascii	"kFlagBit2\000"
 1932      67426974 
 1932      3200
 1933              	.LASF110:
 1934 05f4 7665784C 		.ascii	"vexLocalCompState\000"
 1934      6F63616C 
 1934      436F6D70 
 1934      53746174 
 1934      6500
 1935              	.LASF75:
 1936 0606 42746E38 		.ascii	"Btn8LXmtr2\000"
 1936      4C586D74 
 1936      723200
 1937              	.LASF62:
 1938 0611 4163636C 		.ascii	"AcclX\000"
 1938      5800
 1939              	.LASF63:
 1940 0617 4163636C 		.ascii	"AcclY\000"
 1940      5900
 1941              	.LASF64:
 1942 061d 4163636C 		.ascii	"AcclZ\000"
 1942      5A00
 1943              	.LASF93:
 1944 0623 42746E41 		.ascii	"BtnAnyXmtr2\000"
 1944      6E79586D 
 1944      74723200 
 1945              	.LASF91:
 1946 062f 42746E37 		.ascii	"Btn7Xmtr2\000"
 1946      586D7472 
 1946      3200
ARM GAS  /var/folders/vt/qg0v_q5n5k99pnp_yg24c7s80000gn/T//cczCLhgq.s 			page 40


 1947              	.LASF6:
 1948 0639 5F5F696E 		.ascii	"__int16_t\000"
 1948      7431365F 
 1948      7400
 1949              	.LASF108:
 1950 0643 696E6465 		.ascii	"index\000"
 1950      7800
 1951              	.LASF71:
 1952 0649 43683258 		.ascii	"Ch2Xmtr2\000"
 1952      6D747232 
 1952      00
 1953              	.LASF103:
 1954 0652 6B466C61 		.ascii	"kFlagDisabled\000"
 1954      67446973 
 1954      61626C65 
 1954      6400
 1955              	.LASF88:
 1956 0660 4163636C 		.ascii	"AcclZXmtr2\000"
 1956      5A586D74 
 1956      723200
 1957              	.LASF81:
 1958 066b 42746E37 		.ascii	"Btn7RXmtr2\000"
 1958      52586D74 
 1958      723200
 1959              	.LASF84:
 1960 0676 42746E36 		.ascii	"Btn6DXmtr2\000"
 1960      44586D74 
 1960      723200
 1961              	.LASF33:
 1962 0681 6B566578 		.ascii	"kVexDigitalInput\000"
 1962      44696769 
 1962      74616C49 
 1962      6E707574 
 1962      00
 1963              		.ident	"GCC: (GNU Tools for ARM Embedded Processors) 5.2.1 20151202 (release) [ARM/embedded-5-bran
ARM GAS  /var/folders/vt/qg0v_q5n5k99pnp_yg24c7s80000gn/T//cczCLhgq.s 			page 41


DEFINED SYMBOLS
                            *ABS*:0000000000000000 vexctl.c
/var/folders/vt/qg0v_q5n5k99pnp_yg24c7s80000gn/T//cczCLhgq.s:20     .text.vexControllerCompetitionStateSet:0000000000000000 $t
/var/folders/vt/qg0v_q5n5k99pnp_yg24c7s80000gn/T//cczCLhgq.s:26     .text.vexControllerCompetitionStateSet:0000000000000000 vexControllerCompetitionStateSet
/var/folders/vt/qg0v_q5n5k99pnp_yg24c7s80000gn/T//cczCLhgq.s:72     .text.vexControllerCompetitionStateSet:0000000000000030 $d
/var/folders/vt/qg0v_q5n5k99pnp_yg24c7s80000gn/T//cczCLhgq.s:77     .text.vexControllerCompetitonState:0000000000000000 $t
/var/folders/vt/qg0v_q5n5k99pnp_yg24c7s80000gn/T//cczCLhgq.s:83     .text.vexControllerCompetitonState:0000000000000000 vexControllerCompetitonState
/var/folders/vt/qg0v_q5n5k99pnp_yg24c7s80000gn/T//cczCLhgq.s:118    .text.vexControllerCompetitonState:000000000000001c $d
/var/folders/vt/qg0v_q5n5k99pnp_yg24c7s80000gn/T//cczCLhgq.s:123    .text.vexControllerGet:0000000000000000 $t
/var/folders/vt/qg0v_q5n5k99pnp_yg24c7s80000gn/T//cczCLhgq.s:129    .text.vexControllerGet:0000000000000000 vexControllerGet
/var/folders/vt/qg0v_q5n5k99pnp_yg24c7s80000gn/T//cczCLhgq.s:160    .text.vexControllerGet:000000000000001e $d
/var/folders/vt/qg0v_q5n5k99pnp_yg24c7s80000gn/T//cczCLhgq.s:184    .text.vexControllerGet:0000000000000036 $t
/var/folders/vt/qg0v_q5n5k99pnp_yg24c7s80000gn/T//cczCLhgq.s:405    .text.vexControllerReleaseWait:0000000000000000 $t
/var/folders/vt/qg0v_q5n5k99pnp_yg24c7s80000gn/T//cczCLhgq.s:411    .text.vexControllerReleaseWait:0000000000000000 vexControllerReleaseWait
/var/folders/vt/qg0v_q5n5k99pnp_yg24c7s80000gn/T//cczCLhgq.s:456    .bss.vexLocalCompState:0000000000000000 $d
/var/folders/vt/qg0v_q5n5k99pnp_yg24c7s80000gn/T//cczCLhgq.s:460    .bss.vexLocalCompState:0000000000000000 vexLocalCompState
                     .debug_frame:0000000000000010 $d

UNDEFINED SYMBOLS
vexSpiGetControl
vexSpiGetJoystickDataPtr
vexSleep
