ARM GAS  /var/folders/vt/qg0v_q5n5k99pnp_yg24c7s80000gn/T//cco09Ef4.s 			page 1


   1              		.syntax unified
   2              		.cpu cortex-m3
   3              		.fpu softvfp
   4              		.eabi_attribute 20, 1
   5              		.eabi_attribute 21, 1
   6              		.eabi_attribute 23, 3
   7              		.eabi_attribute 24, 1
   8              		.eabi_attribute 25, 1
   9              		.eabi_attribute 26, 1
  10              		.eabi_attribute 30, 2
  11              		.eabi_attribute 34, 1
  12              		.eabi_attribute 18, 4
  13              		.thumb
  14              		.syntax unified
  15              		.file	"vexflash.c"
  16              		.text
  17              	.Ltext0:
  18              		.cfi_sections	.debug_frame
  19              		.section	.text.vexFlashUserParamRead,"ax",%progbits
  20              		.align	2
  21              		.p2align 4,,15
  22              		.global	vexFlashUserParamRead
  23              		.thumb
  24              		.thumb_func
  25              		.type	vexFlashUserParamRead, %function
  26              	vexFlashUserParamRead:
  27              	.LFB64:
  28              		.file 1 "../../convex/convex/cortex/opt/vexflash.c"
  29              		.loc 1 106 0
  30              		.cfi_startproc
  31              		@ args = 0, pretend = 0, frame = 0
  32              		@ frame_needed = 0, uses_anonymous_args = 0
  33              		@ link register save eliminated.
  34              	.LVL0:
  35 0000 10B4     		push	{r4}
  36              		.cfi_def_cfa_offset 4
  37              		.cfi_offset 4, -4
  38              	.LBB6:
  39              	.LBB7:
  40              		.loc 1 79 0
  41 0002 4FF6FF72 		movw	r2, #65535
  42              		.loc 1 84 0
  43 0006 184B     		ldr	r3, .L18
  44              		.loc 1 87 0
  45 0008 184C     		ldr	r4, .L18+4
  46 000a 02E0     		b	.L3
  47              	.LVL1:
  48              	.L16:
  49 000c A342     		cmp	r3, r4
  50 000e 82B2     		uxth	r2, r0
  51              	.LVL2:
  52 0010 26D0     		beq	.L15
  53              	.LVL3:
  54              	.L3:
  55              		.loc 1 89 0
  56 0012 53F8041B 		ldr	r1, [r3], #4
  57              	.LVL4:
ARM GAS  /var/folders/vt/qg0v_q5n5k99pnp_yg24c7s80000gn/T//cco09Ef4.s 			page 2


  58 0016 501C     		adds	r0, r2, #1
  59 0018 0131     		adds	r1, r1, #1
  60 001a F7D1     		bne	.L16
  61              	.LVL5:
  62              	.LBE7:
  63              	.LBE6:
  64              		.loc 1 111 0
  65 001c 12B2     		sxth	r2, r2
  66 001e 1448     		ldr	r0, .L18+8
  67              		.loc 1 113 0
  68 0020 531C     		adds	r3, r2, #1
  69              		.loc 1 111 0
  70 0022 0262     		str	r2, [r0, #32]
  71              		.loc 1 113 0
  72 0024 0FD0     		beq	.L17
  73              	.L5:
  74              		.loc 1 125 0
  75 0026 134B     		ldr	r3, .L18+12
  76 0028 1349     		ldr	r1, .L18+16
  77 002a 1344     		add	r3, r3, r2
  78 002c 5B01     		lsls	r3, r3, #5
  79              	.LVL6:
  80              		.loc 1 128 0
  81 002e 4362     		str	r3, [r0, #36]
  82              	.LVL7:
  83 0030 03F12000 		add	r0, r3, #32
  84              	.LVL8:
  85              	.L7:
  86              		.loc 1 132 0 discriminator 3
  87 0034 53F8042B 		ldr	r2, [r3], #4
  88              	.LVL9:
  89              		.loc 1 131 0 discriminator 3
  90 0038 9842     		cmp	r0, r3
  91              		.loc 1 132 0 discriminator 3
  92 003a 41F8042F 		str	r2, [r1, #4]!
  93              	.LVL10:
  94              		.loc 1 131 0 discriminator 3
  95 003e F9D1     		bne	.L7
  96              		.loc 1 136 0
  97 0040 0B48     		ldr	r0, .L18+8
  98 0042 10BC     		pop	{r4}
  99              		.cfi_remember_state
 100              		.cfi_restore 4
 101              		.cfi_def_cfa_offset 0
 102 0044 7047     		bx	lr
 103              	.LVL11:
 104              	.L17:
 105              		.cfi_restore_state
 106              		.loc 1 120 0 discriminator 1
 107 0046 0023     		movs	r3, #0
 108              		.loc 1 117 0 discriminator 1
 109 0048 0260     		str	r2, [r0]
 110              	.LVL12:
 111 004a 4260     		str	r2, [r0, #4]
 112              	.LVL13:
 113 004c 8260     		str	r2, [r0, #8]
 114              	.LVL14:
ARM GAS  /var/folders/vt/qg0v_q5n5k99pnp_yg24c7s80000gn/T//cco09Ef4.s 			page 3


 115 004e C260     		str	r2, [r0, #12]
 116              	.LVL15:
 117 0050 0261     		str	r2, [r0, #16]
 118              	.LVL16:
 119 0052 4261     		str	r2, [r0, #20]
 120              	.LVL17:
 121 0054 8261     		str	r2, [r0, #24]
 122              	.LVL18:
 123 0056 C261     		str	r2, [r0, #28]
 124              	.LVL19:
 125              		.loc 1 120 0 discriminator 1
 126 0058 4362     		str	r3, [r0, #36]
 127              		.loc 1 136 0 discriminator 1
 128 005a 10BC     		pop	{r4}
 129              		.cfi_remember_state
 130              		.cfi_restore 4
 131              		.cfi_def_cfa_offset 0
 132 005c 0448     		ldr	r0, .L18+8
 133 005e 7047     		bx	lr
 134              	.LVL20:
 135              	.L15:
 136              		.cfi_restore_state
 137              		.loc 1 111 0
 138 0060 0348     		ldr	r0, .L18+8
 139 0062 12B2     		sxth	r2, r2
 140 0064 0262     		str	r2, [r0, #32]
 141 0066 DEE7     		b	.L5
 142              	.L19:
 143              		.align	2
 144              	.L18:
 145 0068 00F00508 		.word	134606848
 146 006c 00F10508 		.word	134607104
 147 0070 00000000 		.word	.LANCHOR0
 148 0074 882F4000 		.word	4206472
 149 0078 FCFFFFFF 		.word	.LANCHOR0-4
 150              		.cfi_endproc
 151              	.LFE64:
 152              		.size	vexFlashUserParamRead, .-vexFlashUserParamRead
 153              		.section	.text.vexFlashUserParamWrite,"ax",%progbits
 154              		.align	2
 155              		.p2align 4,,15
 156              		.global	vexFlashUserParamWrite
 157              		.thumb
 158              		.thumb_func
 159              		.type	vexFlashUserParamWrite, %function
 160              	vexFlashUserParamWrite:
 161              	.LFB65:
 162              		.loc 1 146 0
 163              		.cfi_startproc
 164              		@ args = 0, pretend = 0, frame = 8
 165              		@ frame_needed = 0, uses_anonymous_args = 0
 166              	.LVL21:
 167 0000 F0B5     		push	{r4, r5, r6, r7, lr}
 168              		.cfi_def_cfa_offset 20
 169              		.cfi_offset 4, -20
 170              		.cfi_offset 5, -16
 171              		.cfi_offset 6, -12
ARM GAS  /var/folders/vt/qg0v_q5n5k99pnp_yg24c7s80000gn/T//cco09Ef4.s 			page 4


 172              		.cfi_offset 7, -8
 173              		.cfi_offset 14, -4
 174              		.loc 1 155 0
 175 0002 0423     		movs	r3, #4
 176              		.loc 1 146 0
 177 0004 83B0     		sub	sp, sp, #12
 178              		.cfi_def_cfa_offset 32
 179              		.loc 1 155 0
 180 0006 8DF80730 		strb	r3, [sp, #7]
 181              		.loc 1 159 0
 182 000a 0028     		cmp	r0, #0
 183 000c 62D0     		beq	.L28
 184              		.loc 1 163 0
 185 000e 334A     		ldr	r2, .L40
 186 0010 1388     		ldrh	r3, [r2]
 187 0012 19B2     		sxth	r1, r3
 188 0014 1F29     		cmp	r1, #31
 189 0016 57DC     		bgt	.L29
 190              		.loc 1 167 0
 191 0018 0133     		adds	r3, r3, #1
 192 001a 1380     		strh	r3, [r2]	@ movhi
 193 001c 0646     		mov	r6, r0
 194              		.loc 1 170 0
 195 001e FFF7FEFF 		bl	FLASH_UnlockBank1
 196              	.LVL22:
 197              		.loc 1 173 0
 198 0022 3420     		movs	r0, #52
 199 0024 FFF7FEFF 		bl	FLASH_ClearFlag
 200              	.LVL23:
 201              	.LBB8:
 202              	.LBB9:
 203              		.loc 1 87 0
 204 0028 2D4D     		ldr	r5, .L40+4
 205              		.loc 1 79 0
 206 002a 4FF6FF72 		movw	r2, #65535
 207              		.loc 1 84 0
 208 002e 2D4B     		ldr	r3, .L40+8
 209 0030 02E0     		b	.L23
 210              	.LVL24:
 211              	.L39:
 212              		.loc 1 87 0
 213 0032 AB42     		cmp	r3, r5
 214 0034 A2B2     		uxth	r2, r4
 215              	.LVL25:
 216 0036 04D0     		beq	.L22
 217              	.LVL26:
 218              	.L23:
 219              		.loc 1 89 0
 220 0038 53F8041B 		ldr	r1, [r3], #4
 221              	.LVL27:
 222 003c 541C     		adds	r4, r2, #1
 223 003e 0131     		adds	r1, r1, #1
 224 0040 F7D1     		bne	.L39
 225              	.LVL28:
 226              	.L22:
 227              	.LBE9:
 228              	.LBE8:
ARM GAS  /var/folders/vt/qg0v_q5n5k99pnp_yg24c7s80000gn/T//cco09Ef4.s 			page 5


 229              		.loc 1 179 0
 230 0042 12B2     		sxth	r2, r2
 231 0044 531C     		adds	r3, r2, #1
 232              		.loc 1 182 0
 233 0046 372B     		cmp	r3, #55
 234              		.loc 1 179 0
 235 0048 3362     		str	r3, [r6, #32]
 236              		.loc 1 182 0
 237 004a 2CDC     		bgt	.L24
 238 004c 264D     		ldr	r5, .L40+12
 239 004e 1544     		add	r5, r5, r2
 240 0050 6D01     		lsls	r5, r5, #5
 241 0052 2B46     		mov	r3, r5
 242              	.L25:
 243              	.LVL29:
 244              		.loc 1 202 0
 245 0054 3446     		mov	r4, r6
 246              		.loc 1 199 0
 247 0056 7362     		str	r3, [r6, #36]
 248              	.LVL30:
 249 0058 AD1B     		subs	r5, r5, r6
 250 005a 06F12007 		add	r7, r6, #32
 251              	.LVL31:
 252              	.L27:
 253 005e 6019     		adds	r0, r4, r5
 254              	.LVL32:
 255              		.loc 1 205 0
 256 0060 54F8041B 		ldr	r1, [r4], #4
 257              	.LVL33:
 258 0064 FFF7FEFF 		bl	FLASH_ProgramWord
 259              	.LVL34:
 260 0068 8DF80700 		strb	r0, [sp, #7]
 261              		.loc 1 211 0
 262 006c 9DF80730 		ldrb	r3, [sp, #7]	@ zero_extendqisi2
 263 0070 042B     		cmp	r3, #4
 264 0072 26D1     		bne	.L31
 265              		.loc 1 202 0 discriminator 2
 266 0074 BC42     		cmp	r4, r7
 267 0076 F2D1     		bne	.L27
 268              		.loc 1 150 0
 269 0078 0124     		movs	r4, #1
 270              	.LVL35:
 271              	.L26:
 272              		.loc 1 220 0
 273 007a 306A     		ldr	r0, [r6, #32]
 274 007c 0021     		movs	r1, #0
 275 007e 00F10070 		add	r0, r0, #33554432
 276 0082 00F5BE30 		add	r0, r0, #97280
 277 0086 8000     		lsls	r0, r0, #2
 278 0088 FFF7FEFF 		bl	FLASH_ProgramWord
 279              	.LVL36:
 280              		.loc 1 223 0
 281 008c 4FF6FF73 		movw	r3, #65535
 282              		.loc 1 220 0
 283 0090 8DF80700 		strb	r0, [sp, #7]
 284              		.loc 1 223 0
 285 0094 9DF80700 		ldrb	r0, [sp, #7]	@ zero_extendqisi2
ARM GAS  /var/folders/vt/qg0v_q5n5k99pnp_yg24c7s80000gn/T//cco09Ef4.s 			page 6


 286 0098 0428     		cmp	r0, #4
 287 009a 0CBF     		ite	eq
 288 009c 2046     		moveq	r0, r4
 289 009e 1846     		movne	r0, r3
 290              	.LVL37:
 291              	.L21:
 292              		.loc 1 227 0
 293 00a0 00B2     		sxth	r0, r0
 294 00a2 03B0     		add	sp, sp, #12
 295              		.cfi_remember_state
 296              		.cfi_def_cfa_offset 20
 297              		@ sp needed
 298 00a4 F0BD     		pop	{r4, r5, r6, r7, pc}
 299              	.LVL38:
 300              	.L24:
 301              		.cfi_restore_state
 302              		.loc 1 185 0
 303 00a6 0F48     		ldr	r0, .L40+8
 304 00a8 FFF7FEFF 		bl	FLASH_ErasePage
 305              	.LVL39:
 306 00ac 8DF80700 		strb	r0, [sp, #7]
 307              		.loc 1 188 0
 308 00b0 9DF80730 		ldrb	r3, [sp, #7]	@ zero_extendqisi2
 309 00b4 042B     		cmp	r3, #4
 310 00b6 0AD1     		bne	.L30
 311              		.loc 1 192 0
 312 00b8 094B     		ldr	r3, .L40+4
 313 00ba 0022     		movs	r2, #0
 314 00bc 1D46     		mov	r5, r3
 315 00be 3262     		str	r2, [r6, #32]
 316 00c0 C8E7     		b	.L25
 317              	.LVL40:
 318              	.L31:
 319              		.loc 1 213 0
 320 00c2 4FF6FF74 		movw	r4, #65535
 321              	.LVL41:
 322 00c6 D8E7     		b	.L26
 323              	.LVL42:
 324              	.L29:
 325              		.loc 1 164 0
 326 00c8 4FF6FE70 		movw	r0, #65534
 327              	.LVL43:
 328 00cc E8E7     		b	.L21
 329              	.LVL44:
 330              	.L30:
 331              		.loc 1 189 0
 332 00ce 4FF6FD70 		movw	r0, #65533
 333 00d2 E5E7     		b	.L21
 334              	.LVL45:
 335              	.L28:
 336              		.loc 1 160 0
 337 00d4 4FF6FB70 		movw	r0, #65531
 338              	.LVL46:
 339 00d8 E2E7     		b	.L21
 340              	.L41:
 341 00da 00BF     		.align	2
 342              	.L40:
ARM GAS  /var/folders/vt/qg0v_q5n5k99pnp_yg24c7s80000gn/T//cco09Ef4.s 			page 7


 343 00dc 00000000 		.word	.LANCHOR1
 344 00e0 00F10508 		.word	134607104
 345 00e4 00F00508 		.word	134606848
 346 00e8 892F4000 		.word	4206473
 347              		.cfi_endproc
 348              	.LFE65:
 349              		.size	vexFlashUserParamWrite, .-vexFlashUserParamWrite
 350              		.section	.text.vexFlashUserParamInit,"ax",%progbits
 351              		.align	2
 352              		.p2align 4,,15
 353              		.global	vexFlashUserParamInit
 354              		.thumb
 355              		.thumb_func
 356              		.type	vexFlashUserParamInit, %function
 357              	vexFlashUserParamInit:
 358              	.LFB66:
 359              		.loc 1 236 0
 360              		.cfi_startproc
 361              		@ args = 0, pretend = 0, frame = 8
 362              		@ frame_needed = 0, uses_anonymous_args = 0
 363 0000 00B5     		push	{lr}
 364              		.cfi_def_cfa_offset 4
 365              		.cfi_offset 14, -4
 366              		.loc 1 240 0
 367 0002 104B     		ldr	r3, .L47
 368              		.loc 1 236 0
 369 0004 83B0     		sub	sp, sp, #12
 370              		.cfi_def_cfa_offset 16
 371              		.loc 1 240 0
 372 0006 B3F90020 		ldrsh	r2, [r3]
 373              		.loc 1 238 0
 374 000a 0421     		movs	r1, #4
 375 000c 8DF80710 		strb	r1, [sp, #7]
 376              		.loc 1 240 0
 377 0010 A2B9     		cbnz	r2, .L44
 378              		.loc 1 243 0
 379 0012 0122     		movs	r2, #1
 380 0014 1A80     		strh	r2, [r3]	@ movhi
 381              		.loc 1 246 0
 382 0016 FFF7FEFF 		bl	FLASH_UnlockBank1
 383              	.LVL47:
 384              		.loc 1 249 0
 385 001a 0B48     		ldr	r0, .L47+4
 386 001c FFF7FEFF 		bl	FLASH_ErasePage
 387              	.LVL48:
 388              		.loc 1 260 0
 389 0020 4FF6FD73 		movw	r3, #65533
 390              		.loc 1 249 0
 391 0024 8DF80700 		strb	r0, [sp, #7]
 392              		.loc 1 252 0
 393 0028 9DF80720 		ldrb	r2, [sp, #7]	@ zero_extendqisi2
 394 002c 042A     		cmp	r2, #4
 395              		.loc 1 260 0
 396 002e 14BF     		ite	ne
 397 0030 1846     		movne	r0, r3
 398 0032 0120     		moveq	r0, #1
 399              	.L43:
ARM GAS  /var/folders/vt/qg0v_q5n5k99pnp_yg24c7s80000gn/T//cco09Ef4.s 			page 8


 400              		.loc 1 261 0
 401 0034 00B2     		sxth	r0, r0
 402 0036 03B0     		add	sp, sp, #12
 403              		.cfi_remember_state
 404              		.cfi_def_cfa_offset 4
 405              		@ sp needed
 406 0038 5DF804FB 		ldr	pc, [sp], #4
 407              	.L44:
 408              		.cfi_restore_state
 409              		.loc 1 257 0
 410 003c 4FF6FC70 		movw	r0, #65532
 411 0040 F8E7     		b	.L43
 412              	.L48:
 413 0042 00BF     		.align	2
 414              	.L47:
 415 0044 00000000 		.word	.LANCHOR2
 416 0048 00F00508 		.word	134606848
 417              		.cfi_endproc
 418              	.LFE66:
 419              		.size	vexFlashUserParamInit, .-vexFlashUserParamInit
 420              		.section	.bss.erase_done.7546,"aw",%nobits
 421              		.align	1
 422              		.set	.LANCHOR2,. + 0
 423              		.type	erase_done.7546, %object
 424              		.size	erase_done.7546, 2
 425              	erase_done.7546:
 426 0000 0000     		.space	2
 427              		.section	.bss.params,"aw",%nobits
 428              		.align	2
 429              		.set	.LANCHOR0,. + 0
 430              		.type	params, %object
 431              		.size	params, 40
 432              	params:
 433 0000 00000000 		.space	40
 433      00000000 
 433      00000000 
 433      00000000 
 433      00000000 
 434              		.section	.bss.user_param_write_limit.7539,"aw",%nobits
 435              		.align	1
 436              		.set	.LANCHOR1,. + 0
 437              		.type	user_param_write_limit.7539, %object
 438              		.size	user_param_write_limit.7539, 2
 439              	user_param_write_limit.7539:
 440 0000 0000     		.space	2
 441              		.text
 442              	.Letext0:
 443              		.file 2 "/usr/local/gcc-arm-none-eabi-5_2-2015q4/arm-none-eabi/include/machine/_default_types.h"
 444              		.file 3 "/usr/local/gcc-arm-none-eabi-5_2-2015q4/arm-none-eabi/include/sys/_stdint.h"
 445              		.file 4 "../../convex/convex/cortex/fw/vexdigital.h"
 446              		.file 5 "../../convex/convex/cortex/fw/vexime.h"
 447              		.file 6 "../../convex/convex/cortex/opt/stm32f10x_flash.h"
 448              		.file 7 "../../convex/convex/cortex/opt/vexflash.h"
 449              		.file 8 "../../ChibiOS/os/ports/common/ARMCMx/CMSIS/include/core_cm3.h"
 450              		.section	.debug_info,"",%progbits
 451              	.Ldebug_info0:
 452 0000 90040000 		.4byte	0x490
ARM GAS  /var/folders/vt/qg0v_q5n5k99pnp_yg24c7s80000gn/T//cco09Ef4.s 			page 9


 453 0004 0400     		.2byte	0x4
 454 0006 00000000 		.4byte	.Ldebug_abbrev0
 455 000a 04       		.byte	0x4
 456 000b 01       		.uleb128 0x1
 457 000c 99020000 		.4byte	.LASF68
 458 0010 0C       		.byte	0xc
 459 0011 91040000 		.4byte	.LASF69
 460 0015 F0000000 		.4byte	.LASF70
 461 0019 00000000 		.4byte	.Ldebug_ranges0+0
 462 001d 00000000 		.4byte	0
 463 0021 00000000 		.4byte	.Ldebug_line0
 464 0025 02       		.uleb128 0x2
 465 0026 04       		.byte	0x4
 466 0027 05       		.byte	0x5
 467 0028 696E7400 		.ascii	"int\000"
 468 002c 03       		.uleb128 0x3
 469 002d 04       		.byte	0x4
 470 002e 07       		.byte	0x7
 471 002f C8040000 		.4byte	.LASF0
 472 0033 03       		.uleb128 0x3
 473 0034 08       		.byte	0x8
 474 0035 05       		.byte	0x5
 475 0036 CA010000 		.4byte	.LASF1
 476 003a 03       		.uleb128 0x3
 477 003b 08       		.byte	0x8
 478 003c 04       		.byte	0x4
 479 003d FE010000 		.4byte	.LASF2
 480 0041 03       		.uleb128 0x3
 481 0042 01       		.byte	0x1
 482 0043 06       		.byte	0x6
 483 0044 27020000 		.4byte	.LASF3
 484 0048 03       		.uleb128 0x3
 485 0049 01       		.byte	0x1
 486 004a 08       		.byte	0x8
 487 004b 19020000 		.4byte	.LASF4
 488 004f 04       		.uleb128 0x4
 489 0050 3A040000 		.4byte	.LASF6
 490 0054 02       		.byte	0x2
 491 0055 29       		.byte	0x29
 492 0056 5A000000 		.4byte	0x5a
 493 005a 03       		.uleb128 0x3
 494 005b 02       		.byte	0x2
 495 005c 05       		.byte	0x5
 496 005d A7000000 		.4byte	.LASF5
 497 0061 04       		.uleb128 0x4
 498 0062 2A010000 		.4byte	.LASF7
 499 0066 02       		.byte	0x2
 500 0067 2B       		.byte	0x2b
 501 0068 6C000000 		.4byte	0x6c
 502 006c 03       		.uleb128 0x3
 503 006d 02       		.byte	0x2
 504 006e 07       		.byte	0x7
 505 006f 0B040000 		.4byte	.LASF8
 506 0073 04       		.uleb128 0x4
 507 0074 30040000 		.4byte	.LASF9
 508 0078 02       		.byte	0x2
 509 0079 3F       		.byte	0x3f
ARM GAS  /var/folders/vt/qg0v_q5n5k99pnp_yg24c7s80000gn/T//cco09Ef4.s 			page 10


 510 007a 7E000000 		.4byte	0x7e
 511 007e 03       		.uleb128 0x3
 512 007f 04       		.byte	0x4
 513 0080 05       		.byte	0x5
 514 0081 D8010000 		.4byte	.LASF10
 515 0085 04       		.uleb128 0x4
 516 0086 E5000000 		.4byte	.LASF11
 517 008a 02       		.byte	0x2
 518 008b 41       		.byte	0x41
 519 008c 90000000 		.4byte	0x90
 520 0090 03       		.uleb128 0x3
 521 0091 04       		.byte	0x4
 522 0092 07       		.byte	0x7
 523 0093 1E040000 		.4byte	.LASF12
 524 0097 03       		.uleb128 0x3
 525 0098 08       		.byte	0x8
 526 0099 07       		.byte	0x7
 527 009a 33020000 		.4byte	.LASF13
 528 009e 04       		.uleb128 0x4
 529 009f 89040000 		.4byte	.LASF14
 530 00a3 03       		.byte	0x3
 531 00a4 19       		.byte	0x19
 532 00a5 4F000000 		.4byte	0x4f
 533 00a9 04       		.uleb128 0x4
 534 00aa 7F030000 		.4byte	.LASF15
 535 00ae 03       		.byte	0x3
 536 00af 1A       		.byte	0x1a
 537 00b0 61000000 		.4byte	0x61
 538 00b4 04       		.uleb128 0x4
 539 00b5 A4030000 		.4byte	.LASF16
 540 00b9 03       		.byte	0x3
 541 00ba 1F       		.byte	0x1f
 542 00bb 73000000 		.4byte	0x73
 543 00bf 04       		.uleb128 0x4
 544 00c0 4A020000 		.4byte	.LASF17
 545 00c4 03       		.byte	0x3
 546 00c5 20       		.byte	0x20
 547 00c6 85000000 		.4byte	0x85
 548 00ca 03       		.uleb128 0x3
 549 00cb 01       		.byte	0x1
 550 00cc 02       		.byte	0x2
 551 00cd 00040000 		.4byte	.LASF18
 552 00d1 05       		.uleb128 0x5
 553 00d2 04       		.byte	0x4
 554 00d3 03       		.uleb128 0x3
 555 00d4 04       		.byte	0x4
 556 00d5 07       		.byte	0x7
 557 00d6 BC000000 		.4byte	.LASF19
 558 00da 03       		.uleb128 0x3
 559 00db 01       		.byte	0x1
 560 00dc 08       		.byte	0x8
 561 00dd 7A030000 		.4byte	.LASF20
 562 00e1 06       		.uleb128 0x6
 563 00e2 B4000000 		.4byte	0xb4
 564 00e6 07       		.uleb128 0x7
 565 00e7 01       		.byte	0x1
 566 00e8 41000000 		.4byte	0x41
ARM GAS  /var/folders/vt/qg0v_q5n5k99pnp_yg24c7s80000gn/T//cco09Ef4.s 			page 11


 567 00ec 04       		.byte	0x4
 568 00ed 8D       		.byte	0x8d
 569 00ee 47010000 		.4byte	0x147
 570 00f2 08       		.uleb128 0x8
 571 00f3 00000000 		.4byte	.LASF21
 572 00f7 7F       		.sleb128 -1
 573 00f8 09       		.uleb128 0x9
 574 00f9 88030000 		.4byte	.LASF22
 575 00fd 00       		.byte	0
 576 00fe 09       		.uleb128 0x9
 577 00ff 96030000 		.4byte	.LASF23
 578 0103 01       		.byte	0x1
 579 0104 09       		.uleb128 0x9
 580 0105 63020000 		.4byte	.LASF24
 581 0109 02       		.byte	0x2
 582 010a 09       		.uleb128 0x9
 583 010b AC030000 		.4byte	.LASF25
 584 010f 03       		.byte	0x3
 585 0110 09       		.uleb128 0x9
 586 0111 BA030000 		.4byte	.LASF26
 587 0115 04       		.byte	0x4
 588 0116 09       		.uleb128 0x9
 589 0117 C8030000 		.4byte	.LASF27
 590 011b 05       		.byte	0x5
 591 011c 09       		.uleb128 0x9
 592 011d D6030000 		.4byte	.LASF28
 593 0121 06       		.byte	0x6
 594 0122 09       		.uleb128 0x9
 595 0123 E4030000 		.4byte	.LASF29
 596 0127 07       		.byte	0x7
 597 0128 09       		.uleb128 0x9
 598 0129 F2030000 		.4byte	.LASF30
 599 012d 08       		.byte	0x8
 600 012e 09       		.uleb128 0x9
 601 012f 70010000 		.4byte	.LASF31
 602 0133 09       		.byte	0x9
 603 0134 09       		.uleb128 0x9
 604 0135 7F010000 		.4byte	.LASF32
 605 0139 0A       		.byte	0xa
 606 013a 09       		.uleb128 0x9
 607 013b 8E010000 		.4byte	.LASF33
 608 013f 0B       		.byte	0xb
 609 0140 09       		.uleb128 0x9
 610 0141 67040000 		.4byte	.LASF34
 611 0145 0C       		.byte	0xc
 612 0146 00       		.byte	0
 613 0147 07       		.uleb128 0x7
 614 0148 01       		.byte	0x1
 615 0149 48000000 		.4byte	0x48
 616 014d 04       		.byte	0x4
 617 014e A2       		.byte	0xa2
 618 014f 60010000 		.4byte	0x160
 619 0153 09       		.uleb128 0x9
 620 0154 E6010000 		.4byte	.LASF35
 621 0158 00       		.byte	0
 622 0159 09       		.uleb128 0x9
 623 015a 45010000 		.4byte	.LASF36
ARM GAS  /var/folders/vt/qg0v_q5n5k99pnp_yg24c7s80000gn/T//cco09Ef4.s 			page 12


 624 015e 01       		.byte	0x1
 625 015f 00       		.byte	0
 626 0160 07       		.uleb128 0x7
 627 0161 01       		.byte	0x1
 628 0162 48000000 		.4byte	0x48
 629 0166 05       		.byte	0x5
 630 0167 46       		.byte	0x46
 631 0168 A9010000 		.4byte	0x1a9
 632 016c 09       		.uleb128 0x9
 633 016d 37000000 		.4byte	.LASF37
 634 0171 00       		.byte	0
 635 0172 09       		.uleb128 0x9
 636 0173 45000000 		.4byte	.LASF38
 637 0177 01       		.byte	0x1
 638 0178 09       		.uleb128 0x9
 639 0179 53000000 		.4byte	.LASF39
 640 017d 02       		.byte	0x2
 641 017e 09       		.uleb128 0x9
 642 017f 61000000 		.4byte	.LASF40
 643 0183 03       		.byte	0x3
 644 0184 09       		.uleb128 0x9
 645 0185 6F000000 		.4byte	.LASF41
 646 0189 04       		.byte	0x4
 647 018a 09       		.uleb128 0x9
 648 018b 7D000000 		.4byte	.LASF42
 649 018f 05       		.byte	0x5
 650 0190 09       		.uleb128 0x9
 651 0191 8B000000 		.4byte	.LASF43
 652 0195 06       		.byte	0x6
 653 0196 09       		.uleb128 0x9
 654 0197 99000000 		.4byte	.LASF44
 655 019b 07       		.byte	0x7
 656 019c 09       		.uleb128 0x9
 657 019d C5000000 		.4byte	.LASF45
 658 01a1 08       		.byte	0x8
 659 01a2 09       		.uleb128 0x9
 660 01a3 11000000 		.4byte	.LASF46
 661 01a7 63       		.byte	0x63
 662 01a8 00       		.byte	0
 663 01a9 0A       		.uleb128 0xa
 664 01aa 48000000 		.4byte	0x48
 665 01ae B9010000 		.4byte	0x1b9
 666 01b2 0B       		.uleb128 0xb
 667 01b3 D3000000 		.4byte	0xd3
 668 01b7 1F       		.byte	0x1f
 669 01b8 00       		.byte	0
 670 01b9 07       		.uleb128 0x7
 671 01ba 01       		.byte	0x1
 672 01bb 48000000 		.4byte	0x48
 673 01bf 06       		.byte	0x6
 674 01c0 33       		.byte	0x33
 675 01c1 E4010000 		.4byte	0x1e4
 676 01c5 09       		.uleb128 0x9
 677 01c6 80020000 		.4byte	.LASF47
 678 01ca 01       		.byte	0x1
 679 01cb 09       		.uleb128 0x9
 680 01cc 0A020000 		.4byte	.LASF48
ARM GAS  /var/folders/vt/qg0v_q5n5k99pnp_yg24c7s80000gn/T//cco09Ef4.s 			page 13


 681 01d0 02       		.byte	0x2
 682 01d1 09       		.uleb128 0x9
 683 01d2 35010000 		.4byte	.LASF49
 684 01d6 03       		.byte	0x3
 685 01d7 09       		.uleb128 0x9
 686 01d8 71020000 		.4byte	.LASF50
 687 01dc 04       		.byte	0x4
 688 01dd 09       		.uleb128 0x9
 689 01de 8B020000 		.4byte	.LASF51
 690 01e2 05       		.byte	0x5
 691 01e3 00       		.byte	0
 692 01e4 04       		.uleb128 0x4
 693 01e5 63010000 		.4byte	.LASF52
 694 01e9 06       		.byte	0x6
 695 01ea 39       		.byte	0x39
 696 01eb B9010000 		.4byte	0x1b9
 697 01ef 0C       		.uleb128 0xc
 698 01f0 57010000 		.4byte	.LASF71
 699 01f4 28       		.byte	0x28
 700 01f5 07       		.byte	0x7
 701 01f6 45       		.byte	0x45
 702 01f7 20020000 		.4byte	0x220
 703 01fb 0D       		.uleb128 0xd
 704 01fc 06040000 		.4byte	.LASF53
 705 0200 07       		.byte	0x7
 706 0201 47       		.byte	0x47
 707 0202 A9010000 		.4byte	0x1a9
 708 0206 00       		.byte	0
 709 0207 0D       		.uleb128 0xd
 710 0208 73030000 		.4byte	.LASF54
 711 020c 07       		.byte	0x7
 712 020d 4A       		.byte	0x4a
 713 020e 25000000 		.4byte	0x25
 714 0212 20       		.byte	0x20
 715 0213 0D       		.uleb128 0xd
 716 0214 E1010000 		.4byte	.LASF55
 717 0218 07       		.byte	0x7
 718 0219 4B       		.byte	0x4b
 719 021a D1000000 		.4byte	0xd1
 720 021e 24       		.byte	0x24
 721 021f 00       		.byte	0
 722 0220 04       		.uleb128 0x4
 723 0221 BF010000 		.4byte	.LASF56
 724 0225 07       		.byte	0x7
 725 0226 4C       		.byte	0x4c
 726 0227 EF010000 		.4byte	0x1ef
 727 022b 0E       		.uleb128 0xe
 728 022c EC040000 		.4byte	.LASF72
 729 0230 01       		.byte	0x1
 730 0231 4C       		.byte	0x4c
 731 0232 9E000000 		.4byte	0x9e
 732 0236 01       		.byte	0x1
 733 0237 59020000 		.4byte	0x259
 734 023b 0F       		.uleb128 0xf
 735 023c 7000     		.ascii	"p\000"
 736 023e 01       		.byte	0x1
 737 023f 4E       		.byte	0x4e
ARM GAS  /var/folders/vt/qg0v_q5n5k99pnp_yg24c7s80000gn/T//cco09Ef4.s 			page 14


 738 0240 59020000 		.4byte	0x259
 739 0244 10       		.uleb128 0x10
 740 0245 73030000 		.4byte	.LASF54
 741 0249 01       		.byte	0x1
 742 024a 4F       		.byte	0x4f
 743 024b 9E000000 		.4byte	0x9e
 744 024f 0F       		.uleb128 0xf
 745 0250 6900     		.ascii	"i\000"
 746 0252 01       		.byte	0x1
 747 0253 50       		.byte	0x50
 748 0254 9E000000 		.4byte	0x9e
 749 0258 00       		.byte	0
 750 0259 11       		.uleb128 0x11
 751 025a 04       		.byte	0x4
 752 025b BF000000 		.4byte	0xbf
 753 025f 12       		.uleb128 0x12
 754 0260 21000000 		.4byte	.LASF57
 755 0264 01       		.byte	0x1
 756 0265 69       		.byte	0x69
 757 0266 D5020000 		.4byte	0x2d5
 758 026a 00000000 		.4byte	.LFB64
 759 026e 7C000000 		.4byte	.LFE64-.LFB64
 760 0272 01       		.uleb128 0x1
 761 0273 9C       		.byte	0x9c
 762 0274 D5020000 		.4byte	0x2d5
 763 0278 13       		.uleb128 0x13
 764 0279 7000     		.ascii	"p\000"
 765 027b 01       		.byte	0x1
 766 027c 6B       		.byte	0x6b
 767 027d 59020000 		.4byte	0x259
 768 0281 00000000 		.4byte	.LLST0
 769 0285 13       		.uleb128 0x13
 770 0286 7100     		.ascii	"q\000"
 771 0288 01       		.byte	0x1
 772 0289 6C       		.byte	0x6c
 773 028a 59020000 		.4byte	0x259
 774 028e 4B000000 		.4byte	.LLST1
 775 0292 13       		.uleb128 0x13
 776 0293 6900     		.ascii	"i\000"
 777 0295 01       		.byte	0x1
 778 0296 6D       		.byte	0x6d
 779 0297 A9000000 		.4byte	0xa9
 780 029b 27010000 		.4byte	.LLST2
 781 029f 14       		.uleb128 0x14
 782 02a0 2B020000 		.4byte	0x22b
 783 02a4 02000000 		.4byte	.LBB6
 784 02a8 1A000000 		.4byte	.LBE6-.LBB6
 785 02ac 01       		.byte	0x1
 786 02ad 6F       		.byte	0x6f
 787 02ae 15       		.uleb128 0x15
 788 02af 02000000 		.4byte	.LBB7
 789 02b3 1A000000 		.4byte	.LBE7-.LBB7
 790 02b7 16       		.uleb128 0x16
 791 02b8 3B020000 		.4byte	0x23b
 792 02bc A7010000 		.4byte	.LLST3
 793 02c0 16       		.uleb128 0x16
 794 02c1 44020000 		.4byte	0x244
ARM GAS  /var/folders/vt/qg0v_q5n5k99pnp_yg24c7s80000gn/T//cco09Ef4.s 			page 15


 795 02c5 E4010000 		.4byte	.LLST4
 796 02c9 16       		.uleb128 0x16
 797 02ca 4F020000 		.4byte	0x24f
 798 02ce 04020000 		.4byte	.LLST5
 799 02d2 00       		.byte	0
 800 02d3 00       		.byte	0
 801 02d4 00       		.byte	0
 802 02d5 11       		.uleb128 0x11
 803 02d6 04       		.byte	0x4
 804 02d7 20020000 		.4byte	0x220
 805 02db 12       		.uleb128 0x12
 806 02dc D5040000 		.4byte	.LASF58
 807 02e0 01       		.byte	0x1
 808 02e1 91       		.byte	0x91
 809 02e2 9E000000 		.4byte	0x9e
 810 02e6 00000000 		.4byte	.LFB65
 811 02ea EC000000 		.4byte	.LFE65-.LFB65
 812 02ee 01       		.uleb128 0x1
 813 02ef 9C       		.byte	0x9c
 814 02f0 EC030000 		.4byte	0x3ec
 815 02f4 17       		.uleb128 0x17
 816 02f5 7500     		.ascii	"u\000"
 817 02f7 01       		.byte	0x1
 818 02f8 91       		.byte	0x91
 819 02f9 D5020000 		.4byte	0x2d5
 820 02fd 25020000 		.4byte	.LLST6
 821 0301 13       		.uleb128 0x13
 822 0302 7000     		.ascii	"p\000"
 823 0304 01       		.byte	0x1
 824 0305 93       		.byte	0x93
 825 0306 BF000000 		.4byte	0xbf
 826 030a 99020000 		.4byte	.LLST7
 827 030e 13       		.uleb128 0x13
 828 030f 7100     		.ascii	"q\000"
 829 0311 01       		.byte	0x1
 830 0312 94       		.byte	0x94
 831 0313 59020000 		.4byte	0x259
 832 0317 18030000 		.4byte	.LLST8
 833 031b 13       		.uleb128 0x13
 834 031c 6900     		.ascii	"i\000"
 835 031e 01       		.byte	0x1
 836 031f 95       		.byte	0x95
 837 0320 A9000000 		.4byte	0xa9
 838 0324 59030000 		.4byte	.LLST9
 839 0328 13       		.uleb128 0x13
 840 0329 72657400 		.ascii	"ret\000"
 841 032d 01       		.byte	0x1
 842 032e 96       		.byte	0x96
 843 032f 9E000000 		.4byte	0x9e
 844 0333 6D030000 		.4byte	.LLST10
 845 0337 18       		.uleb128 0x18
 846 0338 50040000 		.4byte	.LASF59
 847 033c 01       		.byte	0x1
 848 033d 99       		.byte	0x99
 849 033e 9E000000 		.4byte	0x9e
 850 0342 05       		.uleb128 0x5
 851 0343 03       		.byte	0x3
ARM GAS  /var/folders/vt/qg0v_q5n5k99pnp_yg24c7s80000gn/T//cco09Ef4.s 			page 16


 852 0344 00000000 		.4byte	user_param_write_limit.7539
 853 0348 18       		.uleb128 0x18
 854 0349 44040000 		.4byte	.LASF60
 855 034d 01       		.byte	0x1
 856 034e 9B       		.byte	0x9b
 857 034f EC030000 		.4byte	0x3ec
 858 0353 02       		.uleb128 0x2
 859 0354 91       		.byte	0x91
 860 0355 67       		.sleb128 -25
 861 0356 19       		.uleb128 0x19
 862 0357 2B020000 		.4byte	0x22b
 863 035b 28000000 		.4byte	.LBB8
 864 035f 1A000000 		.4byte	.LBE8-.LBB8
 865 0363 01       		.byte	0x1
 866 0364 B0       		.byte	0xb0
 867 0365 8F030000 		.4byte	0x38f
 868 0369 15       		.uleb128 0x15
 869 036a 28000000 		.4byte	.LBB9
 870 036e 1A000000 		.4byte	.LBE9-.LBB9
 871 0372 16       		.uleb128 0x16
 872 0373 3B020000 		.4byte	0x23b
 873 0377 98030000 		.4byte	.LLST11
 874 037b 16       		.uleb128 0x16
 875 037c 44020000 		.4byte	0x244
 876 0380 D5030000 		.4byte	.LLST12
 877 0384 16       		.uleb128 0x16
 878 0385 4F020000 		.4byte	0x24f
 879 0389 F5030000 		.4byte	.LLST13
 880 038d 00       		.byte	0
 881 038e 00       		.byte	0
 882 038f 1A       		.uleb128 0x1a
 883 0390 22000000 		.4byte	.LVL22
 884 0394 63040000 		.4byte	0x463
 885 0398 1B       		.uleb128 0x1b
 886 0399 28000000 		.4byte	.LVL23
 887 039d 6F040000 		.4byte	0x46f
 888 03a1 AC030000 		.4byte	0x3ac
 889 03a5 1C       		.uleb128 0x1c
 890 03a6 01       		.uleb128 0x1
 891 03a7 50       		.byte	0x50
 892 03a8 02       		.uleb128 0x2
 893 03a9 08       		.byte	0x8
 894 03aa 34       		.byte	0x34
 895 03ab 00       		.byte	0
 896 03ac 1B       		.uleb128 0x1b
 897 03ad 68000000 		.4byte	.LVL34
 898 03b1 7B040000 		.4byte	0x47b
 899 03b5 C5030000 		.4byte	0x3c5
 900 03b9 1C       		.uleb128 0x1c
 901 03ba 01       		.uleb128 0x1
 902 03bb 50       		.byte	0x50
 903 03bc 07       		.uleb128 0x7
 904 03bd 74       		.byte	0x74
 905 03be 00       		.sleb128 0
 906 03bf 75       		.byte	0x75
 907 03c0 00       		.sleb128 0
 908 03c1 22       		.byte	0x22
ARM GAS  /var/folders/vt/qg0v_q5n5k99pnp_yg24c7s80000gn/T//cco09Ef4.s 			page 17


 909 03c2 34       		.byte	0x34
 910 03c3 1C       		.byte	0x1c
 911 03c4 00       		.byte	0
 912 03c5 1B       		.uleb128 0x1b
 913 03c6 8C000000 		.4byte	.LVL36
 914 03ca 7B040000 		.4byte	0x47b
 915 03ce D8030000 		.4byte	0x3d8
 916 03d2 1C       		.uleb128 0x1c
 917 03d3 01       		.uleb128 0x1
 918 03d4 51       		.byte	0x51
 919 03d5 01       		.uleb128 0x1
 920 03d6 30       		.byte	0x30
 921 03d7 00       		.byte	0
 922 03d8 1D       		.uleb128 0x1d
 923 03d9 AC000000 		.4byte	.LVL39
 924 03dd 87040000 		.4byte	0x487
 925 03e1 1C       		.uleb128 0x1c
 926 03e2 01       		.uleb128 0x1
 927 03e3 50       		.byte	0x50
 928 03e4 05       		.uleb128 0x5
 929 03e5 0C       		.byte	0xc
 930 03e6 00F00508 		.4byte	0x805f000
 931 03ea 00       		.byte	0
 932 03eb 00       		.byte	0
 933 03ec 06       		.uleb128 0x6
 934 03ed E4010000 		.4byte	0x1e4
 935 03f1 12       		.uleb128 0x12
 936 03f2 CF000000 		.4byte	.LASF61
 937 03f6 01       		.byte	0x1
 938 03f7 EB       		.byte	0xeb
 939 03f8 9E000000 		.4byte	0x9e
 940 03fc 00000000 		.4byte	.LFB66
 941 0400 4C000000 		.4byte	.LFE66-.LFB66
 942 0404 01       		.uleb128 0x1
 943 0405 9C       		.byte	0x9c
 944 0406 46040000 		.4byte	0x446
 945 040a 18       		.uleb128 0x18
 946 040b B1000000 		.4byte	.LASF62
 947 040f 01       		.byte	0x1
 948 0410 ED       		.byte	0xed
 949 0411 9E000000 		.4byte	0x9e
 950 0415 05       		.uleb128 0x5
 951 0416 03       		.byte	0x3
 952 0417 00000000 		.4byte	erase_done.7546
 953 041b 18       		.uleb128 0x18
 954 041c 44040000 		.4byte	.LASF60
 955 0420 01       		.byte	0x1
 956 0421 EE       		.byte	0xee
 957 0422 EC030000 		.4byte	0x3ec
 958 0426 02       		.uleb128 0x2
 959 0427 91       		.byte	0x91
 960 0428 77       		.sleb128 -9
 961 0429 1A       		.uleb128 0x1a
 962 042a 1A000000 		.4byte	.LVL47
 963 042e 63040000 		.4byte	0x463
 964 0432 1D       		.uleb128 0x1d
 965 0433 20000000 		.4byte	.LVL48
ARM GAS  /var/folders/vt/qg0v_q5n5k99pnp_yg24c7s80000gn/T//cco09Ef4.s 			page 18


 966 0437 87040000 		.4byte	0x487
 967 043b 1C       		.uleb128 0x1c
 968 043c 01       		.uleb128 0x1
 969 043d 50       		.byte	0x50
 970 043e 05       		.uleb128 0x5
 971 043f 0C       		.byte	0xc
 972 0440 00F00508 		.4byte	0x805f000
 973 0444 00       		.byte	0
 974 0445 00       		.byte	0
 975 0446 18       		.uleb128 0x18
 976 0447 F7010000 		.4byte	.LASF63
 977 044b 01       		.byte	0x1
 978 044c 44       		.byte	0x44
 979 044d 20020000 		.4byte	0x220
 980 0451 05       		.uleb128 0x5
 981 0452 03       		.byte	0x3
 982 0453 00000000 		.4byte	params
 983 0457 1E       		.uleb128 0x1e
 984 0458 BB040000 		.4byte	.LASF73
 985 045c 08       		.byte	0x8
 986 045d 0706     		.2byte	0x607
 987 045f E1000000 		.4byte	0xe1
 988 0463 1F       		.uleb128 0x1f
 989 0464 AD010000 		.4byte	.LASF64
 990 0468 AD010000 		.4byte	.LASF64
 991 046c 06       		.byte	0x6
 992 046d 8901     		.2byte	0x189
 993 046f 1F       		.uleb128 0x1f
 994 0470 53020000 		.4byte	.LASF65
 995 0474 53020000 		.4byte	.LASF65
 996 0478 06       		.byte	0x6
 997 0479 8401     		.2byte	0x184
 998 047b 1F       		.uleb128 0x1f
 999 047c 77040000 		.4byte	.LASF66
 1000 0480 77040000 		.4byte	.LASF66
 1001 0484 06       		.byte	0x6
 1002 0485 7801     		.2byte	0x178
 1003 0487 1F       		.uleb128 0x1f
 1004 0488 9D010000 		.4byte	.LASF67
 1005 048c 9D010000 		.4byte	.LASF67
 1006 0490 06       		.byte	0x6
 1007 0491 7501     		.2byte	0x175
 1008 0493 00       		.byte	0
 1009              		.section	.debug_abbrev,"",%progbits
 1010              	.Ldebug_abbrev0:
 1011 0000 01       		.uleb128 0x1
 1012 0001 11       		.uleb128 0x11
 1013 0002 01       		.byte	0x1
 1014 0003 25       		.uleb128 0x25
 1015 0004 0E       		.uleb128 0xe
 1016 0005 13       		.uleb128 0x13
 1017 0006 0B       		.uleb128 0xb
 1018 0007 03       		.uleb128 0x3
 1019 0008 0E       		.uleb128 0xe
 1020 0009 1B       		.uleb128 0x1b
 1021 000a 0E       		.uleb128 0xe
 1022 000b 55       		.uleb128 0x55
ARM GAS  /var/folders/vt/qg0v_q5n5k99pnp_yg24c7s80000gn/T//cco09Ef4.s 			page 19


 1023 000c 17       		.uleb128 0x17
 1024 000d 11       		.uleb128 0x11
 1025 000e 01       		.uleb128 0x1
 1026 000f 10       		.uleb128 0x10
 1027 0010 17       		.uleb128 0x17
 1028 0011 00       		.byte	0
 1029 0012 00       		.byte	0
 1030 0013 02       		.uleb128 0x2
 1031 0014 24       		.uleb128 0x24
 1032 0015 00       		.byte	0
 1033 0016 0B       		.uleb128 0xb
 1034 0017 0B       		.uleb128 0xb
 1035 0018 3E       		.uleb128 0x3e
 1036 0019 0B       		.uleb128 0xb
 1037 001a 03       		.uleb128 0x3
 1038 001b 08       		.uleb128 0x8
 1039 001c 00       		.byte	0
 1040 001d 00       		.byte	0
 1041 001e 03       		.uleb128 0x3
 1042 001f 24       		.uleb128 0x24
 1043 0020 00       		.byte	0
 1044 0021 0B       		.uleb128 0xb
 1045 0022 0B       		.uleb128 0xb
 1046 0023 3E       		.uleb128 0x3e
 1047 0024 0B       		.uleb128 0xb
 1048 0025 03       		.uleb128 0x3
 1049 0026 0E       		.uleb128 0xe
 1050 0027 00       		.byte	0
 1051 0028 00       		.byte	0
 1052 0029 04       		.uleb128 0x4
 1053 002a 16       		.uleb128 0x16
 1054 002b 00       		.byte	0
 1055 002c 03       		.uleb128 0x3
 1056 002d 0E       		.uleb128 0xe
 1057 002e 3A       		.uleb128 0x3a
 1058 002f 0B       		.uleb128 0xb
 1059 0030 3B       		.uleb128 0x3b
 1060 0031 0B       		.uleb128 0xb
 1061 0032 49       		.uleb128 0x49
 1062 0033 13       		.uleb128 0x13
 1063 0034 00       		.byte	0
 1064 0035 00       		.byte	0
 1065 0036 05       		.uleb128 0x5
 1066 0037 0F       		.uleb128 0xf
 1067 0038 00       		.byte	0
 1068 0039 0B       		.uleb128 0xb
 1069 003a 0B       		.uleb128 0xb
 1070 003b 00       		.byte	0
 1071 003c 00       		.byte	0
 1072 003d 06       		.uleb128 0x6
 1073 003e 35       		.uleb128 0x35
 1074 003f 00       		.byte	0
 1075 0040 49       		.uleb128 0x49
 1076 0041 13       		.uleb128 0x13
 1077 0042 00       		.byte	0
 1078 0043 00       		.byte	0
 1079 0044 07       		.uleb128 0x7
ARM GAS  /var/folders/vt/qg0v_q5n5k99pnp_yg24c7s80000gn/T//cco09Ef4.s 			page 20


 1080 0045 04       		.uleb128 0x4
 1081 0046 01       		.byte	0x1
 1082 0047 0B       		.uleb128 0xb
 1083 0048 0B       		.uleb128 0xb
 1084 0049 49       		.uleb128 0x49
 1085 004a 13       		.uleb128 0x13
 1086 004b 3A       		.uleb128 0x3a
 1087 004c 0B       		.uleb128 0xb
 1088 004d 3B       		.uleb128 0x3b
 1089 004e 0B       		.uleb128 0xb
 1090 004f 01       		.uleb128 0x1
 1091 0050 13       		.uleb128 0x13
 1092 0051 00       		.byte	0
 1093 0052 00       		.byte	0
 1094 0053 08       		.uleb128 0x8
 1095 0054 28       		.uleb128 0x28
 1096 0055 00       		.byte	0
 1097 0056 03       		.uleb128 0x3
 1098 0057 0E       		.uleb128 0xe
 1099 0058 1C       		.uleb128 0x1c
 1100 0059 0D       		.uleb128 0xd
 1101 005a 00       		.byte	0
 1102 005b 00       		.byte	0
 1103 005c 09       		.uleb128 0x9
 1104 005d 28       		.uleb128 0x28
 1105 005e 00       		.byte	0
 1106 005f 03       		.uleb128 0x3
 1107 0060 0E       		.uleb128 0xe
 1108 0061 1C       		.uleb128 0x1c
 1109 0062 0B       		.uleb128 0xb
 1110 0063 00       		.byte	0
 1111 0064 00       		.byte	0
 1112 0065 0A       		.uleb128 0xa
 1113 0066 01       		.uleb128 0x1
 1114 0067 01       		.byte	0x1
 1115 0068 49       		.uleb128 0x49
 1116 0069 13       		.uleb128 0x13
 1117 006a 01       		.uleb128 0x1
 1118 006b 13       		.uleb128 0x13
 1119 006c 00       		.byte	0
 1120 006d 00       		.byte	0
 1121 006e 0B       		.uleb128 0xb
 1122 006f 21       		.uleb128 0x21
 1123 0070 00       		.byte	0
 1124 0071 49       		.uleb128 0x49
 1125 0072 13       		.uleb128 0x13
 1126 0073 2F       		.uleb128 0x2f
 1127 0074 0B       		.uleb128 0xb
 1128 0075 00       		.byte	0
 1129 0076 00       		.byte	0
 1130 0077 0C       		.uleb128 0xc
 1131 0078 13       		.uleb128 0x13
 1132 0079 01       		.byte	0x1
 1133 007a 03       		.uleb128 0x3
 1134 007b 0E       		.uleb128 0xe
 1135 007c 0B       		.uleb128 0xb
 1136 007d 0B       		.uleb128 0xb
ARM GAS  /var/folders/vt/qg0v_q5n5k99pnp_yg24c7s80000gn/T//cco09Ef4.s 			page 21


 1137 007e 3A       		.uleb128 0x3a
 1138 007f 0B       		.uleb128 0xb
 1139 0080 3B       		.uleb128 0x3b
 1140 0081 0B       		.uleb128 0xb
 1141 0082 01       		.uleb128 0x1
 1142 0083 13       		.uleb128 0x13
 1143 0084 00       		.byte	0
 1144 0085 00       		.byte	0
 1145 0086 0D       		.uleb128 0xd
 1146 0087 0D       		.uleb128 0xd
 1147 0088 00       		.byte	0
 1148 0089 03       		.uleb128 0x3
 1149 008a 0E       		.uleb128 0xe
 1150 008b 3A       		.uleb128 0x3a
 1151 008c 0B       		.uleb128 0xb
 1152 008d 3B       		.uleb128 0x3b
 1153 008e 0B       		.uleb128 0xb
 1154 008f 49       		.uleb128 0x49
 1155 0090 13       		.uleb128 0x13
 1156 0091 38       		.uleb128 0x38
 1157 0092 0B       		.uleb128 0xb
 1158 0093 00       		.byte	0
 1159 0094 00       		.byte	0
 1160 0095 0E       		.uleb128 0xe
 1161 0096 2E       		.uleb128 0x2e
 1162 0097 01       		.byte	0x1
 1163 0098 03       		.uleb128 0x3
 1164 0099 0E       		.uleb128 0xe
 1165 009a 3A       		.uleb128 0x3a
 1166 009b 0B       		.uleb128 0xb
 1167 009c 3B       		.uleb128 0x3b
 1168 009d 0B       		.uleb128 0xb
 1169 009e 27       		.uleb128 0x27
 1170 009f 19       		.uleb128 0x19
 1171 00a0 49       		.uleb128 0x49
 1172 00a1 13       		.uleb128 0x13
 1173 00a2 20       		.uleb128 0x20
 1174 00a3 0B       		.uleb128 0xb
 1175 00a4 01       		.uleb128 0x1
 1176 00a5 13       		.uleb128 0x13
 1177 00a6 00       		.byte	0
 1178 00a7 00       		.byte	0
 1179 00a8 0F       		.uleb128 0xf
 1180 00a9 34       		.uleb128 0x34
 1181 00aa 00       		.byte	0
 1182 00ab 03       		.uleb128 0x3
 1183 00ac 08       		.uleb128 0x8
 1184 00ad 3A       		.uleb128 0x3a
 1185 00ae 0B       		.uleb128 0xb
 1186 00af 3B       		.uleb128 0x3b
 1187 00b0 0B       		.uleb128 0xb
 1188 00b1 49       		.uleb128 0x49
 1189 00b2 13       		.uleb128 0x13
 1190 00b3 00       		.byte	0
 1191 00b4 00       		.byte	0
 1192 00b5 10       		.uleb128 0x10
 1193 00b6 34       		.uleb128 0x34
ARM GAS  /var/folders/vt/qg0v_q5n5k99pnp_yg24c7s80000gn/T//cco09Ef4.s 			page 22


 1194 00b7 00       		.byte	0
 1195 00b8 03       		.uleb128 0x3
 1196 00b9 0E       		.uleb128 0xe
 1197 00ba 3A       		.uleb128 0x3a
 1198 00bb 0B       		.uleb128 0xb
 1199 00bc 3B       		.uleb128 0x3b
 1200 00bd 0B       		.uleb128 0xb
 1201 00be 49       		.uleb128 0x49
 1202 00bf 13       		.uleb128 0x13
 1203 00c0 00       		.byte	0
 1204 00c1 00       		.byte	0
 1205 00c2 11       		.uleb128 0x11
 1206 00c3 0F       		.uleb128 0xf
 1207 00c4 00       		.byte	0
 1208 00c5 0B       		.uleb128 0xb
 1209 00c6 0B       		.uleb128 0xb
 1210 00c7 49       		.uleb128 0x49
 1211 00c8 13       		.uleb128 0x13
 1212 00c9 00       		.byte	0
 1213 00ca 00       		.byte	0
 1214 00cb 12       		.uleb128 0x12
 1215 00cc 2E       		.uleb128 0x2e
 1216 00cd 01       		.byte	0x1
 1217 00ce 3F       		.uleb128 0x3f
 1218 00cf 19       		.uleb128 0x19
 1219 00d0 03       		.uleb128 0x3
 1220 00d1 0E       		.uleb128 0xe
 1221 00d2 3A       		.uleb128 0x3a
 1222 00d3 0B       		.uleb128 0xb
 1223 00d4 3B       		.uleb128 0x3b
 1224 00d5 0B       		.uleb128 0xb
 1225 00d6 27       		.uleb128 0x27
 1226 00d7 19       		.uleb128 0x19
 1227 00d8 49       		.uleb128 0x49
 1228 00d9 13       		.uleb128 0x13
 1229 00da 11       		.uleb128 0x11
 1230 00db 01       		.uleb128 0x1
 1231 00dc 12       		.uleb128 0x12
 1232 00dd 06       		.uleb128 0x6
 1233 00de 40       		.uleb128 0x40
 1234 00df 18       		.uleb128 0x18
 1235 00e0 9742     		.uleb128 0x2117
 1236 00e2 19       		.uleb128 0x19
 1237 00e3 01       		.uleb128 0x1
 1238 00e4 13       		.uleb128 0x13
 1239 00e5 00       		.byte	0
 1240 00e6 00       		.byte	0
 1241 00e7 13       		.uleb128 0x13
 1242 00e8 34       		.uleb128 0x34
 1243 00e9 00       		.byte	0
 1244 00ea 03       		.uleb128 0x3
 1245 00eb 08       		.uleb128 0x8
 1246 00ec 3A       		.uleb128 0x3a
 1247 00ed 0B       		.uleb128 0xb
 1248 00ee 3B       		.uleb128 0x3b
 1249 00ef 0B       		.uleb128 0xb
 1250 00f0 49       		.uleb128 0x49
ARM GAS  /var/folders/vt/qg0v_q5n5k99pnp_yg24c7s80000gn/T//cco09Ef4.s 			page 23


 1251 00f1 13       		.uleb128 0x13
 1252 00f2 02       		.uleb128 0x2
 1253 00f3 17       		.uleb128 0x17
 1254 00f4 00       		.byte	0
 1255 00f5 00       		.byte	0
 1256 00f6 14       		.uleb128 0x14
 1257 00f7 1D       		.uleb128 0x1d
 1258 00f8 01       		.byte	0x1
 1259 00f9 31       		.uleb128 0x31
 1260 00fa 13       		.uleb128 0x13
 1261 00fb 11       		.uleb128 0x11
 1262 00fc 01       		.uleb128 0x1
 1263 00fd 12       		.uleb128 0x12
 1264 00fe 06       		.uleb128 0x6
 1265 00ff 58       		.uleb128 0x58
 1266 0100 0B       		.uleb128 0xb
 1267 0101 59       		.uleb128 0x59
 1268 0102 0B       		.uleb128 0xb
 1269 0103 00       		.byte	0
 1270 0104 00       		.byte	0
 1271 0105 15       		.uleb128 0x15
 1272 0106 0B       		.uleb128 0xb
 1273 0107 01       		.byte	0x1
 1274 0108 11       		.uleb128 0x11
 1275 0109 01       		.uleb128 0x1
 1276 010a 12       		.uleb128 0x12
 1277 010b 06       		.uleb128 0x6
 1278 010c 00       		.byte	0
 1279 010d 00       		.byte	0
 1280 010e 16       		.uleb128 0x16
 1281 010f 34       		.uleb128 0x34
 1282 0110 00       		.byte	0
 1283 0111 31       		.uleb128 0x31
 1284 0112 13       		.uleb128 0x13
 1285 0113 02       		.uleb128 0x2
 1286 0114 17       		.uleb128 0x17
 1287 0115 00       		.byte	0
 1288 0116 00       		.byte	0
 1289 0117 17       		.uleb128 0x17
 1290 0118 05       		.uleb128 0x5
 1291 0119 00       		.byte	0
 1292 011a 03       		.uleb128 0x3
 1293 011b 08       		.uleb128 0x8
 1294 011c 3A       		.uleb128 0x3a
 1295 011d 0B       		.uleb128 0xb
 1296 011e 3B       		.uleb128 0x3b
 1297 011f 0B       		.uleb128 0xb
 1298 0120 49       		.uleb128 0x49
 1299 0121 13       		.uleb128 0x13
 1300 0122 02       		.uleb128 0x2
 1301 0123 17       		.uleb128 0x17
 1302 0124 00       		.byte	0
 1303 0125 00       		.byte	0
 1304 0126 18       		.uleb128 0x18
 1305 0127 34       		.uleb128 0x34
 1306 0128 00       		.byte	0
 1307 0129 03       		.uleb128 0x3
ARM GAS  /var/folders/vt/qg0v_q5n5k99pnp_yg24c7s80000gn/T//cco09Ef4.s 			page 24


 1308 012a 0E       		.uleb128 0xe
 1309 012b 3A       		.uleb128 0x3a
 1310 012c 0B       		.uleb128 0xb
 1311 012d 3B       		.uleb128 0x3b
 1312 012e 0B       		.uleb128 0xb
 1313 012f 49       		.uleb128 0x49
 1314 0130 13       		.uleb128 0x13
 1315 0131 02       		.uleb128 0x2
 1316 0132 18       		.uleb128 0x18
 1317 0133 00       		.byte	0
 1318 0134 00       		.byte	0
 1319 0135 19       		.uleb128 0x19
 1320 0136 1D       		.uleb128 0x1d
 1321 0137 01       		.byte	0x1
 1322 0138 31       		.uleb128 0x31
 1323 0139 13       		.uleb128 0x13
 1324 013a 11       		.uleb128 0x11
 1325 013b 01       		.uleb128 0x1
 1326 013c 12       		.uleb128 0x12
 1327 013d 06       		.uleb128 0x6
 1328 013e 58       		.uleb128 0x58
 1329 013f 0B       		.uleb128 0xb
 1330 0140 59       		.uleb128 0x59
 1331 0141 0B       		.uleb128 0xb
 1332 0142 01       		.uleb128 0x1
 1333 0143 13       		.uleb128 0x13
 1334 0144 00       		.byte	0
 1335 0145 00       		.byte	0
 1336 0146 1A       		.uleb128 0x1a
 1337 0147 898201   		.uleb128 0x4109
 1338 014a 00       		.byte	0
 1339 014b 11       		.uleb128 0x11
 1340 014c 01       		.uleb128 0x1
 1341 014d 31       		.uleb128 0x31
 1342 014e 13       		.uleb128 0x13
 1343 014f 00       		.byte	0
 1344 0150 00       		.byte	0
 1345 0151 1B       		.uleb128 0x1b
 1346 0152 898201   		.uleb128 0x4109
 1347 0155 01       		.byte	0x1
 1348 0156 11       		.uleb128 0x11
 1349 0157 01       		.uleb128 0x1
 1350 0158 31       		.uleb128 0x31
 1351 0159 13       		.uleb128 0x13
 1352 015a 01       		.uleb128 0x1
 1353 015b 13       		.uleb128 0x13
 1354 015c 00       		.byte	0
 1355 015d 00       		.byte	0
 1356 015e 1C       		.uleb128 0x1c
 1357 015f 8A8201   		.uleb128 0x410a
 1358 0162 00       		.byte	0
 1359 0163 02       		.uleb128 0x2
 1360 0164 18       		.uleb128 0x18
 1361 0165 9142     		.uleb128 0x2111
 1362 0167 18       		.uleb128 0x18
 1363 0168 00       		.byte	0
 1364 0169 00       		.byte	0
ARM GAS  /var/folders/vt/qg0v_q5n5k99pnp_yg24c7s80000gn/T//cco09Ef4.s 			page 25


 1365 016a 1D       		.uleb128 0x1d
 1366 016b 898201   		.uleb128 0x4109
 1367 016e 01       		.byte	0x1
 1368 016f 11       		.uleb128 0x11
 1369 0170 01       		.uleb128 0x1
 1370 0171 31       		.uleb128 0x31
 1371 0172 13       		.uleb128 0x13
 1372 0173 00       		.byte	0
 1373 0174 00       		.byte	0
 1374 0175 1E       		.uleb128 0x1e
 1375 0176 34       		.uleb128 0x34
 1376 0177 00       		.byte	0
 1377 0178 03       		.uleb128 0x3
 1378 0179 0E       		.uleb128 0xe
 1379 017a 3A       		.uleb128 0x3a
 1380 017b 0B       		.uleb128 0xb
 1381 017c 3B       		.uleb128 0x3b
 1382 017d 05       		.uleb128 0x5
 1383 017e 49       		.uleb128 0x49
 1384 017f 13       		.uleb128 0x13
 1385 0180 3F       		.uleb128 0x3f
 1386 0181 19       		.uleb128 0x19
 1387 0182 3C       		.uleb128 0x3c
 1388 0183 19       		.uleb128 0x19
 1389 0184 00       		.byte	0
 1390 0185 00       		.byte	0
 1391 0186 1F       		.uleb128 0x1f
 1392 0187 2E       		.uleb128 0x2e
 1393 0188 00       		.byte	0
 1394 0189 3F       		.uleb128 0x3f
 1395 018a 19       		.uleb128 0x19
 1396 018b 3C       		.uleb128 0x3c
 1397 018c 19       		.uleb128 0x19
 1398 018d 6E       		.uleb128 0x6e
 1399 018e 0E       		.uleb128 0xe
 1400 018f 03       		.uleb128 0x3
 1401 0190 0E       		.uleb128 0xe
 1402 0191 3A       		.uleb128 0x3a
 1403 0192 0B       		.uleb128 0xb
 1404 0193 3B       		.uleb128 0x3b
 1405 0194 05       		.uleb128 0x5
 1406 0195 00       		.byte	0
 1407 0196 00       		.byte	0
 1408 0197 00       		.byte	0
 1409              		.section	.debug_loc,"",%progbits
 1410              	.Ldebug_loc0:
 1411              	.LLST0:
 1412 0000 00000000 		.4byte	.LVL0
 1413 0004 2E000000 		.4byte	.LVL6
 1414 0008 0600     		.2byte	0x6
 1415 000a 0C       		.byte	0xc
 1416 000b 00F00508 		.4byte	0x805f000
 1417 000f 9F       		.byte	0x9f
 1418 0010 2E000000 		.4byte	.LVL6
 1419 0014 38000000 		.4byte	.LVL9
 1420 0018 0100     		.2byte	0x1
 1421 001a 53       		.byte	0x53
ARM GAS  /var/folders/vt/qg0v_q5n5k99pnp_yg24c7s80000gn/T//cco09Ef4.s 			page 26


 1422 001b 38000000 		.4byte	.LVL9
 1423 001f 3E000000 		.4byte	.LVL10
 1424 0023 0300     		.2byte	0x3
 1425 0025 73       		.byte	0x73
 1426 0026 7C       		.sleb128 -4
 1427 0027 9F       		.byte	0x9f
 1428 0028 3E000000 		.4byte	.LVL10
 1429 002c 46000000 		.4byte	.LVL11
 1430 0030 0100     		.2byte	0x1
 1431 0032 53       		.byte	0x53
 1432 0033 46000000 		.4byte	.LVL11
 1433 0037 7C000000 		.4byte	.LFE64
 1434 003b 0600     		.2byte	0x6
 1435 003d 0C       		.byte	0xc
 1436 003e 00F00508 		.4byte	0x805f000
 1437 0042 9F       		.byte	0x9f
 1438 0043 00000000 		.4byte	0
 1439 0047 00000000 		.4byte	0
 1440              	.LLST1:
 1441 004b 00000000 		.4byte	.LVL0
 1442 004f 34000000 		.4byte	.LVL8
 1443 0053 0600     		.2byte	0x6
 1444 0055 03       		.byte	0x3
 1445 0056 00000000 		.4byte	params
 1446 005a 9F       		.byte	0x9f
 1447 005b 34000000 		.4byte	.LVL8
 1448 005f 38000000 		.4byte	.LVL9
 1449 0063 1000     		.2byte	0x10
 1450 0065 73       		.byte	0x73
 1451 0066 00       		.sleb128 0
 1452 0067 03       		.byte	0x3
 1453 0068 24000000 		.4byte	params+36
 1454 006c 06       		.byte	0x6
 1455 006d 1C       		.byte	0x1c
 1456 006e 03       		.byte	0x3
 1457 006f 04000000 		.4byte	params+4
 1458 0073 22       		.byte	0x22
 1459 0074 9F       		.byte	0x9f
 1460 0075 38000000 		.4byte	.LVL9
 1461 0079 46000000 		.4byte	.LVL11
 1462 007d 1000     		.2byte	0x10
 1463 007f 73       		.byte	0x73
 1464 0080 00       		.sleb128 0
 1465 0081 03       		.byte	0x3
 1466 0082 24000000 		.4byte	params+36
 1467 0086 06       		.byte	0x6
 1468 0087 1C       		.byte	0x1c
 1469 0088 03       		.byte	0x3
 1470 0089 00000000 		.4byte	params
 1471 008d 22       		.byte	0x22
 1472 008e 9F       		.byte	0x9f
 1473 008f 46000000 		.4byte	.LVL11
 1474 0093 4A000000 		.4byte	.LVL12
 1475 0097 0600     		.2byte	0x6
 1476 0099 03       		.byte	0x3
 1477 009a 04000000 		.4byte	params+4
 1478 009e 9F       		.byte	0x9f
ARM GAS  /var/folders/vt/qg0v_q5n5k99pnp_yg24c7s80000gn/T//cco09Ef4.s 			page 27


 1479 009f 4A000000 		.4byte	.LVL12
 1480 00a3 4C000000 		.4byte	.LVL13
 1481 00a7 0600     		.2byte	0x6
 1482 00a9 03       		.byte	0x3
 1483 00aa 08000000 		.4byte	params+8
 1484 00ae 9F       		.byte	0x9f
 1485 00af 4C000000 		.4byte	.LVL13
 1486 00b3 4E000000 		.4byte	.LVL14
 1487 00b7 0600     		.2byte	0x6
 1488 00b9 03       		.byte	0x3
 1489 00ba 0C000000 		.4byte	params+12
 1490 00be 9F       		.byte	0x9f
 1491 00bf 4E000000 		.4byte	.LVL14
 1492 00c3 50000000 		.4byte	.LVL15
 1493 00c7 0600     		.2byte	0x6
 1494 00c9 03       		.byte	0x3
 1495 00ca 10000000 		.4byte	params+16
 1496 00ce 9F       		.byte	0x9f
 1497 00cf 50000000 		.4byte	.LVL15
 1498 00d3 52000000 		.4byte	.LVL16
 1499 00d7 0600     		.2byte	0x6
 1500 00d9 03       		.byte	0x3
 1501 00da 14000000 		.4byte	params+20
 1502 00de 9F       		.byte	0x9f
 1503 00df 52000000 		.4byte	.LVL16
 1504 00e3 54000000 		.4byte	.LVL17
 1505 00e7 0600     		.2byte	0x6
 1506 00e9 03       		.byte	0x3
 1507 00ea 18000000 		.4byte	params+24
 1508 00ee 9F       		.byte	0x9f
 1509 00ef 54000000 		.4byte	.LVL17
 1510 00f3 56000000 		.4byte	.LVL18
 1511 00f7 0600     		.2byte	0x6
 1512 00f9 03       		.byte	0x3
 1513 00fa 1C000000 		.4byte	params+28
 1514 00fe 9F       		.byte	0x9f
 1515 00ff 56000000 		.4byte	.LVL18
 1516 0103 60000000 		.4byte	.LVL20
 1517 0107 0600     		.2byte	0x6
 1518 0109 03       		.byte	0x3
 1519 010a 20000000 		.4byte	params+32
 1520 010e 9F       		.byte	0x9f
 1521 010f 60000000 		.4byte	.LVL20
 1522 0113 7C000000 		.4byte	.LFE64
 1523 0117 0600     		.2byte	0x6
 1524 0119 03       		.byte	0x3
 1525 011a 00000000 		.4byte	params
 1526 011e 9F       		.byte	0x9f
 1527 011f 00000000 		.4byte	0
 1528 0123 00000000 		.4byte	0
 1529              	.LLST2:
 1530 0127 30000000 		.4byte	.LVL7
 1531 012b 34000000 		.4byte	.LVL8
 1532 012f 0200     		.2byte	0x2
 1533 0131 30       		.byte	0x30
 1534 0132 9F       		.byte	0x9f
 1535 0133 46000000 		.4byte	.LVL11
ARM GAS  /var/folders/vt/qg0v_q5n5k99pnp_yg24c7s80000gn/T//cco09Ef4.s 			page 28


 1536 0137 4A000000 		.4byte	.LVL12
 1537 013b 0200     		.2byte	0x2
 1538 013d 30       		.byte	0x30
 1539 013e 9F       		.byte	0x9f
 1540 013f 4A000000 		.4byte	.LVL12
 1541 0143 4C000000 		.4byte	.LVL13
 1542 0147 0200     		.2byte	0x2
 1543 0149 31       		.byte	0x31
 1544 014a 9F       		.byte	0x9f
 1545 014b 4C000000 		.4byte	.LVL13
 1546 014f 4E000000 		.4byte	.LVL14
 1547 0153 0200     		.2byte	0x2
 1548 0155 32       		.byte	0x32
 1549 0156 9F       		.byte	0x9f
 1550 0157 4E000000 		.4byte	.LVL14
 1551 015b 50000000 		.4byte	.LVL15
 1552 015f 0200     		.2byte	0x2
 1553 0161 33       		.byte	0x33
 1554 0162 9F       		.byte	0x9f
 1555 0163 50000000 		.4byte	.LVL15
 1556 0167 52000000 		.4byte	.LVL16
 1557 016b 0200     		.2byte	0x2
 1558 016d 34       		.byte	0x34
 1559 016e 9F       		.byte	0x9f
 1560 016f 52000000 		.4byte	.LVL16
 1561 0173 54000000 		.4byte	.LVL17
 1562 0177 0200     		.2byte	0x2
 1563 0179 35       		.byte	0x35
 1564 017a 9F       		.byte	0x9f
 1565 017b 54000000 		.4byte	.LVL17
 1566 017f 56000000 		.4byte	.LVL18
 1567 0183 0200     		.2byte	0x2
 1568 0185 36       		.byte	0x36
 1569 0186 9F       		.byte	0x9f
 1570 0187 56000000 		.4byte	.LVL18
 1571 018b 58000000 		.4byte	.LVL19
 1572 018f 0200     		.2byte	0x2
 1573 0191 37       		.byte	0x37
 1574 0192 9F       		.byte	0x9f
 1575 0193 58000000 		.4byte	.LVL19
 1576 0197 60000000 		.4byte	.LVL20
 1577 019b 0200     		.2byte	0x2
 1578 019d 38       		.byte	0x38
 1579 019e 9F       		.byte	0x9f
 1580 019f 00000000 		.4byte	0
 1581 01a3 00000000 		.4byte	0
 1582              	.LLST3:
 1583 01a7 00000000 		.4byte	.LVL0
 1584 01ab 0C000000 		.4byte	.LVL1
 1585 01af 0600     		.2byte	0x6
 1586 01b1 0C       		.byte	0xc
 1587 01b2 00F00508 		.4byte	0x805f000
 1588 01b6 9F       		.byte	0x9f
 1589 01b7 0C000000 		.4byte	.LVL1
 1590 01bb 10000000 		.4byte	.LVL2
 1591 01bf 0300     		.2byte	0x3
 1592 01c1 73       		.byte	0x73
ARM GAS  /var/folders/vt/qg0v_q5n5k99pnp_yg24c7s80000gn/T//cco09Ef4.s 			page 29


 1593 01c2 7C       		.sleb128 -4
 1594 01c3 9F       		.byte	0x9f
 1595 01c4 10000000 		.4byte	.LVL2
 1596 01c8 16000000 		.4byte	.LVL4
 1597 01cc 0100     		.2byte	0x1
 1598 01ce 53       		.byte	0x53
 1599 01cf 16000000 		.4byte	.LVL4
 1600 01d3 1C000000 		.4byte	.LVL5
 1601 01d7 0300     		.2byte	0x3
 1602 01d9 73       		.byte	0x73
 1603 01da 7C       		.sleb128 -4
 1604 01db 9F       		.byte	0x9f
 1605 01dc 00000000 		.4byte	0
 1606 01e0 00000000 		.4byte	0
 1607              	.LLST4:
 1608 01e4 00000000 		.4byte	.LVL0
 1609 01e8 0C000000 		.4byte	.LVL1
 1610 01ec 0300     		.2byte	0x3
 1611 01ee 09       		.byte	0x9
 1612 01ef FF       		.byte	0xff
 1613 01f0 9F       		.byte	0x9f
 1614 01f1 0C000000 		.4byte	.LVL1
 1615 01f5 1C000000 		.4byte	.LVL5
 1616 01f9 0100     		.2byte	0x1
 1617 01fb 52       		.byte	0x52
 1618 01fc 00000000 		.4byte	0
 1619 0200 00000000 		.4byte	0
 1620              	.LLST5:
 1621 0204 00000000 		.4byte	.LVL0
 1622 0208 0C000000 		.4byte	.LVL1
 1623 020c 0200     		.2byte	0x2
 1624 020e 30       		.byte	0x30
 1625 020f 9F       		.byte	0x9f
 1626 0210 0C000000 		.4byte	.LVL1
 1627 0214 1C000000 		.4byte	.LVL5
 1628 0218 0300     		.2byte	0x3
 1629 021a 72       		.byte	0x72
 1630 021b 01       		.sleb128 1
 1631 021c 9F       		.byte	0x9f
 1632 021d 00000000 		.4byte	0
 1633 0221 00000000 		.4byte	0
 1634              	.LLST6:
 1635 0225 00000000 		.4byte	.LVL21
 1636 0229 21000000 		.4byte	.LVL22-1
 1637 022d 0100     		.2byte	0x1
 1638 022f 50       		.byte	0x50
 1639 0230 21000000 		.4byte	.LVL22-1
 1640 0234 A0000000 		.4byte	.LVL37
 1641 0238 0100     		.2byte	0x1
 1642 023a 56       		.byte	0x56
 1643 023b A0000000 		.4byte	.LVL37
 1644 023f A6000000 		.4byte	.LVL38
 1645 0243 0400     		.2byte	0x4
 1646 0245 F3       		.byte	0xf3
 1647 0246 01       		.uleb128 0x1
 1648 0247 50       		.byte	0x50
 1649 0248 9F       		.byte	0x9f
ARM GAS  /var/folders/vt/qg0v_q5n5k99pnp_yg24c7s80000gn/T//cco09Ef4.s 			page 30


 1650 0249 A6000000 		.4byte	.LVL38
 1651 024d C8000000 		.4byte	.LVL42
 1652 0251 0100     		.2byte	0x1
 1653 0253 56       		.byte	0x56
 1654 0254 C8000000 		.4byte	.LVL42
 1655 0258 CC000000 		.4byte	.LVL43
 1656 025c 0100     		.2byte	0x1
 1657 025e 50       		.byte	0x50
 1658 025f CC000000 		.4byte	.LVL43
 1659 0263 CE000000 		.4byte	.LVL44
 1660 0267 0400     		.2byte	0x4
 1661 0269 F3       		.byte	0xf3
 1662 026a 01       		.uleb128 0x1
 1663 026b 50       		.byte	0x50
 1664 026c 9F       		.byte	0x9f
 1665 026d CE000000 		.4byte	.LVL44
 1666 0271 D4000000 		.4byte	.LVL45
 1667 0275 0100     		.2byte	0x1
 1668 0277 56       		.byte	0x56
 1669 0278 D4000000 		.4byte	.LVL45
 1670 027c D8000000 		.4byte	.LVL46
 1671 0280 0100     		.2byte	0x1
 1672 0282 50       		.byte	0x50
 1673 0283 D8000000 		.4byte	.LVL46
 1674 0287 EC000000 		.4byte	.LFE65
 1675 028b 0400     		.2byte	0x4
 1676 028d F3       		.byte	0xf3
 1677 028e 01       		.uleb128 0x1
 1678 028f 50       		.byte	0x50
 1679 0290 9F       		.byte	0x9f
 1680 0291 00000000 		.4byte	0
 1681 0295 00000000 		.4byte	0
 1682              	.LLST7:
 1683 0299 00000000 		.4byte	.LVL21
 1684 029d 54000000 		.4byte	.LVL29
 1685 02a1 0600     		.2byte	0x6
 1686 02a3 0C       		.byte	0xc
 1687 02a4 00F00508 		.4byte	0x805f000
 1688 02a8 9F       		.byte	0x9f
 1689 02a9 54000000 		.4byte	.LVL29
 1690 02ad 5E000000 		.4byte	.LVL31
 1691 02b1 0B00     		.2byte	0xb
 1692 02b3 76       		.byte	0x76
 1693 02b4 20       		.sleb128 32
 1694 02b5 06       		.byte	0x6
 1695 02b6 23       		.byte	0x23
 1696 02b7 88DF8002 		.uleb128 0x402f88
 1697 02bb 35       		.byte	0x35
 1698 02bc 24       		.byte	0x24
 1699 02bd 9F       		.byte	0x9f
 1700 02be 60000000 		.4byte	.LVL32
 1701 02c2 67000000 		.4byte	.LVL34-1
 1702 02c6 0100     		.2byte	0x1
 1703 02c8 50       		.byte	0x50
 1704 02c9 67000000 		.4byte	.LVL34-1
 1705 02cd 68000000 		.4byte	.LVL34
 1706 02d1 0800     		.2byte	0x8
ARM GAS  /var/folders/vt/qg0v_q5n5k99pnp_yg24c7s80000gn/T//cco09Ef4.s 			page 31


 1707 02d3 74       		.byte	0x74
 1708 02d4 00       		.sleb128 0
 1709 02d5 75       		.byte	0x75
 1710 02d6 00       		.sleb128 0
 1711 02d7 22       		.byte	0x22
 1712 02d8 34       		.byte	0x34
 1713 02d9 1C       		.byte	0x1c
 1714 02da 9F       		.byte	0x9f
 1715 02db 7A000000 		.4byte	.LVL35
 1716 02df 8B000000 		.4byte	.LVL36-1
 1717 02e3 0B00     		.2byte	0xb
 1718 02e5 76       		.byte	0x76
 1719 02e6 20       		.sleb128 32
 1720 02e7 06       		.byte	0x6
 1721 02e8 23       		.byte	0x23
 1722 02e9 80F88510 		.uleb128 0x2017c00
 1723 02ed 32       		.byte	0x32
 1724 02ee 24       		.byte	0x24
 1725 02ef 9F       		.byte	0x9f
 1726 02f0 A6000000 		.4byte	.LVL38
 1727 02f4 C2000000 		.4byte	.LVL40
 1728 02f8 0600     		.2byte	0x6
 1729 02fa 0C       		.byte	0xc
 1730 02fb 00F00508 		.4byte	0x805f000
 1731 02ff 9F       		.byte	0x9f
 1732 0300 C8000000 		.4byte	.LVL42
 1733 0304 EC000000 		.4byte	.LFE65
 1734 0308 0600     		.2byte	0x6
 1735 030a 0C       		.byte	0xc
 1736 030b 00F00508 		.4byte	0x805f000
 1737 030f 9F       		.byte	0x9f
 1738 0310 00000000 		.4byte	0
 1739 0314 00000000 		.4byte	0
 1740              	.LLST8:
 1741 0318 58000000 		.4byte	.LVL30
 1742 031c 5E000000 		.4byte	.LVL31
 1743 0320 0100     		.2byte	0x1
 1744 0322 56       		.byte	0x56
 1745 0323 5E000000 		.4byte	.LVL31
 1746 0327 64000000 		.4byte	.LVL33
 1747 032b 0100     		.2byte	0x1
 1748 032d 54       		.byte	0x54
 1749 032e 64000000 		.4byte	.LVL33
 1750 0332 68000000 		.4byte	.LVL34
 1751 0336 0300     		.2byte	0x3
 1752 0338 74       		.byte	0x74
 1753 0339 7C       		.sleb128 -4
 1754 033a 9F       		.byte	0x9f
 1755 033b 68000000 		.4byte	.LVL34
 1756 033f 7A000000 		.4byte	.LVL35
 1757 0343 0100     		.2byte	0x1
 1758 0345 54       		.byte	0x54
 1759 0346 C2000000 		.4byte	.LVL40
 1760 034a C6000000 		.4byte	.LVL41
 1761 034e 0100     		.2byte	0x1
 1762 0350 54       		.byte	0x54
 1763 0351 00000000 		.4byte	0
ARM GAS  /var/folders/vt/qg0v_q5n5k99pnp_yg24c7s80000gn/T//cco09Ef4.s 			page 32


 1764 0355 00000000 		.4byte	0
 1765              	.LLST9:
 1766 0359 58000000 		.4byte	.LVL30
 1767 035d 5E000000 		.4byte	.LVL31
 1768 0361 0200     		.2byte	0x2
 1769 0363 30       		.byte	0x30
 1770 0364 9F       		.byte	0x9f
 1771 0365 00000000 		.4byte	0
 1772 0369 00000000 		.4byte	0
 1773              	.LLST10:
 1774 036d 00000000 		.4byte	.LVL21
 1775 0371 7A000000 		.4byte	.LVL35
 1776 0375 0200     		.2byte	0x2
 1777 0377 31       		.byte	0x31
 1778 0378 9F       		.byte	0x9f
 1779 0379 7A000000 		.4byte	.LVL35
 1780 037d A0000000 		.4byte	.LVL37
 1781 0381 0100     		.2byte	0x1
 1782 0383 54       		.byte	0x54
 1783 0384 A6000000 		.4byte	.LVL38
 1784 0388 EC000000 		.4byte	.LFE65
 1785 038c 0200     		.2byte	0x2
 1786 038e 31       		.byte	0x31
 1787 038f 9F       		.byte	0x9f
 1788 0390 00000000 		.4byte	0
 1789 0394 00000000 		.4byte	0
 1790              	.LLST11:
 1791 0398 28000000 		.4byte	.LVL23
 1792 039c 32000000 		.4byte	.LVL24
 1793 03a0 0600     		.2byte	0x6
 1794 03a2 0C       		.byte	0xc
 1795 03a3 00F00508 		.4byte	0x805f000
 1796 03a7 9F       		.byte	0x9f
 1797 03a8 32000000 		.4byte	.LVL24
 1798 03ac 36000000 		.4byte	.LVL25
 1799 03b0 0300     		.2byte	0x3
 1800 03b2 73       		.byte	0x73
 1801 03b3 7C       		.sleb128 -4
 1802 03b4 9F       		.byte	0x9f
 1803 03b5 36000000 		.4byte	.LVL25
 1804 03b9 3C000000 		.4byte	.LVL27
 1805 03bd 0100     		.2byte	0x1
 1806 03bf 53       		.byte	0x53
 1807 03c0 3C000000 		.4byte	.LVL27
 1808 03c4 42000000 		.4byte	.LVL28
 1809 03c8 0300     		.2byte	0x3
 1810 03ca 73       		.byte	0x73
 1811 03cb 7C       		.sleb128 -4
 1812 03cc 9F       		.byte	0x9f
 1813 03cd 00000000 		.4byte	0
 1814 03d1 00000000 		.4byte	0
 1815              	.LLST12:
 1816 03d5 28000000 		.4byte	.LVL23
 1817 03d9 32000000 		.4byte	.LVL24
 1818 03dd 0300     		.2byte	0x3
 1819 03df 09       		.byte	0x9
 1820 03e0 FF       		.byte	0xff
ARM GAS  /var/folders/vt/qg0v_q5n5k99pnp_yg24c7s80000gn/T//cco09Ef4.s 			page 33


 1821 03e1 9F       		.byte	0x9f
 1822 03e2 32000000 		.4byte	.LVL24
 1823 03e6 42000000 		.4byte	.LVL28
 1824 03ea 0100     		.2byte	0x1
 1825 03ec 52       		.byte	0x52
 1826 03ed 00000000 		.4byte	0
 1827 03f1 00000000 		.4byte	0
 1828              	.LLST13:
 1829 03f5 28000000 		.4byte	.LVL23
 1830 03f9 32000000 		.4byte	.LVL24
 1831 03fd 0200     		.2byte	0x2
 1832 03ff 30       		.byte	0x30
 1833 0400 9F       		.byte	0x9f
 1834 0401 32000000 		.4byte	.LVL24
 1835 0405 42000000 		.4byte	.LVL28
 1836 0409 0300     		.2byte	0x3
 1837 040b 72       		.byte	0x72
 1838 040c 01       		.sleb128 1
 1839 040d 9F       		.byte	0x9f
 1840 040e 00000000 		.4byte	0
 1841 0412 00000000 		.4byte	0
 1842              		.section	.debug_aranges,"",%progbits
 1843 0000 2C000000 		.4byte	0x2c
 1844 0004 0200     		.2byte	0x2
 1845 0006 00000000 		.4byte	.Ldebug_info0
 1846 000a 04       		.byte	0x4
 1847 000b 00       		.byte	0
 1848 000c 0000     		.2byte	0
 1849 000e 0000     		.2byte	0
 1850 0010 00000000 		.4byte	.LFB64
 1851 0014 7C000000 		.4byte	.LFE64-.LFB64
 1852 0018 00000000 		.4byte	.LFB65
 1853 001c EC000000 		.4byte	.LFE65-.LFB65
 1854 0020 00000000 		.4byte	.LFB66
 1855 0024 4C000000 		.4byte	.LFE66-.LFB66
 1856 0028 00000000 		.4byte	0
 1857 002c 00000000 		.4byte	0
 1858              		.section	.debug_ranges,"",%progbits
 1859              	.Ldebug_ranges0:
 1860 0000 00000000 		.4byte	.LFB64
 1861 0004 7C000000 		.4byte	.LFE64
 1862 0008 00000000 		.4byte	.LFB65
 1863 000c EC000000 		.4byte	.LFE65
 1864 0010 00000000 		.4byte	.LFB66
 1865 0014 4C000000 		.4byte	.LFE66
 1866 0018 00000000 		.4byte	0
 1867 001c 00000000 		.4byte	0
 1868              		.section	.debug_line,"",%progbits
 1869              	.Ldebug_line0:
 1870 0000 57020000 		.section	.debug_str,"MS",%progbits,1
 1870      02008701 
 1870      00000201 
 1870      FB0E0D00 
 1870      01010101 
 1871              	.LASF21:
 1872 0000 6B566578 		.ascii	"kVexDigital_None\000"
 1872      44696769 
ARM GAS  /var/folders/vt/qg0v_q5n5k99pnp_yg24c7s80000gn/T//cco09Ef4.s 			page 34


 1872      74616C5F 
 1872      4E6F6E65 
 1872      00
 1873              	.LASF46:
 1874 0011 6B496D65 		.ascii	"kImeChannelNone\000"
 1874      4368616E 
 1874      6E656C4E 
 1874      6F6E6500 
 1875              	.LASF57:
 1876 0021 76657846 		.ascii	"vexFlashUserParamRead\000"
 1876      6C617368 
 1876      55736572 
 1876      50617261 
 1876      6D526561 
 1877              	.LASF37:
 1878 0037 6B496D65 		.ascii	"kImeChannel_1\000"
 1878      4368616E 
 1878      6E656C5F 
 1878      3100
 1879              	.LASF38:
 1880 0045 6B496D65 		.ascii	"kImeChannel_2\000"
 1880      4368616E 
 1880      6E656C5F 
 1880      3200
 1881              	.LASF39:
 1882 0053 6B496D65 		.ascii	"kImeChannel_3\000"
 1882      4368616E 
 1882      6E656C5F 
 1882      3300
 1883              	.LASF40:
 1884 0061 6B496D65 		.ascii	"kImeChannel_4\000"
 1884      4368616E 
 1884      6E656C5F 
 1884      3400
 1885              	.LASF41:
 1886 006f 6B496D65 		.ascii	"kImeChannel_5\000"
 1886      4368616E 
 1886      6E656C5F 
 1886      3500
 1887              	.LASF42:
 1888 007d 6B496D65 		.ascii	"kImeChannel_6\000"
 1888      4368616E 
 1888      6E656C5F 
 1888      3600
 1889              	.LASF43:
 1890 008b 6B496D65 		.ascii	"kImeChannel_7\000"
 1890      4368616E 
 1890      6E656C5F 
 1890      3700
 1891              	.LASF44:
 1892 0099 6B496D65 		.ascii	"kImeChannel_8\000"
 1892      4368616E 
 1892      6E656C5F 
 1892      3800
 1893              	.LASF5:
 1894 00a7 73686F72 		.ascii	"short int\000"
 1894      7420696E 
ARM GAS  /var/folders/vt/qg0v_q5n5k99pnp_yg24c7s80000gn/T//cco09Ef4.s 			page 35


 1894      7400
 1895              	.LASF62:
 1896 00b1 65726173 		.ascii	"erase_done\000"
 1896      655F646F 
 1896      6E6500
 1897              	.LASF19:
 1898 00bc 73697A65 		.ascii	"sizetype\000"
 1898      74797065 
 1898      00
 1899              	.LASF45:
 1900 00c5 6B496D65 		.ascii	"kImeTotal\000"
 1900      546F7461 
 1900      6C00
 1901              	.LASF61:
 1902 00cf 76657846 		.ascii	"vexFlashUserParamInit\000"
 1902      6C617368 
 1902      55736572 
 1902      50617261 
 1902      6D496E69 
 1903              	.LASF11:
 1904 00e5 5F5F7569 		.ascii	"__uint32_t\000"
 1904      6E743332 
 1904      5F7400
 1905              	.LASF70:
 1906 00f0 2F557365 		.ascii	"/Users/gherlein/herlein/src/vex/Convex-Examples/Squ"
 1906      72732F67 
 1906      6865726C 
 1906      65696E2F 
 1906      6865726C 
 1907 0123 61726542 		.ascii	"areBot\000"
 1907      6F7400
 1908              	.LASF7:
 1909 012a 5F5F7569 		.ascii	"__uint16_t\000"
 1909      6E743136 
 1909      5F7400
 1910              	.LASF49:
 1911 0135 464C4153 		.ascii	"FLASH_ERROR_WRP\000"
 1911      485F4552 
 1911      524F525F 
 1911      57525000 
 1912              	.LASF36:
 1913 0145 6B566578 		.ascii	"kVexDigitalOutput\000"
 1913      44696769 
 1913      74616C4F 
 1913      75747075 
 1913      7400
 1914              	.LASF71:
 1915 0157 5F757365 		.ascii	"_user_param\000"
 1915      725F7061 
 1915      72616D00 
 1916              	.LASF52:
 1917 0163 464C4153 		.ascii	"FLASH_Status\000"
 1917      485F5374 
 1917      61747573 
 1917      00
 1918              	.LASF31:
 1919 0170 6B566578 		.ascii	"kVexDigital_10\000"
ARM GAS  /var/folders/vt/qg0v_q5n5k99pnp_yg24c7s80000gn/T//cco09Ef4.s 			page 36


 1919      44696769 
 1919      74616C5F 
 1919      313000
 1920              	.LASF32:
 1921 017f 6B566578 		.ascii	"kVexDigital_11\000"
 1921      44696769 
 1921      74616C5F 
 1921      313100
 1922              	.LASF33:
 1923 018e 6B566578 		.ascii	"kVexDigital_12\000"
 1923      44696769 
 1923      74616C5F 
 1923      313200
 1924              	.LASF67:
 1925 019d 464C4153 		.ascii	"FLASH_ErasePage\000"
 1925      485F4572 
 1925      61736550 
 1925      61676500 
 1926              	.LASF64:
 1927 01ad 464C4153 		.ascii	"FLASH_UnlockBank1\000"
 1927      485F556E 
 1927      6C6F636B 
 1927      42616E6B 
 1927      3100
 1928              	.LASF56:
 1929 01bf 75736572 		.ascii	"user_param\000"
 1929      5F706172 
 1929      616D00
 1930              	.LASF1:
 1931 01ca 6C6F6E67 		.ascii	"long long int\000"
 1931      206C6F6E 
 1931      6720696E 
 1931      7400
 1932              	.LASF10:
 1933 01d8 6C6F6E67 		.ascii	"long int\000"
 1933      20696E74 
 1933      00
 1934              	.LASF55:
 1935 01e1 61646472 		.ascii	"addr\000"
 1935      00
 1936              	.LASF35:
 1937 01e6 6B566578 		.ascii	"kVexDigitalInput\000"
 1937      44696769 
 1937      74616C49 
 1937      6E707574 
 1937      00
 1938              	.LASF63:
 1939 01f7 70617261 		.ascii	"params\000"
 1939      6D7300
 1940              	.LASF2:
 1941 01fe 6C6F6E67 		.ascii	"long double\000"
 1941      20646F75 
 1941      626C6500 
 1942              	.LASF48:
 1943 020a 464C4153 		.ascii	"FLASH_ERROR_PG\000"
 1943      485F4552 
 1943      524F525F 
ARM GAS  /var/folders/vt/qg0v_q5n5k99pnp_yg24c7s80000gn/T//cco09Ef4.s 			page 37


 1943      504700
 1944              	.LASF4:
 1945 0219 756E7369 		.ascii	"unsigned char\000"
 1945      676E6564 
 1945      20636861 
 1945      7200
 1946              	.LASF3:
 1947 0227 7369676E 		.ascii	"signed char\000"
 1947      65642063 
 1947      68617200 
 1948              	.LASF13:
 1949 0233 6C6F6E67 		.ascii	"long long unsigned int\000"
 1949      206C6F6E 
 1949      6720756E 
 1949      7369676E 
 1949      65642069 
 1950              	.LASF17:
 1951 024a 75696E74 		.ascii	"uint32_t\000"
 1951      33325F74 
 1951      00
 1952              	.LASF65:
 1953 0253 464C4153 		.ascii	"FLASH_ClearFlag\000"
 1953      485F436C 
 1953      65617246 
 1953      6C616700 
 1954              	.LASF24:
 1955 0263 6B566578 		.ascii	"kVexDigital_3\000"
 1955      44696769 
 1955      74616C5F 
 1955      3300
 1956              	.LASF50:
 1957 0271 464C4153 		.ascii	"FLASH_COMPLETE\000"
 1957      485F434F 
 1957      4D504C45 
 1957      544500
 1958              	.LASF47:
 1959 0280 464C4153 		.ascii	"FLASH_BUSY\000"
 1959      485F4255 
 1959      535900
 1960              	.LASF51:
 1961 028b 464C4153 		.ascii	"FLASH_TIMEOUT\000"
 1961      485F5449 
 1961      4D454F55 
 1961      5400
 1962              	.LASF68:
 1963 0299 474E5520 		.ascii	"GNU C11 5.2.1 20151202 (release) [ARM/embedded-5-br"
 1963      43313120 
 1963      352E322E 
 1963      31203230 
 1963      31353132 
 1964 02cc 616E6368 		.ascii	"anch revision 231848] -mcpu=cortex-m3 -mno-thumb-in"
 1964      20726576 
 1964      6973696F 
 1964      6E203233 
 1964      31383438 
 1965 02ff 74657277 		.ascii	"terwork -mthumb -ggdb -O2 -fomit-frame-pointer -fal"
 1965      6F726B20 
ARM GAS  /var/folders/vt/qg0v_q5n5k99pnp_yg24c7s80000gn/T//cco09Ef4.s 			page 38


 1965      2D6D7468 
 1965      756D6220 
 1965      2D676764 
 1966 0332 69676E2D 		.ascii	"ign-functions=16 -ffunction-sections -fdata-section"
 1966      66756E63 
 1966      74696F6E 
 1966      733D3136 
 1966      202D6666 
 1967 0365 73202D66 		.ascii	"s -fno-common\000"
 1967      6E6F2D63 
 1967      6F6D6D6F 
 1967      6E00
 1968              	.LASF54:
 1969 0373 6F666673 		.ascii	"offset\000"
 1969      657400
 1970              	.LASF20:
 1971 037a 63686172 		.ascii	"char\000"
 1971      00
 1972              	.LASF15:
 1973 037f 75696E74 		.ascii	"uint16_t\000"
 1973      31365F74 
 1973      00
 1974              	.LASF22:
 1975 0388 6B566578 		.ascii	"kVexDigital_1\000"
 1975      44696769 
 1975      74616C5F 
 1975      3100
 1976              	.LASF23:
 1977 0396 6B566578 		.ascii	"kVexDigital_2\000"
 1977      44696769 
 1977      74616C5F 
 1977      3200
 1978              	.LASF16:
 1979 03a4 696E7433 		.ascii	"int32_t\000"
 1979      325F7400 
 1980              	.LASF25:
 1981 03ac 6B566578 		.ascii	"kVexDigital_4\000"
 1981      44696769 
 1981      74616C5F 
 1981      3400
 1982              	.LASF26:
 1983 03ba 6B566578 		.ascii	"kVexDigital_5\000"
 1983      44696769 
 1983      74616C5F 
 1983      3500
 1984              	.LASF27:
 1985 03c8 6B566578 		.ascii	"kVexDigital_6\000"
 1985      44696769 
 1985      74616C5F 
 1985      3600
 1986              	.LASF28:
 1987 03d6 6B566578 		.ascii	"kVexDigital_7\000"
 1987      44696769 
 1987      74616C5F 
 1987      3700
 1988              	.LASF29:
 1989 03e4 6B566578 		.ascii	"kVexDigital_8\000"
ARM GAS  /var/folders/vt/qg0v_q5n5k99pnp_yg24c7s80000gn/T//cco09Ef4.s 			page 39


 1989      44696769 
 1989      74616C5F 
 1989      3800
 1990              	.LASF30:
 1991 03f2 6B566578 		.ascii	"kVexDigital_9\000"
 1991      44696769 
 1991      74616C5F 
 1991      3900
 1992              	.LASF18:
 1993 0400 5F426F6F 		.ascii	"_Bool\000"
 1993      6C00
 1994              	.LASF53:
 1995 0406 64617461 		.ascii	"data\000"
 1995      00
 1996              	.LASF8:
 1997 040b 73686F72 		.ascii	"short unsigned int\000"
 1997      7420756E 
 1997      7369676E 
 1997      65642069 
 1997      6E7400
 1998              	.LASF12:
 1999 041e 6C6F6E67 		.ascii	"long unsigned int\000"
 1999      20756E73 
 1999      69676E65 
 1999      6420696E 
 1999      7400
 2000              	.LASF9:
 2001 0430 5F5F696E 		.ascii	"__int32_t\000"
 2001      7433325F 
 2001      7400
 2002              	.LASF6:
 2003 043a 5F5F696E 		.ascii	"__int16_t\000"
 2003      7431365F 
 2003      7400
 2004              	.LASF60:
 2005 0444 464C4153 		.ascii	"FLASHStatus\000"
 2005      48537461 
 2005      74757300 
 2006              	.LASF59:
 2007 0450 75736572 		.ascii	"user_param_write_limit\000"
 2007      5F706172 
 2007      616D5F77 
 2007      72697465 
 2007      5F6C696D 
 2008              	.LASF34:
 2009 0467 6B566578 		.ascii	"kVexDigital_Num\000"
 2009      44696769 
 2009      74616C5F 
 2009      4E756D00 
 2010              	.LASF66:
 2011 0477 464C4153 		.ascii	"FLASH_ProgramWord\000"
 2011      485F5072 
 2011      6F677261 
 2011      6D576F72 
 2011      6400
 2012              	.LASF14:
 2013 0489 696E7431 		.ascii	"int16_t\000"
ARM GAS  /var/folders/vt/qg0v_q5n5k99pnp_yg24c7s80000gn/T//cco09Ef4.s 			page 40


 2013      365F7400 
 2014              	.LASF69:
 2015 0491 2E2E2F2E 		.ascii	"../../convex/convex/cortex/opt/vexflash.c\000"
 2015      2E2F636F 
 2015      6E766578 
 2015      2F636F6E 
 2015      7665782F 
 2016              	.LASF73:
 2017 04bb 49544D5F 		.ascii	"ITM_RxBuffer\000"
 2017      52784275 
 2017      66666572 
 2017      00
 2018              	.LASF0:
 2019 04c8 756E7369 		.ascii	"unsigned int\000"
 2019      676E6564 
 2019      20696E74 
 2019      00
 2020              	.LASF58:
 2021 04d5 76657846 		.ascii	"vexFlashUserParamWrite\000"
 2021      6C617368 
 2021      55736572 
 2021      50617261 
 2021      6D577269 
 2022              	.LASF72:
 2023 04ec 76657846 		.ascii	"vexFlashUserParamGetOffset\000"
 2023      6C617368 
 2023      55736572 
 2023      50617261 
 2023      6D476574 
 2024              		.ident	"GCC: (GNU Tools for ARM Embedded Processors) 5.2.1 20151202 (release) [ARM/embedded-5-bran
ARM GAS  /var/folders/vt/qg0v_q5n5k99pnp_yg24c7s80000gn/T//cco09Ef4.s 			page 41


DEFINED SYMBOLS
                            *ABS*:0000000000000000 vexflash.c
/var/folders/vt/qg0v_q5n5k99pnp_yg24c7s80000gn/T//cco09Ef4.s:20     .text.vexFlashUserParamRead:0000000000000000 $t
/var/folders/vt/qg0v_q5n5k99pnp_yg24c7s80000gn/T//cco09Ef4.s:26     .text.vexFlashUserParamRead:0000000000000000 vexFlashUserParamRead
/var/folders/vt/qg0v_q5n5k99pnp_yg24c7s80000gn/T//cco09Ef4.s:145    .text.vexFlashUserParamRead:0000000000000068 $d
/var/folders/vt/qg0v_q5n5k99pnp_yg24c7s80000gn/T//cco09Ef4.s:154    .text.vexFlashUserParamWrite:0000000000000000 $t
/var/folders/vt/qg0v_q5n5k99pnp_yg24c7s80000gn/T//cco09Ef4.s:160    .text.vexFlashUserParamWrite:0000000000000000 vexFlashUserParamWrite
/var/folders/vt/qg0v_q5n5k99pnp_yg24c7s80000gn/T//cco09Ef4.s:343    .text.vexFlashUserParamWrite:00000000000000dc $d
/var/folders/vt/qg0v_q5n5k99pnp_yg24c7s80000gn/T//cco09Ef4.s:351    .text.vexFlashUserParamInit:0000000000000000 $t
/var/folders/vt/qg0v_q5n5k99pnp_yg24c7s80000gn/T//cco09Ef4.s:357    .text.vexFlashUserParamInit:0000000000000000 vexFlashUserParamInit
/var/folders/vt/qg0v_q5n5k99pnp_yg24c7s80000gn/T//cco09Ef4.s:415    .text.vexFlashUserParamInit:0000000000000044 $d
/var/folders/vt/qg0v_q5n5k99pnp_yg24c7s80000gn/T//cco09Ef4.s:421    .bss.erase_done.7546:0000000000000000 $d
/var/folders/vt/qg0v_q5n5k99pnp_yg24c7s80000gn/T//cco09Ef4.s:425    .bss.erase_done.7546:0000000000000000 erase_done.7546
/var/folders/vt/qg0v_q5n5k99pnp_yg24c7s80000gn/T//cco09Ef4.s:428    .bss.params:0000000000000000 $d
/var/folders/vt/qg0v_q5n5k99pnp_yg24c7s80000gn/T//cco09Ef4.s:432    .bss.params:0000000000000000 params
/var/folders/vt/qg0v_q5n5k99pnp_yg24c7s80000gn/T//cco09Ef4.s:435    .bss.user_param_write_limit.7539:0000000000000000 $d
/var/folders/vt/qg0v_q5n5k99pnp_yg24c7s80000gn/T//cco09Ef4.s:439    .bss.user_param_write_limit.7539:0000000000000000 user_param_write_limit.7539
                     .debug_frame:0000000000000010 $d

UNDEFINED SYMBOLS
FLASH_UnlockBank1
FLASH_ClearFlag
FLASH_ProgramWord
FLASH_ErasePage
